Command line invocation:
    /Applications/Xcode.app/Contents/Developer/usr/bin/xcodebuild -project SnapChef.xcodeproj -scheme SnapChef -configuration Debug -sdk iphonesimulator -derivedDataPath build_temp build

Build settings from command line:
    SDKROOT = iphonesimulator18.5

Resolve Package Graph


Resolved source packages:
  TikTokOpenSDK: https://github.com/tiktok/tiktok-opensdk-ios @ main (cb0cdc7)

--- xcodebuild: WARNING: Using the first of multiple matching destinations:
{ platform:iOS Simulator, id:dvtdevice-DVTiOSDeviceSimulatorPlaceholder-iphonesimulator:placeholder, name:Any iOS Simulator Device }
{ platform:iOS Simulator, arch:arm64, id:E6AF43AC-4E9D-4A46-BDFE-CD00EA294AD4, OS:18.5, name:iPad (A16) }
{ platform:iOS Simulator, arch:x86_64, id:E6AF43AC-4E9D-4A46-BDFE-CD00EA294AD4, OS:18.5, name:iPad (A16) }
{ platform:iOS Simulator, arch:arm64, id:9ADE1403-4202-4AD8-A8E2-76CBFD729494, OS:18.5, name:iPad Air 11-inch (M3) }
{ platform:iOS Simulator, arch:x86_64, id:9ADE1403-4202-4AD8-A8E2-76CBFD729494, OS:18.5, name:iPad Air 11-inch (M3) }
{ platform:iOS Simulator, arch:arm64, id:53DFF628-9F38-45DA-9286-C4386163CEB1, OS:18.5, name:iPad Air 13-inch (M3) }
{ platform:iOS Simulator, arch:x86_64, id:53DFF628-9F38-45DA-9286-C4386163CEB1, OS:18.5, name:iPad Air 13-inch (M3) }
{ platform:iOS Simulator, arch:arm64, id:7961112D-F992-431A-8526-56611343162C, OS:18.5, name:iPad Pro 11-inch (M4) }
{ platform:iOS Simulator, arch:x86_64, id:7961112D-F992-431A-8526-56611343162C, OS:18.5, name:iPad Pro 11-inch (M4) }
{ platform:iOS Simulator, arch:arm64, id:1C167D59-A552-485D-9A7B-C79483439D56, OS:18.5, name:iPad Pro 13-inch (M4) }
{ platform:iOS Simulator, arch:x86_64, id:1C167D59-A552-485D-9A7B-C79483439D56, OS:18.5, name:iPad Pro 13-inch (M4) }
{ platform:iOS Simulator, arch:arm64, id:F3A3E43B-6DF3-47A6-9C99-5C6D4A919214, OS:18.5, name:iPad mini (A17 Pro) }
{ platform:iOS Simulator, arch:x86_64, id:F3A3E43B-6DF3-47A6-9C99-5C6D4A919214, OS:18.5, name:iPad mini (A17 Pro) }
{ platform:iOS Simulator, arch:arm64, id:645BEE5E-94C7-4842-8F1E-23CB46112B62, OS:18.5, name:iPhone 16 }
{ platform:iOS Simulator, arch:x86_64, id:645BEE5E-94C7-4842-8F1E-23CB46112B62, OS:18.5, name:iPhone 16 }
{ platform:iOS Simulator, arch:arm64, id:54F93B2C-0ABE-4386-ACB2-0ECFDB3504D5, OS:18.5, name:iPhone 16 Plus }
{ platform:iOS Simulator, arch:x86_64, id:54F93B2C-0ABE-4386-ACB2-0ECFDB3504D5, OS:18.5, name:iPhone 16 Plus }
{ platform:iOS Simulator, arch:arm64, id:32D65E28-49C7-40DB-BD2E-0B34AF3E20B8, OS:18.5, name:iPhone 16 Pro }
{ platform:iOS Simulator, arch:x86_64, id:32D65E28-49C7-40DB-BD2E-0B34AF3E20B8, OS:18.5, name:iPhone 16 Pro }
{ platform:iOS Simulator, arch:arm64, id:9477D5F9-3E04-415E-AD71-843F219533FB, OS:18.5, name:iPhone 16 Pro Max }
{ platform:iOS Simulator, arch:x86_64, id:9477D5F9-3E04-415E-AD71-843F219533FB, OS:18.5, name:iPhone 16 Pro Max }
{ platform:iOS Simulator, arch:arm64, id:2FC36A1B-919E-41DD-8AEE-E4830C600AD2, OS:18.5, name:iPhone 16e }
{ platform:iOS Simulator, arch:x86_64, id:2FC36A1B-919E-41DD-8AEE-E4830C600AD2, OS:18.5, name:iPhone 16e }
{ platform:macOS, arch:arm64, variant:Designed for [iPad,iPhone], id:00008103-000518C40239001E, name:My Mac }
{ platform:iOS, id:dvtdevice-DVTiPhonePlaceholder-iphoneos:placeholder, name:Any iOS Device }
{ platform:iOS, arch:arm64, id:00008130-000515503C08001C, name:cameron’s iPhone }
ComputePackagePrebuildTargetDependencyGraph

Prepare packages

CreateBuildRequest

SendProjectDescription

CreateBuildOperation

ComputeTargetDependencyGraph
note: Building targets in dependency order
note: Target dependency graph (9 targets)
    Target 'SnapChef' in project 'SnapChef'
        ➜ Explicit dependency on target 'TikTokOpenSDKCore' in project 'TikTokOpenSDK'
        ➜ Explicit dependency on target 'TikTokOpenShareSDK' in project 'TikTokOpenSDK'
        ➜ Explicit dependency on target 'TikTokOpenAuthSDK' in project 'TikTokOpenSDK'
    Target 'TikTokOpenAuthSDK' in project 'TikTokOpenSDK'
        ➜ Explicit dependency on target 'TikTokOpenAuthSDK' in project 'TikTokOpenSDK'
        ➜ Explicit dependency on target 'TikTokOpenSDKCore' in project 'TikTokOpenSDK'
    Target 'TikTokOpenAuthSDK' in project 'TikTokOpenSDK'
        ➜ Explicit dependency on target 'TikTokOpenSDKCore' in project 'TikTokOpenSDK'
    Target 'TikTokOpenShareSDK' in project 'TikTokOpenSDK'
        ➜ Explicit dependency on target 'TikTokOpenShareSDK' in project 'TikTokOpenSDK'
        ➜ Explicit dependency on target 'TikTokOpenSDK_TikTokOpenShareSDK' in project 'TikTokOpenSDK'
        ➜ Explicit dependency on target 'TikTokOpenSDKCore' in project 'TikTokOpenSDK'
    Target 'TikTokOpenShareSDK' in project 'TikTokOpenSDK'
        ➜ Explicit dependency on target 'TikTokOpenSDK_TikTokOpenShareSDK' in project 'TikTokOpenSDK'
        ➜ Explicit dependency on target 'TikTokOpenSDKCore' in project 'TikTokOpenSDK'
    Target 'TikTokOpenSDK_TikTokOpenShareSDK' in project 'TikTokOpenSDK' (no dependencies)
    Target 'TikTokOpenSDKCore' in project 'TikTokOpenSDK'
        ➜ Explicit dependency on target 'TikTokOpenSDKCore' in project 'TikTokOpenSDK'
        ➜ Explicit dependency on target 'TikTokOpenSDK_TikTokOpenSDKCore' in project 'TikTokOpenSDK'
    Target 'TikTokOpenSDKCore' in project 'TikTokOpenSDK'
        ➜ Explicit dependency on target 'TikTokOpenSDK_TikTokOpenSDKCore' in project 'TikTokOpenSDK'
    Target 'TikTokOpenSDK_TikTokOpenSDKCore' in project 'TikTokOpenSDK' (no dependencies)

GatherProvisioningInputs

CreateBuildDescription

ClangStatCache /Applications/Xcode.app/Contents/Developer/Toolchains/XcodeDefault.xctoolchain/usr/bin/clang-stat-cache /Applications/Xcode.app/Contents/Developer/Platforms/iPhoneSimulator.platform/Developer/SDKs/iPhoneSimulator18.5.sdk /Users/cameronanderson/SnapChef/snapchef/ios/build_temp/SDKStatCaches.noindex/iphonesimulator18.5-22F76-d5fc8ad4295d2ef488fb7d0f804ce0c4.sdkstatcache
    cd /Users/cameronanderson/SnapChef/snapchef/ios/SnapChef.xcodeproj
    /Applications/Xcode.app/Contents/Developer/Toolchains/XcodeDefault.xctoolchain/usr/bin/clang-stat-cache /Applications/Xcode.app/Contents/Developer/Platforms/iPhoneSimulator.platform/Developer/SDKs/iPhoneSimulator18.5.sdk -o /Users/cameronanderson/SnapChef/snapchef/ios/build_temp/SDKStatCaches.noindex/iphonesimulator18.5-22F76-d5fc8ad4295d2ef488fb7d0f804ce0c4.sdkstatcache

warning: The Swift file "/Users/cameronanderson/SnapChef/snapchef/ios/build_temp/Build/Intermediates.noindex/SnapChef.build/Debug-iphonesimulator/SnapChef.build/DerivedSources/CoreDataGenerated/ChallengeModels/ChallengeEntity+CoreDataClass.swift" cannot be processed by a Copy Bundle Resources build phase (in target 'SnapChef' from project 'SnapChef')
warning: The Swift file "/Users/cameronanderson/SnapChef/snapchef/ios/build_temp/Build/Intermediates.noindex/SnapChef.build/Debug-iphonesimulator/SnapChef.build/DerivedSources/CoreDataGenerated/ChallengeModels/ChallengeEntity+CoreDataProperties.swift" cannot be processed by a Copy Bundle Resources build phase (in target 'SnapChef' from project 'SnapChef')
warning: The Swift file "/Users/cameronanderson/SnapChef/snapchef/ios/build_temp/Build/Intermediates.noindex/SnapChef.build/Debug-iphonesimulator/SnapChef.build/DerivedSources/CoreDataGenerated/ChallengeModels/ChallengeModels+CoreDataModel.swift" cannot be processed by a Copy Bundle Resources build phase (in target 'SnapChef' from project 'SnapChef')
warning: The Swift file "/Users/cameronanderson/SnapChef/snapchef/ios/build_temp/Build/Intermediates.noindex/SnapChef.build/Debug-iphonesimulator/SnapChef.build/DerivedSources/CoreDataGenerated/ChallengeModels/ChallengeParticipantEntity+CoreDataClass.swift" cannot be processed by a Copy Bundle Resources build phase (in target 'SnapChef' from project 'SnapChef')
warning: The Swift file "/Users/cameronanderson/SnapChef/snapchef/ios/build_temp/Build/Intermediates.noindex/SnapChef.build/Debug-iphonesimulator/SnapChef.build/DerivedSources/CoreDataGenerated/ChallengeModels/ChallengeParticipantEntity+CoreDataProperties.swift" cannot be processed by a Copy Bundle Resources build phase (in target 'SnapChef' from project 'SnapChef')
warning: The Swift file "/Users/cameronanderson/SnapChef/snapchef/ios/build_temp/Build/Intermediates.noindex/SnapChef.build/Debug-iphonesimulator/SnapChef.build/DerivedSources/CoreDataGenerated/ChallengeModels/ChallengeProgressEntity+CoreDataClass.swift" cannot be processed by a Copy Bundle Resources build phase (in target 'SnapChef' from project 'SnapChef')
warning: The Swift file "/Users/cameronanderson/SnapChef/snapchef/ios/build_temp/Build/Intermediates.noindex/SnapChef.build/Debug-iphonesimulator/SnapChef.build/DerivedSources/CoreDataGenerated/ChallengeModels/ChallengeProgressEntity+CoreDataProperties.swift" cannot be processed by a Copy Bundle Resources build phase (in target 'SnapChef' from project 'SnapChef')
warning: The Swift file "/Users/cameronanderson/SnapChef/snapchef/ios/build_temp/Build/Intermediates.noindex/SnapChef.build/Debug-iphonesimulator/SnapChef.build/DerivedSources/CoreDataGenerated/ChallengeModels/ChallengeRewardEntity+CoreDataClass.swift" cannot be processed by a Copy Bundle Resources build phase (in target 'SnapChef' from project 'SnapChef')
warning: The Swift file "/Users/cameronanderson/SnapChef/snapchef/ios/build_temp/Build/Intermediates.noindex/SnapChef.build/Debug-iphonesimulator/SnapChef.build/DerivedSources/CoreDataGenerated/ChallengeModels/ChallengeRewardEntity+CoreDataProperties.swift" cannot be processed by a Copy Bundle Resources build phase (in target 'SnapChef' from project 'SnapChef')
warning: The Swift file "/Users/cameronanderson/SnapChef/snapchef/ios/build_temp/Build/Intermediates.noindex/SnapChef.build/Debug-iphonesimulator/SnapChef.build/DerivedSources/CoreDataGenerated/ChallengeModels/UserChallengeHistoryEntity+CoreDataClass.swift" cannot be processed by a Copy Bundle Resources build phase (in target 'SnapChef' from project 'SnapChef')
warning: The Swift file "/Users/cameronanderson/SnapChef/snapchef/ios/build_temp/Build/Intermediates.noindex/SnapChef.build/Debug-iphonesimulator/SnapChef.build/DerivedSources/CoreDataGenerated/ChallengeModels/UserChallengeHistoryEntity+CoreDataProperties.swift" cannot be processed by a Copy Bundle Resources build phase (in target 'SnapChef' from project 'SnapChef')
SwiftDriver SnapChef normal x86_64 com.apple.xcode.tools.swift.compiler (in target 'SnapChef' from project 'SnapChef')
    cd /Users/cameronanderson/SnapChef/snapchef/ios
    builtin-SwiftDriver -- /Applications/Xcode.app/Contents/Developer/Toolchains/XcodeDefault.xctoolchain/usr/bin/swiftc -module-name SnapChef -Onone -enforce-exclusivity\=checked @/Users/cameronanderson/SnapChef/snapchef/ios/build_temp/Build/Intermediates.noindex/SnapChef.build/Debug-iphonesimulator/SnapChef.build/Objects-normal/x86_64/SnapChef.SwiftFileList -DDEBUG -enable-experimental-feature DebugDescriptionMacro -sdk /Applications/Xcode.app/Contents/Developer/Platforms/iPhoneSimulator.platform/Developer/SDKs/iPhoneSimulator18.5.sdk -target x86_64-apple-ios16.0-simulator -g -module-cache-path /Users/cameronanderson/SnapChef/snapchef/ios/build_temp/ModuleCache.noindex -Xfrontend -serialize-debugging-options -sanitize\=address -enable-testing -index-store-path /Users/cameronanderson/SnapChef/snapchef/ios/build_temp/Index.noindex/DataStore -swift-version 6 -I /Users/cameronanderson/SnapChef/snapchef/ios/build_temp/Build/Products/Debug-iphonesimulator -F /Users/cameronanderson/SnapChef/snapchef/ios/build_temp/Build/Products/Debug-iphonesimulator/PackageFrameworks -F /Users/cameronanderson/SnapChef/snapchef/ios/build_temp/Build/Products/Debug-iphonesimulator/PackageFrameworks -F /Users/cameronanderson/SnapChef/snapchef/ios/build_temp/Build/Products/Debug-iphonesimulator/PackageFrameworks -F /Users/cameronanderson/SnapChef/snapchef/ios/build_temp/Build/Products/Debug-iphonesimulator -emit-localized-strings -emit-localized-strings-path /Users/cameronanderson/SnapChef/snapchef/ios/build_temp/Build/Intermediates.noindex/SnapChef.build/Debug-iphonesimulator/SnapChef.build/Objects-normal-asan/x86_64 -c -j8 -enable-batch-mode -incremental -Xcc -ivfsstatcache -Xcc /Users/cameronanderson/SnapChef/snapchef/ios/build_temp/SDKStatCaches.noindex/iphonesimulator18.5-22F76-d5fc8ad4295d2ef488fb7d0f804ce0c4.sdkstatcache -output-file-map /Users/cameronanderson/SnapChef/snapchef/ios/build_temp/Build/Intermediates.noindex/SnapChef.build/Debug-iphonesimulator/SnapChef.build/Objects-normal-asan/x86_64/SnapChef-OutputFileMap.json -use-frontend-parseable-output -save-temps -no-color-diagnostics -serialize-diagnostics -emit-dependencies -emit-module -emit-module-path /Users/cameronanderson/SnapChef/snapchef/ios/build_temp/Build/Intermediates.noindex/SnapChef.build/Debug-iphonesimulator/SnapChef.build/Objects-normal-asan/x86_64/SnapChef.swiftmodule -validate-clang-modules-once -clang-build-session-file /Users/cameronanderson/SnapChef/snapchef/ios/build_temp/ModuleCache.noindex/Session.modulevalidation -Xcc -I/Users/cameronanderson/SnapChef/snapchef/ios/build_temp/Build/Intermediates.noindex/SnapChef.build/Debug-iphonesimulator/SnapChef.build/swift-overrides.hmap -emit-const-values -Xfrontend -const-gather-protocols-file -Xfrontend /Users/cameronanderson/SnapChef/snapchef/ios/build_temp/Build/Intermediates.noindex/SnapChef.build/Debug-iphonesimulator/SnapChef.build/Objects-normal-asan/x86_64/SnapChef_const_extract_protocols.json -Xcc -iquote -Xcc /Users/cameronanderson/SnapChef/snapchef/ios/build_temp/Build/Intermediates.noindex/SnapChef.build/Debug-iphonesimulator/SnapChef.build/SnapChef-generated-files.hmap -Xcc -I/Users/cameronanderson/SnapChef/snapchef/ios/build_temp/Build/Intermediates.noindex/SnapChef.build/Debug-iphonesimulator/SnapChef.build/SnapChef-own-target-headers.hmap -Xcc -I/Users/cameronanderson/SnapChef/snapchef/ios/build_temp/Build/Intermediates.noindex/SnapChef.build/Debug-iphonesimulator/SnapChef.build/SnapChef-all-non-framework-target-headers.hmap -Xcc -ivfsoverlay -Xcc /Users/cameronanderson/SnapChef/snapchef/ios/build_temp/Build/Intermediates.noindex/SnapChef.build/Debug-iphonesimulator/SnapChef-aeaa8cc72641741b8a66b1f1f8e92bed-VFS-iphonesimulator/all-product-headers.yaml -Xcc -iquote -Xcc /Users/cameronanderson/SnapChef/snapchef/ios/build_temp/Build/Intermediates.noindex/SnapChef.build/Debug-iphonesimulator/SnapChef.build/SnapChef-project-headers.hmap -Xcc -I/Users/cameronanderson/SnapChef/snapchef/ios/build_temp/Build/Products/Debug-iphonesimulator/include -Xcc -I/Users/cameronanderson/SnapChef/snapchef/ios/build_temp/Build/Intermediates.noindex/SnapChef.build/Debug-iphonesimulator/SnapChef.build/DerivedSources-normal/x86_64 -Xcc -I/Users/cameronanderson/SnapChef/snapchef/ios/build_temp/Build/Intermediates.noindex/SnapChef.build/Debug-iphonesimulator/SnapChef.build/DerivedSources/x86_64 -Xcc -I/Users/cameronanderson/SnapChef/snapchef/ios/build_temp/Build/Intermediates.noindex/SnapChef.build/Debug-iphonesimulator/SnapChef.build/DerivedSources -Xcc -DDEBUG\=1 -emit-objc-header -emit-objc-header-path /Users/cameronanderson/SnapChef/snapchef/ios/build_temp/Build/Intermediates.noindex/SnapChef.build/Debug-iphonesimulator/SnapChef.build/Objects-normal-asan/x86_64/SnapChef-Swift.h -working-directory /Users/cameronanderson/SnapChef/snapchef/ios -experimental-emit-module-separately -disable-cmo

SwiftDriver SnapChef normal arm64 com.apple.xcode.tools.swift.compiler (in target 'SnapChef' from project 'SnapChef')
    cd /Users/cameronanderson/SnapChef/snapchef/ios
    builtin-SwiftDriver -- /Applications/Xcode.app/Contents/Developer/Toolchains/XcodeDefault.xctoolchain/usr/bin/swiftc -module-name SnapChef -Onone -enforce-exclusivity\=checked @/Users/cameronanderson/SnapChef/snapchef/ios/build_temp/Build/Intermediates.noindex/SnapChef.build/Debug-iphonesimulator/SnapChef.build/Objects-normal/arm64/SnapChef.SwiftFileList -DDEBUG -enable-experimental-feature DebugDescriptionMacro -sdk /Applications/Xcode.app/Contents/Developer/Platforms/iPhoneSimulator.platform/Developer/SDKs/iPhoneSimulator18.5.sdk -target arm64-apple-ios16.0-simulator -g -module-cache-path /Users/cameronanderson/SnapChef/snapchef/ios/build_temp/ModuleCache.noindex -Xfrontend -serialize-debugging-options -sanitize\=address -enable-testing -index-store-path /Users/cameronanderson/SnapChef/snapchef/ios/build_temp/Index.noindex/DataStore -swift-version 6 -I /Users/cameronanderson/SnapChef/snapchef/ios/build_temp/Build/Products/Debug-iphonesimulator -F /Users/cameronanderson/SnapChef/snapchef/ios/build_temp/Build/Products/Debug-iphonesimulator/PackageFrameworks -F /Users/cameronanderson/SnapChef/snapchef/ios/build_temp/Build/Products/Debug-iphonesimulator/PackageFrameworks -F /Users/cameronanderson/SnapChef/snapchef/ios/build_temp/Build/Products/Debug-iphonesimulator/PackageFrameworks -F /Users/cameronanderson/SnapChef/snapchef/ios/build_temp/Build/Products/Debug-iphonesimulator -emit-localized-strings -emit-localized-strings-path /Users/cameronanderson/SnapChef/snapchef/ios/build_temp/Build/Intermediates.noindex/SnapChef.build/Debug-iphonesimulator/SnapChef.build/Objects-normal-asan/arm64 -c -j8 -enable-batch-mode -incremental -Xcc -ivfsstatcache -Xcc /Users/cameronanderson/SnapChef/snapchef/ios/build_temp/SDKStatCaches.noindex/iphonesimulator18.5-22F76-d5fc8ad4295d2ef488fb7d0f804ce0c4.sdkstatcache -output-file-map /Users/cameronanderson/SnapChef/snapchef/ios/build_temp/Build/Intermediates.noindex/SnapChef.build/Debug-iphonesimulator/SnapChef.build/Objects-normal-asan/arm64/SnapChef-OutputFileMap.json -use-frontend-parseable-output -save-temps -no-color-diagnostics -serialize-diagnostics -emit-dependencies -emit-module -emit-module-path /Users/cameronanderson/SnapChef/snapchef/ios/build_temp/Build/Intermediates.noindex/SnapChef.build/Debug-iphonesimulator/SnapChef.build/Objects-normal-asan/arm64/SnapChef.swiftmodule -validate-clang-modules-once -clang-build-session-file /Users/cameronanderson/SnapChef/snapchef/ios/build_temp/ModuleCache.noindex/Session.modulevalidation -Xcc -I/Users/cameronanderson/SnapChef/snapchef/ios/build_temp/Build/Intermediates.noindex/SnapChef.build/Debug-iphonesimulator/SnapChef.build/swift-overrides.hmap -emit-const-values -Xfrontend -const-gather-protocols-file -Xfrontend /Users/cameronanderson/SnapChef/snapchef/ios/build_temp/Build/Intermediates.noindex/SnapChef.build/Debug-iphonesimulator/SnapChef.build/Objects-normal-asan/arm64/SnapChef_const_extract_protocols.json -Xcc -iquote -Xcc /Users/cameronanderson/SnapChef/snapchef/ios/build_temp/Build/Intermediates.noindex/SnapChef.build/Debug-iphonesimulator/SnapChef.build/SnapChef-generated-files.hmap -Xcc -I/Users/cameronanderson/SnapChef/snapchef/ios/build_temp/Build/Intermediates.noindex/SnapChef.build/Debug-iphonesimulator/SnapChef.build/SnapChef-own-target-headers.hmap -Xcc -I/Users/cameronanderson/SnapChef/snapchef/ios/build_temp/Build/Intermediates.noindex/SnapChef.build/Debug-iphonesimulator/SnapChef.build/SnapChef-all-non-framework-target-headers.hmap -Xcc -ivfsoverlay -Xcc /Users/cameronanderson/SnapChef/snapchef/ios/build_temp/Build/Intermediates.noindex/SnapChef.build/Debug-iphonesimulator/SnapChef-aeaa8cc72641741b8a66b1f1f8e92bed-VFS-iphonesimulator/all-product-headers.yaml -Xcc -iquote -Xcc /Users/cameronanderson/SnapChef/snapchef/ios/build_temp/Build/Intermediates.noindex/SnapChef.build/Debug-iphonesimulator/SnapChef.build/SnapChef-project-headers.hmap -Xcc -I/Users/cameronanderson/SnapChef/snapchef/ios/build_temp/Build/Products/Debug-iphonesimulator/include -Xcc -I/Users/cameronanderson/SnapChef/snapchef/ios/build_temp/Build/Intermediates.noindex/SnapChef.build/Debug-iphonesimulator/SnapChef.build/DerivedSources-normal/arm64 -Xcc -I/Users/cameronanderson/SnapChef/snapchef/ios/build_temp/Build/Intermediates.noindex/SnapChef.build/Debug-iphonesimulator/SnapChef.build/DerivedSources/arm64 -Xcc -I/Users/cameronanderson/SnapChef/snapchef/ios/build_temp/Build/Intermediates.noindex/SnapChef.build/Debug-iphonesimulator/SnapChef.build/DerivedSources -Xcc -DDEBUG\=1 -emit-objc-header -emit-objc-header-path /Users/cameronanderson/SnapChef/snapchef/ios/build_temp/Build/Intermediates.noindex/SnapChef.build/Debug-iphonesimulator/SnapChef.build/Objects-normal-asan/arm64/SnapChef-Swift.h -working-directory /Users/cameronanderson/SnapChef/snapchef/ios -experimental-emit-module-separately -disable-cmo

SwiftEmitModule normal arm64 Emitting\ module\ for\ SnapChef (in target 'SnapChef' from project 'SnapChef')

EmitSwiftModule normal arm64 (in target 'SnapChef' from project 'SnapChef')
    cd /Users/cameronanderson/SnapChef/snapchef/ios
    

SwiftCompile normal arm64 Compiling\ PrintView.swift,\ ShareSheet.swift,\ MagicalBackground.swift,\ GlassmorphicComponents.swift,\ MorphingTabBar.swift,\ MagicalTransitions.swift,\ RecipeDetailView.swift,\ ChallengeDetailView.swift,\ ColorExtensions.swift,\ ShareGeneratorView.swift,\ GamificationManager.swift,\ AIPersonalityManager.swift,\ MysteryMealView.swift,\ SocialShareManager.swift,\ CameraTabView.swift,\ CapturedImageView.swift,\ LaunchAnimationView.swift,\ SavedRecipe.swift,\ KeychainManager.swift /Users/cameronanderson/SnapChef/snapchef/ios/SnapChef/Features/Sharing/PrintView.swift /Users/cameronanderson/SnapChef/snapchef/ios/SnapChef/Features/Sharing/ShareSheet.swift /Users/cameronanderson/SnapChef/snapchef/ios/SnapChef/Design/MagicalBackground.swift /Users/cameronanderson/SnapChef/snapchef/ios/SnapChef/Design/GlassmorphicComponents.swift /Users/cameronanderson/SnapChef/snapchef/ios/SnapChef/Design/MorphingTabBar.swift /Users/cameronanderson/SnapChef/snapchef/ios/SnapChef/Design/MagicalTransitions.swift /Users/cameronanderson/SnapChef/snapchef/ios/SnapChef/Features/Recipes/RecipeDetailView.swift /Users/cameronanderson/SnapChef/snapchef/ios/SnapChef/Features/Gamification/ChallengeDetailView.swift /Users/cameronanderson/SnapChef/snapchef/ios/SnapChef/Design/ColorExtensions.swift /Users/cameronanderson/SnapChef/snapchef/ios/SnapChef/Features/Sharing/ShareGeneratorView.swift /Users/cameronanderson/SnapChef/snapchef/ios/SnapChef/Features/Gamification/GamificationManager.swift /Users/cameronanderson/SnapChef/snapchef/ios/SnapChef/Features/AIPersonality/AIPersonalityManager.swift /Users/cameronanderson/SnapChef/snapchef/ios/SnapChef/Features/AIPersonality/MysteryMealView.swift /Users/cameronanderson/SnapChef/snapchef/ios/SnapChef/Features/Sharing/SocialShareManager.swift /Users/cameronanderson/SnapChef/snapchef/ios/SnapChef/Features/Camera/CameraTabView.swift /Users/cameronanderson/SnapChef/snapchef/ios/SnapChef/Features/Camera/CapturedImageView.swift /Users/cameronanderson/SnapChef/snapchef/ios/SnapChef/App/LaunchAnimationView.swift /Users/cameronanderson/SnapChef/snapchef/ios/SnapChef/Core/Models/SavedRecipe.swift /Users/cameronanderson/SnapChef/snapchef/ios/SnapChef/Core/Utilities/KeychainManager.swift (in target 'SnapChef' from project 'SnapChef')

SwiftCompile normal arm64 /Users/cameronanderson/SnapChef/snapchef/ios/SnapChef/Features/Sharing/PrintView.swift (in target 'SnapChef' from project 'SnapChef')
    cd /Users/cameronanderson/SnapChef/snapchef/ios
    

SwiftCompile normal arm64 /Users/cameronanderson/SnapChef/snapchef/ios/SnapChef/Features/Sharing/ShareSheet.swift (in target 'SnapChef' from project 'SnapChef')
    cd /Users/cameronanderson/SnapChef/snapchef/ios
    

SwiftCompile normal arm64 /Users/cameronanderson/SnapChef/snapchef/ios/SnapChef/Design/MagicalBackground.swift (in target 'SnapChef' from project 'SnapChef')
    cd /Users/cameronanderson/SnapChef/snapchef/ios
    

SwiftCompile normal arm64 /Users/cameronanderson/SnapChef/snapchef/ios/SnapChef/Design/GlassmorphicComponents.swift (in target 'SnapChef' from project 'SnapChef')
    cd /Users/cameronanderson/SnapChef/snapchef/ios
    

SwiftCompile normal arm64 /Users/cameronanderson/SnapChef/snapchef/ios/SnapChef/Design/MorphingTabBar.swift (in target 'SnapChef' from project 'SnapChef')
    cd /Users/cameronanderson/SnapChef/snapchef/ios
    

SwiftCompile normal arm64 /Users/cameronanderson/SnapChef/snapchef/ios/SnapChef/Design/MagicalTransitions.swift (in target 'SnapChef' from project 'SnapChef')
    cd /Users/cameronanderson/SnapChef/snapchef/ios
    

SwiftCompile normal arm64 /Users/cameronanderson/SnapChef/snapchef/ios/SnapChef/Features/Recipes/RecipeDetailView.swift (in target 'SnapChef' from project 'SnapChef')
    cd /Users/cameronanderson/SnapChef/snapchef/ios
    

SwiftCompile normal arm64 /Users/cameronanderson/SnapChef/snapchef/ios/SnapChef/Features/Gamification/ChallengeDetailView.swift (in target 'SnapChef' from project 'SnapChef')
    cd /Users/cameronanderson/SnapChef/snapchef/ios
    

SwiftCompile normal arm64 /Users/cameronanderson/SnapChef/snapchef/ios/SnapChef/Design/ColorExtensions.swift (in target 'SnapChef' from project 'SnapChef')
    cd /Users/cameronanderson/SnapChef/snapchef/ios
    

SwiftCompile normal arm64 /Users/cameronanderson/SnapChef/snapchef/ios/SnapChef/Features/Sharing/ShareGeneratorView.swift (in target 'SnapChef' from project 'SnapChef')
    cd /Users/cameronanderson/SnapChef/snapchef/ios
    

SwiftCompile normal arm64 /Users/cameronanderson/SnapChef/snapchef/ios/SnapChef/Features/Gamification/GamificationManager.swift (in target 'SnapChef' from project 'SnapChef')
    cd /Users/cameronanderson/SnapChef/snapchef/ios
    

SwiftCompile normal arm64 /Users/cameronanderson/SnapChef/snapchef/ios/SnapChef/Features/AIPersonality/AIPersonalityManager.swift (in target 'SnapChef' from project 'SnapChef')
    cd /Users/cameronanderson/SnapChef/snapchef/ios
    

SwiftCompile normal arm64 /Users/cameronanderson/SnapChef/snapchef/ios/SnapChef/Features/AIPersonality/MysteryMealView.swift (in target 'SnapChef' from project 'SnapChef')
    cd /Users/cameronanderson/SnapChef/snapchef/ios
    

SwiftCompile normal arm64 /Users/cameronanderson/SnapChef/snapchef/ios/SnapChef/Features/Sharing/SocialShareManager.swift (in target 'SnapChef' from project 'SnapChef')
    cd /Users/cameronanderson/SnapChef/snapchef/ios
    

SwiftCompile normal arm64 /Users/cameronanderson/SnapChef/snapchef/ios/SnapChef/Features/Camera/CameraTabView.swift (in target 'SnapChef' from project 'SnapChef')
    cd /Users/cameronanderson/SnapChef/snapchef/ios
    

SwiftCompile normal arm64 /Users/cameronanderson/SnapChef/snapchef/ios/SnapChef/Features/Camera/CapturedImageView.swift (in target 'SnapChef' from project 'SnapChef')
    cd /Users/cameronanderson/SnapChef/snapchef/ios
    

SwiftCompile normal arm64 /Users/cameronanderson/SnapChef/snapchef/ios/SnapChef/App/LaunchAnimationView.swift (in target 'SnapChef' from project 'SnapChef')
    cd /Users/cameronanderson/SnapChef/snapchef/ios
    

SwiftCompile normal arm64 /Users/cameronanderson/SnapChef/snapchef/ios/SnapChef/Core/Models/SavedRecipe.swift (in target 'SnapChef' from project 'SnapChef')
    cd /Users/cameronanderson/SnapChef/snapchef/ios
    

SwiftCompile normal arm64 /Users/cameronanderson/SnapChef/snapchef/ios/SnapChef/Core/Utilities/KeychainManager.swift (in target 'SnapChef' from project 'SnapChef')
    cd /Users/cameronanderson/SnapChef/snapchef/ios
    

SwiftCompile normal x86_64 Compiling\ PersistenceController.swift,\ ChallengeAnalytics.swift,\ CloudKitSchema.swift,\ CloudKitSyncService.swift,\ CloudKitDataManager.swift,\ CloudKitRecipeManager.swift,\ FakeUserDataService.swift,\ CloudKitChallengeManager.swift,\ CloudKitModels.swift,\ TeamChallengeView.swift,\ CreateTeamView.swift,\ LeaderboardViewModel.swift,\ PremiumChallengeManager.swift,\ ActivityFeedView.swift,\ DiscoverUsersView.swift,\ RecipeCommentsView.swift,\ UserProfileView.swift,\ UserProfileViewModel.swift,\ CloudKitRecipe.swift /Users/cameronanderson/SnapChef/snapchef/ios/SnapChef/Core/Services/PersistenceController.swift /Users/cameronanderson/SnapChef/snapchef/ios/SnapChef/Core/Services/ChallengeAnalytics.swift /Users/cameronanderson/SnapChef/snapchef/ios/SnapChef/Core/Services/CloudKitSchema.swift /Users/cameronanderson/SnapChef/snapchef/ios/SnapChef/Core/Services/CloudKitSyncService.swift /Users/cameronanderson/SnapChef/snapchef/ios/SnapChef/Core/Services/CloudKitDataManager.swift /Users/cameronanderson/SnapChef/snapchef/ios/SnapChef/Core/Services/CloudKitRecipeManager.swift /Users/cameronanderson/SnapChef/snapchef/ios/SnapChef/Core/Services/FakeUserDataService.swift /Users/cameronanderson/SnapChef/snapchef/ios/SnapChef/Core/Services/CloudKitChallengeManager.swift /Users/cameronanderson/SnapChef/snapchef/ios/SnapChef/Core/Services/CloudKitModels.swift /Users/cameronanderson/SnapChef/snapchef/ios/SnapChef/Features/Gamification/Views/TeamChallengeView.swift /Users/cameronanderson/SnapChef/snapchef/ios/SnapChef/Features/Gamification/Views/CreateTeamView.swift /Users/cameronanderson/SnapChef/snapchef/ios/SnapChef/Features/Gamification/ViewModels/LeaderboardViewModel.swift /Users/cameronanderson/SnapChef/snapchef/ios/SnapChef/Features/Gamification/PremiumChallengeManager.swift /Users/cameronanderson/SnapChef/snapchef/ios/SnapChef/Features/Sharing/ActivityFeedView.swift /Users/cameronanderson/SnapChef/snapchef/ios/SnapChef/Features/Sharing/DiscoverUsersView.swift /Users/cameronanderson/SnapChef/snapchef/ios/SnapChef/Features/Sharing/RecipeCommentsView.swift /Users/cameronanderson/SnapChef/snapchef/ios/SnapChef/Features/Social/UserProfileView.swift /Users/cameronanderson/SnapChef/snapchef/ios/SnapChef/Features/Social/UserProfileViewModel.swift /Users/cameronanderson/SnapChef/snapchef/ios/SnapChef/Core/Models/CloudKitRecipe.swift (in target 'SnapChef' from project 'SnapChef')

SwiftCompile normal x86_64 /Users/cameronanderson/SnapChef/snapchef/ios/SnapChef/Core/Services/PersistenceController.swift (in target 'SnapChef' from project 'SnapChef')
    cd /Users/cameronanderson/SnapChef/snapchef/ios
    

SwiftCompile normal x86_64 /Users/cameronanderson/SnapChef/snapchef/ios/SnapChef/Core/Services/ChallengeAnalytics.swift (in target 'SnapChef' from project 'SnapChef')
    cd /Users/cameronanderson/SnapChef/snapchef/ios
    

SwiftCompile normal x86_64 /Users/cameronanderson/SnapChef/snapchef/ios/SnapChef/Core/Services/CloudKitSchema.swift (in target 'SnapChef' from project 'SnapChef')
    cd /Users/cameronanderson/SnapChef/snapchef/ios
    

SwiftCompile normal x86_64 /Users/cameronanderson/SnapChef/snapchef/ios/SnapChef/Core/Services/CloudKitSyncService.swift (in target 'SnapChef' from project 'SnapChef')
    cd /Users/cameronanderson/SnapChef/snapchef/ios
    

SwiftCompile normal x86_64 /Users/cameronanderson/SnapChef/snapchef/ios/SnapChef/Core/Services/CloudKitDataManager.swift (in target 'SnapChef' from project 'SnapChef')
    cd /Users/cameronanderson/SnapChef/snapchef/ios
    

SwiftCompile normal x86_64 /Users/cameronanderson/SnapChef/snapchef/ios/SnapChef/Core/Services/CloudKitRecipeManager.swift (in target 'SnapChef' from project 'SnapChef')
    cd /Users/cameronanderson/SnapChef/snapchef/ios
    

SwiftCompile normal x86_64 /Users/cameronanderson/SnapChef/snapchef/ios/SnapChef/Core/Services/FakeUserDataService.swift (in target 'SnapChef' from project 'SnapChef')
    cd /Users/cameronanderson/SnapChef/snapchef/ios
    

SwiftCompile normal x86_64 /Users/cameronanderson/SnapChef/snapchef/ios/SnapChef/Core/Services/CloudKitChallengeManager.swift (in target 'SnapChef' from project 'SnapChef')
    cd /Users/cameronanderson/SnapChef/snapchef/ios
    

SwiftCompile normal x86_64 /Users/cameronanderson/SnapChef/snapchef/ios/SnapChef/Core/Services/CloudKitModels.swift (in target 'SnapChef' from project 'SnapChef')
    cd /Users/cameronanderson/SnapChef/snapchef/ios
    

SwiftCompile normal x86_64 /Users/cameronanderson/SnapChef/snapchef/ios/SnapChef/Features/Gamification/Views/TeamChallengeView.swift (in target 'SnapChef' from project 'SnapChef')
    cd /Users/cameronanderson/SnapChef/snapchef/ios
    

SwiftCompile normal x86_64 /Users/cameronanderson/SnapChef/snapchef/ios/SnapChef/Features/Gamification/Views/CreateTeamView.swift (in target 'SnapChef' from project 'SnapChef')
    cd /Users/cameronanderson/SnapChef/snapchef/ios
    

SwiftCompile normal x86_64 /Users/cameronanderson/SnapChef/snapchef/ios/SnapChef/Features/Gamification/ViewModels/LeaderboardViewModel.swift (in target 'SnapChef' from project 'SnapChef')
    cd /Users/cameronanderson/SnapChef/snapchef/ios
    

SwiftCompile normal x86_64 /Users/cameronanderson/SnapChef/snapchef/ios/SnapChef/Features/Gamification/PremiumChallengeManager.swift (in target 'SnapChef' from project 'SnapChef')
    cd /Users/cameronanderson/SnapChef/snapchef/ios
    

SwiftCompile normal x86_64 /Users/cameronanderson/SnapChef/snapchef/ios/SnapChef/Features/Sharing/ActivityFeedView.swift (in target 'SnapChef' from project 'SnapChef')
    cd /Users/cameronanderson/SnapChef/snapchef/ios
    

SwiftCompile normal x86_64 /Users/cameronanderson/SnapChef/snapchef/ios/SnapChef/Features/Sharing/DiscoverUsersView.swift (in target 'SnapChef' from project 'SnapChef')
    cd /Users/cameronanderson/SnapChef/snapchef/ios
    

SwiftCompile normal x86_64 /Users/cameronanderson/SnapChef/snapchef/ios/SnapChef/Features/Sharing/RecipeCommentsView.swift (in target 'SnapChef' from project 'SnapChef')
    cd /Users/cameronanderson/SnapChef/snapchef/ios
    

SwiftCompile normal x86_64 /Users/cameronanderson/SnapChef/snapchef/ios/SnapChef/Features/Social/UserProfileView.swift (in target 'SnapChef' from project 'SnapChef')
    cd /Users/cameronanderson/SnapChef/snapchef/ios
    

SwiftCompile normal x86_64 /Users/cameronanderson/SnapChef/snapchef/ios/SnapChef/Features/Social/UserProfileViewModel.swift (in target 'SnapChef' from project 'SnapChef')
    cd /Users/cameronanderson/SnapChef/snapchef/ios
    

SwiftCompile normal x86_64 /Users/cameronanderson/SnapChef/snapchef/ios/SnapChef/Core/Models/CloudKitRecipe.swift (in target 'SnapChef' from project 'SnapChef')
    cd /Users/cameronanderson/SnapChef/snapchef/ios
    

SwiftCompile normal arm64 Compiling\ AppDelegate.swift,\ TikTokMediaShareWrapper.swift,\ TikTokShareService.swift,\ TikTokShareUsageExample.swift,\ ViralVideoSDK.swift,\ ViralVideoEngine.swift,\ ViralVideoDataModels.swift,\ ViralVideoRenderer.swift,\ ViralVideoExporter.swift,\ ViralVideoPolishManager.swift,\ RenderPlanner.swift,\ PerformanceAnalyzer.swift,\ ErrorRecoveryManager.swift,\ MemoryOptimizer.swift,\ StillWriter.swift,\ PolishUIComponents.swift,\ OverlayFactory.swift,\ GeneratedAssetSymbols.swift /Users/cameronanderson/SnapChef/snapchef/ios/SnapChef/App/AppDelegate.swift /Users/cameronanderson/SnapChef/snapchef/ios/SnapChef/Features/Sharing/Platforms/TikTok/TikTokMediaShareWrapper.swift /Users/cameronanderson/SnapChef/snapchef/ios/SnapChef/Features/Sharing/Core/TikTokShareService.swift /Users/cameronanderson/SnapChef/snapchef/ios/SnapChef/Features/Sharing/Core/TikTokShareUsageExample.swift /Users/cameronanderson/SnapChef/snapchef/ios/SnapChef/Features/Sharing/Platforms/TikTok/ViralVideoSDK.swift /Users/cameronanderson/SnapChef/snapchef/ios/SnapChef/Features/Sharing/Platforms/TikTok/ViralVideoEngine.swift /Users/cameronanderson/SnapChef/snapchef/ios/SnapChef/Features/Sharing/Platforms/TikTok/ViralVideoDataModels.swift /Users/cameronanderson/SnapChef/snapchef/ios/SnapChef/Features/Sharing/Platforms/TikTok/ViralVideoRenderer.swift /Users/cameronanderson/SnapChef/snapchef/ios/SnapChef/Features/Sharing/Platforms/TikTok/ViralVideoExporter.swift /Users/cameronanderson/SnapChef/snapchef/ios/SnapChef/Features/Sharing/Platforms/TikTok/ViralVideoPolishManager.swift /Users/cameronanderson/SnapChef/snapchef/ios/SnapChef/Features/Sharing/Platforms/TikTok/RenderPlanner.swift /Users/cameronanderson/SnapChef/snapchef/ios/SnapChef/Features/Sharing/Platforms/TikTok/PerformanceAnalyzer.swift /Users/cameronanderson/SnapChef/snapchef/ios/SnapChef/Features/Sharing/Platforms/TikTok/ErrorRecoveryManager.swift /Users/cameronanderson/SnapChef/snapchef/ios/SnapChef/Features/Sharing/Platforms/TikTok/MemoryOptimizer.swift /Users/cameronanderson/SnapChef/snapchef/ios/SnapChef/Features/Sharing/Platforms/TikTok/StillWriter.swift /Users/cameronanderson/SnapChef/snapchef/ios/SnapChef/Features/Sharing/Platforms/TikTok/PolishUIComponents.swift /Users/cameronanderson/SnapChef/snapchef/ios/SnapChef/Features/Sharing/Platforms/TikTok/OverlayFactory.swift /Users/cameronanderson/SnapChef/snapchef/ios/build_temp/Build/Intermediates.noindex/SnapChef.build/Debug-iphonesimulator/SnapChef.build/DerivedSources/GeneratedAssetSymbols.swift (in target 'SnapChef' from project 'SnapChef')
Failed frontend command:
/Applications/Xcode.app/Contents/Developer/Toolchains/XcodeDefault.xctoolchain/usr/bin/swift-frontend -frontend -c -filelist /Users/cameronanderson/SnapChef/snapchef/ios/build_temp/Build/Intermediates.noindex/SnapChef.build/Debug-iphonesimulator/SnapChef.build/Objects-normal-asan/arm64/sources-1 -primary-file /Users/cameronanderson/SnapChef/snapchef/ios/SnapChef/App/AppDelegate.swift -primary-file /Users/cameronanderson/SnapChef/snapchef/ios/SnapChef/Features/Sharing/Platforms/TikTok/TikTokMediaShareWrapper.swift -primary-file /Users/cameronanderson/SnapChef/snapchef/ios/SnapChef/Features/Sharing/Core/TikTokShareService.swift -primary-file /Users/cameronanderson/SnapChef/snapchef/ios/SnapChef/Features/Sharing/Core/TikTokShareUsageExample.swift -primary-file /Users/cameronanderson/SnapChef/snapchef/ios/SnapChef/Features/Sharing/Platforms/TikTok/ViralVideoSDK.swift -primary-file /Users/cameronanderson/SnapChef/snapchef/ios/SnapChef/Features/Sharing/Platforms/TikTok/ViralVideoEngine.swift -primary-file /Users/cameronanderson/SnapChef/snapchef/ios/SnapChef/Features/Sharing/Platforms/TikTok/ViralVideoDataModels.swift -primary-file /Users/cameronanderson/SnapChef/snapchef/ios/SnapChef/Features/Sharing/Platforms/TikTok/ViralVideoRenderer.swift -primary-file /Users/cameronanderson/SnapChef/snapchef/ios/SnapChef/Features/Sharing/Platforms/TikTok/ViralVideoExporter.swift -primary-file /Users/cameronanderson/SnapChef/snapchef/ios/SnapChef/Features/Sharing/Platforms/TikTok/ViralVideoPolishManager.swift -primary-file /Users/cameronanderson/SnapChef/snapchef/ios/SnapChef/Features/Sharing/Platforms/TikTok/RenderPlanner.swift -primary-file /Users/cameronanderson/SnapChef/snapchef/ios/SnapChef/Features/Sharing/Platforms/TikTok/PerformanceAnalyzer.swift -primary-file /Users/cameronanderson/SnapChef/snapchef/ios/SnapChef/Features/Sharing/Platforms/TikTok/ErrorRecoveryManager.swift -primary-file /Users/cameronanderson/SnapChef/snapchef/ios/SnapChef/Features/Sharing/Platforms/TikTok/MemoryOptimizer.swift -primary-file /Users/cameronanderson/SnapChef/snapchef/ios/SnapChef/Features/Sharing/Platforms/TikTok/StillWriter.swift -primary-file /Users/cameronanderson/SnapChef/snapchef/ios/SnapChef/Features/Sharing/Platforms/TikTok/PolishUIComponents.swift -primary-file /Users/cameronanderson/SnapChef/snapchef/ios/SnapChef/Features/Sharing/Platforms/TikTok/OverlayFactory.swift -primary-file /Users/cameronanderson/SnapChef/snapchef/ios/build_temp/Build/Intermediates.noindex/SnapChef.build/Debug-iphonesimulator/SnapChef.build/DerivedSources/GeneratedAssetSymbols.swift -supplementary-output-file-map /Users/cameronanderson/SnapChef/snapchef/ios/build_temp/Build/Intermediates.noindex/SnapChef.build/Debug-iphonesimulator/SnapChef.build/Objects-normal-asan/arm64/supplementaryOutputs-16 -emit-localized-strings -emit-localized-strings-path /Users/cameronanderson/SnapChef/snapchef/ios/build_temp/Build/Intermediates.noindex/SnapChef.build/Debug-iphonesimulator/SnapChef.build/Objects-normal-asan/arm64 -target arm64-apple-ios16.0-simulator -Xllvm -aarch64-use-tbi -enable-objc-interop -sdk /Applications/Xcode.app/Contents/Developer/Platforms/iPhoneSimulator.platform/Developer/SDKs/iPhoneSimulator18.5.sdk -I /Users/cameronanderson/SnapChef/snapchef/ios/build_temp/Build/Products/Debug-iphonesimulator -F /Users/cameronanderson/SnapChef/snapchef/ios/build_temp/Build/Products/Debug-iphonesimulator/PackageFrameworks -F /Users/cameronanderson/SnapChef/snapchef/ios/build_temp/Build/Products/Debug-iphonesimulator/PackageFrameworks -F /Users/cameronanderson/SnapChef/snapchef/ios/build_temp/Build/Products/Debug-iphonesimulator/PackageFrameworks -F /Users/cameronanderson/SnapChef/snapchef/ios/build_temp/Build/Products/Debug-iphonesimulator -no-color-diagnostics -enable-testing -g -debug-info-format\=dwarf -dwarf-version\=4 -module-cache-path /Users/cameronanderson/SnapChef/snapchef/ios/build_temp/ModuleCache.noindex -sanitize\=address -swift-version 6 -enforce-exclusivity\=checked -Onone -D DEBUG -serialize-debugging-options -const-gather-protocols-file /Users/cameronanderson/SnapChef/snapchef/ios/build_temp/Build/Intermediates.noindex/SnapChef.build/Debug-iphonesimulator/SnapChef.build/Objects-normal-asan/arm64/SnapChef_const_extract_protocols.json -enable-experimental-feature DebugDescriptionMacro -empty-abi-descriptor -validate-clang-modules-once -clang-build-session-file /Users/cameronanderson/SnapChef/snapchef/ios/build_temp/ModuleCache.noindex/Session.modulevalidation -Xcc -working-directory -Xcc /Users/cameronanderson/SnapChef/snapchef/ios -resource-dir /Applications/Xcode.app/Contents/Developer/Toolchains/XcodeDefault.xctoolchain/usr/lib/swift -enable-anonymous-context-mangled-names -file-compilation-dir /Users/cameronanderson/SnapChef/snapchef/ios -Xcc -ivfsstatcache -Xcc /Users/cameronanderson/SnapChef/snapchef/ios/build_temp/SDKStatCaches.noindex/iphonesimulator18.5-22F76-d5fc8ad4295d2ef488fb7d0f804ce0c4.sdkstatcache -Xcc -I/Users/cameronanderson/SnapChef/snapchef/ios/build_temp/Build/Intermediates.noindex/SnapChef.build/Debug-iphonesimulator/SnapChef.build/swift-overrides.hmap -Xcc -iquote -Xcc /Users/cameronanderson/SnapChef/snapchef/ios/build_temp/Build/Intermediates.noindex/SnapChef.build/Debug-iphonesimulator/SnapChef.build/SnapChef-generated-files.hmap -Xcc -I/Users/cameronanderson/SnapChef/snapchef/ios/build_temp/Build/Intermediates.noindex/SnapChef.build/Debug-iphonesimulator/SnapChef.build/SnapChef-own-target-headers.hmap -Xcc -I/Users/cameronanderson/SnapChef/snapchef/ios/build_temp/Build/Intermediates.noindex/SnapChef.build/Debug-iphonesimulator/SnapChef.build/SnapChef-all-non-framework-target-headers.hmap -Xcc -ivfsoverlay -Xcc /Users/cameronanderson/SnapChef/snapchef/ios/build_temp/Build/Intermediates.noindex/SnapChef.build/Debug-iphonesimulator/SnapChef-aeaa8cc72641741b8a66b1f1f8e92bed-VFS-iphonesimulator/all-product-headers.yaml -Xcc -iquote -Xcc /Users/cameronanderson/SnapChef/snapchef/ios/build_temp/Build/Intermediates.noindex/SnapChef.build/Debug-iphonesimulator/SnapChef.build/SnapChef-project-headers.hmap -Xcc -I/Users/cameronanderson/SnapChef/snapchef/ios/build_temp/Build/Products/Debug-iphonesimulator/include -Xcc -I/Users/cameronanderson/SnapChef/snapchef/ios/build_temp/Build/Intermediates.noindex/SnapChef.build/Debug-iphonesimulator/SnapChef.build/DerivedSources-normal/arm64 -Xcc -I/Users/cameronanderson/SnapChef/snapchef/ios/build_temp/Build/Intermediates.noindex/SnapChef.build/Debug-iphonesimulator/SnapChef.build/DerivedSources/arm64 -Xcc -I/Users/cameronanderson/SnapChef/snapchef/ios/build_temp/Build/Intermediates.noindex/SnapChef.build/Debug-iphonesimulator/SnapChef.build/DerivedSources -Xcc -DDEBUG\=1 -module-name SnapChef -frontend-parseable-output -disable-clang-spi -target-sdk-version 18.5 -target-sdk-name iphonesimulator18.5 -external-plugin-path /Applications/Xcode.app/Contents/Developer/Platforms/iPhoneOS.platform/Developer/usr/lib/swift/host/plugins\#/Applications/Xcode.app/Contents/Developer/Platforms/iPhoneOS.platform/Developer/usr/bin/swift-plugin-server -external-plugin-path /Applications/Xcode.app/Contents/Developer/Platforms/iPhoneOS.platform/Developer/usr/local/lib/swift/host/plugins\#/Applications/Xcode.app/Contents/Developer/Platforms/iPhoneOS.platform/Developer/usr/bin/swift-plugin-server -in-process-plugin-server-path /Applications/Xcode.app/Contents/Developer/Toolchains/XcodeDefault.xctoolchain/usr/lib/swift/host/libSwiftInProcPluginServer.dylib -plugin-path /Applications/Xcode.app/Contents/Developer/Toolchains/XcodeDefault.xctoolchain/usr/lib/swift/host/plugins -plugin-path /Applications/Xcode.app/Contents/Developer/Toolchains/XcodeDefault.xctoolchain/usr/local/lib/swift/host/plugins -o /Users/cameronanderson/SnapChef/snapchef/ios/build_temp/Build/Intermediates.noindex/SnapChef.build/Debug-iphonesimulator/SnapChef.build/Objects-normal-asan/arm64/AppDelegate.o -o /Users/cameronanderson/SnapChef/snapchef/ios/build_temp/Build/Intermediates.noindex/SnapChef.build/Debug-iphonesimulator/SnapChef.build/Objects-normal-asan/arm64/TikTokMediaShareWrapper.o -o /Users/cameronanderson/SnapChef/snapchef/ios/build_temp/Build/Intermediates.noindex/SnapChef.build/Debug-iphonesimulator/SnapChef.build/Objects-normal-asan/arm64/TikTokShareService.o -o /Users/cameronanderson/SnapChef/snapchef/ios/build_temp/Build/Intermediates.noindex/SnapChef.build/Debug-iphonesimulator/SnapChef.build/Objects-normal-asan/arm64/TikTokShareUsageExample.o -o /Users/cameronanderson/SnapChef/snapchef/ios/build_temp/Build/Intermediates.noindex/SnapChef.build/Debug-iphonesimulator/SnapChef.build/Objects-normal-asan/arm64/ViralVideoSDK.o -o /Users/cameronanderson/SnapChef/snapchef/ios/build_temp/Build/Intermediates.noindex/SnapChef.build/Debug-iphonesimulator/SnapChef.build/Objects-normal-asan/arm64/ViralVideoEngine.o -o /Users/cameronanderson/SnapChef/snapchef/ios/build_temp/Build/Intermediates.noindex/SnapChef.build/Debug-iphonesimulator/SnapChef.build/Objects-normal-asan/arm64/ViralVideoDataModels.o -o /Users/cameronanderson/SnapChef/snapchef/ios/build_temp/Build/Intermediates.noindex/SnapChef.build/Debug-iphonesimulator/SnapChef.build/Objects-normal-asan/arm64/ViralVideoRenderer.o -o /Users/cameronanderson/SnapChef/snapchef/ios/build_temp/Build/Intermediates.noindex/SnapChef.build/Debug-iphonesimulator/SnapChef.build/Objects-normal-asan/arm64/ViralVideoExporter.o -o /Users/cameronanderson/SnapChef/snapchef/ios/build_temp/Build/Intermediates.noindex/SnapChef.build/Debug-iphonesimulator/SnapChef.build/Objects-normal-asan/arm64/ViralVideoPolishManager.o -o /Users/cameronanderson/SnapChef/snapchef/ios/build_temp/Build/Intermediates.noindex/SnapChef.build/Debug-iphonesimulator/SnapChef.build/Objects-normal-asan/arm64/RenderPlanner.o -o /Users/cameronanderson/SnapChef/snapchef/ios/build_temp/Build/Intermediates.noindex/SnapChef.build/Debug-iphonesimulator/SnapChef.build/Objects-normal-asan/arm64/PerformanceAnalyzer.o -o /Users/cameronanderson/SnapChef/snapchef/ios/build_temp/Build/Intermediates.noindex/SnapChef.build/Debug-iphonesimulator/SnapChef.build/Objects-normal-asan/arm64/ErrorRecoveryManager.o -o /Users/cameronanderson/SnapChef/snapchef/ios/build_temp/Build/Intermediates.noindex/SnapChef.build/Debug-iphonesimulator/SnapChef.build/Objects-normal-asan/arm64/MemoryOptimizer.o -o /Users/cameronanderson/SnapChef/snapchef/ios/build_temp/Build/Intermediates.noindex/SnapChef.build/Debug-iphonesimulator/SnapChef.build/Objects-normal-asan/arm64/StillWriter.o -o /Users/cameronanderson/SnapChef/snapchef/ios/build_temp/Build/Intermediates.noindex/SnapChef.build/Debug-iphonesimulator/SnapChef.build/Objects-normal-asan/arm64/PolishUIComponents.o -o /Users/cameronanderson/SnapChef/snapchef/ios/build_temp/Build/Intermediates.noindex/SnapChef.build/Debug-iphonesimulator/SnapChef.build/Objects-normal-asan/arm64/OverlayFactory.o -o /Users/cameronanderson/SnapChef/snapchef/ios/build_temp/Build/Intermediates.noindex/SnapChef.build/Debug-iphonesimulator/SnapChef.build/Objects-normal-asan/arm64/GeneratedAssetSymbols.o -index-unit-output-path /SnapChef.build/Debug-iphonesimulator/SnapChef.build/Objects-normal-asan/arm64/AppDelegate.o -index-unit-output-path /SnapChef.build/Debug-iphonesimulator/SnapChef.build/Objects-normal-asan/arm64/TikTokMediaShareWrapper.o -index-unit-output-path /SnapChef.build/Debug-iphonesimulator/SnapChef.build/Objects-normal-asan/arm64/TikTokShareService.o -index-unit-output-path /SnapChef.build/Debug-iphonesimulator/SnapChef.build/Objects-normal-asan/arm64/TikTokShareUsageExample.o -index-unit-output-path /SnapChef.build/Debug-iphonesimulator/SnapChef.build/Objects-normal-asan/arm64/ViralVideoSDK.o -index-unit-output-path /SnapChef.build/Debug-iphonesimulator/SnapChef.build/Objects-normal-asan/arm64/ViralVideoEngine.o -index-unit-output-path /SnapChef.build/Debug-iphonesimulator/SnapChef.build/Objects-normal-asan/arm64/ViralVideoDataModels.o -index-unit-output-path /SnapChef.build/Debug-iphonesimulator/SnapChef.build/Objects-normal-asan/arm64/ViralVideoRenderer.o -index-unit-output-path /SnapChef.build/Debug-iphonesimulator/SnapChef.build/Objects-normal-asan/arm64/ViralVideoExporter.o -index-unit-output-path /SnapChef.build/Debug-iphonesimulator/SnapChef.build/Objects-normal-asan/arm64/ViralVideoPolishManager.o -index-unit-output-path /SnapChef.build/Debug-iphonesimulator/SnapChef.build/Objects-normal-asan/arm64/RenderPlanner.o -index-unit-output-path /SnapChef.build/Debug-iphonesimulator/SnapChef.build/Objects-normal-asan/arm64/PerformanceAnalyzer.o -index-unit-output-path /SnapChef.build/Debug-iphonesimulator/SnapChef.build/Objects-normal-asan/arm64/ErrorRecoveryManager.o -index-unit-output-path /SnapChef.build/Debug-iphonesimulator/SnapChef.build/Objects-normal-asan/arm64/MemoryOptimizer.o -index-unit-output-path /SnapChef.build/Debug-iphonesimulator/SnapChef.build/Objects-normal-asan/arm64/StillWriter.o -index-unit-output-path /SnapChef.build/Debug-iphonesimulator/SnapChef.build/Objects-normal-asan/arm64/PolishUIComponents.o -index-unit-output-path /SnapChef.build/Debug-iphonesimulator/SnapChef.build/Objects-normal-asan/arm64/OverlayFactory.o -index-unit-output-path /SnapChef.build/Debug-iphonesimulator/SnapChef.build/Objects-normal-asan/arm64/GeneratedAssetSymbols.o -index-store-path /Users/cameronanderson/SnapChef/snapchef/ios/build_temp/Index.noindex/DataStore -index-system-modules

SwiftCompile normal arm64 /Users/cameronanderson/SnapChef/snapchef/ios/SnapChef/App/AppDelegate.swift (in target 'SnapChef' from project 'SnapChef')
    cd /Users/cameronanderson/SnapChef/snapchef/ios
    
/Users/cameronanderson/SnapChef/snapchef/ios/SnapChef/Features/Sharing/Platforms/TikTok/ViralVideoEngine.swift:252:13: warning: initialization of immutable value 'targetSize' was never used; consider replacing with assignment to '_' or removing it
        let targetSize = config.size
        ~~~~^~~~~~~~~~
        _
/Users/cameronanderson/SnapChef/snapchef/ios/SnapChef/Features/Sharing/Platforms/TikTok/ViralVideoEngine.swift:290:43: warning: capture of 'exportSession' with non-sendable type 'AVAssetExportSession?' in a '@Sendable' closure
                guard let exportSession = exportSession else { return }
                                          ^
Swift.Optional:1:21: note: generic enum 'Optional' does not conform to the 'Sendable' protocol
@frozen public enum Optional<Wrapped> : ~Copyable where Wrapped : ~Copyable {
                    ^
/Users/cameronanderson/SnapChef/snapchef/ios/SnapChef/Features/Sharing/Platforms/TikTok/ViralVideoEngine.swift:292:27: warning: capture of 'progressCallback' with non-sendable type '(Double) async -> Void' in a '@Sendable' closure
                    await progressCallback(Double(exportSession.progress))
                          ^
/Users/cameronanderson/SnapChef/snapchef/ios/SnapChef/Features/Sharing/Platforms/TikTok/ViralVideoEngine.swift:292:27: note: a function type must be marked '@Sendable' to conform to 'Sendable'
                    await progressCallback(Double(exportSession.progress))
                          ^
/Users/cameronanderson/SnapChef/snapchef/ios/SnapChef/Features/Sharing/Platforms/TikTok/ViralVideoEngine.swift:292:27: error: capture of 'progressCallback' with non-sendable type '(Double) async -> Void' in an isolated closure
                    await progressCallback(Double(exportSession.progress))
                          ^
/Users/cameronanderson/SnapChef/snapchef/ios/SnapChef/Features/Sharing/Platforms/TikTok/ViralVideoEngine.swift:292:27: note: a function type must be marked '@Sendable' to conform to 'Sendable'
                    await progressCallback(Double(exportSession.progress))
                          ^
/Users/cameronanderson/SnapChef/snapchef/ios/SnapChef/Features/Sharing/Platforms/TikTok/ViralVideoEngine.swift:297:17: warning: capture of 'progressTimer' with non-sendable type 'Timer' in a '@Sendable' closure
                progressTimer.invalidate()
                ^
/Applications/Xcode.app/Contents/Developer/Platforms/iPhoneSimulator.platform/Developer/SDKs/iPhoneSimulator18.5.sdk/System/Library/Frameworks/Foundation.framework/Headers/NSTimer.h:10:12: note: class 'Timer' does not conform to the 'Sendable' protocol
@interface NSTimer : NSObject
           ^
/Users/cameronanderson/SnapChef/snapchef/ios/SnapChef/Features/Sharing/Platforms/TikTok/ViralVideoEngine.swift:299:43: warning: capture of 'exportSession' with non-sendable type 'AVAssetExportSession?' in a '@Sendable' closure
                guard let exportSession = exportSession else {
                                          ^
Swift.Optional:1:21: note: generic enum 'Optional' does not conform to the 'Sendable' protocol
@frozen public enum Optional<Wrapped> : ~Copyable where Wrapped : ~Copyable {
                    ^

SwiftCompile normal arm64 /Users/cameronanderson/SnapChef/snapchef/ios/SnapChef/Features/Sharing/Platforms/TikTok/TikTokMediaShareWrapper.swift (in target 'SnapChef' from project 'SnapChef')
    cd /Users/cameronanderson/SnapChef/snapchef/ios
    
/Users/cameronanderson/SnapChef/snapchef/ios/SnapChef/Features/Sharing/Platforms/TikTok/ViralVideoEngine.swift:252:13: warning: initialization of immutable value 'targetSize' was never used; consider replacing with assignment to '_' or removing it
        let targetSize = config.size
        ~~~~^~~~~~~~~~
        _
/Users/cameronanderson/SnapChef/snapchef/ios/SnapChef/Features/Sharing/Platforms/TikTok/ViralVideoEngine.swift:290:43: warning: capture of 'exportSession' with non-sendable type 'AVAssetExportSession?' in a '@Sendable' closure
                guard let exportSession = exportSession else { return }
                                          ^
Swift.Optional:1:21: note: generic enum 'Optional' does not conform to the 'Sendable' protocol
@frozen public enum Optional<Wrapped> : ~Copyable where Wrapped : ~Copyable {
                    ^
/Users/cameronanderson/SnapChef/snapchef/ios/SnapChef/Features/Sharing/Platforms/TikTok/ViralVideoEngine.swift:292:27: warning: capture of 'progressCallback' with non-sendable type '(Double) async -> Void' in a '@Sendable' closure
                    await progressCallback(Double(exportSession.progress))
                          ^
/Users/cameronanderson/SnapChef/snapchef/ios/SnapChef/Features/Sharing/Platforms/TikTok/ViralVideoEngine.swift:292:27: note: a function type must be marked '@Sendable' to conform to 'Sendable'
                    await progressCallback(Double(exportSession.progress))
                          ^
/Users/cameronanderson/SnapChef/snapchef/ios/SnapChef/Features/Sharing/Platforms/TikTok/ViralVideoEngine.swift:292:27: error: capture of 'progressCallback' with non-sendable type '(Double) async -> Void' in an isolated closure
                    await progressCallback(Double(exportSession.progress))
                          ^
/Users/cameronanderson/SnapChef/snapchef/ios/SnapChef/Features/Sharing/Platforms/TikTok/ViralVideoEngine.swift:292:27: note: a function type must be marked '@Sendable' to conform to 'Sendable'
                    await progressCallback(Double(exportSession.progress))
                          ^
/Users/cameronanderson/SnapChef/snapchef/ios/SnapChef/Features/Sharing/Platforms/TikTok/ViralVideoEngine.swift:297:17: warning: capture of 'progressTimer' with non-sendable type 'Timer' in a '@Sendable' closure
                progressTimer.invalidate()
                ^
/Applications/Xcode.app/Contents/Developer/Platforms/iPhoneSimulator.platform/Developer/SDKs/iPhoneSimulator18.5.sdk/System/Library/Frameworks/Foundation.framework/Headers/NSTimer.h:10:12: note: class 'Timer' does not conform to the 'Sendable' protocol
@interface NSTimer : NSObject
           ^
/Users/cameronanderson/SnapChef/snapchef/ios/SnapChef/Features/Sharing/Platforms/TikTok/ViralVideoEngine.swift:299:43: warning: capture of 'exportSession' with non-sendable type 'AVAssetExportSession?' in a '@Sendable' closure
                guard let exportSession = exportSession else {
                                          ^
Swift.Optional:1:21: note: generic enum 'Optional' does not conform to the 'Sendable' protocol
@frozen public enum Optional<Wrapped> : ~Copyable where Wrapped : ~Copyable {
                    ^

SwiftCompile normal arm64 /Users/cameronanderson/SnapChef/snapchef/ios/SnapChef/Features/Sharing/Core/TikTokShareService.swift (in target 'SnapChef' from project 'SnapChef')
    cd /Users/cameronanderson/SnapChef/snapchef/ios
    
/Users/cameronanderson/SnapChef/snapchef/ios/SnapChef/Features/Sharing/Platforms/TikTok/ViralVideoEngine.swift:252:13: warning: initialization of immutable value 'targetSize' was never used; consider replacing with assignment to '_' or removing it
        let targetSize = config.size
        ~~~~^~~~~~~~~~
        _
/Users/cameronanderson/SnapChef/snapchef/ios/SnapChef/Features/Sharing/Platforms/TikTok/ViralVideoEngine.swift:290:43: warning: capture of 'exportSession' with non-sendable type 'AVAssetExportSession?' in a '@Sendable' closure
                guard let exportSession = exportSession else { return }
                                          ^
Swift.Optional:1:21: note: generic enum 'Optional' does not conform to the 'Sendable' protocol
@frozen public enum Optional<Wrapped> : ~Copyable where Wrapped : ~Copyable {
                    ^
/Users/cameronanderson/SnapChef/snapchef/ios/SnapChef/Features/Sharing/Platforms/TikTok/ViralVideoEngine.swift:292:27: warning: capture of 'progressCallback' with non-sendable type '(Double) async -> Void' in a '@Sendable' closure
                    await progressCallback(Double(exportSession.progress))
                          ^
/Users/cameronanderson/SnapChef/snapchef/ios/SnapChef/Features/Sharing/Platforms/TikTok/ViralVideoEngine.swift:292:27: note: a function type must be marked '@Sendable' to conform to 'Sendable'
                    await progressCallback(Double(exportSession.progress))
                          ^
/Users/cameronanderson/SnapChef/snapchef/ios/SnapChef/Features/Sharing/Platforms/TikTok/ViralVideoEngine.swift:292:27: error: capture of 'progressCallback' with non-sendable type '(Double) async -> Void' in an isolated closure
                    await progressCallback(Double(exportSession.progress))
                          ^
/Users/cameronanderson/SnapChef/snapchef/ios/SnapChef/Features/Sharing/Platforms/TikTok/ViralVideoEngine.swift:292:27: note: a function type must be marked '@Sendable' to conform to 'Sendable'
                    await progressCallback(Double(exportSession.progress))
                          ^
/Users/cameronanderson/SnapChef/snapchef/ios/SnapChef/Features/Sharing/Platforms/TikTok/ViralVideoEngine.swift:297:17: warning: capture of 'progressTimer' with non-sendable type 'Timer' in a '@Sendable' closure
                progressTimer.invalidate()
                ^
/Applications/Xcode.app/Contents/Developer/Platforms/iPhoneSimulator.platform/Developer/SDKs/iPhoneSimulator18.5.sdk/System/Library/Frameworks/Foundation.framework/Headers/NSTimer.h:10:12: note: class 'Timer' does not conform to the 'Sendable' protocol
@interface NSTimer : NSObject
           ^
/Users/cameronanderson/SnapChef/snapchef/ios/SnapChef/Features/Sharing/Platforms/TikTok/ViralVideoEngine.swift:299:43: warning: capture of 'exportSession' with non-sendable type 'AVAssetExportSession?' in a '@Sendable' closure
                guard let exportSession = exportSession else {
                                          ^
Swift.Optional:1:21: note: generic enum 'Optional' does not conform to the 'Sendable' protocol
@frozen public enum Optional<Wrapped> : ~Copyable where Wrapped : ~Copyable {
                    ^

SwiftCompile normal arm64 /Users/cameronanderson/SnapChef/snapchef/ios/SnapChef/Features/Sharing/Core/TikTokShareUsageExample.swift (in target 'SnapChef' from project 'SnapChef')
    cd /Users/cameronanderson/SnapChef/snapchef/ios
    
/Users/cameronanderson/SnapChef/snapchef/ios/SnapChef/Features/Sharing/Platforms/TikTok/ViralVideoEngine.swift:252:13: warning: initialization of immutable value 'targetSize' was never used; consider replacing with assignment to '_' or removing it
        let targetSize = config.size
        ~~~~^~~~~~~~~~
        _
/Users/cameronanderson/SnapChef/snapchef/ios/SnapChef/Features/Sharing/Platforms/TikTok/ViralVideoEngine.swift:290:43: warning: capture of 'exportSession' with non-sendable type 'AVAssetExportSession?' in a '@Sendable' closure
                guard let exportSession = exportSession else { return }
                                          ^
Swift.Optional:1:21: note: generic enum 'Optional' does not conform to the 'Sendable' protocol
@frozen public enum Optional<Wrapped> : ~Copyable where Wrapped : ~Copyable {
                    ^
/Users/cameronanderson/SnapChef/snapchef/ios/SnapChef/Features/Sharing/Platforms/TikTok/ViralVideoEngine.swift:292:27: warning: capture of 'progressCallback' with non-sendable type '(Double) async -> Void' in a '@Sendable' closure
                    await progressCallback(Double(exportSession.progress))
                          ^
/Users/cameronanderson/SnapChef/snapchef/ios/SnapChef/Features/Sharing/Platforms/TikTok/ViralVideoEngine.swift:292:27: note: a function type must be marked '@Sendable' to conform to 'Sendable'
                    await progressCallback(Double(exportSession.progress))
                          ^
/Users/cameronanderson/SnapChef/snapchef/ios/SnapChef/Features/Sharing/Platforms/TikTok/ViralVideoEngine.swift:292:27: error: capture of 'progressCallback' with non-sendable type '(Double) async -> Void' in an isolated closure
                    await progressCallback(Double(exportSession.progress))
                          ^
/Users/cameronanderson/SnapChef/snapchef/ios/SnapChef/Features/Sharing/Platforms/TikTok/ViralVideoEngine.swift:292:27: note: a function type must be marked '@Sendable' to conform to 'Sendable'
                    await progressCallback(Double(exportSession.progress))
                          ^
/Users/cameronanderson/SnapChef/snapchef/ios/SnapChef/Features/Sharing/Platforms/TikTok/ViralVideoEngine.swift:297:17: warning: capture of 'progressTimer' with non-sendable type 'Timer' in a '@Sendable' closure
                progressTimer.invalidate()
                ^
/Applications/Xcode.app/Contents/Developer/Platforms/iPhoneSimulator.platform/Developer/SDKs/iPhoneSimulator18.5.sdk/System/Library/Frameworks/Foundation.framework/Headers/NSTimer.h:10:12: note: class 'Timer' does not conform to the 'Sendable' protocol
@interface NSTimer : NSObject
           ^
/Users/cameronanderson/SnapChef/snapchef/ios/SnapChef/Features/Sharing/Platforms/TikTok/ViralVideoEngine.swift:299:43: warning: capture of 'exportSession' with non-sendable type 'AVAssetExportSession?' in a '@Sendable' closure
                guard let exportSession = exportSession else {
                                          ^
Swift.Optional:1:21: note: generic enum 'Optional' does not conform to the 'Sendable' protocol
@frozen public enum Optional<Wrapped> : ~Copyable where Wrapped : ~Copyable {
                    ^

SwiftCompile normal arm64 /Users/cameronanderson/SnapChef/snapchef/ios/SnapChef/Features/Sharing/Platforms/TikTok/ViralVideoSDK.swift (in target 'SnapChef' from project 'SnapChef')
    cd /Users/cameronanderson/SnapChef/snapchef/ios
    
/Users/cameronanderson/SnapChef/snapchef/ios/SnapChef/Features/Sharing/Platforms/TikTok/ViralVideoEngine.swift:252:13: warning: initialization of immutable value 'targetSize' was never used; consider replacing with assignment to '_' or removing it
        let targetSize = config.size
        ~~~~^~~~~~~~~~
        _
/Users/cameronanderson/SnapChef/snapchef/ios/SnapChef/Features/Sharing/Platforms/TikTok/ViralVideoEngine.swift:290:43: warning: capture of 'exportSession' with non-sendable type 'AVAssetExportSession?' in a '@Sendable' closure
                guard let exportSession = exportSession else { return }
                                          ^
Swift.Optional:1:21: note: generic enum 'Optional' does not conform to the 'Sendable' protocol
@frozen public enum Optional<Wrapped> : ~Copyable where Wrapped : ~Copyable {
                    ^
/Users/cameronanderson/SnapChef/snapchef/ios/SnapChef/Features/Sharing/Platforms/TikTok/ViralVideoEngine.swift:292:27: warning: capture of 'progressCallback' with non-sendable type '(Double) async -> Void' in a '@Sendable' closure
                    await progressCallback(Double(exportSession.progress))
                          ^
/Users/cameronanderson/SnapChef/snapchef/ios/SnapChef/Features/Sharing/Platforms/TikTok/ViralVideoEngine.swift:292:27: note: a function type must be marked '@Sendable' to conform to 'Sendable'
                    await progressCallback(Double(exportSession.progress))
                          ^
/Users/cameronanderson/SnapChef/snapchef/ios/SnapChef/Features/Sharing/Platforms/TikTok/ViralVideoEngine.swift:292:27: error: capture of 'progressCallback' with non-sendable type '(Double) async -> Void' in an isolated closure
                    await progressCallback(Double(exportSession.progress))
                          ^
/Users/cameronanderson/SnapChef/snapchef/ios/SnapChef/Features/Sharing/Platforms/TikTok/ViralVideoEngine.swift:292:27: note: a function type must be marked '@Sendable' to conform to 'Sendable'
                    await progressCallback(Double(exportSession.progress))
                          ^
/Users/cameronanderson/SnapChef/snapchef/ios/SnapChef/Features/Sharing/Platforms/TikTok/ViralVideoEngine.swift:297:17: warning: capture of 'progressTimer' with non-sendable type 'Timer' in a '@Sendable' closure
                progressTimer.invalidate()
                ^
/Applications/Xcode.app/Contents/Developer/Platforms/iPhoneSimulator.platform/Developer/SDKs/iPhoneSimulator18.5.sdk/System/Library/Frameworks/Foundation.framework/Headers/NSTimer.h:10:12: note: class 'Timer' does not conform to the 'Sendable' protocol
@interface NSTimer : NSObject
           ^
/Users/cameronanderson/SnapChef/snapchef/ios/SnapChef/Features/Sharing/Platforms/TikTok/ViralVideoEngine.swift:299:43: warning: capture of 'exportSession' with non-sendable type 'AVAssetExportSession?' in a '@Sendable' closure
                guard let exportSession = exportSession else {
                                          ^
Swift.Optional:1:21: note: generic enum 'Optional' does not conform to the 'Sendable' protocol
@frozen public enum Optional<Wrapped> : ~Copyable where Wrapped : ~Copyable {
                    ^

SwiftCompile normal arm64 /Users/cameronanderson/SnapChef/snapchef/ios/SnapChef/Features/Sharing/Platforms/TikTok/ViralVideoEngine.swift (in target 'SnapChef' from project 'SnapChef')
    cd /Users/cameronanderson/SnapChef/snapchef/ios
    
/Users/cameronanderson/SnapChef/snapchef/ios/SnapChef/Features/Sharing/Platforms/TikTok/ViralVideoEngine.swift:252:13: warning: initialization of immutable value 'targetSize' was never used; consider replacing with assignment to '_' or removing it
        let targetSize = config.size
        ~~~~^~~~~~~~~~
        _
/Users/cameronanderson/SnapChef/snapchef/ios/SnapChef/Features/Sharing/Platforms/TikTok/ViralVideoEngine.swift:290:43: warning: capture of 'exportSession' with non-sendable type 'AVAssetExportSession?' in a '@Sendable' closure
                guard let exportSession = exportSession else { return }
                                          ^
Swift.Optional:1:21: note: generic enum 'Optional' does not conform to the 'Sendable' protocol
@frozen public enum Optional<Wrapped> : ~Copyable where Wrapped : ~Copyable {
                    ^
/Users/cameronanderson/SnapChef/snapchef/ios/SnapChef/Features/Sharing/Platforms/TikTok/ViralVideoEngine.swift:292:27: warning: capture of 'progressCallback' with non-sendable type '(Double) async -> Void' in a '@Sendable' closure
                    await progressCallback(Double(exportSession.progress))
                          ^
/Users/cameronanderson/SnapChef/snapchef/ios/SnapChef/Features/Sharing/Platforms/TikTok/ViralVideoEngine.swift:292:27: note: a function type must be marked '@Sendable' to conform to 'Sendable'
                    await progressCallback(Double(exportSession.progress))
                          ^
/Users/cameronanderson/SnapChef/snapchef/ios/SnapChef/Features/Sharing/Platforms/TikTok/ViralVideoEngine.swift:292:27: error: capture of 'progressCallback' with non-sendable type '(Double) async -> Void' in an isolated closure
                    await progressCallback(Double(exportSession.progress))
                          ^
/Users/cameronanderson/SnapChef/snapchef/ios/SnapChef/Features/Sharing/Platforms/TikTok/ViralVideoEngine.swift:292:27: note: a function type must be marked '@Sendable' to conform to 'Sendable'
                    await progressCallback(Double(exportSession.progress))
                          ^
/Users/cameronanderson/SnapChef/snapchef/ios/SnapChef/Features/Sharing/Platforms/TikTok/ViralVideoEngine.swift:297:17: warning: capture of 'progressTimer' with non-sendable type 'Timer' in a '@Sendable' closure
                progressTimer.invalidate()
                ^
/Applications/Xcode.app/Contents/Developer/Platforms/iPhoneSimulator.platform/Developer/SDKs/iPhoneSimulator18.5.sdk/System/Library/Frameworks/Foundation.framework/Headers/NSTimer.h:10:12: note: class 'Timer' does not conform to the 'Sendable' protocol
@interface NSTimer : NSObject
           ^
/Users/cameronanderson/SnapChef/snapchef/ios/SnapChef/Features/Sharing/Platforms/TikTok/ViralVideoEngine.swift:299:43: warning: capture of 'exportSession' with non-sendable type 'AVAssetExportSession?' in a '@Sendable' closure
                guard let exportSession = exportSession else {
                                          ^
Swift.Optional:1:21: note: generic enum 'Optional' does not conform to the 'Sendable' protocol
@frozen public enum Optional<Wrapped> : ~Copyable where Wrapped : ~Copyable {
                    ^

SwiftCompile normal arm64 /Users/cameronanderson/SnapChef/snapchef/ios/SnapChef/Features/Sharing/Platforms/TikTok/ViralVideoDataModels.swift (in target 'SnapChef' from project 'SnapChef')
    cd /Users/cameronanderson/SnapChef/snapchef/ios
    
/Users/cameronanderson/SnapChef/snapchef/ios/SnapChef/Features/Sharing/Platforms/TikTok/ViralVideoEngine.swift:252:13: warning: initialization of immutable value 'targetSize' was never used; consider replacing with assignment to '_' or removing it
        let targetSize = config.size
        ~~~~^~~~~~~~~~
        _
/Users/cameronanderson/SnapChef/snapchef/ios/SnapChef/Features/Sharing/Platforms/TikTok/ViralVideoEngine.swift:290:43: warning: capture of 'exportSession' with non-sendable type 'AVAssetExportSession?' in a '@Sendable' closure
                guard let exportSession = exportSession else { return }
                                          ^
Swift.Optional:1:21: note: generic enum 'Optional' does not conform to the 'Sendable' protocol
@frozen public enum Optional<Wrapped> : ~Copyable where Wrapped : ~Copyable {
                    ^
/Users/cameronanderson/SnapChef/snapchef/ios/SnapChef/Features/Sharing/Platforms/TikTok/ViralVideoEngine.swift:292:27: warning: capture of 'progressCallback' with non-sendable type '(Double) async -> Void' in a '@Sendable' closure
                    await progressCallback(Double(exportSession.progress))
                          ^
/Users/cameronanderson/SnapChef/snapchef/ios/SnapChef/Features/Sharing/Platforms/TikTok/ViralVideoEngine.swift:292:27: note: a function type must be marked '@Sendable' to conform to 'Sendable'
                    await progressCallback(Double(exportSession.progress))
                          ^
/Users/cameronanderson/SnapChef/snapchef/ios/SnapChef/Features/Sharing/Platforms/TikTok/ViralVideoEngine.swift:292:27: error: capture of 'progressCallback' with non-sendable type '(Double) async -> Void' in an isolated closure
                    await progressCallback(Double(exportSession.progress))
                          ^
/Users/cameronanderson/SnapChef/snapchef/ios/SnapChef/Features/Sharing/Platforms/TikTok/ViralVideoEngine.swift:292:27: note: a function type must be marked '@Sendable' to conform to 'Sendable'
                    await progressCallback(Double(exportSession.progress))
                          ^
/Users/cameronanderson/SnapChef/snapchef/ios/SnapChef/Features/Sharing/Platforms/TikTok/ViralVideoEngine.swift:297:17: warning: capture of 'progressTimer' with non-sendable type 'Timer' in a '@Sendable' closure
                progressTimer.invalidate()
                ^
/Applications/Xcode.app/Contents/Developer/Platforms/iPhoneSimulator.platform/Developer/SDKs/iPhoneSimulator18.5.sdk/System/Library/Frameworks/Foundation.framework/Headers/NSTimer.h:10:12: note: class 'Timer' does not conform to the 'Sendable' protocol
@interface NSTimer : NSObject
           ^
/Users/cameronanderson/SnapChef/snapchef/ios/SnapChef/Features/Sharing/Platforms/TikTok/ViralVideoEngine.swift:299:43: warning: capture of 'exportSession' with non-sendable type 'AVAssetExportSession?' in a '@Sendable' closure
                guard let exportSession = exportSession else {
                                          ^
Swift.Optional:1:21: note: generic enum 'Optional' does not conform to the 'Sendable' protocol
@frozen public enum Optional<Wrapped> : ~Copyable where Wrapped : ~Copyable {
                    ^

SwiftCompile normal arm64 /Users/cameronanderson/SnapChef/snapchef/ios/SnapChef/Features/Sharing/Platforms/TikTok/ViralVideoRenderer.swift (in target 'SnapChef' from project 'SnapChef')
    cd /Users/cameronanderson/SnapChef/snapchef/ios
    
/Users/cameronanderson/SnapChef/snapchef/ios/SnapChef/Features/Sharing/Platforms/TikTok/ViralVideoEngine.swift:252:13: warning: initialization of immutable value 'targetSize' was never used; consider replacing with assignment to '_' or removing it
        let targetSize = config.size
        ~~~~^~~~~~~~~~
        _
/Users/cameronanderson/SnapChef/snapchef/ios/SnapChef/Features/Sharing/Platforms/TikTok/ViralVideoEngine.swift:290:43: warning: capture of 'exportSession' with non-sendable type 'AVAssetExportSession?' in a '@Sendable' closure
                guard let exportSession = exportSession else { return }
                                          ^
Swift.Optional:1:21: note: generic enum 'Optional' does not conform to the 'Sendable' protocol
@frozen public enum Optional<Wrapped> : ~Copyable where Wrapped : ~Copyable {
                    ^
/Users/cameronanderson/SnapChef/snapchef/ios/SnapChef/Features/Sharing/Platforms/TikTok/ViralVideoEngine.swift:292:27: warning: capture of 'progressCallback' with non-sendable type '(Double) async -> Void' in a '@Sendable' closure
                    await progressCallback(Double(exportSession.progress))
                          ^
/Users/cameronanderson/SnapChef/snapchef/ios/SnapChef/Features/Sharing/Platforms/TikTok/ViralVideoEngine.swift:292:27: note: a function type must be marked '@Sendable' to conform to 'Sendable'
                    await progressCallback(Double(exportSession.progress))
                          ^
/Users/cameronanderson/SnapChef/snapchef/ios/SnapChef/Features/Sharing/Platforms/TikTok/ViralVideoEngine.swift:292:27: error: capture of 'progressCallback' with non-sendable type '(Double) async -> Void' in an isolated closure
                    await progressCallback(Double(exportSession.progress))
                          ^
/Users/cameronanderson/SnapChef/snapchef/ios/SnapChef/Features/Sharing/Platforms/TikTok/ViralVideoEngine.swift:292:27: note: a function type must be marked '@Sendable' to conform to 'Sendable'
                    await progressCallback(Double(exportSession.progress))
                          ^
/Users/cameronanderson/SnapChef/snapchef/ios/SnapChef/Features/Sharing/Platforms/TikTok/ViralVideoEngine.swift:297:17: warning: capture of 'progressTimer' with non-sendable type 'Timer' in a '@Sendable' closure
                progressTimer.invalidate()
                ^
/Applications/Xcode.app/Contents/Developer/Platforms/iPhoneSimulator.platform/Developer/SDKs/iPhoneSimulator18.5.sdk/System/Library/Frameworks/Foundation.framework/Headers/NSTimer.h:10:12: note: class 'Timer' does not conform to the 'Sendable' protocol
@interface NSTimer : NSObject
           ^
/Users/cameronanderson/SnapChef/snapchef/ios/SnapChef/Features/Sharing/Platforms/TikTok/ViralVideoEngine.swift:299:43: warning: capture of 'exportSession' with non-sendable type 'AVAssetExportSession?' in a '@Sendable' closure
                guard let exportSession = exportSession else {
                                          ^
Swift.Optional:1:21: note: generic enum 'Optional' does not conform to the 'Sendable' protocol
@frozen public enum Optional<Wrapped> : ~Copyable where Wrapped : ~Copyable {
                    ^
/Users/cameronanderson/SnapChef/snapchef/ios/SnapChef/Features/Sharing/Platforms/TikTok/ViralVideoRenderer.swift:154:24: warning: capture of 'exportSession' with non-sendable type 'AVAssetExportSession' in a '@Sendable' closure
                switch exportSession.status {
                       ^
/Applications/Xcode.app/Contents/Developer/Platforms/iPhoneSimulator.platform/Developer/SDKs/iPhoneSimulator18.5.sdk/System/Library/Frameworks/AVFoundation.framework/Headers/AVAssetExportSession.h:156:12: note: class 'AVAssetExportSession' does not conform to the 'Sendable' protocol
@interface AVAssetExportSession : NSObject
           ^
/Users/cameronanderson/SnapChef/snapchef/ios/SnapChef/Features/Sharing/Platforms/TikTok/ViralVideoRenderer.swift:236:43: warning: capture of 'exportSession' with non-sendable type 'AVAssetExportSession?' in a '@Sendable' closure
                guard let exportSession = exportSession else { return }
                                          ^
Swift.Optional:1:21: note: generic enum 'Optional' does not conform to the 'Sendable' protocol
@frozen public enum Optional<Wrapped> : ~Copyable where Wrapped : ~Copyable {
                    ^
/Users/cameronanderson/SnapChef/snapchef/ios/SnapChef/Features/Sharing/Platforms/TikTok/ViralVideoRenderer.swift:238:27: warning: capture of 'progressCallback' with non-sendable type '(Double) async -> Void' in a '@Sendable' closure
                    await progressCallback(Double(exportSession.progress))
                          ^
/Users/cameronanderson/SnapChef/snapchef/ios/SnapChef/Features/Sharing/Platforms/TikTok/ViralVideoRenderer.swift:238:27: note: a function type must be marked '@Sendable' to conform to 'Sendable'
                    await progressCallback(Double(exportSession.progress))
                          ^
/Users/cameronanderson/SnapChef/snapchef/ios/SnapChef/Features/Sharing/Platforms/TikTok/ViralVideoRenderer.swift:238:27: error: capture of 'progressCallback' with non-sendable type '(Double) async -> Void' in an isolated closure
                    await progressCallback(Double(exportSession.progress))
                          ^
/Users/cameronanderson/SnapChef/snapchef/ios/SnapChef/Features/Sharing/Platforms/TikTok/ViralVideoRenderer.swift:238:27: note: a function type must be marked '@Sendable' to conform to 'Sendable'
                    await progressCallback(Double(exportSession.progress))
                          ^
/Users/cameronanderson/SnapChef/snapchef/ios/SnapChef/Features/Sharing/Platforms/TikTok/ViralVideoRenderer.swift:243:17: warning: capture of 'progressTimer' with non-sendable type 'Timer' in a '@Sendable' closure
                progressTimer.invalidate()
                ^
/Applications/Xcode.app/Contents/Developer/Platforms/iPhoneSimulator.platform/Developer/SDKs/iPhoneSimulator18.5.sdk/System/Library/Frameworks/Foundation.framework/Headers/NSTimer.h:10:12: note: class 'Timer' does not conform to the 'Sendable' protocol
@interface NSTimer : NSObject
           ^
/Users/cameronanderson/SnapChef/snapchef/ios/SnapChef/Features/Sharing/Platforms/TikTok/ViralVideoRenderer.swift:245:43: warning: capture of 'exportSession' with non-sendable type 'AVAssetExportSession?' in a '@Sendable' closure
                guard let exportSession = exportSession else {
                                          ^
Swift.Optional:1:21: note: generic enum 'Optional' does not conform to the 'Sendable' protocol
@frozen public enum Optional<Wrapped> : ~Copyable where Wrapped : ~Copyable {
                    ^
/Users/cameronanderson/SnapChef/snapchef/ios/SnapChef/Features/Sharing/Platforms/TikTok/ViralVideoRenderer.swift:332:54: error: cannot assign value of type 'FilterVideoCompositor.Type' to type '(any AVVideoCompositing.Type)?'
            composition.customVideoCompositorClass = FilterVideoCompositor.self
                                                     ^~~~~~~~~~~~~~~~~~~~~~~~~~
                                                                                as! any AVVideoCompositing.Type
/Users/cameronanderson/SnapChef/snapchef/ios/SnapChef/Features/Sharing/Platforms/TikTok/ViralVideoRenderer.swift:391:43: warning: capture of 'exportSession' with non-sendable type 'AVAssetExportSession?' in a '@Sendable' closure
                guard let exportSession = exportSession else { return }
                                          ^
Swift.Optional:1:21: note: generic enum 'Optional' does not conform to the 'Sendable' protocol
@frozen public enum Optional<Wrapped> : ~Copyable where Wrapped : ~Copyable {
                    ^
/Users/cameronanderson/SnapChef/snapchef/ios/SnapChef/Features/Sharing/Platforms/TikTok/ViralVideoRenderer.swift:393:27: warning: capture of 'progressCallback' with non-sendable type '(Double) async -> Void' in a '@Sendable' closure
                    await progressCallback(Double(exportSession.progress))
                          ^
/Users/cameronanderson/SnapChef/snapchef/ios/SnapChef/Features/Sharing/Platforms/TikTok/ViralVideoRenderer.swift:393:27: note: a function type must be marked '@Sendable' to conform to 'Sendable'
                    await progressCallback(Double(exportSession.progress))
                          ^
/Users/cameronanderson/SnapChef/snapchef/ios/SnapChef/Features/Sharing/Platforms/TikTok/ViralVideoRenderer.swift:393:27: error: capture of 'progressCallback' with non-sendable type '(Double) async -> Void' in an isolated closure
                    await progressCallback(Double(exportSession.progress))
                          ^
/Users/cameronanderson/SnapChef/snapchef/ios/SnapChef/Features/Sharing/Platforms/TikTok/ViralVideoRenderer.swift:393:27: note: a function type must be marked '@Sendable' to conform to 'Sendable'
                    await progressCallback(Double(exportSession.progress))
                          ^
/Users/cameronanderson/SnapChef/snapchef/ios/SnapChef/Features/Sharing/Platforms/TikTok/ViralVideoRenderer.swift:398:17: warning: capture of 'progressTimer' with non-sendable type 'Timer' in a '@Sendable' closure
                progressTimer.invalidate()
                ^
/Applications/Xcode.app/Contents/Developer/Platforms/iPhoneSimulator.platform/Developer/SDKs/iPhoneSimulator18.5.sdk/System/Library/Frameworks/Foundation.framework/Headers/NSTimer.h:10:12: note: class 'Timer' does not conform to the 'Sendable' protocol
@interface NSTimer : NSObject
           ^
/Users/cameronanderson/SnapChef/snapchef/ios/SnapChef/Features/Sharing/Platforms/TikTok/ViralVideoRenderer.swift:400:43: warning: capture of 'exportSession' with non-sendable type 'AVAssetExportSession?' in a '@Sendable' closure
                guard let exportSession = exportSession else {
                                          ^
Swift.Optional:1:21: note: generic enum 'Optional' does not conform to the 'Sendable' protocol
@frozen public enum Optional<Wrapped> : ~Copyable where Wrapped : ~Copyable {
                    ^

SwiftCompile normal arm64 /Users/cameronanderson/SnapChef/snapchef/ios/SnapChef/Features/Sharing/Platforms/TikTok/ViralVideoExporter.swift (in target 'SnapChef' from project 'SnapChef')
    cd /Users/cameronanderson/SnapChef/snapchef/ios
    
/Users/cameronanderson/SnapChef/snapchef/ios/SnapChef/Features/Sharing/Platforms/TikTok/ViralVideoEngine.swift:252:13: warning: initialization of immutable value 'targetSize' was never used; consider replacing with assignment to '_' or removing it
        let targetSize = config.size
        ~~~~^~~~~~~~~~
        _
/Users/cameronanderson/SnapChef/snapchef/ios/SnapChef/Features/Sharing/Platforms/TikTok/ViralVideoEngine.swift:290:43: warning: capture of 'exportSession' with non-sendable type 'AVAssetExportSession?' in a '@Sendable' closure
                guard let exportSession = exportSession else { return }
                                          ^
Swift.Optional:1:21: note: generic enum 'Optional' does not conform to the 'Sendable' protocol
@frozen public enum Optional<Wrapped> : ~Copyable where Wrapped : ~Copyable {
                    ^
/Users/cameronanderson/SnapChef/snapchef/ios/SnapChef/Features/Sharing/Platforms/TikTok/ViralVideoEngine.swift:292:27: warning: capture of 'progressCallback' with non-sendable type '(Double) async -> Void' in a '@Sendable' closure
                    await progressCallback(Double(exportSession.progress))
                          ^
/Users/cameronanderson/SnapChef/snapchef/ios/SnapChef/Features/Sharing/Platforms/TikTok/ViralVideoEngine.swift:292:27: note: a function type must be marked '@Sendable' to conform to 'Sendable'
                    await progressCallback(Double(exportSession.progress))
                          ^
/Users/cameronanderson/SnapChef/snapchef/ios/SnapChef/Features/Sharing/Platforms/TikTok/ViralVideoEngine.swift:292:27: error: capture of 'progressCallback' with non-sendable type '(Double) async -> Void' in an isolated closure
                    await progressCallback(Double(exportSession.progress))
                          ^
/Users/cameronanderson/SnapChef/snapchef/ios/SnapChef/Features/Sharing/Platforms/TikTok/ViralVideoEngine.swift:292:27: note: a function type must be marked '@Sendable' to conform to 'Sendable'
                    await progressCallback(Double(exportSession.progress))
                          ^
/Users/cameronanderson/SnapChef/snapchef/ios/SnapChef/Features/Sharing/Platforms/TikTok/ViralVideoEngine.swift:297:17: warning: capture of 'progressTimer' with non-sendable type 'Timer' in a '@Sendable' closure
                progressTimer.invalidate()
                ^
/Applications/Xcode.app/Contents/Developer/Platforms/iPhoneSimulator.platform/Developer/SDKs/iPhoneSimulator18.5.sdk/System/Library/Frameworks/Foundation.framework/Headers/NSTimer.h:10:12: note: class 'Timer' does not conform to the 'Sendable' protocol
@interface NSTimer : NSObject
           ^
/Users/cameronanderson/SnapChef/snapchef/ios/SnapChef/Features/Sharing/Platforms/TikTok/ViralVideoEngine.swift:299:43: warning: capture of 'exportSession' with non-sendable type 'AVAssetExportSession?' in a '@Sendable' closure
                guard let exportSession = exportSession else {
                                          ^
Swift.Optional:1:21: note: generic enum 'Optional' does not conform to the 'Sendable' protocol
@frozen public enum Optional<Wrapped> : ~Copyable where Wrapped : ~Copyable {
                    ^
/Users/cameronanderson/SnapChef/snapchef/ios/SnapChef/Features/Sharing/Platforms/TikTok/ViralVideoExporter.swift:121:29: error: value of type 'any TikTokBaseResponse' has no member 'isSucceed'
                if response.isSucceed {
                   ~~~~~~~~ ^~~~~~~~~
/Users/cameronanderson/SnapChef/snapchef/ios/SnapChef/Features/Sharing/Platforms/TikTok/ViralVideoExporter.swift:98:34: error: main actor-isolated class property 'shared' can not be referenced from a nonisolated context
            return UIApplication.shared.canOpenURL(url)
                                 ^
/Applications/Xcode.app/Contents/Developer/Platforms/iPhoneSimulator.platform/Developer/SDKs/iPhoneSimulator18.5.sdk/System/Library/Frameworks/UIKit.framework/Headers/UIApplication.h:87:54: note: class property declared here
@property(class, nonatomic, readonly) UIApplication *sharedApplication NS_EXTENSION_UNAVAILABLE_IOS("Use view controller based solutions where appropriate instead.");
                                                     ^
/Users/cameronanderson/SnapChef/snapchef/ios/SnapChef/Features/Sharing/Platforms/TikTok/ViralVideoExporter.swift:144:30: error: expression is 'async' but is not marked with 'await'
                let engine = ViralVideoEngine(config: config)
                             ^~~~~~~~~~~~~~~~~~~~~~~~~~~~~~~~
                             await 
/Users/cameronanderson/SnapChef/snapchef/ios/SnapChef/Features/Sharing/Platforms/TikTok/ViralVideoExporter.swift:144:30: note: calls to initializer 'init(config:)' from outside of its actor context are implicitly asynchronous
                let engine = ViralVideoEngine(config: config)
                             ^
/Users/cameronanderson/SnapChef/snapchef/ios/SnapChef/Features/Sharing/Platforms/TikTok/ViralVideoExporter.swift:214:46: warning: capture of 'exportSession' with non-sendable type 'AVAssetExportSession' in a '@Sendable' closure
                let currentProgress = Double(exportSession.progress)
                                             ^
/Applications/Xcode.app/Contents/Developer/Platforms/iPhoneSimulator.platform/Developer/SDKs/iPhoneSimulator18.5.sdk/System/Library/Frameworks/AVFoundation.framework/Headers/AVAssetExportSession.h:156:12: note: class 'AVAssetExportSession' does not conform to the 'Sendable' protocol
@interface AVAssetExportSession : NSObject
           ^
/Users/cameronanderson/SnapChef/snapchef/ios/SnapChef/Features/Sharing/Platforms/TikTok/ViralVideoExporter.swift:215:17: warning: capture of 'progressCallback' with non-sendable type '(Double) -> Void' in a '@Sendable' closure
                progressCallback(currentProgress)
                ^
/Users/cameronanderson/SnapChef/snapchef/ios/SnapChef/Features/Sharing/Platforms/TikTok/ViralVideoExporter.swift:215:17: note: a function type must be marked '@Sendable' to conform to 'Sendable'
                progressCallback(currentProgress)
                ^
/Users/cameronanderson/SnapChef/snapchef/ios/SnapChef/Features/Sharing/Platforms/TikTok/ViralVideoExporter.swift:227:17: warning: capture of 'progressTimer' with non-sendable type 'Timer' in a '@Sendable' closure
                progressTimer.invalidate()
                ^
/Applications/Xcode.app/Contents/Developer/Platforms/iPhoneSimulator.platform/Developer/SDKs/iPhoneSimulator18.5.sdk/System/Library/Frameworks/Foundation.framework/Headers/NSTimer.h:10:12: note: class 'Timer' does not conform to the 'Sendable' protocol
@interface NSTimer : NSObject
           ^
/Users/cameronanderson/SnapChef/snapchef/ios/SnapChef/Features/Sharing/Platforms/TikTok/ViralVideoExporter.swift:229:24: warning: capture of 'exportSession' with non-sendable type 'AVAssetExportSession' in a '@Sendable' closure
                switch exportSession.status {
                       ^
/Applications/Xcode.app/Contents/Developer/Platforms/iPhoneSimulator.platform/Developer/SDKs/iPhoneSimulator18.5.sdk/System/Library/Frameworks/AVFoundation.framework/Headers/AVAssetExportSession.h:156:12: note: class 'AVAssetExportSession' does not conform to the 'Sendable' protocol
@interface AVAssetExportSession : NSObject
           ^
/Users/cameronanderson/SnapChef/snapchef/ios/SnapChef/Features/Sharing/Platforms/TikTok/ViralVideoExporter.swift:234:39: warning: capture of 'self' with non-sendable type 'ViralVideoExporter' in a '@Sendable' closure
                            try await self.validateExportedVideo(outputURL)
                                      ^
/Users/cameronanderson/SnapChef/snapchef/ios/SnapChef/Features/Sharing/Platforms/TikTok/ViralVideoExporter.swift:40:14: note: class 'ViralVideoExporter' does not conform to the 'Sendable' protocol
public class ViralVideoExporter {
             ^
/Users/cameronanderson/SnapChef/snapchef/ios/SnapChef/Features/Sharing/Platforms/TikTok/ViralVideoExporter.swift:234:39: error: capture of 'self' with non-sendable type 'ViralVideoExporter' in an isolated closure
                            try await self.validateExportedVideo(outputURL)
                                      ^
/Users/cameronanderson/SnapChef/snapchef/ios/SnapChef/Features/Sharing/Platforms/TikTok/ViralVideoExporter.swift:40:14: note: class 'ViralVideoExporter' does not conform to the 'Sendable' protocol
public class ViralVideoExporter {
             ^
/Users/cameronanderson/SnapChef/snapchef/ios/SnapChef/Features/Sharing/Platforms/TikTok/ViralVideoExporter.swift:265:50: error: cannot assign value of type 'ProductionVideoCompositor.Type' to type '(any AVVideoCompositing.Type)?'
        composition.customVideoCompositorClass = ProductionVideoCompositor.self
                                                 ^~~~~~~~~~~~~~~~~~~~~~~~~~~~~~
                                                                                as! any AVVideoCompositing.Type
/Users/cameronanderson/SnapChef/snapchef/ios/SnapChef/Features/Sharing/Platforms/TikTok/ViralVideoExporter.swift:308:13: warning: initialization of immutable value 'videoTracks' was never used; consider replacing with assignment to '_' or removing it
        let videoTracks = try await asset.loadTracks(withMediaType: .video)
        ~~~~^~~~~~~~~~~
        _

SwiftCompile normal arm64 /Users/cameronanderson/SnapChef/snapchef/ios/SnapChef/Features/Sharing/Platforms/TikTok/ViralVideoPolishManager.swift (in target 'SnapChef' from project 'SnapChef')
    cd /Users/cameronanderson/SnapChef/snapchef/ios
    
/Users/cameronanderson/SnapChef/snapchef/ios/SnapChef/Features/Sharing/Platforms/TikTok/ViralVideoEngine.swift:252:13: warning: initialization of immutable value 'targetSize' was never used; consider replacing with assignment to '_' or removing it
        let targetSize = config.size
        ~~~~^~~~~~~~~~
        _
/Users/cameronanderson/SnapChef/snapchef/ios/SnapChef/Features/Sharing/Platforms/TikTok/ViralVideoEngine.swift:290:43: warning: capture of 'exportSession' with non-sendable type 'AVAssetExportSession?' in a '@Sendable' closure
                guard let exportSession = exportSession else { return }
                                          ^
Swift.Optional:1:21: note: generic enum 'Optional' does not conform to the 'Sendable' protocol
@frozen public enum Optional<Wrapped> : ~Copyable where Wrapped : ~Copyable {
                    ^
/Users/cameronanderson/SnapChef/snapchef/ios/SnapChef/Features/Sharing/Platforms/TikTok/ViralVideoEngine.swift:292:27: warning: capture of 'progressCallback' with non-sendable type '(Double) async -> Void' in a '@Sendable' closure
                    await progressCallback(Double(exportSession.progress))
                          ^
/Users/cameronanderson/SnapChef/snapchef/ios/SnapChef/Features/Sharing/Platforms/TikTok/ViralVideoEngine.swift:292:27: note: a function type must be marked '@Sendable' to conform to 'Sendable'
                    await progressCallback(Double(exportSession.progress))
                          ^
/Users/cameronanderson/SnapChef/snapchef/ios/SnapChef/Features/Sharing/Platforms/TikTok/ViralVideoEngine.swift:292:27: error: capture of 'progressCallback' with non-sendable type '(Double) async -> Void' in an isolated closure
                    await progressCallback(Double(exportSession.progress))
                          ^
/Users/cameronanderson/SnapChef/snapchef/ios/SnapChef/Features/Sharing/Platforms/TikTok/ViralVideoEngine.swift:292:27: note: a function type must be marked '@Sendable' to conform to 'Sendable'
                    await progressCallback(Double(exportSession.progress))
                          ^
/Users/cameronanderson/SnapChef/snapchef/ios/SnapChef/Features/Sharing/Platforms/TikTok/ViralVideoEngine.swift:297:17: warning: capture of 'progressTimer' with non-sendable type 'Timer' in a '@Sendable' closure
                progressTimer.invalidate()
                ^
/Applications/Xcode.app/Contents/Developer/Platforms/iPhoneSimulator.platform/Developer/SDKs/iPhoneSimulator18.5.sdk/System/Library/Frameworks/Foundation.framework/Headers/NSTimer.h:10:12: note: class 'Timer' does not conform to the 'Sendable' protocol
@interface NSTimer : NSObject
           ^
/Users/cameronanderson/SnapChef/snapchef/ios/SnapChef/Features/Sharing/Platforms/TikTok/ViralVideoEngine.swift:299:43: warning: capture of 'exportSession' with non-sendable type 'AVAssetExportSession?' in a '@Sendable' closure
                guard let exportSession = exportSession else {
                                          ^
Swift.Optional:1:21: note: generic enum 'Optional' does not conform to the 'Sendable' protocol
@frozen public enum Optional<Wrapped> : ~Copyable where Wrapped : ~Copyable {
                    ^
/Users/cameronanderson/SnapChef/snapchef/ios/SnapChef/Features/Sharing/Platforms/TikTok/ViralVideoPolishManager.swift:214:55: error: non-sendable result type 'ErrorRecoveryManager.RecoveryAction' cannot be sent from nonisolated context in call to instance method 'handleRenderingError(_:template:recipe:media:)'
        let recoveryAction = try? await errorRecovery.handleRenderingError(
                                                      ^
/Users/cameronanderson/SnapChef/snapchef/ios/SnapChef/Features/Sharing/Platforms/TikTok/ErrorRecoveryManager.swift:124:17: note: consider making enum 'RecoveryAction' conform to the 'Sendable' protocol
    public enum RecoveryAction {
                ^
                               : Sendable

SwiftCompile normal arm64 /Users/cameronanderson/SnapChef/snapchef/ios/SnapChef/Features/Sharing/Platforms/TikTok/RenderPlanner.swift (in target 'SnapChef' from project 'SnapChef')
    cd /Users/cameronanderson/SnapChef/snapchef/ios
    
/Users/cameronanderson/SnapChef/snapchef/ios/SnapChef/Features/Sharing/Platforms/TikTok/ViralVideoEngine.swift:252:13: warning: initialization of immutable value 'targetSize' was never used; consider replacing with assignment to '_' or removing it
        let targetSize = config.size
        ~~~~^~~~~~~~~~
        _
/Users/cameronanderson/SnapChef/snapchef/ios/SnapChef/Features/Sharing/Platforms/TikTok/ViralVideoEngine.swift:290:43: warning: capture of 'exportSession' with non-sendable type 'AVAssetExportSession?' in a '@Sendable' closure
                guard let exportSession = exportSession else { return }
                                          ^
Swift.Optional:1:21: note: generic enum 'Optional' does not conform to the 'Sendable' protocol
@frozen public enum Optional<Wrapped> : ~Copyable where Wrapped : ~Copyable {
                    ^
/Users/cameronanderson/SnapChef/snapchef/ios/SnapChef/Features/Sharing/Platforms/TikTok/ViralVideoEngine.swift:292:27: warning: capture of 'progressCallback' with non-sendable type '(Double) async -> Void' in a '@Sendable' closure
                    await progressCallback(Double(exportSession.progress))
                          ^
/Users/cameronanderson/SnapChef/snapchef/ios/SnapChef/Features/Sharing/Platforms/TikTok/ViralVideoEngine.swift:292:27: note: a function type must be marked '@Sendable' to conform to 'Sendable'
                    await progressCallback(Double(exportSession.progress))
                          ^
/Users/cameronanderson/SnapChef/snapchef/ios/SnapChef/Features/Sharing/Platforms/TikTok/ViralVideoEngine.swift:292:27: error: capture of 'progressCallback' with non-sendable type '(Double) async -> Void' in an isolated closure
                    await progressCallback(Double(exportSession.progress))
                          ^
/Users/cameronanderson/SnapChef/snapchef/ios/SnapChef/Features/Sharing/Platforms/TikTok/ViralVideoEngine.swift:292:27: note: a function type must be marked '@Sendable' to conform to 'Sendable'
                    await progressCallback(Double(exportSession.progress))
                          ^
/Users/cameronanderson/SnapChef/snapchef/ios/SnapChef/Features/Sharing/Platforms/TikTok/ViralVideoEngine.swift:297:17: warning: capture of 'progressTimer' with non-sendable type 'Timer' in a '@Sendable' closure
                progressTimer.invalidate()
                ^
/Applications/Xcode.app/Contents/Developer/Platforms/iPhoneSimulator.platform/Developer/SDKs/iPhoneSimulator18.5.sdk/System/Library/Frameworks/Foundation.framework/Headers/NSTimer.h:10:12: note: class 'Timer' does not conform to the 'Sendable' protocol
@interface NSTimer : NSObject
           ^
/Users/cameronanderson/SnapChef/snapchef/ios/SnapChef/Features/Sharing/Platforms/TikTok/ViralVideoEngine.swift:299:43: warning: capture of 'exportSession' with non-sendable type 'AVAssetExportSession?' in a '@Sendable' closure
                guard let exportSession = exportSession else {
                                          ^
Swift.Optional:1:21: note: generic enum 'Optional' does not conform to the 'Sendable' protocol
@frozen public enum Optional<Wrapped> : ~Copyable where Wrapped : ~Copyable {
                    ^
/Users/cameronanderson/SnapChef/snapchef/ios/SnapChef/Features/Sharing/Platforms/TikTok/RenderPlanner.swift:711:71: error: value of type 'UIFont' has no member 'cgFont'
        textLayer.font = UIFont(name: config.fontNameBold, size: 16)?.cgFont
                         ~~~~~~~~~~~~~~~~~~~~~~~~~~~~~~~~~~~~~~~~~~~~ ^~~~~~
/Users/cameronanderson/SnapChef/snapchef/ios/SnapChef/Features/Sharing/Platforms/TikTok/RenderPlanner.swift:871:94: error: value of type 'UIFont' has no member 'cgFont'
        textLayer.font = UIFont(name: config.fontNameBold, size: config.ingredientFontSize)?.cgFont
                         ~~~~~~~~~~~~~~~~~~~~~~~~~~~~~~~~~~~~~~~~~~~~~~~~~~~~~~~~~~~~~~~~~~~ ^~~~~~
/Users/cameronanderson/SnapChef/snapchef/ios/SnapChef/Features/Sharing/Platforms/TikTok/RenderPlanner.swift:899:89: error: value of type 'UIFont' has no member 'cgFont'
        titleLayer.font = UIFont(name: config.fontNameBold, size: titleLayer.fontSize)?.cgFont
                          ~~~~~~~~~~~~~~~~~~~~~~~~~~~~~~~~~~~~~~~~~~~~~~~~~~~~~~~~~~~~~ ^~~~~~
/Users/cameronanderson/SnapChef/snapchef/ios/SnapChef/Features/Sharing/Platforms/TikTok/RenderPlanner.swift:964:87: error: value of type 'UIFont' has no member 'cgFont'
        textLayer.font = UIFont(name: config.fontNameBold, size: config.ctaFontSize)?.cgFont
                         ~~~~~~~~~~~~~~~~~~~~~~~~~~~~~~~~~~~~~~~~~~~~~~~~~~~~~~~~~~~~ ^~~~~~

SwiftCompile normal arm64 /Users/cameronanderson/SnapChef/snapchef/ios/SnapChef/Features/Sharing/Platforms/TikTok/PerformanceAnalyzer.swift (in target 'SnapChef' from project 'SnapChef')
    cd /Users/cameronanderson/SnapChef/snapchef/ios
    
/Users/cameronanderson/SnapChef/snapchef/ios/SnapChef/Features/Sharing/Platforms/TikTok/ViralVideoEngine.swift:252:13: warning: initialization of immutable value 'targetSize' was never used; consider replacing with assignment to '_' or removing it
        let targetSize = config.size
        ~~~~^~~~~~~~~~
        _
/Users/cameronanderson/SnapChef/snapchef/ios/SnapChef/Features/Sharing/Platforms/TikTok/ViralVideoEngine.swift:290:43: warning: capture of 'exportSession' with non-sendable type 'AVAssetExportSession?' in a '@Sendable' closure
                guard let exportSession = exportSession else { return }
                                          ^
Swift.Optional:1:21: note: generic enum 'Optional' does not conform to the 'Sendable' protocol
@frozen public enum Optional<Wrapped> : ~Copyable where Wrapped : ~Copyable {
                    ^
/Users/cameronanderson/SnapChef/snapchef/ios/SnapChef/Features/Sharing/Platforms/TikTok/ViralVideoEngine.swift:292:27: warning: capture of 'progressCallback' with non-sendable type '(Double) async -> Void' in a '@Sendable' closure
                    await progressCallback(Double(exportSession.progress))
                          ^
/Users/cameronanderson/SnapChef/snapchef/ios/SnapChef/Features/Sharing/Platforms/TikTok/ViralVideoEngine.swift:292:27: note: a function type must be marked '@Sendable' to conform to 'Sendable'
                    await progressCallback(Double(exportSession.progress))
                          ^
/Users/cameronanderson/SnapChef/snapchef/ios/SnapChef/Features/Sharing/Platforms/TikTok/ViralVideoEngine.swift:292:27: error: capture of 'progressCallback' with non-sendable type '(Double) async -> Void' in an isolated closure
                    await progressCallback(Double(exportSession.progress))
                          ^
/Users/cameronanderson/SnapChef/snapchef/ios/SnapChef/Features/Sharing/Platforms/TikTok/ViralVideoEngine.swift:292:27: note: a function type must be marked '@Sendable' to conform to 'Sendable'
                    await progressCallback(Double(exportSession.progress))
                          ^
/Users/cameronanderson/SnapChef/snapchef/ios/SnapChef/Features/Sharing/Platforms/TikTok/ViralVideoEngine.swift:297:17: warning: capture of 'progressTimer' with non-sendable type 'Timer' in a '@Sendable' closure
                progressTimer.invalidate()
                ^
/Applications/Xcode.app/Contents/Developer/Platforms/iPhoneSimulator.platform/Developer/SDKs/iPhoneSimulator18.5.sdk/System/Library/Frameworks/Foundation.framework/Headers/NSTimer.h:10:12: note: class 'Timer' does not conform to the 'Sendable' protocol
@interface NSTimer : NSObject
           ^
/Users/cameronanderson/SnapChef/snapchef/ios/SnapChef/Features/Sharing/Platforms/TikTok/ViralVideoEngine.swift:299:43: warning: capture of 'exportSession' with non-sendable type 'AVAssetExportSession?' in a '@Sendable' closure
                guard let exportSession = exportSession else {
                                          ^
Swift.Optional:1:21: note: generic enum 'Optional' does not conform to the 'Sendable' protocol
@frozen public enum Optional<Wrapped> : ~Copyable where Wrapped : ~Copyable {
                    ^
/Users/cameronanderson/SnapChef/snapchef/ios/SnapChef/Features/Sharing/Platforms/TikTok/PerformanceAnalyzer.swift:47:53: error: reference to property 'sessionMetrics' in closure requires explicit use of 'self' to make capture semantics explicit
        logger.info("Performance session started: \(sessionMetrics?.sessionId ?? "unknown")")
                                                    ^
/Users/cameronanderson/SnapChef/snapchef/ios/SnapChef/Features/Sharing/Platforms/TikTok/PerformanceAnalyzer.swift:47:53: note: reference 'self.' explicitly
        logger.info("Performance session started: \(sessionMetrics?.sessionId ?? "unknown")")
                                                    ^
                                                    self.
/Users/cameronanderson/SnapChef/snapchef/ios/SnapChef/Features/Sharing/Platforms/TikTok/PerformanceAnalyzer.swift:78:42: warning: capture of 'metric' with non-sendable type 'RenderingMetric' in a '@Sendable' closure
            self.renderingMetrics.append(metric)
                                         ^
/Users/cameronanderson/SnapChef/snapchef/ios/SnapChef/Features/Sharing/Platforms/TikTok/PerformanceAnalyzer.swift:323:14: note: class 'RenderingMetric' does not conform to the 'Sendable' protocol
public class RenderingMetric {
             ^
/Users/cameronanderson/SnapChef/snapchef/ios/SnapChef/Features/Sharing/Platforms/TikTok/PerformanceAnalyzer.swift:78:18: error: main actor-isolated property 'renderingMetrics' can not be mutated from a Sendable closure
            self.renderingMetrics.append(metric)
                 ^
/Users/cameronanderson/SnapChef/snapchef/ios/SnapChef/Features/Sharing/Platforms/TikTok/PerformanceAnalyzer.swift:25:17: note: mutation of this property is only permitted within the actor
    private var renderingMetrics: [RenderingMetric] = []
                ^
/Users/cameronanderson/SnapChef/snapchef/ios/SnapChef/Features/Sharing/Platforms/TikTok/PerformanceAnalyzer.swift:97:32: warning: capture of 'phase' with non-sendable type 'RenderPhase' in a '@Sendable' closure
            metric.updatePhase(phase, progress: progress, memoryUsage: memoryUsage)
                               ^
/Users/cameronanderson/SnapChef/snapchef/ios/SnapChef/Features/Sharing/Platforms/TikTok/ViralVideoDataModels.swift:225:13: note: consider making enum 'RenderPhase' conform to the 'Sendable' protocol
public enum RenderPhase: String, CaseIterable {
            ^
                                             , Sendable
/Users/cameronanderson/SnapChef/snapchef/ios/SnapChef/Features/Sharing/Platforms/TikTok/PerformanceAnalyzer.swift:92:36: error: main actor-isolated property 'renderingMetrics' can not be referenced from a Sendable closure
            guard let index = self.renderingMetrics.firstIndex(where: { $0.id == id }) else {
                                   ^
/Users/cameronanderson/SnapChef/snapchef/ios/SnapChef/Features/Sharing/Platforms/TikTok/PerformanceAnalyzer.swift:25:17: note: property declared here
    private var renderingMetrics: [RenderingMetric] = []
                ^
/Users/cameronanderson/SnapChef/snapchef/ios/SnapChef/Features/Sharing/Platforms/TikTok/PerformanceAnalyzer.swift:96:31: error: main actor-isolated property 'renderingMetrics' can not be referenced from a Sendable closure
            let metric = self.renderingMetrics[index]
                              ^
/Users/cameronanderson/SnapChef/snapchef/ios/SnapChef/Features/Sharing/Platforms/TikTok/PerformanceAnalyzer.swift:25:17: note: property declared here
    private var renderingMetrics: [RenderingMetric] = []
                ^
/Users/cameronanderson/SnapChef/snapchef/ios/SnapChef/Features/Sharing/Platforms/TikTok/PerformanceAnalyzer.swift:100:18: error: call to main actor-isolated instance method 'checkPerformanceViolations' in a synchronous nonisolated context
            self.checkPerformanceViolations(metric)
                 ^
/Users/cameronanderson/SnapChef/snapchef/ios/SnapChef/Features/Sharing/Platforms/TikTok/PerformanceAnalyzer.swift:152:18: note: calls to instance method 'checkPerformanceViolations' from outside of its actor context are implicitly asynchronous
    private func checkPerformanceViolations(_ metric: RenderingMetric) {
                 ^
/Users/cameronanderson/SnapChef/snapchef/ios/SnapChef/Features/Sharing/Platforms/TikTok/PerformanceAnalyzer.swift:111:36: error: main actor-isolated property 'renderingMetrics' can not be referenced from a Sendable closure
            guard let index = self.renderingMetrics.firstIndex(where: { $0.id == id }) else {
                                   ^
/Users/cameronanderson/SnapChef/snapchef/ios/SnapChef/Features/Sharing/Platforms/TikTok/PerformanceAnalyzer.swift:25:17: note: property declared here
    private var renderingMetrics: [RenderingMetric] = []
                ^
/Users/cameronanderson/SnapChef/snapchef/ios/SnapChef/Features/Sharing/Platforms/TikTok/PerformanceAnalyzer.swift:115:31: error: main actor-isolated property 'renderingMetrics' can not be referenced from a Sendable closure
            let metric = self.renderingMetrics[index]
                              ^
/Users/cameronanderson/SnapChef/snapchef/ios/SnapChef/Features/Sharing/Platforms/TikTok/PerformanceAnalyzer.swift:25:17: note: property declared here
    private var renderingMetrics: [RenderingMetric] = []
                ^
/Users/cameronanderson/SnapChef/snapchef/ios/SnapChef/Features/Sharing/Platforms/TikTok/PerformanceAnalyzer.swift:118:18: error: call to main actor-isolated instance method 'logRenderingMetricSummary' in a synchronous nonisolated context
            self.logRenderingMetricSummary(metric)
                 ^
/Users/cameronanderson/SnapChef/snapchef/ios/SnapChef/Features/Sharing/Platforms/TikTok/PerformanceAnalyzer.swift:199:18: note: calls to instance method 'logRenderingMetricSummary' from outside of its actor context are implicitly asynchronous
    private func logRenderingMetricSummary(_ metric: RenderingMetric) {
                 ^
/Users/cameronanderson/SnapChef/snapchef/ios/SnapChef/Features/Sharing/Platforms/TikTok/PerformanceAnalyzer.swift:121:18: error: main actor-isolated property 'sessionMetrics' can not be referenced from a Sendable closure
            self.sessionMetrics?.updateWith(metric)
                 ^
/Users/cameronanderson/SnapChef/snapchef/ios/SnapChef/Features/Sharing/Platforms/TikTok/PerformanceAnalyzer.swift:24:17: note: property declared here
    private var sessionMetrics: SessionMetrics?
                ^
/Users/cameronanderson/SnapChef/snapchef/ios/SnapChef/Features/Sharing/Platforms/TikTok/PerformanceAnalyzer.swift:148:56: error: argument type 'Any' does not conform to expected type 'MXMetricManagerSubscriber'
            MXMetricManager.shared.add(metricSubscriber!)
                                                       ^
                                                         as! MXMetricManagerSubscriber

SwiftCompile normal arm64 /Users/cameronanderson/SnapChef/snapchef/ios/SnapChef/Features/Sharing/Platforms/TikTok/ErrorRecoveryManager.swift (in target 'SnapChef' from project 'SnapChef')
    cd /Users/cameronanderson/SnapChef/snapchef/ios
    
/Users/cameronanderson/SnapChef/snapchef/ios/SnapChef/Features/Sharing/Platforms/TikTok/ViralVideoEngine.swift:252:13: warning: initialization of immutable value 'targetSize' was never used; consider replacing with assignment to '_' or removing it
        let targetSize = config.size
        ~~~~^~~~~~~~~~
        _
/Users/cameronanderson/SnapChef/snapchef/ios/SnapChef/Features/Sharing/Platforms/TikTok/ViralVideoEngine.swift:290:43: warning: capture of 'exportSession' with non-sendable type 'AVAssetExportSession?' in a '@Sendable' closure
                guard let exportSession = exportSession else { return }
                                          ^
Swift.Optional:1:21: note: generic enum 'Optional' does not conform to the 'Sendable' protocol
@frozen public enum Optional<Wrapped> : ~Copyable where Wrapped : ~Copyable {
                    ^
/Users/cameronanderson/SnapChef/snapchef/ios/SnapChef/Features/Sharing/Platforms/TikTok/ViralVideoEngine.swift:292:27: warning: capture of 'progressCallback' with non-sendable type '(Double) async -> Void' in a '@Sendable' closure
                    await progressCallback(Double(exportSession.progress))
                          ^
/Users/cameronanderson/SnapChef/snapchef/ios/SnapChef/Features/Sharing/Platforms/TikTok/ViralVideoEngine.swift:292:27: note: a function type must be marked '@Sendable' to conform to 'Sendable'
                    await progressCallback(Double(exportSession.progress))
                          ^
/Users/cameronanderson/SnapChef/snapchef/ios/SnapChef/Features/Sharing/Platforms/TikTok/ViralVideoEngine.swift:292:27: error: capture of 'progressCallback' with non-sendable type '(Double) async -> Void' in an isolated closure
                    await progressCallback(Double(exportSession.progress))
                          ^
/Users/cameronanderson/SnapChef/snapchef/ios/SnapChef/Features/Sharing/Platforms/TikTok/ViralVideoEngine.swift:292:27: note: a function type must be marked '@Sendable' to conform to 'Sendable'
                    await progressCallback(Double(exportSession.progress))
                          ^
/Users/cameronanderson/SnapChef/snapchef/ios/SnapChef/Features/Sharing/Platforms/TikTok/ViralVideoEngine.swift:297:17: warning: capture of 'progressTimer' with non-sendable type 'Timer' in a '@Sendable' closure
                progressTimer.invalidate()
                ^
/Applications/Xcode.app/Contents/Developer/Platforms/iPhoneSimulator.platform/Developer/SDKs/iPhoneSimulator18.5.sdk/System/Library/Frameworks/Foundation.framework/Headers/NSTimer.h:10:12: note: class 'Timer' does not conform to the 'Sendable' protocol
@interface NSTimer : NSObject
           ^
/Users/cameronanderson/SnapChef/snapchef/ios/SnapChef/Features/Sharing/Platforms/TikTok/ViralVideoEngine.swift:299:43: warning: capture of 'exportSession' with non-sendable type 'AVAssetExportSession?' in a '@Sendable' closure
                guard let exportSession = exportSession else {
                                          ^
Swift.Optional:1:21: note: generic enum 'Optional' does not conform to the 'Sendable' protocol
@frozen public enum Optional<Wrapped> : ~Copyable where Wrapped : ~Copyable {
                    ^
/Users/cameronanderson/SnapChef/snapchef/ios/SnapChef/Features/Sharing/Platforms/TikTok/ErrorRecoveryManager.swift:182:16: error: type of expression is ambiguous without a type annotation
        logger.info("Executing fallback strategy: \(strategy)")
        ~~~~~~~^~~~~~~~~~~~~~~~~~~~~~~~~~~~~~~~~~~~~~~~~~~~~~~~
/Users/cameronanderson/SnapChef/snapchef/ios/SnapChef/Features/Sharing/Platforms/TikTok/ErrorRecoveryManager.swift:237:16: error: type of expression is ambiguous without a type annotation
        logger.error("Export failure for template: \(template)")
        ~~~~~~~^~~~~~~~~~~~~~~~~~~~~~~~~~~~~~~~~~~~~~~~~~~~~~~~~
/Users/cameronanderson/SnapChef/snapchef/ios/SnapChef/Features/Sharing/Platforms/TikTok/ErrorRecoveryManager.swift:244:16: error: type of expression is ambiguous without a type annotation
        logger.warning("File size exceeded for template: \(template)")
        ~~~~~~~^~~~~~~~~~~~~~~~~~~~~~~~~~~~~~~~~~~~~~~~~~~~~~~~~~~~~~~
/Users/cameronanderson/SnapChef/snapchef/ios/SnapChef/Features/Sharing/Platforms/TikTok/ErrorRecoveryManager.swift:251:16: error: type of expression is ambiguous without a type annotation
        logger.error("Duration error for template: \(template)")
        ~~~~~~~^~~~~~~~~~~~~~~~~~~~~~~~~~~~~~~~~~~~~~~~~~~~~~~~~

SwiftCompile normal arm64 /Users/cameronanderson/SnapChef/snapchef/ios/SnapChef/Features/Sharing/Platforms/TikTok/MemoryOptimizer.swift (in target 'SnapChef' from project 'SnapChef')
    cd /Users/cameronanderson/SnapChef/snapchef/ios
    
/Users/cameronanderson/SnapChef/snapchef/ios/SnapChef/Features/Sharing/Platforms/TikTok/ViralVideoEngine.swift:252:13: warning: initialization of immutable value 'targetSize' was never used; consider replacing with assignment to '_' or removing it
        let targetSize = config.size
        ~~~~^~~~~~~~~~
        _
/Users/cameronanderson/SnapChef/snapchef/ios/SnapChef/Features/Sharing/Platforms/TikTok/ViralVideoEngine.swift:290:43: warning: capture of 'exportSession' with non-sendable type 'AVAssetExportSession?' in a '@Sendable' closure
                guard let exportSession = exportSession else { return }
                                          ^
Swift.Optional:1:21: note: generic enum 'Optional' does not conform to the 'Sendable' protocol
@frozen public enum Optional<Wrapped> : ~Copyable where Wrapped : ~Copyable {
                    ^
/Users/cameronanderson/SnapChef/snapchef/ios/SnapChef/Features/Sharing/Platforms/TikTok/ViralVideoEngine.swift:292:27: warning: capture of 'progressCallback' with non-sendable type '(Double) async -> Void' in a '@Sendable' closure
                    await progressCallback(Double(exportSession.progress))
                          ^
/Users/cameronanderson/SnapChef/snapchef/ios/SnapChef/Features/Sharing/Platforms/TikTok/ViralVideoEngine.swift:292:27: note: a function type must be marked '@Sendable' to conform to 'Sendable'
                    await progressCallback(Double(exportSession.progress))
                          ^
/Users/cameronanderson/SnapChef/snapchef/ios/SnapChef/Features/Sharing/Platforms/TikTok/ViralVideoEngine.swift:292:27: error: capture of 'progressCallback' with non-sendable type '(Double) async -> Void' in an isolated closure
                    await progressCallback(Double(exportSession.progress))
                          ^
/Users/cameronanderson/SnapChef/snapchef/ios/SnapChef/Features/Sharing/Platforms/TikTok/ViralVideoEngine.swift:292:27: note: a function type must be marked '@Sendable' to conform to 'Sendable'
                    await progressCallback(Double(exportSession.progress))
                          ^
/Users/cameronanderson/SnapChef/snapchef/ios/SnapChef/Features/Sharing/Platforms/TikTok/ViralVideoEngine.swift:297:17: warning: capture of 'progressTimer' with non-sendable type 'Timer' in a '@Sendable' closure
                progressTimer.invalidate()
                ^
/Applications/Xcode.app/Contents/Developer/Platforms/iPhoneSimulator.platform/Developer/SDKs/iPhoneSimulator18.5.sdk/System/Library/Frameworks/Foundation.framework/Headers/NSTimer.h:10:12: note: class 'Timer' does not conform to the 'Sendable' protocol
@interface NSTimer : NSObject
           ^
/Users/cameronanderson/SnapChef/snapchef/ios/SnapChef/Features/Sharing/Platforms/TikTok/ViralVideoEngine.swift:299:43: warning: capture of 'exportSession' with non-sendable type 'AVAssetExportSession?' in a '@Sendable' closure
                guard let exportSession = exportSession else {
                                          ^
Swift.Optional:1:21: note: generic enum 'Optional' does not conform to the 'Sendable' protocol
@frozen public enum Optional<Wrapped> : ~Copyable where Wrapped : ~Copyable {
                    ^
/Users/cameronanderson/SnapChef/snapchef/ios/SnapChef/Features/Sharing/Platforms/TikTok/MemoryOptimizer.swift:32:27: warning: 'EAGLContext' was deprecated in iOS 12.0: OpenGLES API deprecated. (Define GLES_SILENCE_DEPRECATION to silence these warnings)
        let eaglContext = EAGLContext(api: .openGLES3) ?? EAGLContext(api: .openGLES2)
                          ^
/Users/cameronanderson/SnapChef/snapchef/ios/SnapChef/Features/Sharing/Platforms/TikTok/MemoryOptimizer.swift:32:59: warning: 'EAGLContext' was deprecated in iOS 12.0: OpenGLES API deprecated. (Define GLES_SILENCE_DEPRECATION to silence these warnings)
        let eaglContext = EAGLContext(api: .openGLES3) ?? EAGLContext(api: .openGLES2)
                                                          ^
/Users/cameronanderson/SnapChef/snapchef/ios/SnapChef/Features/Sharing/Platforms/TikTok/MemoryOptimizer.swift:34:20: warning: 'init(eaglContext:options:)' was deprecated in iOS 12.0: Core Image OpenGLES API deprecated. (Define CI_SILENCE_GL_DEPRECATION to silence these warnings)
            return CIContext(eaglContext: eaglContext, options: [
                   ^
/Users/cameronanderson/SnapChef/snapchef/ios/SnapChef/Features/Sharing/Platforms/TikTok/MemoryOptimizer.swift:241:13: warning: initialization of immutable value 'ciContext' was never used; consider replacing with assignment to '_' or removing it
        let ciContext = context ?? getCIContext()
        ~~~~^~~~~~~~~
        _
/Users/cameronanderson/SnapChef/snapchef/ios/SnapChef/Features/Sharing/Platforms/TikTok/MemoryOptimizer.swift:444:70: error: reference to property 'expectedFrames' in closure requires explicit use of 'self' to make capture semantics explicit
            logger.error("Frame drops detected: \(droppedFrames) / \(expectedFrames)")
                                                                     ^
/Users/cameronanderson/SnapChef/snapchef/ios/SnapChef/Features/Sharing/Platforms/TikTok/MemoryOptimizer.swift:444:70: note: reference 'self.' explicitly
            logger.error("Frame drops detected: \(droppedFrames) / \(expectedFrames)")
                                                                     ^
                                                                     self.
/Users/cameronanderson/SnapChef/snapchef/ios/SnapChef/Features/Sharing/Platforms/TikTok/MemoryOptimizer.swift:446:49: error: reference to property 'actualFrames' in closure requires explicit use of 'self' to make capture semantics explicit
            logger.info("✅ No frame drops - \(actualFrames) / \(expectedFrames)")
/Users/cameronanderson/SnapChef/snapchef/ios/SnapChef/Features/Sharing/Platforms/TikTok/MemoryOptimizer.swift:446:49: note: reference 'self.' explicitly
            logger.info("✅ No frame drops - \(actualFrames) / \(expectedFrames)")
/Users/cameronanderson/SnapChef/snapchef/ios/SnapChef/Features/Sharing/Platforms/TikTok/MemoryOptimizer.swift:446:67: error: reference to property 'expectedFrames' in closure requires explicit use of 'self' to make capture semantics explicit
            logger.info("✅ No frame drops - \(actualFrames) / \(expectedFrames)")
/Users/cameronanderson/SnapChef/snapchef/ios/SnapChef/Features/Sharing/Platforms/TikTok/MemoryOptimizer.swift:446:67: note: reference 'self.' explicitly
            logger.info("✅ No frame drops - \(actualFrames) / \(expectedFrames)")

SwiftCompile normal arm64 /Users/cameronanderson/SnapChef/snapchef/ios/SnapChef/Features/Sharing/Platforms/TikTok/StillWriter.swift (in target 'SnapChef' from project 'SnapChef')
    cd /Users/cameronanderson/SnapChef/snapchef/ios
    
/Users/cameronanderson/SnapChef/snapchef/ios/SnapChef/Features/Sharing/Platforms/TikTok/ViralVideoEngine.swift:252:13: warning: initialization of immutable value 'targetSize' was never used; consider replacing with assignment to '_' or removing it
        let targetSize = config.size
        ~~~~^~~~~~~~~~
        _
/Users/cameronanderson/SnapChef/snapchef/ios/SnapChef/Features/Sharing/Platforms/TikTok/ViralVideoEngine.swift:290:43: warning: capture of 'exportSession' with non-sendable type 'AVAssetExportSession?' in a '@Sendable' closure
                guard let exportSession = exportSession else { return }
                                          ^
Swift.Optional:1:21: note: generic enum 'Optional' does not conform to the 'Sendable' protocol
@frozen public enum Optional<Wrapped> : ~Copyable where Wrapped : ~Copyable {
                    ^
/Users/cameronanderson/SnapChef/snapchef/ios/SnapChef/Features/Sharing/Platforms/TikTok/ViralVideoEngine.swift:292:27: warning: capture of 'progressCallback' with non-sendable type '(Double) async -> Void' in a '@Sendable' closure
                    await progressCallback(Double(exportSession.progress))
                          ^
/Users/cameronanderson/SnapChef/snapchef/ios/SnapChef/Features/Sharing/Platforms/TikTok/ViralVideoEngine.swift:292:27: note: a function type must be marked '@Sendable' to conform to 'Sendable'
                    await progressCallback(Double(exportSession.progress))
                          ^
/Users/cameronanderson/SnapChef/snapchef/ios/SnapChef/Features/Sharing/Platforms/TikTok/ViralVideoEngine.swift:292:27: error: capture of 'progressCallback' with non-sendable type '(Double) async -> Void' in an isolated closure
                    await progressCallback(Double(exportSession.progress))
                          ^
/Users/cameronanderson/SnapChef/snapchef/ios/SnapChef/Features/Sharing/Platforms/TikTok/ViralVideoEngine.swift:292:27: note: a function type must be marked '@Sendable' to conform to 'Sendable'
                    await progressCallback(Double(exportSession.progress))
                          ^
/Users/cameronanderson/SnapChef/snapchef/ios/SnapChef/Features/Sharing/Platforms/TikTok/ViralVideoEngine.swift:297:17: warning: capture of 'progressTimer' with non-sendable type 'Timer' in a '@Sendable' closure
                progressTimer.invalidate()
                ^
/Applications/Xcode.app/Contents/Developer/Platforms/iPhoneSimulator.platform/Developer/SDKs/iPhoneSimulator18.5.sdk/System/Library/Frameworks/Foundation.framework/Headers/NSTimer.h:10:12: note: class 'Timer' does not conform to the 'Sendable' protocol
@interface NSTimer : NSObject
           ^
/Users/cameronanderson/SnapChef/snapchef/ios/SnapChef/Features/Sharing/Platforms/TikTok/ViralVideoEngine.swift:299:43: warning: capture of 'exportSession' with non-sendable type 'AVAssetExportSession?' in a '@Sendable' closure
                guard let exportSession = exportSession else {
                                          ^
Swift.Optional:1:21: note: generic enum 'Optional' does not conform to the 'Sendable' protocol
@frozen public enum Optional<Wrapped> : ~Copyable where Wrapped : ~Copyable {
                    ^
/Users/cameronanderson/SnapChef/snapchef/ios/SnapChef/Features/Sharing/Platforms/TikTok/StillWriter.swift:87:13: warning: initialization of immutable value 'frameDuration' was never used; consider replacing with assignment to '_' or removing it
        let frameDuration = CMTime(value: 1, timescale: config.fps)
        ~~~~^~~~~~~~~~~~~
        _
/Users/cameronanderson/SnapChef/snapchef/ios/SnapChef/Features/Sharing/Platforms/TikTok/StillWriter.swift:108:23: warning: capture of 'videoInput' with non-sendable type 'AVAssetWriterInput' in a '@Sendable' closure
                while videoInput.isReadyForMoreMediaData && frameCount < totalFrames {
                      ^
/Applications/Xcode.app/Contents/Developer/Platforms/iPhoneSimulator.platform/Developer/SDKs/iPhoneSimulator18.5.sdk/System/Library/Frameworks/AVFoundation.framework/Headers/AVAssetWriterInput.h:43:12: note: class 'AVAssetWriterInput' does not conform to the 'Sendable' protocol
@interface AVAssetWriterInput : NSObject
           ^
/Users/cameronanderson/SnapChef/snapchef/ios/SnapChef/Features/Sharing/Platforms/TikTok/StillWriter.swift:10:1: warning: add '@preconcurrency' to treat 'Sendable'-related errors from module 'AVFoundation' as warnings
import AVFoundation
^
@preconcurrency 
/Users/cameronanderson/SnapChef/snapchef/ios/SnapChef/Features/Sharing/Platforms/TikTok/StillWriter.swift:110:92: warning: capture of 'self' with non-sendable type 'StillWriter' in a '@Sendable' closure
                        let presentationTime = CMTime(value: Int64(frameCount), timescale: self.config.fps)
                                                                                           ^
/Users/cameronanderson/SnapChef/snapchef/ios/SnapChef/Features/Sharing/Platforms/TikTok/StillWriter.swift:16:14: note: class 'StillWriter' does not conform to the 'Sendable' protocol
public class StillWriter {
             ^
/Users/cameronanderson/SnapChef/snapchef/ios/SnapChef/Features/Sharing/Platforms/TikTok/StillWriter.swift:113:92: warning: capture of 'processedImage' with non-sendable type 'CIImage' in a '@Sendable' closure
                            if let pixelBuffer = try self.createOptimizedPixelBuffer(from: processedImage) {
                                                                                           ^
/Applications/Xcode.app/Contents/Developer/Platforms/iPhoneSimulator.platform/Developer/SDKs/iPhoneSimulator18.5.sdk/System/Library/Frameworks/CoreImage.framework/Headers/CIImage.h:34:12: note: class 'CIImage' does not conform to the 'Sendable' protocol
@interface CIImage : NSObject <NSSecureCoding, NSCopying>
           ^
/Users/cameronanderson/SnapChef/snapchef/ios/SnapChef/Features/Sharing/Platforms/TikTok/StillWriter.swift:11:1: warning: add '@preconcurrency' to treat 'Sendable'-related errors from module 'CoreImage' as warnings
import CoreImage
^
@preconcurrency 
/Users/cameronanderson/SnapChef/snapchef/ios/SnapChef/Features/Sharing/Platforms/TikTok/StillWriter.swift:114:47: warning: capture of 'pixelBufferAdaptor' with non-sendable type 'AVAssetWriterInputPixelBufferAdaptor' in a '@Sendable' closure
                                let success = pixelBufferAdaptor.append(pixelBuffer, withPresentationTime: presentationTime)
                                              ^
/Applications/Xcode.app/Contents/Developer/Platforms/iPhoneSimulator.platform/Developer/SDKs/iPhoneSimulator18.5.sdk/System/Library/Frameworks/AVFoundation.framework/Headers/AVAssetWriterInput.h:715:12: note: class 'AVAssetWriterInputPixelBufferAdaptor' does not conform to the 'Sendable' protocol
@interface AVAssetWriterInputPixelBufferAdaptor : NSObject
           ^
/Users/cameronanderson/SnapChef/snapchef/ios/SnapChef/Features/Sharing/Platforms/TikTok/StillWriter.swift:133:35: warning: capture of 'progressCallback' with non-sendable type '(Double) async -> Void' in a '@Sendable' closure
                            await progressCallback(progress)
                                  ^
/Users/cameronanderson/SnapChef/snapchef/ios/SnapChef/Features/Sharing/Platforms/TikTok/StillWriter.swift:133:35: note: a function type must be marked '@Sendable' to conform to 'Sendable'
                            await progressCallback(progress)
                                  ^
/Users/cameronanderson/SnapChef/snapchef/ios/SnapChef/Features/Sharing/Platforms/TikTok/StillWriter.swift:149:31: warning: capture of 'videoWriter' with non-sendable type 'AVAssetWriter' in a '@Sendable' closure
                        await videoWriter.finishWriting()
                              ^
/Applications/Xcode.app/Contents/Developer/Platforms/iPhoneSimulator.platform/Developer/SDKs/iPhoneSimulator18.5.sdk/System/Library/Frameworks/AVFoundation.framework/Headers/AVAssetWriter.h:65:12: note: class 'AVAssetWriter' does not conform to the 'Sendable' protocol
@interface AVAssetWriter : NSObject
           ^
/Users/cameronanderson/SnapChef/snapchef/ios/SnapChef/Features/Sharing/Platforms/TikTok/StillWriter.swift:108:61: error: reference to captured var 'frameCount' in concurrently-executing code
                while videoInput.isReadyForMoreMediaData && frameCount < totalFrames {
                                                            ^
/Users/cameronanderson/SnapChef/snapchef/ios/SnapChef/Features/Sharing/Platforms/TikTok/StillWriter.swift:110:92: error: capture of 'self' with non-sendable type 'StillWriter' in an isolated closure
                        let presentationTime = CMTime(value: Int64(frameCount), timescale: self.config.fps)
                                                                                           ^
/Users/cameronanderson/SnapChef/snapchef/ios/SnapChef/Features/Sharing/Platforms/TikTok/StillWriter.swift:16:14: note: class 'StillWriter' does not conform to the 'Sendable' protocol
public class StillWriter {
             ^
/Users/cameronanderson/SnapChef/snapchef/ios/SnapChef/Features/Sharing/Platforms/TikTok/StillWriter.swift:113:92: error: capture of 'processedImage' with non-sendable type 'CIImage' in an isolated closure
                            if let pixelBuffer = try self.createOptimizedPixelBuffer(from: processedImage) {
                                                                                           ^
/Applications/Xcode.app/Contents/Developer/Platforms/iPhoneSimulator.platform/Developer/SDKs/iPhoneSimulator18.5.sdk/System/Library/Frameworks/CoreImage.framework/Headers/CIImage.h:34:12: note: class 'CIImage' does not conform to the 'Sendable' protocol
@interface CIImage : NSObject <NSSecureCoding, NSCopying>
           ^
/Users/cameronanderson/SnapChef/snapchef/ios/SnapChef/Features/Sharing/Platforms/TikTok/StillWriter.swift:114:47: error: capture of 'pixelBufferAdaptor' with non-sendable type 'AVAssetWriterInputPixelBufferAdaptor' in an isolated closure
                                let success = pixelBufferAdaptor.append(pixelBuffer, withPresentationTime: presentationTime)
                                              ^
/Applications/Xcode.app/Contents/Developer/Platforms/iPhoneSimulator.platform/Developer/SDKs/iPhoneSimulator18.5.sdk/System/Library/Frameworks/AVFoundation.framework/Headers/AVAssetWriterInput.h:715:12: note: class 'AVAssetWriterInputPixelBufferAdaptor' does not conform to the 'Sendable' protocol
@interface AVAssetWriterInputPixelBufferAdaptor : NSObject
           ^
/Users/cameronanderson/SnapChef/snapchef/ios/SnapChef/Features/Sharing/Platforms/TikTok/StillWriter.swift:133:35: error: capture of 'progressCallback' with non-sendable type '(Double) async -> Void' in an isolated closure
                            await progressCallback(progress)
                                  ^
/Users/cameronanderson/SnapChef/snapchef/ios/SnapChef/Features/Sharing/Platforms/TikTok/StillWriter.swift:133:35: note: a function type must be marked '@Sendable' to conform to 'Sendable'
                            await progressCallback(progress)
                                  ^
/Users/cameronanderson/SnapChef/snapchef/ios/SnapChef/Features/Sharing/Platforms/TikTok/StillWriter.swift:110:68: error: reference to captured var 'frameCount' in concurrently-executing code
                        let presentationTime = CMTime(value: Int64(frameCount), timescale: self.config.fps)
                                                                   ^
/Users/cameronanderson/SnapChef/snapchef/ios/SnapChef/Features/Sharing/Platforms/TikTok/StillWriter.swift:128:25: error: mutation of captured var 'frameCount' in concurrently-executing code
                        frameCount += 1
                        ^
/Users/cameronanderson/SnapChef/snapchef/ios/SnapChef/Features/Sharing/Platforms/TikTok/StillWriter.swift:131:47: error: reference to captured var 'frameCount' in concurrently-executing code
                        let progress = Double(frameCount) / Double(totalFrames)
                                              ^
/Users/cameronanderson/SnapChef/snapchef/ios/SnapChef/Features/Sharing/Platforms/TikTok/StillWriter.swift:133:35: error: capture of 'progressCallback' with non-sendable type '(Double) async -> Void' in an isolated closure
                            await progressCallback(progress)
                                  ^
/Users/cameronanderson/SnapChef/snapchef/ios/SnapChef/Features/Sharing/Platforms/TikTok/StillWriter.swift:133:35: note: a function type must be marked '@Sendable' to conform to 'Sendable'
                            await progressCallback(progress)
                                  ^
/Users/cameronanderson/SnapChef/snapchef/ios/SnapChef/Features/Sharing/Platforms/TikTok/StillWriter.swift:137:28: error: reference to captured var 'frameCount' in concurrently-executing code
                        if frameCount % 30 == 0 {
                           ^
/Users/cameronanderson/SnapChef/snapchef/ios/SnapChef/Features/Sharing/Platforms/TikTok/StillWriter.swift:145:20: warning: reference to captured var 'frameCount' in concurrently-executing code
                if frameCount >= totalFrames {
                   ^
/Users/cameronanderson/SnapChef/snapchef/ios/SnapChef/Features/Sharing/Platforms/TikTok/StillWriter.swift:149:31: error: capture of 'videoWriter' with non-sendable type 'AVAssetWriter' in an isolated closure
                        await videoWriter.finishWriting()
                              ^
/Applications/Xcode.app/Contents/Developer/Platforms/iPhoneSimulator.platform/Developer/SDKs/iPhoneSimulator18.5.sdk/System/Library/Frameworks/AVFoundation.framework/Headers/AVAssetWriter.h:65:12: note: class 'AVAssetWriter' does not conform to the 'Sendable' protocol
@interface AVAssetWriter : NSObject
           ^
/Users/cameronanderson/SnapChef/snapchef/ios/SnapChef/Features/Sharing/Platforms/TikTok/StillWriter.swift:205:13: warning: initialization of immutable value 'frameDuration' was never used; consider replacing with assignment to '_' or removing it
        let frameDuration = CMTime(value: 1, timescale: config.fps)
        ~~~~^~~~~~~~~~~~~
        _
/Users/cameronanderson/SnapChef/snapchef/ios/SnapChef/Features/Sharing/Platforms/TikTok/StillWriter.swift:221:23: warning: capture of 'videoInput' with non-sendable type 'AVAssetWriterInput' in a '@Sendable' closure
                while videoInput.isReadyForMoreMediaData && frameCount < totalFrames {
                      ^
/Applications/Xcode.app/Contents/Developer/Platforms/iPhoneSimulator.platform/Developer/SDKs/iPhoneSimulator18.5.sdk/System/Library/Frameworks/AVFoundation.framework/Headers/AVAssetWriterInput.h:43:12: note: class 'AVAssetWriterInput' does not conform to the 'Sendable' protocol
@interface AVAssetWriterInput : NSObject
           ^
/Users/cameronanderson/SnapChef/snapchef/ios/SnapChef/Features/Sharing/Platforms/TikTok/StillWriter.swift:223:92: warning: capture of 'self' with non-sendable type 'StillWriter' in a '@Sendable' closure
                        let presentationTime = CMTime(value: Int64(frameCount), timescale: self.config.fps)
                                                                                           ^
/Users/cameronanderson/SnapChef/snapchef/ios/SnapChef/Features/Sharing/Platforms/TikTok/StillWriter.swift:16:14: note: class 'StillWriter' does not conform to the 'Sendable' protocol
public class StillWriter {
             ^
/Users/cameronanderson/SnapChef/snapchef/ios/SnapChef/Features/Sharing/Platforms/TikTok/StillWriter.swift:227:39: warning: capture of 'ciImages' with non-sendable type '[(ciImage: CIImage, duration: CMTime, transform: CGAffineTransform)]' in a '@Sendable' closure
                                from: ciImages,
                                      ^
/Applications/Xcode.app/Contents/Developer/Platforms/iPhoneSimulator.platform/Developer/SDKs/iPhoneSimulator18.5.sdk/System/Library/Frameworks/CoreImage.framework/Headers/CIImage.h:34:12: note: class 'CIImage' does not conform to the 'Sendable' protocol
@interface CIImage : NSObject <NSSecureCoding, NSCopying>
           ^
/Users/cameronanderson/SnapChef/snapchef/ios/SnapChef/Features/Sharing/Platforms/TikTok/StillWriter.swift:232:43: warning: capture of 'pixelBufferAdaptor' with non-sendable type 'AVAssetWriterInputPixelBufferAdaptor' in a '@Sendable' closure
                            let success = pixelBufferAdaptor.append(pixelBuffer, withPresentationTime: presentationTime)
                                          ^
/Applications/Xcode.app/Contents/Developer/Platforms/iPhoneSimulator.platform/Developer/SDKs/iPhoneSimulator18.5.sdk/System/Library/Frameworks/AVFoundation.framework/Headers/AVAssetWriterInput.h:715:12: note: class 'AVAssetWriterInputPixelBufferAdaptor' does not conform to the 'Sendable' protocol
@interface AVAssetWriterInputPixelBufferAdaptor : NSObject
           ^
/Users/cameronanderson/SnapChef/snapchef/ios/SnapChef/Features/Sharing/Platforms/TikTok/StillWriter.swift:247:35: warning: capture of 'progressCallback' with non-sendable type '(Double) async -> Void' in a '@Sendable' closure
                            await progressCallback(progress)
                                  ^
/Users/cameronanderson/SnapChef/snapchef/ios/SnapChef/Features/Sharing/Platforms/TikTok/StillWriter.swift:247:35: note: a function type must be marked '@Sendable' to conform to 'Sendable'
                            await progressCallback(progress)
                                  ^
/Users/cameronanderson/SnapChef/snapchef/ios/SnapChef/Features/Sharing/Platforms/TikTok/StillWriter.swift:256:31: warning: capture of 'videoWriter' with non-sendable type 'AVAssetWriter' in a '@Sendable' closure
                        await videoWriter.finishWriting()
                              ^
/Applications/Xcode.app/Contents/Developer/Platforms/iPhoneSimulator.platform/Developer/SDKs/iPhoneSimulator18.5.sdk/System/Library/Frameworks/AVFoundation.framework/Headers/AVAssetWriter.h:65:12: note: class 'AVAssetWriter' does not conform to the 'Sendable' protocol
@interface AVAssetWriter : NSObject
           ^
/Users/cameronanderson/SnapChef/snapchef/ios/SnapChef/Features/Sharing/Platforms/TikTok/StillWriter.swift:221:61: error: reference to captured var 'frameCount' in concurrently-executing code
                while videoInput.isReadyForMoreMediaData && frameCount < totalFrames {
                                                            ^
/Users/cameronanderson/SnapChef/snapchef/ios/SnapChef/Features/Sharing/Platforms/TikTok/StillWriter.swift:223:92: error: capture of 'self' with non-sendable type 'StillWriter' in an isolated closure
                        let presentationTime = CMTime(value: Int64(frameCount), timescale: self.config.fps)
                                                                                           ^
/Users/cameronanderson/SnapChef/snapchef/ios/SnapChef/Features/Sharing/Platforms/TikTok/StillWriter.swift:16:14: note: class 'StillWriter' does not conform to the 'Sendable' protocol
public class StillWriter {
             ^
/Users/cameronanderson/SnapChef/snapchef/ios/SnapChef/Features/Sharing/Platforms/TikTok/StillWriter.swift:227:39: error: capture of 'ciImages' with non-sendable type '[(ciImage: CIImage, duration: CMTime, transform: CGAffineTransform)]' in an isolated closure
                                from: ciImages,
                                      ^
/Applications/Xcode.app/Contents/Developer/Platforms/iPhoneSimulator.platform/Developer/SDKs/iPhoneSimulator18.5.sdk/System/Library/Frameworks/CoreImage.framework/Headers/CIImage.h:34:12: note: class 'CIImage' does not conform to the 'Sendable' protocol
@interface CIImage : NSObject <NSSecureCoding, NSCopying>
           ^
/Users/cameronanderson/SnapChef/snapchef/ios/SnapChef/Features/Sharing/Platforms/TikTok/StillWriter.swift:232:43: error: capture of 'pixelBufferAdaptor' with non-sendable type 'AVAssetWriterInputPixelBufferAdaptor' in an isolated closure
                            let success = pixelBufferAdaptor.append(pixelBuffer, withPresentationTime: presentationTime)
                                          ^
/Applications/Xcode.app/Contents/Developer/Platforms/iPhoneSimulator.platform/Developer/SDKs/iPhoneSimulator18.5.sdk/System/Library/Frameworks/AVFoundation.framework/Headers/AVAssetWriterInput.h:715:12: note: class 'AVAssetWriterInputPixelBufferAdaptor' does not conform to the 'Sendable' protocol
@interface AVAssetWriterInputPixelBufferAdaptor : NSObject
           ^
/Users/cameronanderson/SnapChef/snapchef/ios/SnapChef/Features/Sharing/Platforms/TikTok/StillWriter.swift:247:35: error: capture of 'progressCallback' with non-sendable type '(Double) async -> Void' in an isolated closure
                            await progressCallback(progress)
                                  ^
/Users/cameronanderson/SnapChef/snapchef/ios/SnapChef/Features/Sharing/Platforms/TikTok/StillWriter.swift:247:35: note: a function type must be marked '@Sendable' to conform to 'Sendable'
                            await progressCallback(progress)
                                  ^
/Users/cameronanderson/SnapChef/snapchef/ios/SnapChef/Features/Sharing/Platforms/TikTok/StillWriter.swift:223:68: error: reference to captured var 'frameCount' in concurrently-executing code
                        let presentationTime = CMTime(value: Int64(frameCount), timescale: self.config.fps)
                                                                   ^
/Users/cameronanderson/SnapChef/snapchef/ios/SnapChef/Features/Sharing/Platforms/TikTok/StillWriter.swift:242:25: error: mutation of captured var 'frameCount' in concurrently-executing code
                        frameCount += 1
                        ^
/Users/cameronanderson/SnapChef/snapchef/ios/SnapChef/Features/Sharing/Platforms/TikTok/StillWriter.swift:245:47: error: reference to captured var 'frameCount' in concurrently-executing code
                        let progress = Double(frameCount) / Double(totalFrames)
                                              ^
/Users/cameronanderson/SnapChef/snapchef/ios/SnapChef/Features/Sharing/Platforms/TikTok/StillWriter.swift:247:35: error: capture of 'progressCallback' with non-sendable type '(Double) async -> Void' in an isolated closure
                            await progressCallback(progress)
                                  ^
/Users/cameronanderson/SnapChef/snapchef/ios/SnapChef/Features/Sharing/Platforms/TikTok/StillWriter.swift:247:35: note: a function type must be marked '@Sendable' to conform to 'Sendable'
                            await progressCallback(progress)
                                  ^
/Users/cameronanderson/SnapChef/snapchef/ios/SnapChef/Features/Sharing/Platforms/TikTok/StillWriter.swift:252:20: warning: reference to captured var 'frameCount' in concurrently-executing code
                if frameCount >= totalFrames {
                   ^
/Users/cameronanderson/SnapChef/snapchef/ios/SnapChef/Features/Sharing/Platforms/TikTok/StillWriter.swift:256:31: error: capture of 'videoWriter' with non-sendable type 'AVAssetWriter' in an isolated closure
                        await videoWriter.finishWriting()
                              ^
/Applications/Xcode.app/Contents/Developer/Platforms/iPhoneSimulator.platform/Developer/SDKs/iPhoneSimulator18.5.sdk/System/Library/Frameworks/AVFoundation.framework/Headers/AVAssetWriter.h:65:12: note: class 'AVAssetWriter' does not conform to the 'Sendable' protocol
@interface AVAssetWriter : NSObject
           ^

SwiftCompile normal arm64 /Users/cameronanderson/SnapChef/snapchef/ios/SnapChef/Features/Sharing/Platforms/TikTok/PolishUIComponents.swift (in target 'SnapChef' from project 'SnapChef')
    cd /Users/cameronanderson/SnapChef/snapchef/ios
    
/Users/cameronanderson/SnapChef/snapchef/ios/SnapChef/Features/Sharing/Platforms/TikTok/ViralVideoEngine.swift:252:13: warning: initialization of immutable value 'targetSize' was never used; consider replacing with assignment to '_' or removing it
        let targetSize = config.size
        ~~~~^~~~~~~~~~
        _
/Users/cameronanderson/SnapChef/snapchef/ios/SnapChef/Features/Sharing/Platforms/TikTok/ViralVideoEngine.swift:290:43: warning: capture of 'exportSession' with non-sendable type 'AVAssetExportSession?' in a '@Sendable' closure
                guard let exportSession = exportSession else { return }
                                          ^
Swift.Optional:1:21: note: generic enum 'Optional' does not conform to the 'Sendable' protocol
@frozen public enum Optional<Wrapped> : ~Copyable where Wrapped : ~Copyable {
                    ^
/Users/cameronanderson/SnapChef/snapchef/ios/SnapChef/Features/Sharing/Platforms/TikTok/ViralVideoEngine.swift:292:27: warning: capture of 'progressCallback' with non-sendable type '(Double) async -> Void' in a '@Sendable' closure
                    await progressCallback(Double(exportSession.progress))
                          ^
/Users/cameronanderson/SnapChef/snapchef/ios/SnapChef/Features/Sharing/Platforms/TikTok/ViralVideoEngine.swift:292:27: note: a function type must be marked '@Sendable' to conform to 'Sendable'
                    await progressCallback(Double(exportSession.progress))
                          ^
/Users/cameronanderson/SnapChef/snapchef/ios/SnapChef/Features/Sharing/Platforms/TikTok/ViralVideoEngine.swift:292:27: error: capture of 'progressCallback' with non-sendable type '(Double) async -> Void' in an isolated closure
                    await progressCallback(Double(exportSession.progress))
                          ^
/Users/cameronanderson/SnapChef/snapchef/ios/SnapChef/Features/Sharing/Platforms/TikTok/ViralVideoEngine.swift:292:27: note: a function type must be marked '@Sendable' to conform to 'Sendable'
                    await progressCallback(Double(exportSession.progress))
                          ^
/Users/cameronanderson/SnapChef/snapchef/ios/SnapChef/Features/Sharing/Platforms/TikTok/ViralVideoEngine.swift:297:17: warning: capture of 'progressTimer' with non-sendable type 'Timer' in a '@Sendable' closure
                progressTimer.invalidate()
                ^
/Applications/Xcode.app/Contents/Developer/Platforms/iPhoneSimulator.platform/Developer/SDKs/iPhoneSimulator18.5.sdk/System/Library/Frameworks/Foundation.framework/Headers/NSTimer.h:10:12: note: class 'Timer' does not conform to the 'Sendable' protocol
@interface NSTimer : NSObject
           ^
/Users/cameronanderson/SnapChef/snapchef/ios/SnapChef/Features/Sharing/Platforms/TikTok/ViralVideoEngine.swift:299:43: warning: capture of 'exportSession' with non-sendable type 'AVAssetExportSession?' in a '@Sendable' closure
                guard let exportSession = exportSession else {
                                          ^
Swift.Optional:1:21: note: generic enum 'Optional' does not conform to the 'Sendable' protocol
@frozen public enum Optional<Wrapped> : ~Copyable where Wrapped : ~Copyable {
                    ^
/Users/cameronanderson/SnapChef/snapchef/ios/SnapChef/Features/Sharing/Platforms/TikTok/PolishUIComponents.swift:476:23: error: call to main actor-isolated initializer 'init(style:)' in a synchronous nonisolated context
        impactLight = UIImpactFeedbackGenerator(style: .light)
                      ^
/Applications/Xcode.app/Contents/Developer/Platforms/iPhoneSimulator.platform/Developer/SDKs/iPhoneSimulator18.5.sdk/System/Library/Frameworks/UIKit.framework/Headers/UIImpactFeedbackGenerator.h:38:1: note: calls to initializer 'init(style:)' from outside of its actor context are implicitly asynchronous
- (instancetype)initWithStyle:(UIImpactFeedbackStyle)style API_DEPRECATED_WITH_REPLACEMENT("+feedbackGeneratorWithStyle:forView:", ios(10.0, API_TO_BE_DEPRECATED));
^
/Users/cameronanderson/SnapChef/snapchef/ios/SnapChef/Features/Sharing/Platforms/TikTok/PolishUIComponents.swift:477:24: error: call to main actor-isolated initializer 'init(style:)' in a synchronous nonisolated context
        impactMedium = UIImpactFeedbackGenerator(style: .medium)
                       ^
/Applications/Xcode.app/Contents/Developer/Platforms/iPhoneSimulator.platform/Developer/SDKs/iPhoneSimulator18.5.sdk/System/Library/Frameworks/UIKit.framework/Headers/UIImpactFeedbackGenerator.h:38:1: note: calls to initializer 'init(style:)' from outside of its actor context are implicitly asynchronous
- (instancetype)initWithStyle:(UIImpactFeedbackStyle)style API_DEPRECATED_WITH_REPLACEMENT("+feedbackGeneratorWithStyle:forView:", ios(10.0, API_TO_BE_DEPRECATED));
^
/Users/cameronanderson/SnapChef/snapchef/ios/SnapChef/Features/Sharing/Platforms/TikTok/PolishUIComponents.swift:478:23: error: call to main actor-isolated initializer 'init(style:)' in a synchronous nonisolated context
        impactHeavy = UIImpactFeedbackGenerator(style: .heavy)
                      ^
/Applications/Xcode.app/Contents/Developer/Platforms/iPhoneSimulator.platform/Developer/SDKs/iPhoneSimulator18.5.sdk/System/Library/Frameworks/UIKit.framework/Headers/UIImpactFeedbackGenerator.h:38:1: note: calls to initializer 'init(style:)' from outside of its actor context are implicitly asynchronous
- (instancetype)initWithStyle:(UIImpactFeedbackStyle)style API_DEPRECATED_WITH_REPLACEMENT("+feedbackGeneratorWithStyle:forView:", ios(10.0, API_TO_BE_DEPRECATED));
^
/Users/cameronanderson/SnapChef/snapchef/ios/SnapChef/Features/Sharing/Platforms/TikTok/PolishUIComponents.swift:479:21: error: call to main actor-isolated initializer 'init()' in a synchronous nonisolated context
        selection = UISelectionFeedbackGenerator()
                    ^
/Applications/Xcode.app/Contents/Developer/Platforms/iPhoneSimulator.platform/Developer/SDKs/iPhoneSimulator18.5.sdk/System/Library/Frameworks/UIKit.framework/Headers/UIFeedbackGenerator.h:21:1: note: calls to initializer 'init()' from outside of its actor context are implicitly asynchronous
- (instancetype)init API_DEPRECATED_WITH_REPLACEMENT("+feedbackGeneratorForView:", ios(10.0, API_TO_BE_DEPRECATED));
^
/Users/cameronanderson/SnapChef/snapchef/ios/SnapChef/Features/Sharing/Platforms/TikTok/PolishUIComponents.swift:480:24: error: call to main actor-isolated initializer 'init()' in a synchronous nonisolated context
        notification = UINotificationFeedbackGenerator()
                       ^
/Applications/Xcode.app/Contents/Developer/Platforms/iPhoneSimulator.platform/Developer/SDKs/iPhoneSimulator18.5.sdk/System/Library/Frameworks/UIKit.framework/Headers/UIFeedbackGenerator.h:21:1: note: calls to initializer 'init()' from outside of its actor context are implicitly asynchronous
- (instancetype)init API_DEPRECATED_WITH_REPLACEMENT("+feedbackGeneratorForView:", ios(10.0, API_TO_BE_DEPRECATED));
^
/Users/cameronanderson/SnapChef/snapchef/ios/SnapChef/Features/Sharing/Platforms/TikTok/PolishUIComponents.swift:491:9: warning: switch must be exhaustive
        switch intensity {
        ^
/Users/cameronanderson/SnapChef/snapchef/ios/SnapChef/Features/Sharing/Platforms/TikTok/PolishUIComponents.swift:491:9: note: add missing case: '.soft'
        switch intensity {
        ^
/Users/cameronanderson/SnapChef/snapchef/ios/SnapChef/Features/Sharing/Platforms/TikTok/PolishUIComponents.swift:491:9: note: add missing case: '.rigid'
        switch intensity {
        ^
/Users/cameronanderson/SnapChef/snapchef/ios/SnapChef/Features/Sharing/Platforms/TikTok/PolishUIComponents.swift:491:9: note: add missing cases
        switch intensity {
        ^

SwiftCompile normal arm64 /Users/cameronanderson/SnapChef/snapchef/ios/SnapChef/Features/Sharing/Platforms/TikTok/OverlayFactory.swift (in target 'SnapChef' from project 'SnapChef')
    cd /Users/cameronanderson/SnapChef/snapchef/ios
    
/Users/cameronanderson/SnapChef/snapchef/ios/SnapChef/Features/Sharing/Platforms/TikTok/ViralVideoEngine.swift:252:13: warning: initialization of immutable value 'targetSize' was never used; consider replacing with assignment to '_' or removing it
        let targetSize = config.size
        ~~~~^~~~~~~~~~
        _
/Users/cameronanderson/SnapChef/snapchef/ios/SnapChef/Features/Sharing/Platforms/TikTok/ViralVideoEngine.swift:290:43: warning: capture of 'exportSession' with non-sendable type 'AVAssetExportSession?' in a '@Sendable' closure
                guard let exportSession = exportSession else { return }
                                          ^
Swift.Optional:1:21: note: generic enum 'Optional' does not conform to the 'Sendable' protocol
@frozen public enum Optional<Wrapped> : ~Copyable where Wrapped : ~Copyable {
                    ^
/Users/cameronanderson/SnapChef/snapchef/ios/SnapChef/Features/Sharing/Platforms/TikTok/ViralVideoEngine.swift:292:27: warning: capture of 'progressCallback' with non-sendable type '(Double) async -> Void' in a '@Sendable' closure
                    await progressCallback(Double(exportSession.progress))
                          ^
/Users/cameronanderson/SnapChef/snapchef/ios/SnapChef/Features/Sharing/Platforms/TikTok/ViralVideoEngine.swift:292:27: note: a function type must be marked '@Sendable' to conform to 'Sendable'
                    await progressCallback(Double(exportSession.progress))
                          ^
/Users/cameronanderson/SnapChef/snapchef/ios/SnapChef/Features/Sharing/Platforms/TikTok/ViralVideoEngine.swift:292:27: error: capture of 'progressCallback' with non-sendable type '(Double) async -> Void' in an isolated closure
                    await progressCallback(Double(exportSession.progress))
                          ^
/Users/cameronanderson/SnapChef/snapchef/ios/SnapChef/Features/Sharing/Platforms/TikTok/ViralVideoEngine.swift:292:27: note: a function type must be marked '@Sendable' to conform to 'Sendable'
                    await progressCallback(Double(exportSession.progress))
                          ^
/Users/cameronanderson/SnapChef/snapchef/ios/SnapChef/Features/Sharing/Platforms/TikTok/ViralVideoEngine.swift:297:17: warning: capture of 'progressTimer' with non-sendable type 'Timer' in a '@Sendable' closure
                progressTimer.invalidate()
                ^
/Applications/Xcode.app/Contents/Developer/Platforms/iPhoneSimulator.platform/Developer/SDKs/iPhoneSimulator18.5.sdk/System/Library/Frameworks/Foundation.framework/Headers/NSTimer.h:10:12: note: class 'Timer' does not conform to the 'Sendable' protocol
@interface NSTimer : NSObject
           ^
/Users/cameronanderson/SnapChef/snapchef/ios/SnapChef/Features/Sharing/Platforms/TikTok/ViralVideoEngine.swift:299:43: warning: capture of 'exportSession' with non-sendable type 'AVAssetExportSession?' in a '@Sendable' closure
                guard let exportSession = exportSession else {
                                          ^
Swift.Optional:1:21: note: generic enum 'Optional' does not conform to the 'Sendable' protocol
@frozen public enum Optional<Wrapped> : ~Copyable where Wrapped : ~Copyable {
                    ^
/Users/cameronanderson/SnapChef/snapchef/ios/SnapChef/Features/Sharing/Platforms/TikTok/OverlayFactory.swift:30:56: error: main actor-isolated static property 'shared' can not be referenced from a nonisolated context
        self.performanceAnalyzer = PerformanceAnalyzer.shared
                                                       ^
/Users/cameronanderson/SnapChef/snapchef/ios/SnapChef/Features/Sharing/Platforms/TikTok/PerformanceAnalyzer.swift:21:23: note: static property declared here
    public static let shared = PerformanceAnalyzer()
                      ^
/Users/cameronanderson/SnapChef/snapchef/ios/SnapChef/Features/Sharing/Platforms/TikTok/OverlayFactory.swift:74:27: warning: capture of 'progressCallback' with non-sendable type '(Double) async -> Void' in a '@Sendable' closure
                    await progressCallback(Double(exportSession.progress))
                          ^
/Users/cameronanderson/SnapChef/snapchef/ios/SnapChef/Features/Sharing/Platforms/TikTok/OverlayFactory.swift:74:27: note: a function type must be marked '@Sendable' to conform to 'Sendable'
                    await progressCallback(Double(exportSession.progress))
                          ^
/Users/cameronanderson/SnapChef/snapchef/ios/SnapChef/Features/Sharing/Platforms/TikTok/OverlayFactory.swift:74:51: warning: capture of 'exportSession' with non-sendable type 'AVAssetExportSession' in a '@Sendable' closure
                    await progressCallback(Double(exportSession.progress))
                                                  ^
/Applications/Xcode.app/Contents/Developer/Platforms/iPhoneSimulator.platform/Developer/SDKs/iPhoneSimulator18.5.sdk/System/Library/Frameworks/AVFoundation.framework/Headers/AVAssetExportSession.h:156:12: note: class 'AVAssetExportSession' does not conform to the 'Sendable' protocol
@interface AVAssetExportSession : NSObject
           ^
/Users/cameronanderson/SnapChef/snapchef/ios/SnapChef/Features/Sharing/Platforms/TikTok/OverlayFactory.swift:74:27: error: capture of 'progressCallback' with non-sendable type '(Double) async -> Void' in an isolated closure
                    await progressCallback(Double(exportSession.progress))
                          ^
/Users/cameronanderson/SnapChef/snapchef/ios/SnapChef/Features/Sharing/Platforms/TikTok/OverlayFactory.swift:74:27: note: a function type must be marked '@Sendable' to conform to 'Sendable'
                    await progressCallback(Double(exportSession.progress))
                          ^
/Users/cameronanderson/SnapChef/snapchef/ios/SnapChef/Features/Sharing/Platforms/TikTok/OverlayFactory.swift:74:51: error: capture of 'exportSession' with non-sendable type 'AVAssetExportSession' in an isolated closure
                    await progressCallback(Double(exportSession.progress))
                                                  ^
/Applications/Xcode.app/Contents/Developer/Platforms/iPhoneSimulator.platform/Developer/SDKs/iPhoneSimulator18.5.sdk/System/Library/Frameworks/AVFoundation.framework/Headers/AVAssetExportSession.h:156:12: note: class 'AVAssetExportSession' does not conform to the 'Sendable' protocol
@interface AVAssetExportSession : NSObject
           ^
/Users/cameronanderson/SnapChef/snapchef/ios/SnapChef/Features/Sharing/Platforms/TikTok/OverlayFactory.swift:79:17: warning: capture of 'progressTimer' with non-sendable type 'Timer' in a '@Sendable' closure
                progressTimer.invalidate()
                ^
/Applications/Xcode.app/Contents/Developer/Platforms/iPhoneSimulator.platform/Developer/SDKs/iPhoneSimulator18.5.sdk/System/Library/Frameworks/Foundation.framework/Headers/NSTimer.h:10:12: note: class 'Timer' does not conform to the 'Sendable' protocol
@interface NSTimer : NSObject
           ^
/Users/cameronanderson/SnapChef/snapchef/ios/SnapChef/Features/Sharing/Platforms/TikTok/OverlayFactory.swift:82:17: warning: capture of 'self' with non-sendable type 'OverlayFactory' in a '@Sendable' closure
                self.memoryOptimizer.logMemoryProfile(phase: "OverlayFactory Complete")
                ^
/Users/cameronanderson/SnapChef/snapchef/ios/SnapChef/Features/Sharing/Platforms/TikTok/OverlayFactory.swift:16:14: note: class 'OverlayFactory' does not conform to the 'Sendable' protocol
public class OverlayFactory {
             ^
/Users/cameronanderson/SnapChef/snapchef/ios/SnapChef/Features/Sharing/Platforms/TikTok/OverlayFactory.swift:84:24: warning: capture of 'exportSession' with non-sendable type 'AVAssetExportSession' in a '@Sendable' closure
                switch exportSession.status {
                       ^
/Applications/Xcode.app/Contents/Developer/Platforms/iPhoneSimulator.platform/Developer/SDKs/iPhoneSimulator18.5.sdk/System/Library/Frameworks/AVFoundation.framework/Headers/AVAssetExportSession.h:156:12: note: class 'AVAssetExportSession' does not conform to the 'Sendable' protocol
@interface AVAssetExportSession : NSObject
           ^
/Users/cameronanderson/SnapChef/snapchef/ios/SnapChef/Features/Sharing/Platforms/TikTok/OverlayFactory.swift:947:16: warning: capture of 'self' with non-sendable type 'OverlayFactory' in a '@Sendable' closure
            if self.layerCache.count >= self.maxCacheSize {
               ^
/Users/cameronanderson/SnapChef/snapchef/ios/SnapChef/Features/Sharing/Platforms/TikTok/OverlayFactory.swift:16:14: note: class 'OverlayFactory' does not conform to the 'Sendable' protocol
public class OverlayFactory {
             ^
/Users/cameronanderson/SnapChef/snapchef/ios/SnapChef/Features/Sharing/Platforms/TikTok/OverlayFactory.swift:954:36: warning: capture of 'layer' with non-sendable type 'CALayer' in a '@Sendable' closure
            self.layerCache[key] = layer.copy() as? CALayer
                                   ^
/Applications/Xcode.app/Contents/Developer/Platforms/iPhoneSimulator.platform/Developer/SDKs/iPhoneSimulator18.5.sdk/System/Library/Frameworks/QuartzCore.framework/Headers/CALayer.h:86:12: note: class 'CALayer' does not conform to the 'Sendable' protocol
@interface CALayer : NSObject <NSSecureCoding, CAMediaTiming>
           ^
/Users/cameronanderson/SnapChef/snapchef/ios/SnapChef/Features/Sharing/Platforms/TikTok/OverlayFactory.swift:950:40: error: capture of 'self' with non-sendable type 'OverlayFactory' in an isolated closure
                keysToRemove.forEach { self.layerCache.removeValue(forKey: $0) }
                                       ^
/Users/cameronanderson/SnapChef/snapchef/ios/SnapChef/Features/Sharing/Platforms/TikTok/OverlayFactory.swift:16:14: note: class 'OverlayFactory' does not conform to the 'Sendable' protocol
public class OverlayFactory {
             ^
/Users/cameronanderson/SnapChef/snapchef/ios/SnapChef/Features/Sharing/Platforms/TikTok/OverlayFactory.swift:961:13: warning: capture of 'self' with non-sendable type 'OverlayFactory' in a '@Sendable' closure
            self.layerCache.removeAll()
            ^
/Users/cameronanderson/SnapChef/snapchef/ios/SnapChef/Features/Sharing/Platforms/TikTok/OverlayFactory.swift:16:14: note: class 'OverlayFactory' does not conform to the 'Sendable' protocol
public class OverlayFactory {
             ^

SwiftCompile normal arm64 /Users/cameronanderson/SnapChef/snapchef/ios/build_temp/Build/Intermediates.noindex/SnapChef.build/Debug-iphonesimulator/SnapChef.build/DerivedSources/GeneratedAssetSymbols.swift (in target 'SnapChef' from project 'SnapChef')
    cd /Users/cameronanderson/SnapChef/snapchef/ios
    
/Users/cameronanderson/SnapChef/snapchef/ios/SnapChef/Features/Sharing/Platforms/TikTok/ViralVideoEngine.swift:252:13: warning: initialization of immutable value 'targetSize' was never used; consider replacing with assignment to '_' or removing it
        let targetSize = config.size
        ~~~~^~~~~~~~~~
        _
/Users/cameronanderson/SnapChef/snapchef/ios/SnapChef/Features/Sharing/Platforms/TikTok/ViralVideoEngine.swift:290:43: warning: capture of 'exportSession' with non-sendable type 'AVAssetExportSession?' in a '@Sendable' closure
                guard let exportSession = exportSession else { return }
                                          ^
Swift.Optional:1:21: note: generic enum 'Optional' does not conform to the 'Sendable' protocol
@frozen public enum Optional<Wrapped> : ~Copyable where Wrapped : ~Copyable {
                    ^
/Users/cameronanderson/SnapChef/snapchef/ios/SnapChef/Features/Sharing/Platforms/TikTok/ViralVideoEngine.swift:292:27: warning: capture of 'progressCallback' with non-sendable type '(Double) async -> Void' in a '@Sendable' closure
                    await progressCallback(Double(exportSession.progress))
                          ^
/Users/cameronanderson/SnapChef/snapchef/ios/SnapChef/Features/Sharing/Platforms/TikTok/ViralVideoEngine.swift:292:27: note: a function type must be marked '@Sendable' to conform to 'Sendable'
                    await progressCallback(Double(exportSession.progress))
                          ^
/Users/cameronanderson/SnapChef/snapchef/ios/SnapChef/Features/Sharing/Platforms/TikTok/ViralVideoEngine.swift:292:27: error: capture of 'progressCallback' with non-sendable type '(Double) async -> Void' in an isolated closure
                    await progressCallback(Double(exportSession.progress))
                          ^
/Users/cameronanderson/SnapChef/snapchef/ios/SnapChef/Features/Sharing/Platforms/TikTok/ViralVideoEngine.swift:292:27: note: a function type must be marked '@Sendable' to conform to 'Sendable'
                    await progressCallback(Double(exportSession.progress))
                          ^
/Users/cameronanderson/SnapChef/snapchef/ios/SnapChef/Features/Sharing/Platforms/TikTok/ViralVideoEngine.swift:297:17: warning: capture of 'progressTimer' with non-sendable type 'Timer' in a '@Sendable' closure
                progressTimer.invalidate()
                ^
/Applications/Xcode.app/Contents/Developer/Platforms/iPhoneSimulator.platform/Developer/SDKs/iPhoneSimulator18.5.sdk/System/Library/Frameworks/Foundation.framework/Headers/NSTimer.h:10:12: note: class 'Timer' does not conform to the 'Sendable' protocol
@interface NSTimer : NSObject
           ^
/Users/cameronanderson/SnapChef/snapchef/ios/SnapChef/Features/Sharing/Platforms/TikTok/ViralVideoEngine.swift:299:43: warning: capture of 'exportSession' with non-sendable type 'AVAssetExportSession?' in a '@Sendable' closure
                guard let exportSession = exportSession else {
                                          ^
Swift.Optional:1:21: note: generic enum 'Optional' does not conform to the 'Sendable' protocol
@frozen public enum Optional<Wrapped> : ~Copyable where Wrapped : ~Copyable {
                    ^

SwiftCompile normal x86_64 Compiling\ ErrorHandler.swift,\ SnapChefAPIManager.swift,\ FoodPreferencesView.swift,\ PhysicsLoadingOverlay.swift,\ LocalRecipeDatabase.swift,\ EmojiFlickGame.swift,\ ComboEffects.swift,\ ExplosionEffect.swift,\ FlickTrailEffect.swift,\ ParticleEmitter.swift,\ InfluencerRecipe.swift,\ InfluencerShowcaseCard.swift,\ InfluencerCarousel.swift,\ InfluencerDetailView.swift,\ AIProcessingView.swift,\ SubscriptionManager.swift,\ AnalyticsManager.swift,\ PremiumUpgradePrompt.swift,\ SnapchefLogo.swift /Users/cameronanderson/SnapChef/snapchef/ios/SnapChef/Core/Utilities/ErrorHandler.swift /Users/cameronanderson/SnapChef/snapchef/ios/SnapChef/Core/Networking/SnapChefAPIManager.swift /Users/cameronanderson/SnapChef/snapchef/ios/SnapChef/Features/Profile/FoodPreferencesView.swift /Users/cameronanderson/SnapChef/snapchef/ios/SnapChef/Features/Camera/PhysicsLoadingOverlay.swift /Users/cameronanderson/SnapChef/snapchef/ios/SnapChef/Features/AIPersonality/LocalRecipeDatabase.swift /Users/cameronanderson/SnapChef/snapchef/ios/SnapChef/Features/Camera/EmojiFlickGame.swift /Users/cameronanderson/SnapChef/snapchef/ios/SnapChef/Design/ComboEffects.swift /Users/cameronanderson/SnapChef/snapchef/ios/SnapChef/Design/ExplosionEffect.swift /Users/cameronanderson/SnapChef/snapchef/ios/SnapChef/Design/FlickTrailEffect.swift /Users/cameronanderson/SnapChef/snapchef/ios/SnapChef/Design/ParticleEmitter.swift /Users/cameronanderson/SnapChef/snapchef/ios/SnapChef/Core/Models/InfluencerRecipe.swift /Users/cameronanderson/SnapChef/snapchef/ios/SnapChef/Features/Home/InfluencerShowcaseCard.swift /Users/cameronanderson/SnapChef/snapchef/ios/SnapChef/Features/Home/InfluencerCarousel.swift /Users/cameronanderson/SnapChef/snapchef/ios/SnapChef/Features/Home/InfluencerDetailView.swift /Users/cameronanderson/SnapChef/snapchef/ios/SnapChef/Features/Camera/AIProcessingView.swift /Users/cameronanderson/SnapChef/snapchef/ios/SnapChef/Core/Services/SubscriptionManager.swift /Users/cameronanderson/SnapChef/snapchef/ios/SnapChef/Core/Services/AnalyticsManager.swift /Users/cameronanderson/SnapChef/snapchef/ios/SnapChef/Features/Authentication/PremiumUpgradePrompt.swift /Users/cameronanderson/SnapChef/snapchef/ios/SnapChef/Design/SnapchefLogo.swift (in target 'SnapChef' from project 'SnapChef')

SwiftCompile normal x86_64 /Users/cameronanderson/SnapChef/snapchef/ios/SnapChef/Core/Utilities/ErrorHandler.swift (in target 'SnapChef' from project 'SnapChef')
    cd /Users/cameronanderson/SnapChef/snapchef/ios
    

SwiftCompile normal x86_64 /Users/cameronanderson/SnapChef/snapchef/ios/SnapChef/Core/Networking/SnapChefAPIManager.swift (in target 'SnapChef' from project 'SnapChef')
    cd /Users/cameronanderson/SnapChef/snapchef/ios
    

SwiftCompile normal x86_64 /Users/cameronanderson/SnapChef/snapchef/ios/SnapChef/Features/Profile/FoodPreferencesView.swift (in target 'SnapChef' from project 'SnapChef')
    cd /Users/cameronanderson/SnapChef/snapchef/ios
    

SwiftCompile normal x86_64 /Users/cameronanderson/SnapChef/snapchef/ios/SnapChef/Features/Camera/PhysicsLoadingOverlay.swift (in target 'SnapChef' from project 'SnapChef')
    cd /Users/cameronanderson/SnapChef/snapchef/ios
    

SwiftCompile normal x86_64 /Users/cameronanderson/SnapChef/snapchef/ios/SnapChef/Features/AIPersonality/LocalRecipeDatabase.swift (in target 'SnapChef' from project 'SnapChef')
    cd /Users/cameronanderson/SnapChef/snapchef/ios
    

SwiftCompile normal x86_64 /Users/cameronanderson/SnapChef/snapchef/ios/SnapChef/Features/Camera/EmojiFlickGame.swift (in target 'SnapChef' from project 'SnapChef')
    cd /Users/cameronanderson/SnapChef/snapchef/ios
    

SwiftCompile normal x86_64 /Users/cameronanderson/SnapChef/snapchef/ios/SnapChef/Design/ComboEffects.swift (in target 'SnapChef' from project 'SnapChef')
    cd /Users/cameronanderson/SnapChef/snapchef/ios
    

SwiftCompile normal x86_64 /Users/cameronanderson/SnapChef/snapchef/ios/SnapChef/Design/ExplosionEffect.swift (in target 'SnapChef' from project 'SnapChef')
    cd /Users/cameronanderson/SnapChef/snapchef/ios
    

SwiftCompile normal x86_64 /Users/cameronanderson/SnapChef/snapchef/ios/SnapChef/Design/FlickTrailEffect.swift (in target 'SnapChef' from project 'SnapChef')
    cd /Users/cameronanderson/SnapChef/snapchef/ios
    

SwiftCompile normal x86_64 /Users/cameronanderson/SnapChef/snapchef/ios/SnapChef/Design/ParticleEmitter.swift (in target 'SnapChef' from project 'SnapChef')
    cd /Users/cameronanderson/SnapChef/snapchef/ios
    

SwiftCompile normal x86_64 /Users/cameronanderson/SnapChef/snapchef/ios/SnapChef/Core/Models/InfluencerRecipe.swift (in target 'SnapChef' from project 'SnapChef')
    cd /Users/cameronanderson/SnapChef/snapchef/ios
    

SwiftCompile normal x86_64 /Users/cameronanderson/SnapChef/snapchef/ios/SnapChef/Features/Home/InfluencerShowcaseCard.swift (in target 'SnapChef' from project 'SnapChef')
    cd /Users/cameronanderson/SnapChef/snapchef/ios
    

SwiftCompile normal x86_64 /Users/cameronanderson/SnapChef/snapchef/ios/SnapChef/Features/Home/InfluencerCarousel.swift (in target 'SnapChef' from project 'SnapChef')
    cd /Users/cameronanderson/SnapChef/snapchef/ios
    

SwiftCompile normal x86_64 /Users/cameronanderson/SnapChef/snapchef/ios/SnapChef/Features/Home/InfluencerDetailView.swift (in target 'SnapChef' from project 'SnapChef')
    cd /Users/cameronanderson/SnapChef/snapchef/ios
    

SwiftCompile normal x86_64 /Users/cameronanderson/SnapChef/snapchef/ios/SnapChef/Features/Camera/AIProcessingView.swift (in target 'SnapChef' from project 'SnapChef')
    cd /Users/cameronanderson/SnapChef/snapchef/ios
    

SwiftCompile normal x86_64 /Users/cameronanderson/SnapChef/snapchef/ios/SnapChef/Core/Services/SubscriptionManager.swift (in target 'SnapChef' from project 'SnapChef')
    cd /Users/cameronanderson/SnapChef/snapchef/ios
    

SwiftCompile normal x86_64 /Users/cameronanderson/SnapChef/snapchef/ios/SnapChef/Core/Services/AnalyticsManager.swift (in target 'SnapChef' from project 'SnapChef')
    cd /Users/cameronanderson/SnapChef/snapchef/ios
    

SwiftCompile normal x86_64 /Users/cameronanderson/SnapChef/snapchef/ios/SnapChef/Features/Authentication/PremiumUpgradePrompt.swift (in target 'SnapChef' from project 'SnapChef')
    cd /Users/cameronanderson/SnapChef/snapchef/ios
    

SwiftCompile normal x86_64 /Users/cameronanderson/SnapChef/snapchef/ios/SnapChef/Design/SnapchefLogo.swift (in target 'SnapChef' from project 'SnapChef')
    cd /Users/cameronanderson/SnapChef/snapchef/ios
    

SwiftCompile normal arm64 Compiling\ PersistenceController.swift,\ ChallengeAnalytics.swift,\ CloudKitSchema.swift,\ CloudKitSyncService.swift,\ CloudKitDataManager.swift,\ CloudKitRecipeManager.swift,\ FakeUserDataService.swift,\ CloudKitChallengeManager.swift,\ CloudKitModels.swift,\ TeamChallengeView.swift,\ CreateTeamView.swift,\ LeaderboardViewModel.swift,\ PremiumChallengeManager.swift,\ ActivityFeedView.swift,\ DiscoverUsersView.swift,\ RecipeCommentsView.swift,\ UserProfileView.swift,\ UserProfileViewModel.swift,\ CloudKitRecipe.swift /Users/cameronanderson/SnapChef/snapchef/ios/SnapChef/Core/Services/PersistenceController.swift /Users/cameronanderson/SnapChef/snapchef/ios/SnapChef/Core/Services/ChallengeAnalytics.swift /Users/cameronanderson/SnapChef/snapchef/ios/SnapChef/Core/Services/CloudKitSchema.swift /Users/cameronanderson/SnapChef/snapchef/ios/SnapChef/Core/Services/CloudKitSyncService.swift /Users/cameronanderson/SnapChef/snapchef/ios/SnapChef/Core/Services/CloudKitDataManager.swift /Users/cameronanderson/SnapChef/snapchef/ios/SnapChef/Core/Services/CloudKitRecipeManager.swift /Users/cameronanderson/SnapChef/snapchef/ios/SnapChef/Core/Services/FakeUserDataService.swift /Users/cameronanderson/SnapChef/snapchef/ios/SnapChef/Core/Services/CloudKitChallengeManager.swift /Users/cameronanderson/SnapChef/snapchef/ios/SnapChef/Core/Services/CloudKitModels.swift /Users/cameronanderson/SnapChef/snapchef/ios/SnapChef/Features/Gamification/Views/TeamChallengeView.swift /Users/cameronanderson/SnapChef/snapchef/ios/SnapChef/Features/Gamification/Views/CreateTeamView.swift /Users/cameronanderson/SnapChef/snapchef/ios/SnapChef/Features/Gamification/ViewModels/LeaderboardViewModel.swift /Users/cameronanderson/SnapChef/snapchef/ios/SnapChef/Features/Gamification/PremiumChallengeManager.swift /Users/cameronanderson/SnapChef/snapchef/ios/SnapChef/Features/Sharing/ActivityFeedView.swift /Users/cameronanderson/SnapChef/snapchef/ios/SnapChef/Features/Sharing/DiscoverUsersView.swift /Users/cameronanderson/SnapChef/snapchef/ios/SnapChef/Features/Sharing/RecipeCommentsView.swift /Users/cameronanderson/SnapChef/snapchef/ios/SnapChef/Features/Social/UserProfileView.swift /Users/cameronanderson/SnapChef/snapchef/ios/SnapChef/Features/Social/UserProfileViewModel.swift /Users/cameronanderson/SnapChef/snapchef/ios/SnapChef/Core/Models/CloudKitRecipe.swift (in target 'SnapChef' from project 'SnapChef')

SwiftCompile normal arm64 /Users/cameronanderson/SnapChef/snapchef/ios/SnapChef/Core/Services/PersistenceController.swift (in target 'SnapChef' from project 'SnapChef')
    cd /Users/cameronanderson/SnapChef/snapchef/ios
    

SwiftCompile normal arm64 /Users/cameronanderson/SnapChef/snapchef/ios/SnapChef/Core/Services/ChallengeAnalytics.swift (in target 'SnapChef' from project 'SnapChef')
    cd /Users/cameronanderson/SnapChef/snapchef/ios
    

SwiftCompile normal arm64 /Users/cameronanderson/SnapChef/snapchef/ios/SnapChef/Core/Services/CloudKitSchema.swift (in target 'SnapChef' from project 'SnapChef')
    cd /Users/cameronanderson/SnapChef/snapchef/ios
    

SwiftCompile normal arm64 /Users/cameronanderson/SnapChef/snapchef/ios/SnapChef/Core/Services/CloudKitSyncService.swift (in target 'SnapChef' from project 'SnapChef')
    cd /Users/cameronanderson/SnapChef/snapchef/ios
    

SwiftCompile normal arm64 /Users/cameronanderson/SnapChef/snapchef/ios/SnapChef/Core/Services/CloudKitDataManager.swift (in target 'SnapChef' from project 'SnapChef')
    cd /Users/cameronanderson/SnapChef/snapchef/ios
    

SwiftCompile normal arm64 /Users/cameronanderson/SnapChef/snapchef/ios/SnapChef/Core/Services/CloudKitRecipeManager.swift (in target 'SnapChef' from project 'SnapChef')
    cd /Users/cameronanderson/SnapChef/snapchef/ios
    

SwiftCompile normal arm64 /Users/cameronanderson/SnapChef/snapchef/ios/SnapChef/Core/Services/FakeUserDataService.swift (in target 'SnapChef' from project 'SnapChef')
    cd /Users/cameronanderson/SnapChef/snapchef/ios
    

SwiftCompile normal arm64 /Users/cameronanderson/SnapChef/snapchef/ios/SnapChef/Core/Services/CloudKitChallengeManager.swift (in target 'SnapChef' from project 'SnapChef')
    cd /Users/cameronanderson/SnapChef/snapchef/ios
    

SwiftCompile normal arm64 /Users/cameronanderson/SnapChef/snapchef/ios/SnapChef/Core/Services/CloudKitModels.swift (in target 'SnapChef' from project 'SnapChef')
    cd /Users/cameronanderson/SnapChef/snapchef/ios
    

SwiftCompile normal arm64 /Users/cameronanderson/SnapChef/snapchef/ios/SnapChef/Features/Gamification/Views/TeamChallengeView.swift (in target 'SnapChef' from project 'SnapChef')
    cd /Users/cameronanderson/SnapChef/snapchef/ios
    

SwiftCompile normal arm64 /Users/cameronanderson/SnapChef/snapchef/ios/SnapChef/Features/Gamification/Views/CreateTeamView.swift (in target 'SnapChef' from project 'SnapChef')
    cd /Users/cameronanderson/SnapChef/snapchef/ios
    

SwiftCompile normal arm64 /Users/cameronanderson/SnapChef/snapchef/ios/SnapChef/Features/Gamification/ViewModels/LeaderboardViewModel.swift (in target 'SnapChef' from project 'SnapChef')
    cd /Users/cameronanderson/SnapChef/snapchef/ios
    

SwiftCompile normal arm64 /Users/cameronanderson/SnapChef/snapchef/ios/SnapChef/Features/Gamification/PremiumChallengeManager.swift (in target 'SnapChef' from project 'SnapChef')
    cd /Users/cameronanderson/SnapChef/snapchef/ios
    

SwiftCompile normal arm64 /Users/cameronanderson/SnapChef/snapchef/ios/SnapChef/Features/Sharing/ActivityFeedView.swift (in target 'SnapChef' from project 'SnapChef')
    cd /Users/cameronanderson/SnapChef/snapchef/ios
    

SwiftCompile normal arm64 /Users/cameronanderson/SnapChef/snapchef/ios/SnapChef/Features/Sharing/DiscoverUsersView.swift (in target 'SnapChef' from project 'SnapChef')
    cd /Users/cameronanderson/SnapChef/snapchef/ios
    

SwiftCompile normal arm64 /Users/cameronanderson/SnapChef/snapchef/ios/SnapChef/Features/Sharing/RecipeCommentsView.swift (in target 'SnapChef' from project 'SnapChef')
    cd /Users/cameronanderson/SnapChef/snapchef/ios
    

SwiftCompile normal arm64 /Users/cameronanderson/SnapChef/snapchef/ios/SnapChef/Features/Social/UserProfileView.swift (in target 'SnapChef' from project 'SnapChef')
    cd /Users/cameronanderson/SnapChef/snapchef/ios
    

SwiftCompile normal arm64 /Users/cameronanderson/SnapChef/snapchef/ios/SnapChef/Features/Social/UserProfileViewModel.swift (in target 'SnapChef' from project 'SnapChef')
    cd /Users/cameronanderson/SnapChef/snapchef/ios
    

SwiftCompile normal arm64 /Users/cameronanderson/SnapChef/snapchef/ios/SnapChef/Core/Models/CloudKitRecipe.swift (in target 'SnapChef' from project 'SnapChef')
    cd /Users/cameronanderson/SnapChef/snapchef/ios
    

SwiftCompile normal x86_64 Compiling\ SnapChefApp.swift,\ ContentView.swift,\ Recipe.swift,\ User.swift,\ AppState.swift,\ AuthenticationManager.swift,\ DeviceManager.swift,\ NetworkManager.swift,\ HapticManager.swift,\ MockDataProvider.swift,\ HomeView.swift,\ CameraModel.swift,\ CameraView.swift,\ RecipesView.swift,\ RecipeResultsView.swift,\ ProfileView.swift,\ EnhancedShareSheet.swift,\ OnboardingView.swift,\ SubscriptionView.swift /Users/cameronanderson/SnapChef/snapchef/ios/SnapChef/App/SnapChefApp.swift /Users/cameronanderson/SnapChef/snapchef/ios/SnapChef/App/ContentView.swift /Users/cameronanderson/SnapChef/snapchef/ios/SnapChef/Core/Models/Recipe.swift /Users/cameronanderson/SnapChef/snapchef/ios/SnapChef/Core/Models/User.swift /Users/cameronanderson/SnapChef/snapchef/ios/SnapChef/Core/ViewModels/AppState.swift /Users/cameronanderson/SnapChef/snapchef/ios/SnapChef/Core/Services/AuthenticationManager.swift /Users/cameronanderson/SnapChef/snapchef/ios/SnapChef/Core/Services/DeviceManager.swift /Users/cameronanderson/SnapChef/snapchef/ios/SnapChef/Core/Networking/NetworkManager.swift /Users/cameronanderson/SnapChef/snapchef/ios/SnapChef/Core/Utilities/HapticManager.swift /Users/cameronanderson/SnapChef/snapchef/ios/SnapChef/Core/Utilities/MockDataProvider.swift /Users/cameronanderson/SnapChef/snapchef/ios/SnapChef/HomeView.swift /Users/cameronanderson/SnapChef/snapchef/ios/SnapChef/Features/Camera/CameraModel.swift /Users/cameronanderson/SnapChef/snapchef/ios/SnapChef/Features/Camera/CameraView.swift /Users/cameronanderson/SnapChef/snapchef/ios/SnapChef/Features/Recipes/RecipesView.swift /Users/cameronanderson/SnapChef/snapchef/ios/SnapChef/Features/Recipes/RecipeResultsView.swift /Users/cameronanderson/SnapChef/snapchef/ios/SnapChef/Features/Profile/ProfileView.swift /Users/cameronanderson/SnapChef/snapchef/ios/SnapChef/Features/Share/EnhancedShareSheet.swift /Users/cameronanderson/SnapChef/snapchef/ios/SnapChef/Features/Authentication/OnboardingView.swift /Users/cameronanderson/SnapChef/snapchef/ios/SnapChef/Features/Authentication/SubscriptionView.swift (in target 'SnapChef' from project 'SnapChef')

SwiftCompile normal x86_64 /Users/cameronanderson/SnapChef/snapchef/ios/SnapChef/App/SnapChefApp.swift (in target 'SnapChef' from project 'SnapChef')
    cd /Users/cameronanderson/SnapChef/snapchef/ios
    

SwiftCompile normal x86_64 /Users/cameronanderson/SnapChef/snapchef/ios/SnapChef/App/ContentView.swift (in target 'SnapChef' from project 'SnapChef')
    cd /Users/cameronanderson/SnapChef/snapchef/ios
    

SwiftCompile normal x86_64 /Users/cameronanderson/SnapChef/snapchef/ios/SnapChef/Core/Models/Recipe.swift (in target 'SnapChef' from project 'SnapChef')
    cd /Users/cameronanderson/SnapChef/snapchef/ios
    

SwiftCompile normal x86_64 /Users/cameronanderson/SnapChef/snapchef/ios/SnapChef/Core/Models/User.swift (in target 'SnapChef' from project 'SnapChef')
    cd /Users/cameronanderson/SnapChef/snapchef/ios
    

SwiftCompile normal x86_64 /Users/cameronanderson/SnapChef/snapchef/ios/SnapChef/Core/ViewModels/AppState.swift (in target 'SnapChef' from project 'SnapChef')
    cd /Users/cameronanderson/SnapChef/snapchef/ios
    

SwiftCompile normal x86_64 /Users/cameronanderson/SnapChef/snapchef/ios/SnapChef/Core/Services/AuthenticationManager.swift (in target 'SnapChef' from project 'SnapChef')
    cd /Users/cameronanderson/SnapChef/snapchef/ios
    

SwiftCompile normal x86_64 /Users/cameronanderson/SnapChef/snapchef/ios/SnapChef/Core/Services/DeviceManager.swift (in target 'SnapChef' from project 'SnapChef')
    cd /Users/cameronanderson/SnapChef/snapchef/ios
    

SwiftCompile normal x86_64 /Users/cameronanderson/SnapChef/snapchef/ios/SnapChef/Core/Networking/NetworkManager.swift (in target 'SnapChef' from project 'SnapChef')
    cd /Users/cameronanderson/SnapChef/snapchef/ios
    

SwiftCompile normal x86_64 /Users/cameronanderson/SnapChef/snapchef/ios/SnapChef/Core/Utilities/HapticManager.swift (in target 'SnapChef' from project 'SnapChef')
    cd /Users/cameronanderson/SnapChef/snapchef/ios
    

SwiftCompile normal x86_64 /Users/cameronanderson/SnapChef/snapchef/ios/SnapChef/Core/Utilities/MockDataProvider.swift (in target 'SnapChef' from project 'SnapChef')
    cd /Users/cameronanderson/SnapChef/snapchef/ios
    

SwiftCompile normal x86_64 /Users/cameronanderson/SnapChef/snapchef/ios/SnapChef/HomeView.swift (in target 'SnapChef' from project 'SnapChef')
    cd /Users/cameronanderson/SnapChef/snapchef/ios
    

SwiftCompile normal x86_64 /Users/cameronanderson/SnapChef/snapchef/ios/SnapChef/Features/Camera/CameraModel.swift (in target 'SnapChef' from project 'SnapChef')
    cd /Users/cameronanderson/SnapChef/snapchef/ios
    

SwiftCompile normal x86_64 /Users/cameronanderson/SnapChef/snapchef/ios/SnapChef/Features/Camera/CameraView.swift (in target 'SnapChef' from project 'SnapChef')
    cd /Users/cameronanderson/SnapChef/snapchef/ios
    

SwiftCompile normal x86_64 /Users/cameronanderson/SnapChef/snapchef/ios/SnapChef/Features/Recipes/RecipesView.swift (in target 'SnapChef' from project 'SnapChef')
    cd /Users/cameronanderson/SnapChef/snapchef/ios
    

SwiftCompile normal x86_64 /Users/cameronanderson/SnapChef/snapchef/ios/SnapChef/Features/Recipes/RecipeResultsView.swift (in target 'SnapChef' from project 'SnapChef')
    cd /Users/cameronanderson/SnapChef/snapchef/ios
    

SwiftCompile normal x86_64 /Users/cameronanderson/SnapChef/snapchef/ios/SnapChef/Features/Profile/ProfileView.swift (in target 'SnapChef' from project 'SnapChef')
    cd /Users/cameronanderson/SnapChef/snapchef/ios
    

SwiftCompile normal x86_64 /Users/cameronanderson/SnapChef/snapchef/ios/SnapChef/Features/Share/EnhancedShareSheet.swift (in target 'SnapChef' from project 'SnapChef')
    cd /Users/cameronanderson/SnapChef/snapchef/ios
    

SwiftCompile normal x86_64 /Users/cameronanderson/SnapChef/snapchef/ios/SnapChef/Features/Authentication/OnboardingView.swift (in target 'SnapChef' from project 'SnapChef')
    cd /Users/cameronanderson/SnapChef/snapchef/ios
    

SwiftCompile normal x86_64 /Users/cameronanderson/SnapChef/snapchef/ios/SnapChef/Features/Authentication/SubscriptionView.swift (in target 'SnapChef' from project 'SnapChef')
    cd /Users/cameronanderson/SnapChef/snapchef/ios
    

SwiftCompile normal arm64 Compiling\ CloudKitManager.swift,\ ChallengeGenerator.swift,\ ChallengeProgressTracker.swift,\ ChallengeService.swift,\ RewardSystem.swift,\ ChefCoinsManager.swift,\ ChallengeRewardAnimator.swift,\ UnlockablesStore.swift,\ CloudKitAuthManager.swift,\ CloudKitAuthView.swift,\ CloudKitUsernameView.swift,\ ChallengeNotificationManager.swift,\ TeamChallengeManager.swift,\ ChallengeSharingManager.swift,\ ChallengeHubView.swift,\ ChallengeCardView.swift,\ DailyCheckInView.swift,\ AchievementGalleryView.swift,\ LeaderboardView.swift /Users/cameronanderson/SnapChef/snapchef/ios/SnapChef/Core/Services/CloudKitManager.swift /Users/cameronanderson/SnapChef/snapchef/ios/SnapChef/Features/Gamification/ChallengeGenerator.swift /Users/cameronanderson/SnapChef/snapchef/ios/SnapChef/Features/Gamification/ChallengeProgressTracker.swift /Users/cameronanderson/SnapChef/snapchef/ios/SnapChef/Features/Gamification/ChallengeService.swift /Users/cameronanderson/SnapChef/snapchef/ios/SnapChef/Features/Gamification/RewardSystem.swift /Users/cameronanderson/SnapChef/snapchef/ios/SnapChef/Features/Gamification/ChefCoinsManager.swift /Users/cameronanderson/SnapChef/snapchef/ios/SnapChef/Features/Gamification/ChallengeRewardAnimator.swift /Users/cameronanderson/SnapChef/snapchef/ios/SnapChef/Features/Gamification/UnlockablesStore.swift /Users/cameronanderson/SnapChef/snapchef/ios/SnapChef/Core/Services/CloudKitAuthManager.swift /Users/cameronanderson/SnapChef/snapchef/ios/SnapChef/Features/Authentication/CloudKitAuthView.swift /Users/cameronanderson/SnapChef/snapchef/ios/SnapChef/Features/Authentication/CloudKitUsernameView.swift /Users/cameronanderson/SnapChef/snapchef/ios/SnapChef/Features/Gamification/ChallengeNotificationManager.swift /Users/cameronanderson/SnapChef/snapchef/ios/SnapChef/Features/Gamification/TeamChallengeManager.swift /Users/cameronanderson/SnapChef/snapchef/ios/SnapChef/Features/Gamification/ChallengeSharingManager.swift /Users/cameronanderson/SnapChef/snapchef/ios/SnapChef/Features/Gamification/Views/ChallengeHubView.swift /Users/cameronanderson/SnapChef/snapchef/ios/SnapChef/Features/Gamification/Views/ChallengeCardView.swift /Users/cameronanderson/SnapChef/snapchef/ios/SnapChef/Features/Gamification/Views/DailyCheckInView.swift /Users/cameronanderson/SnapChef/snapchef/ios/SnapChef/Features/Gamification/Views/AchievementGalleryView.swift /Users/cameronanderson/SnapChef/snapchef/ios/SnapChef/Features/Gamification/Views/LeaderboardView.swift (in target 'SnapChef' from project 'SnapChef')

SwiftCompile normal arm64 /Users/cameronanderson/SnapChef/snapchef/ios/SnapChef/Core/Services/CloudKitManager.swift (in target 'SnapChef' from project 'SnapChef')
    cd /Users/cameronanderson/SnapChef/snapchef/ios
    

SwiftCompile normal arm64 /Users/cameronanderson/SnapChef/snapchef/ios/SnapChef/Features/Gamification/ChallengeGenerator.swift (in target 'SnapChef' from project 'SnapChef')
    cd /Users/cameronanderson/SnapChef/snapchef/ios
    

SwiftCompile normal arm64 /Users/cameronanderson/SnapChef/snapchef/ios/SnapChef/Features/Gamification/ChallengeProgressTracker.swift (in target 'SnapChef' from project 'SnapChef')
    cd /Users/cameronanderson/SnapChef/snapchef/ios
    

SwiftCompile normal arm64 /Users/cameronanderson/SnapChef/snapchef/ios/SnapChef/Features/Gamification/ChallengeService.swift (in target 'SnapChef' from project 'SnapChef')
    cd /Users/cameronanderson/SnapChef/snapchef/ios
    

SwiftCompile normal arm64 /Users/cameronanderson/SnapChef/snapchef/ios/SnapChef/Features/Gamification/RewardSystem.swift (in target 'SnapChef' from project 'SnapChef')
    cd /Users/cameronanderson/SnapChef/snapchef/ios
    

SwiftCompile normal arm64 /Users/cameronanderson/SnapChef/snapchef/ios/SnapChef/Features/Gamification/ChefCoinsManager.swift (in target 'SnapChef' from project 'SnapChef')
    cd /Users/cameronanderson/SnapChef/snapchef/ios
    

SwiftCompile normal arm64 /Users/cameronanderson/SnapChef/snapchef/ios/SnapChef/Features/Gamification/ChallengeRewardAnimator.swift (in target 'SnapChef' from project 'SnapChef')
    cd /Users/cameronanderson/SnapChef/snapchef/ios
    

SwiftCompile normal arm64 /Users/cameronanderson/SnapChef/snapchef/ios/SnapChef/Features/Gamification/UnlockablesStore.swift (in target 'SnapChef' from project 'SnapChef')
    cd /Users/cameronanderson/SnapChef/snapchef/ios
    

SwiftCompile normal arm64 /Users/cameronanderson/SnapChef/snapchef/ios/SnapChef/Core/Services/CloudKitAuthManager.swift (in target 'SnapChef' from project 'SnapChef')
    cd /Users/cameronanderson/SnapChef/snapchef/ios
    

SwiftCompile normal arm64 /Users/cameronanderson/SnapChef/snapchef/ios/SnapChef/Features/Authentication/CloudKitAuthView.swift (in target 'SnapChef' from project 'SnapChef')
    cd /Users/cameronanderson/SnapChef/snapchef/ios
    

SwiftCompile normal arm64 /Users/cameronanderson/SnapChef/snapchef/ios/SnapChef/Features/Authentication/CloudKitUsernameView.swift (in target 'SnapChef' from project 'SnapChef')
    cd /Users/cameronanderson/SnapChef/snapchef/ios
    

SwiftCompile normal arm64 /Users/cameronanderson/SnapChef/snapchef/ios/SnapChef/Features/Gamification/ChallengeNotificationManager.swift (in target 'SnapChef' from project 'SnapChef')
    cd /Users/cameronanderson/SnapChef/snapchef/ios
    

SwiftCompile normal arm64 /Users/cameronanderson/SnapChef/snapchef/ios/SnapChef/Features/Gamification/TeamChallengeManager.swift (in target 'SnapChef' from project 'SnapChef')
    cd /Users/cameronanderson/SnapChef/snapchef/ios
    

SwiftCompile normal arm64 /Users/cameronanderson/SnapChef/snapchef/ios/SnapChef/Features/Gamification/ChallengeSharingManager.swift (in target 'SnapChef' from project 'SnapChef')
    cd /Users/cameronanderson/SnapChef/snapchef/ios
    

SwiftCompile normal arm64 /Users/cameronanderson/SnapChef/snapchef/ios/SnapChef/Features/Gamification/Views/ChallengeHubView.swift (in target 'SnapChef' from project 'SnapChef')
    cd /Users/cameronanderson/SnapChef/snapchef/ios
    

SwiftCompile normal arm64 /Users/cameronanderson/SnapChef/snapchef/ios/SnapChef/Features/Gamification/Views/ChallengeCardView.swift (in target 'SnapChef' from project 'SnapChef')
    cd /Users/cameronanderson/SnapChef/snapchef/ios
    

SwiftCompile normal arm64 /Users/cameronanderson/SnapChef/snapchef/ios/SnapChef/Features/Gamification/Views/DailyCheckInView.swift (in target 'SnapChef' from project 'SnapChef')
    cd /Users/cameronanderson/SnapChef/snapchef/ios
    

SwiftCompile normal arm64 /Users/cameronanderson/SnapChef/snapchef/ios/SnapChef/Features/Gamification/Views/AchievementGalleryView.swift (in target 'SnapChef' from project 'SnapChef')
    cd /Users/cameronanderson/SnapChef/snapchef/ios
    

SwiftCompile normal arm64 /Users/cameronanderson/SnapChef/snapchef/ios/SnapChef/Features/Gamification/Views/LeaderboardView.swift (in target 'SnapChef' from project 'SnapChef')
    cd /Users/cameronanderson/SnapChef/snapchef/ios
    

SwiftEmitModule normal x86_64 Emitting\ module\ for\ SnapChef (in target 'SnapChef' from project 'SnapChef')
Command SwiftEmitModule failed with a nonzero exit code

** BUILD FAILED **


The following build commands failed:
	SwiftCompile normal arm64 Compiling\ AppDelegate.swift,\ TikTokMediaShareWrapper.swift,\ TikTokShareService.swift,\ TikTokShareUsageExample.swift,\ ViralVideoSDK.swift,\ ViralVideoEngine.swift,\ ViralVideoDataModels.swift,\ ViralVideoRenderer.swift,\ ViralVideoExporter.swift,\ ViralVideoPolishManager.swift,\ RenderPlanner.swift,\ PerformanceAnalyzer.swift,\ ErrorRecoveryManager.swift,\ MemoryOptimizer.swift,\ StillWriter.swift,\ PolishUIComponents.swift,\ OverlayFactory.swift,\ GeneratedAssetSymbols.swift /Users/cameronanderson/SnapChef/snapchef/ios/SnapChef/App/AppDelegate.swift /Users/cameronanderson/SnapChef/snapchef/ios/SnapChef/Features/Sharing/Platforms/TikTok/TikTokMediaShareWrapper.swift /Users/cameronanderson/SnapChef/snapchef/ios/SnapChef/Features/Sharing/Core/TikTokShareService.swift /Users/cameronanderson/SnapChef/snapchef/ios/SnapChef/Features/Sharing/Core/TikTokShareUsageExample.swift /Users/cameronanderson/SnapChef/snapchef/ios/SnapChef/Features/Sharing/Platforms/TikTok/ViralVideoSDK.swift /Users/cameronanderson/SnapChef/snapchef/ios/SnapChef/Features/Sharing/Platforms/TikTok/ViralVideoEngine.swift /Users/cameronanderson/SnapChef/snapchef/ios/SnapChef/Features/Sharing/Platforms/TikTok/ViralVideoDataModels.swift /Users/cameronanderson/SnapChef/snapchef/ios/SnapChef/Features/Sharing/Platforms/TikTok/ViralVideoRenderer.swift /Users/cameronanderson/SnapChef/snapchef/ios/SnapChef/Features/Sharing/Platforms/TikTok/ViralVideoExporter.swift /Users/cameronanderson/SnapChef/snapchef/ios/SnapChef/Features/Sharing/Platforms/TikTok/ViralVideoPolishManager.swift /Users/cameronanderson/SnapChef/snapchef/ios/SnapChef/Features/Sharing/Platforms/TikTok/RenderPlanner.swift /Users/cameronanderson/SnapChef/snapchef/ios/SnapChef/Features/Sharing/Platforms/TikTok/PerformanceAnalyzer.swift /Users/cameronanderson/SnapChef/snapchef/ios/SnapChef/Features/Sharing/Platforms/TikTok/ErrorRecoveryManager.swift /Users/cameronanderson/SnapChef/snapchef/ios/SnapChef/Features/Sharing/Platforms/TikTok/MemoryOptimizer.swift /Users/cameronanderson/SnapChef/snapchef/ios/SnapChef/Features/Sharing/Platforms/TikTok/StillWriter.swift /Users/cameronanderson/SnapChef/snapchef/ios/SnapChef/Features/Sharing/Platforms/TikTok/PolishUIComponents.swift /Users/cameronanderson/SnapChef/snapchef/ios/SnapChef/Features/Sharing/Platforms/TikTok/OverlayFactory.swift /Users/cameronanderson/SnapChef/snapchef/ios/build_temp/Build/Intermediates.noindex/SnapChef.build/Debug-iphonesimulator/SnapChef.build/DerivedSources/GeneratedAssetSymbols.swift (in target 'SnapChef' from project 'SnapChef')
	SwiftCompile normal arm64 /Users/cameronanderson/SnapChef/snapchef/ios/SnapChef/App/AppDelegate.swift (in target 'SnapChef' from project 'SnapChef')
	SwiftCompile normal arm64 /Users/cameronanderson/SnapChef/snapchef/ios/SnapChef/Features/Sharing/Platforms/TikTok/TikTokMediaShareWrapper.swift (in target 'SnapChef' from project 'SnapChef')
	SwiftCompile normal arm64 /Users/cameronanderson/SnapChef/snapchef/ios/SnapChef/Features/Sharing/Core/TikTokShareService.swift (in target 'SnapChef' from project 'SnapChef')
	SwiftCompile normal arm64 /Users/cameronanderson/SnapChef/snapchef/ios/SnapChef/Features/Sharing/Core/TikTokShareUsageExample.swift (in target 'SnapChef' from project 'SnapChef')
	SwiftCompile normal arm64 /Users/cameronanderson/SnapChef/snapchef/ios/SnapChef/Features/Sharing/Platforms/TikTok/ViralVideoSDK.swift (in target 'SnapChef' from project 'SnapChef')
	SwiftCompile normal arm64 /Users/cameronanderson/SnapChef/snapchef/ios/SnapChef/Features/Sharing/Platforms/TikTok/ViralVideoEngine.swift (in target 'SnapChef' from project 'SnapChef')
	SwiftCompile normal arm64 /Users/cameronanderson/SnapChef/snapchef/ios/SnapChef/Features/Sharing/Platforms/TikTok/ViralVideoDataModels.swift (in target 'SnapChef' from project 'SnapChef')
	SwiftCompile normal arm64 /Users/cameronanderson/SnapChef/snapchef/ios/SnapChef/Features/Sharing/Platforms/TikTok/ViralVideoRenderer.swift (in target 'SnapChef' from project 'SnapChef')
	SwiftCompile normal arm64 /Users/cameronanderson/SnapChef/snapchef/ios/SnapChef/Features/Sharing/Platforms/TikTok/ViralVideoExporter.swift (in target 'SnapChef' from project 'SnapChef')
	SwiftCompile normal arm64 /Users/cameronanderson/SnapChef/snapchef/ios/SnapChef/Features/Sharing/Platforms/TikTok/ViralVideoPolishManager.swift (in target 'SnapChef' from project 'SnapChef')
	SwiftCompile normal arm64 /Users/cameronanderson/SnapChef/snapchef/ios/SnapChef/Features/Sharing/Platforms/TikTok/RenderPlanner.swift (in target 'SnapChef' from project 'SnapChef')
	SwiftCompile normal arm64 /Users/cameronanderson/SnapChef/snapchef/ios/SnapChef/Features/Sharing/Platforms/TikTok/PerformanceAnalyzer.swift (in target 'SnapChef' from project 'SnapChef')
	SwiftCompile normal arm64 /Users/cameronanderson/SnapChef/snapchef/ios/SnapChef/Features/Sharing/Platforms/TikTok/ErrorRecoveryManager.swift (in target 'SnapChef' from project 'SnapChef')
	SwiftCompile normal arm64 /Users/cameronanderson/SnapChef/snapchef/ios/SnapChef/Features/Sharing/Platforms/TikTok/MemoryOptimizer.swift (in target 'SnapChef' from project 'SnapChef')
	SwiftCompile normal arm64 /Users/cameronanderson/SnapChef/snapchef/ios/SnapChef/Features/Sharing/Platforms/TikTok/StillWriter.swift (in target 'SnapChef' from project 'SnapChef')
	SwiftCompile normal arm64 /Users/cameronanderson/SnapChef/snapchef/ios/SnapChef/Features/Sharing/Platforms/TikTok/PolishUIComponents.swift (in target 'SnapChef' from project 'SnapChef')
	SwiftCompile normal arm64 /Users/cameronanderson/SnapChef/snapchef/ios/SnapChef/Features/Sharing/Platforms/TikTok/OverlayFactory.swift (in target 'SnapChef' from project 'SnapChef')
	SwiftCompile normal arm64 /Users/cameronanderson/SnapChef/snapchef/ios/build_temp/Build/Intermediates.noindex/SnapChef.build/Debug-iphonesimulator/SnapChef.build/DerivedSources/GeneratedAssetSymbols.swift (in target 'SnapChef' from project 'SnapChef')
	SwiftEmitModule normal x86_64 Emitting\ module\ for\ SnapChef (in target 'SnapChef' from project 'SnapChef')
	Building project SnapChef with scheme SnapChef and configuration Debug
(21 failures)
