Command line invocation:
    /Applications/Xcode.app/Contents/Developer/usr/bin/xcodebuild -project SnapChef.xcodeproj -scheme SnapChef -configuration Debug -destination "platform=iOS Simulator,name=iPhone 16 Pro" build

Resolve Package Graph


Resolved source packages:
  TikTokOpenSDK: https://github.com/tiktok/tiktok-opensdk-ios @ main (cb0cdc7)

--- xcodebuild: WARNING: Using the first of multiple matching destinations:
{ platform:iOS Simulator, arch:arm64, id:32D65E28-49C7-40DB-BD2E-0B34AF3E20B8, OS:18.5, name:iPhone 16 Pro }
{ platform:iOS Simulator, arch:x86_64, id:32D65E28-49C7-40DB-BD2E-0B34AF3E20B8, OS:18.5, name:iPhone 16 Pro }
ComputePackagePrebuildTargetDependencyGraph

Prepare packages

CreateBuildRequest

SendProjectDescription

CreateBuildOperation

ComputeTargetDependencyGraph
note: Building targets in dependency order
note: Target dependency graph (9 targets)
    Target 'SnapChef' in project 'SnapChef'
        ➜ Explicit dependency on target 'TikTokOpenSDKCore' in project 'TikTokOpenSDK'
        ➜ Explicit dependency on target 'TikTokOpenShareSDK' in project 'TikTokOpenSDK'
        ➜ Explicit dependency on target 'TikTokOpenAuthSDK' in project 'TikTokOpenSDK'
    Target 'TikTokOpenAuthSDK' in project 'TikTokOpenSDK'
        ➜ Explicit dependency on target 'TikTokOpenAuthSDK' in project 'TikTokOpenSDK'
        ➜ Explicit dependency on target 'TikTokOpenSDKCore' in project 'TikTokOpenSDK'
    Target 'TikTokOpenAuthSDK' in project 'TikTokOpenSDK'
        ➜ Explicit dependency on target 'TikTokOpenSDKCore' in project 'TikTokOpenSDK'
    Target 'TikTokOpenShareSDK' in project 'TikTokOpenSDK'
        ➜ Explicit dependency on target 'TikTokOpenShareSDK' in project 'TikTokOpenSDK'
        ➜ Explicit dependency on target 'TikTokOpenSDK_TikTokOpenShareSDK' in project 'TikTokOpenSDK'
        ➜ Explicit dependency on target 'TikTokOpenSDKCore' in project 'TikTokOpenSDK'
    Target 'TikTokOpenShareSDK' in project 'TikTokOpenSDK'
        ➜ Explicit dependency on target 'TikTokOpenSDK_TikTokOpenShareSDK' in project 'TikTokOpenSDK'
        ➜ Explicit dependency on target 'TikTokOpenSDKCore' in project 'TikTokOpenSDK'
    Target 'TikTokOpenSDK_TikTokOpenShareSDK' in project 'TikTokOpenSDK' (no dependencies)
    Target 'TikTokOpenSDKCore' in project 'TikTokOpenSDK'
        ➜ Explicit dependency on target 'TikTokOpenSDKCore' in project 'TikTokOpenSDK'
        ➜ Explicit dependency on target 'TikTokOpenSDK_TikTokOpenSDKCore' in project 'TikTokOpenSDK'
    Target 'TikTokOpenSDKCore' in project 'TikTokOpenSDK'
        ➜ Explicit dependency on target 'TikTokOpenSDK_TikTokOpenSDKCore' in project 'TikTokOpenSDK'
    Target 'TikTokOpenSDK_TikTokOpenSDKCore' in project 'TikTokOpenSDK' (no dependencies)

GatherProvisioningInputs

CreateBuildDescription

ExecuteExternalTool /Applications/Xcode.app/Contents/Developer/Toolchains/XcodeDefault.xctoolchain/usr/bin/swiftc --version

ExecuteExternalTool /Applications/Xcode.app/Contents/Developer/Toolchains/XcodeDefault.xctoolchain/usr/bin/clang -v -E -dM -isysroot /Applications/Xcode.app/Contents/Developer/Platforms/iPhoneSimulator.platform/Developer/SDKs/iPhoneSimulator18.5.sdk -x c -c /dev/null

ExecuteExternalTool /Applications/Xcode.app/Contents/Developer/usr/bin/momc --dry-run --action generate --swift-version 6.0 --sdkroot /Applications/Xcode.app/Contents/Developer/Platforms/iPhoneSimulator.platform/Developer/SDKs/iPhoneSimulator18.5.sdk --iphonesimulator-deployment-target 16.0 --module SnapChef /Users/cameronanderson/SnapChef/snapchef/ios/SnapChef/Core/Models/ChallengeModels.xcdatamodeld /Users/cameronanderson/Library/Developer/Xcode/DerivedData/SnapChef-eofefrxwfkuubrechzzomuddoees/Build/Intermediates.noindex/SnapChef.build/Debug-iphonesimulator/SnapChef.build/DerivedSources/CoreDataGenerated/ChallengeModels

ExecuteExternalTool /Applications/Xcode.app/Contents/Developer/usr/bin/actool --print-asset-tag-combinations --output-format xml1 /Users/cameronanderson/SnapChef/snapchef/ios/SnapChef/Design/Assets.xcassets /Users/cameronanderson/SnapChef/snapchef/ios/SnapChef/Preview Content/Preview Assets.xcassets

ExecuteExternalTool /Applications/Xcode.app/Contents/Developer/Toolchains/XcodeDefault.xctoolchain/usr/bin/ld -version_details

ExecuteExternalTool /Applications/Xcode.app/Contents/Developer/usr/bin/actool --version --output-format xml1

Build description signature: fe8b43c283a92c3e85d32795f2c602f5
Build description path: /Users/cameronanderson/Library/Developer/Xcode/DerivedData/SnapChef-eofefrxwfkuubrechzzomuddoees/Build/Intermediates.noindex/XCBuildData/fe8b43c283a92c3e85d32795f2c602f5.xcbuilddata
ClangStatCache /Applications/Xcode.app/Contents/Developer/Toolchains/XcodeDefault.xctoolchain/usr/bin/clang-stat-cache /Applications/Xcode.app/Contents/Developer/Platforms/iPhoneSimulator.platform/Developer/SDKs/iPhoneSimulator18.5.sdk /Users/cameronanderson/Library/Developer/Xcode/DerivedData/SDKStatCaches.noindex/iphonesimulator18.5-22F76-d5fc8ad4295d2ef488fb7d0f804ce0c4.sdkstatcache
    cd /Users/cameronanderson/SnapChef/snapchef/ios/SnapChef.xcodeproj
    /Applications/Xcode.app/Contents/Developer/Toolchains/XcodeDefault.xctoolchain/usr/bin/clang-stat-cache /Applications/Xcode.app/Contents/Developer/Platforms/iPhoneSimulator.platform/Developer/SDKs/iPhoneSimulator18.5.sdk -o /Users/cameronanderson/Library/Developer/Xcode/DerivedData/SDKStatCaches.noindex/iphonesimulator18.5-22F76-d5fc8ad4295d2ef488fb7d0f804ce0c4.sdkstatcache

Copy /Users/cameronanderson/Library/Developer/Xcode/DerivedData/SnapChef-eofefrxwfkuubrechzzomuddoees/Build/Intermediates.noindex/GeneratedModuleMaps-iphonesimulator/TikTokOpenSDKCore.modulemap /Users/cameronanderson/Library/Developer/Xcode/DerivedData/SnapChef-eofefrxwfkuubrechzzomuddoees/Build/Intermediates.noindex/TikTokOpenSDK.build/Debug-iphonesimulator/TikTokOpenSDKCore.build/TikTokOpenSDKCore.modulemap (in target 'TikTokOpenSDKCore' from project 'TikTokOpenSDK')
    cd /Users/cameronanderson/Library/Developer/Xcode/DerivedData/SnapChef-eofefrxwfkuubrechzzomuddoees/SourcePackages/checkouts/tiktok-opensdk-ios
    builtin-copy -exclude .DS_Store -exclude CVS -exclude .svn -exclude .git -exclude .hg -resolve-src-symlinks /Users/cameronanderson/Library/Developer/Xcode/DerivedData/SnapChef-eofefrxwfkuubrechzzomuddoees/Build/Intermediates.noindex/TikTokOpenSDK.build/Debug-iphonesimulator/TikTokOpenSDKCore.build/TikTokOpenSDKCore.modulemap /Users/cameronanderson/Library/Developer/Xcode/DerivedData/SnapChef-eofefrxwfkuubrechzzomuddoees/Build/Intermediates.noindex/GeneratedModuleMaps-iphonesimulator

Copy /Users/cameronanderson/Library/Developer/Xcode/DerivedData/SnapChef-eofefrxwfkuubrechzzomuddoees/Build/Intermediates.noindex/GeneratedModuleMaps-iphonesimulator/TikTokOpenAuthSDK.modulemap /Users/cameronanderson/Library/Developer/Xcode/DerivedData/SnapChef-eofefrxwfkuubrechzzomuddoees/Build/Intermediates.noindex/TikTokOpenSDK.build/Debug-iphonesimulator/TikTokOpenAuthSDK.build/TikTokOpenAuthSDK.modulemap (in target 'TikTokOpenAuthSDK' from project 'TikTokOpenSDK')
    cd /Users/cameronanderson/Library/Developer/Xcode/DerivedData/SnapChef-eofefrxwfkuubrechzzomuddoees/SourcePackages/checkouts/tiktok-opensdk-ios
    builtin-copy -exclude .DS_Store -exclude CVS -exclude .svn -exclude .git -exclude .hg -resolve-src-symlinks /Users/cameronanderson/Library/Developer/Xcode/DerivedData/SnapChef-eofefrxwfkuubrechzzomuddoees/Build/Intermediates.noindex/TikTokOpenSDK.build/Debug-iphonesimulator/TikTokOpenAuthSDK.build/TikTokOpenAuthSDK.modulemap /Users/cameronanderson/Library/Developer/Xcode/DerivedData/SnapChef-eofefrxwfkuubrechzzomuddoees/Build/Intermediates.noindex/GeneratedModuleMaps-iphonesimulator

Copy /Users/cameronanderson/Library/Developer/Xcode/DerivedData/SnapChef-eofefrxwfkuubrechzzomuddoees/Build/Intermediates.noindex/GeneratedModuleMaps-iphonesimulator/TikTokOpenShareSDK.modulemap /Users/cameronanderson/Library/Developer/Xcode/DerivedData/SnapChef-eofefrxwfkuubrechzzomuddoees/Build/Intermediates.noindex/TikTokOpenSDK.build/Debug-iphonesimulator/TikTokOpenShareSDK.build/TikTokOpenShareSDK.modulemap (in target 'TikTokOpenShareSDK' from project 'TikTokOpenSDK')
    cd /Users/cameronanderson/Library/Developer/Xcode/DerivedData/SnapChef-eofefrxwfkuubrechzzomuddoees/SourcePackages/checkouts/tiktok-opensdk-ios
    builtin-copy -exclude .DS_Store -exclude CVS -exclude .svn -exclude .git -exclude .hg -resolve-src-symlinks /Users/cameronanderson/Library/Developer/Xcode/DerivedData/SnapChef-eofefrxwfkuubrechzzomuddoees/Build/Intermediates.noindex/TikTokOpenSDK.build/Debug-iphonesimulator/TikTokOpenShareSDK.build/TikTokOpenShareSDK.modulemap /Users/cameronanderson/Library/Developer/Xcode/DerivedData/SnapChef-eofefrxwfkuubrechzzomuddoees/Build/Intermediates.noindex/GeneratedModuleMaps-iphonesimulator

ProcessInfoPlistFile /Users/cameronanderson/Library/Developer/Xcode/DerivedData/SnapChef-eofefrxwfkuubrechzzomuddoees/Build/Products/Debug-iphonesimulator/TikTokOpenSDK_TikTokOpenShareSDK.bundle/Info.plist /Users/cameronanderson/Library/Developer/Xcode/DerivedData/SnapChef-eofefrxwfkuubrechzzomuddoees/Build/Intermediates.noindex/TikTokOpenSDK.build/Debug-iphonesimulator/TikTokOpenSDK_TikTokOpenShareSDK.build/empty-TikTokOpenSDK_TikTokOpenShareSDK.plist (in target 'TikTokOpenSDK_TikTokOpenShareSDK' from project 'TikTokOpenSDK')
    cd /Users/cameronanderson/Library/Developer/Xcode/DerivedData/SnapChef-eofefrxwfkuubrechzzomuddoees/SourcePackages/checkouts/tiktok-opensdk-ios
    builtin-infoPlistUtility /Users/cameronanderson/Library/Developer/Xcode/DerivedData/SnapChef-eofefrxwfkuubrechzzomuddoees/Build/Intermediates.noindex/TikTokOpenSDK.build/Debug-iphonesimulator/TikTokOpenSDK_TikTokOpenShareSDK.build/empty-TikTokOpenSDK_TikTokOpenShareSDK.plist -producttype com.apple.product-type.bundle -expandbuildsettings -format binary -platform iphonesimulator -o /Users/cameronanderson/Library/Developer/Xcode/DerivedData/SnapChef-eofefrxwfkuubrechzzomuddoees/Build/Products/Debug-iphonesimulator/TikTokOpenSDK_TikTokOpenShareSDK.bundle/Info.plist

ProcessInfoPlistFile /Users/cameronanderson/Library/Developer/Xcode/DerivedData/SnapChef-eofefrxwfkuubrechzzomuddoees/Build/Products/Debug-iphonesimulator/TikTokOpenSDK_TikTokOpenSDKCore.bundle/Info.plist /Users/cameronanderson/Library/Developer/Xcode/DerivedData/SnapChef-eofefrxwfkuubrechzzomuddoees/Build/Intermediates.noindex/TikTokOpenSDK.build/Debug-iphonesimulator/TikTokOpenSDK_TikTokOpenSDKCore.build/empty-TikTokOpenSDK_TikTokOpenSDKCore.plist (in target 'TikTokOpenSDK_TikTokOpenSDKCore' from project 'TikTokOpenSDK')
    cd /Users/cameronanderson/Library/Developer/Xcode/DerivedData/SnapChef-eofefrxwfkuubrechzzomuddoees/SourcePackages/checkouts/tiktok-opensdk-ios
    builtin-infoPlistUtility /Users/cameronanderson/Library/Developer/Xcode/DerivedData/SnapChef-eofefrxwfkuubrechzzomuddoees/Build/Intermediates.noindex/TikTokOpenSDK.build/Debug-iphonesimulator/TikTokOpenSDK_TikTokOpenSDKCore.build/empty-TikTokOpenSDK_TikTokOpenSDKCore.plist -producttype com.apple.product-type.bundle -expandbuildsettings -format binary -platform iphonesimulator -o /Users/cameronanderson/Library/Developer/Xcode/DerivedData/SnapChef-eofefrxwfkuubrechzzomuddoees/Build/Products/Debug-iphonesimulator/TikTokOpenSDK_TikTokOpenSDKCore.bundle/Info.plist

WriteAuxiliaryFile /Users/cameronanderson/Library/Developer/Xcode/DerivedData/SnapChef-eofefrxwfkuubrechzzomuddoees/Build/Intermediates.noindex/SnapChef.build/Debug-iphonesimulator/SnapChef.build/Objects-normal/arm64/SnapChef.SwiftFileList (in target 'SnapChef' from project 'SnapChef')
    cd /Users/cameronanderson/SnapChef/snapchef/ios
    write-file /Users/cameronanderson/Library/Developer/Xcode/DerivedData/SnapChef-eofefrxwfkuubrechzzomuddoees/Build/Intermediates.noindex/SnapChef.build/Debug-iphonesimulator/SnapChef.build/Objects-normal/arm64/SnapChef.SwiftFileList

WriteAuxiliaryFile /Users/cameronanderson/Library/Developer/Xcode/DerivedData/SnapChef-eofefrxwfkuubrechzzomuddoees/Build/Intermediates.noindex/SnapChef.build/Debug-iphonesimulator/SnapChef.build/Objects-normal/arm64/SnapChef.SwiftConstValuesFileList (in target 'SnapChef' from project 'SnapChef')
    cd /Users/cameronanderson/SnapChef/snapchef/ios
    write-file /Users/cameronanderson/Library/Developer/Xcode/DerivedData/SnapChef-eofefrxwfkuubrechzzomuddoees/Build/Intermediates.noindex/SnapChef.build/Debug-iphonesimulator/SnapChef.build/Objects-normal/arm64/SnapChef.SwiftConstValuesFileList

WriteAuxiliaryFile /Users/cameronanderson/Library/Developer/Xcode/DerivedData/SnapChef-eofefrxwfkuubrechzzomuddoees/Build/Intermediates.noindex/SnapChef.build/Debug-iphonesimulator/SnapChef.build/Objects-normal/arm64/SnapChef.LinkFileList (in target 'SnapChef' from project 'SnapChef')
    cd /Users/cameronanderson/SnapChef/snapchef/ios
    write-file /Users/cameronanderson/Library/Developer/Xcode/DerivedData/SnapChef-eofefrxwfkuubrechzzomuddoees/Build/Intermediates.noindex/SnapChef.build/Debug-iphonesimulator/SnapChef.build/Objects-normal/arm64/SnapChef.LinkFileList

WriteAuxiliaryFile /Users/cameronanderson/Library/Developer/Xcode/DerivedData/SnapChef-eofefrxwfkuubrechzzomuddoees/Build/Intermediates.noindex/SnapChef.build/Debug-iphonesimulator/SnapChef.build/Objects-normal-asan/arm64/SnapChef-OutputFileMap.json (in target 'SnapChef' from project 'SnapChef')
    cd /Users/cameronanderson/SnapChef/snapchef/ios
    write-file /Users/cameronanderson/Library/Developer/Xcode/DerivedData/SnapChef-eofefrxwfkuubrechzzomuddoees/Build/Intermediates.noindex/SnapChef.build/Debug-iphonesimulator/SnapChef.build/Objects-normal-asan/arm64/SnapChef-OutputFileMap.json

SwiftDriver TikTokOpenSDKCore normal arm64 com.apple.xcode.tools.swift.compiler (in target 'TikTokOpenSDKCore' from project 'TikTokOpenSDK')
    cd /Users/cameronanderson/SnapChef/snapchef/ios/SnapChef.xcodeproj
    builtin-SwiftDriver -- /Applications/Xcode.app/Contents/Developer/Toolchains/XcodeDefault.xctoolchain/usr/bin/swiftc -module-name TikTokOpenSDKCore -Onone -enforce-exclusivity\=checked @/Users/cameronanderson/Library/Developer/Xcode/DerivedData/SnapChef-eofefrxwfkuubrechzzomuddoees/Build/Intermediates.noindex/TikTokOpenSDK.build/Debug-iphonesimulator/TikTokOpenSDKCore.build/Objects-normal/arm64/TikTokOpenSDKCore.SwiftFileList -DSWIFT_PACKAGE -DDEBUG -DXcode -plugin-path /Applications/Xcode.app/Contents/Developer/Toolchains/XcodeDefault.xctoolchain/usr/lib/swift/host/plugins/testing -enable-experimental-feature DebugDescriptionMacro -sdk /Applications/Xcode.app/Contents/Developer/Platforms/iPhoneSimulator.platform/Developer/SDKs/iPhoneSimulator18.5.sdk -target arm64-apple-ios12.0-simulator -g -module-cache-path /Users/cameronanderson/Library/Developer/Xcode/DerivedData/ModuleCache.noindex -Xfrontend -serialize-debugging-options -sanitize\=address -enable-testing -suppress-warnings -index-store-path /Users/cameronanderson/Library/Developer/Xcode/DerivedData/SnapChef-eofefrxwfkuubrechzzomuddoees/Index.noindex/DataStore -swift-version 5 -I /Users/cameronanderson/Library/Developer/Xcode/DerivedData/SnapChef-eofefrxwfkuubrechzzomuddoees/Build/Products/Debug-iphonesimulator -I /Applications/Xcode.app/Contents/Developer/Platforms/iPhoneSimulator.platform/Developer/usr/lib -F /Users/cameronanderson/Library/Developer/Xcode/DerivedData/SnapChef-eofefrxwfkuubrechzzomuddoees/Build/Products/Debug-iphonesimulator -F /Applications/Xcode.app/Contents/Developer/Platforms/iPhoneSimulator.platform/Developer/Library/Frameworks -F /Applications/Xcode.app/Contents/Developer/Platforms/iPhoneSimulator.platform/Developer/SDKs/iPhoneSimulator18.5.sdk/Developer/Library/Frameworks -emit-localized-strings -emit-localized-strings-path /Users/cameronanderson/Library/Developer/Xcode/DerivedData/SnapChef-eofefrxwfkuubrechzzomuddoees/Build/Intermediates.noindex/TikTokOpenSDK.build/Debug-iphonesimulator/TikTokOpenSDKCore.build/Objects-normal-asan/arm64 -c -j8 -enable-batch-mode -incremental -Xcc -ivfsstatcache -Xcc /Users/cameronanderson/Library/Developer/Xcode/DerivedData/SDKStatCaches.noindex/iphonesimulator18.5-22F76-d5fc8ad4295d2ef488fb7d0f804ce0c4.sdkstatcache -output-file-map /Users/cameronanderson/Library/Developer/Xcode/DerivedData/SnapChef-eofefrxwfkuubrechzzomuddoees/Build/Intermediates.noindex/TikTokOpenSDK.build/Debug-iphonesimulator/TikTokOpenSDKCore.build/Objects-normal-asan/arm64/TikTokOpenSDKCore-OutputFileMap.json -use-frontend-parseable-output -save-temps -no-color-diagnostics -serialize-diagnostics -emit-dependencies -emit-module -emit-module-path /Users/cameronanderson/Library/Developer/Xcode/DerivedData/SnapChef-eofefrxwfkuubrechzzomuddoees/Build/Intermediates.noindex/TikTokOpenSDK.build/Debug-iphonesimulator/TikTokOpenSDKCore.build/Objects-normal-asan/arm64/TikTokOpenSDKCore.swiftmodule -validate-clang-modules-once -clang-build-session-file /Users/cameronanderson/Library/Developer/Xcode/DerivedData/ModuleCache.noindex/Session.modulevalidation -Xcc -I/Users/cameronanderson/Library/Developer/Xcode/DerivedData/SnapChef-eofefrxwfkuubrechzzomuddoees/Build/Intermediates.noindex/TikTokOpenSDK.build/Debug-iphonesimulator/TikTokOpenSDKCore.build/swift-overrides.hmap -emit-const-values -Xfrontend -const-gather-protocols-file -Xfrontend /Users/cameronanderson/Library/Developer/Xcode/DerivedData/SnapChef-eofefrxwfkuubrechzzomuddoees/Build/Intermediates.noindex/TikTokOpenSDK.build/Debug-iphonesimulator/TikTokOpenSDKCore.build/Objects-normal-asan/arm64/TikTokOpenSDKCore_const_extract_protocols.json -Xcc -I/Users/cameronanderson/Library/Developer/Xcode/DerivedData/SnapChef-eofefrxwfkuubrechzzomuddoees/Build/Products/Debug-iphonesimulator/include -Xcc -I/Users/cameronanderson/Library/Developer/Xcode/DerivedData/SnapChef-eofefrxwfkuubrechzzomuddoees/Build/Intermediates.noindex/TikTokOpenSDK.build/Debug-iphonesimulator/TikTokOpenSDKCore.build/DerivedSources-normal/arm64 -Xcc -I/Users/cameronanderson/Library/Developer/Xcode/DerivedData/SnapChef-eofefrxwfkuubrechzzomuddoees/Build/Intermediates.noindex/TikTokOpenSDK.build/Debug-iphonesimulator/TikTokOpenSDKCore.build/DerivedSources/arm64 -Xcc -I/Users/cameronanderson/Library/Developer/Xcode/DerivedData/SnapChef-eofefrxwfkuubrechzzomuddoees/Build/Intermediates.noindex/TikTokOpenSDK.build/Debug-iphonesimulator/TikTokOpenSDKCore.build/DerivedSources -Xcc -DSWIFT_PACKAGE -Xcc -DDEBUG\=1 -emit-objc-header -emit-objc-header-path /Users/cameronanderson/Library/Developer/Xcode/DerivedData/SnapChef-eofefrxwfkuubrechzzomuddoees/Build/Intermediates.noindex/TikTokOpenSDK.build/Debug-iphonesimulator/TikTokOpenSDKCore.build/Objects-normal-asan/arm64/TikTokOpenSDKCore-Swift.h -working-directory /Users/cameronanderson/SnapChef/snapchef/ios/SnapChef.xcodeproj -experimental-emit-module-separately -disable-cmo

CpResource /Users/cameronanderson/Library/Developer/Xcode/DerivedData/SnapChef-eofefrxwfkuubrechzzomuddoees/Build/Products/Debug-iphonesimulator/TikTokOpenSDK_TikTokOpenSDKCore.bundle/PrivacyInfo.xcprivacy /Users/cameronanderson/Library/Developer/Xcode/DerivedData/SnapChef-eofefrxwfkuubrechzzomuddoees/SourcePackages/checkouts/tiktok-opensdk-ios/Sources/TikTokOpenSDKCore/Resources/PrivacyInfo.xcprivacy (in target 'TikTokOpenSDK_TikTokOpenSDKCore' from project 'TikTokOpenSDK')
    cd /Users/cameronanderson/Library/Developer/Xcode/DerivedData/SnapChef-eofefrxwfkuubrechzzomuddoees/SourcePackages/checkouts/tiktok-opensdk-ios
    builtin-copy -exclude .DS_Store -exclude CVS -exclude .svn -exclude .git -exclude .hg -resolve-src-symlinks /Users/cameronanderson/Library/Developer/Xcode/DerivedData/SnapChef-eofefrxwfkuubrechzzomuddoees/SourcePackages/checkouts/tiktok-opensdk-ios/Sources/TikTokOpenSDKCore/Resources/PrivacyInfo.xcprivacy /Users/cameronanderson/Library/Developer/Xcode/DerivedData/SnapChef-eofefrxwfkuubrechzzomuddoees/Build/Products/Debug-iphonesimulator/TikTokOpenSDK_TikTokOpenSDKCore.bundle

CpResource /Users/cameronanderson/Library/Developer/Xcode/DerivedData/SnapChef-eofefrxwfkuubrechzzomuddoees/Build/Products/Debug-iphonesimulator/TikTokOpenSDK_TikTokOpenShareSDK.bundle/PrivacyInfo.xcprivacy /Users/cameronanderson/Library/Developer/Xcode/DerivedData/SnapChef-eofefrxwfkuubrechzzomuddoees/SourcePackages/checkouts/tiktok-opensdk-ios/Sources/TikTokOpenShareSDK/Resources/PrivacyInfo.xcprivacy (in target 'TikTokOpenSDK_TikTokOpenShareSDK' from project 'TikTokOpenSDK')
    cd /Users/cameronanderson/Library/Developer/Xcode/DerivedData/SnapChef-eofefrxwfkuubrechzzomuddoees/SourcePackages/checkouts/tiktok-opensdk-ios
    builtin-copy -exclude .DS_Store -exclude CVS -exclude .svn -exclude .git -exclude .hg -resolve-src-symlinks /Users/cameronanderson/Library/Developer/Xcode/DerivedData/SnapChef-eofefrxwfkuubrechzzomuddoees/SourcePackages/checkouts/tiktok-opensdk-ios/Sources/TikTokOpenShareSDK/Resources/PrivacyInfo.xcprivacy /Users/cameronanderson/Library/Developer/Xcode/DerivedData/SnapChef-eofefrxwfkuubrechzzomuddoees/Build/Products/Debug-iphonesimulator/TikTokOpenSDK_TikTokOpenShareSDK.bundle

SwiftDriver\ Compilation\ Requirements TikTokOpenSDKCore normal arm64 com.apple.xcode.tools.swift.compiler (in target 'TikTokOpenSDKCore' from project 'TikTokOpenSDK')
    cd /Users/cameronanderson/SnapChef/snapchef/ios/SnapChef.xcodeproj
    builtin-Swift-Compilation-Requirements -- /Applications/Xcode.app/Contents/Developer/Toolchains/XcodeDefault.xctoolchain/usr/bin/swiftc -module-name TikTokOpenSDKCore -Onone -enforce-exclusivity\=checked @/Users/cameronanderson/Library/Developer/Xcode/DerivedData/SnapChef-eofefrxwfkuubrechzzomuddoees/Build/Intermediates.noindex/TikTokOpenSDK.build/Debug-iphonesimulator/TikTokOpenSDKCore.build/Objects-normal/arm64/TikTokOpenSDKCore.SwiftFileList -DSWIFT_PACKAGE -DDEBUG -DXcode -plugin-path /Applications/Xcode.app/Contents/Developer/Toolchains/XcodeDefault.xctoolchain/usr/lib/swift/host/plugins/testing -enable-experimental-feature DebugDescriptionMacro -sdk /Applications/Xcode.app/Contents/Developer/Platforms/iPhoneSimulator.platform/Developer/SDKs/iPhoneSimulator18.5.sdk -target arm64-apple-ios12.0-simulator -g -module-cache-path /Users/cameronanderson/Library/Developer/Xcode/DerivedData/ModuleCache.noindex -Xfrontend -serialize-debugging-options -sanitize\=address -enable-testing -suppress-warnings -index-store-path /Users/cameronanderson/Library/Developer/Xcode/DerivedData/SnapChef-eofefrxwfkuubrechzzomuddoees/Index.noindex/DataStore -swift-version 5 -I /Users/cameronanderson/Library/Developer/Xcode/DerivedData/SnapChef-eofefrxwfkuubrechzzomuddoees/Build/Products/Debug-iphonesimulator -I /Applications/Xcode.app/Contents/Developer/Platforms/iPhoneSimulator.platform/Developer/usr/lib -F /Users/cameronanderson/Library/Developer/Xcode/DerivedData/SnapChef-eofefrxwfkuubrechzzomuddoees/Build/Products/Debug-iphonesimulator -F /Applications/Xcode.app/Contents/Developer/Platforms/iPhoneSimulator.platform/Developer/Library/Frameworks -F /Applications/Xcode.app/Contents/Developer/Platforms/iPhoneSimulator.platform/Developer/SDKs/iPhoneSimulator18.5.sdk/Developer/Library/Frameworks -emit-localized-strings -emit-localized-strings-path /Users/cameronanderson/Library/Developer/Xcode/DerivedData/SnapChef-eofefrxwfkuubrechzzomuddoees/Build/Intermediates.noindex/TikTokOpenSDK.build/Debug-iphonesimulator/TikTokOpenSDKCore.build/Objects-normal-asan/arm64 -c -j8 -enable-batch-mode -incremental -Xcc -ivfsstatcache -Xcc /Users/cameronanderson/Library/Developer/Xcode/DerivedData/SDKStatCaches.noindex/iphonesimulator18.5-22F76-d5fc8ad4295d2ef488fb7d0f804ce0c4.sdkstatcache -output-file-map /Users/cameronanderson/Library/Developer/Xcode/DerivedData/SnapChef-eofefrxwfkuubrechzzomuddoees/Build/Intermediates.noindex/TikTokOpenSDK.build/Debug-iphonesimulator/TikTokOpenSDKCore.build/Objects-normal-asan/arm64/TikTokOpenSDKCore-OutputFileMap.json -use-frontend-parseable-output -save-temps -no-color-diagnostics -serialize-diagnostics -emit-dependencies -emit-module -emit-module-path /Users/cameronanderson/Library/Developer/Xcode/DerivedData/SnapChef-eofefrxwfkuubrechzzomuddoees/Build/Intermediates.noindex/TikTokOpenSDK.build/Debug-iphonesimulator/TikTokOpenSDKCore.build/Objects-normal-asan/arm64/TikTokOpenSDKCore.swiftmodule -validate-clang-modules-once -clang-build-session-file /Users/cameronanderson/Library/Developer/Xcode/DerivedData/ModuleCache.noindex/Session.modulevalidation -Xcc -I/Users/cameronanderson/Library/Developer/Xcode/DerivedData/SnapChef-eofefrxwfkuubrechzzomuddoees/Build/Intermediates.noindex/TikTokOpenSDK.build/Debug-iphonesimulator/TikTokOpenSDKCore.build/swift-overrides.hmap -emit-const-values -Xfrontend -const-gather-protocols-file -Xfrontend /Users/cameronanderson/Library/Developer/Xcode/DerivedData/SnapChef-eofefrxwfkuubrechzzomuddoees/Build/Intermediates.noindex/TikTokOpenSDK.build/Debug-iphonesimulator/TikTokOpenSDKCore.build/Objects-normal-asan/arm64/TikTokOpenSDKCore_const_extract_protocols.json -Xcc -I/Users/cameronanderson/Library/Developer/Xcode/DerivedData/SnapChef-eofefrxwfkuubrechzzomuddoees/Build/Products/Debug-iphonesimulator/include -Xcc -I/Users/cameronanderson/Library/Developer/Xcode/DerivedData/SnapChef-eofefrxwfkuubrechzzomuddoees/Build/Intermediates.noindex/TikTokOpenSDK.build/Debug-iphonesimulator/TikTokOpenSDKCore.build/DerivedSources-normal/arm64 -Xcc -I/Users/cameronanderson/Library/Developer/Xcode/DerivedData/SnapChef-eofefrxwfkuubrechzzomuddoees/Build/Intermediates.noindex/TikTokOpenSDK.build/Debug-iphonesimulator/TikTokOpenSDKCore.build/DerivedSources/arm64 -Xcc -I/Users/cameronanderson/Library/Developer/Xcode/DerivedData/SnapChef-eofefrxwfkuubrechzzomuddoees/Build/Intermediates.noindex/TikTokOpenSDK.build/Debug-iphonesimulator/TikTokOpenSDKCore.build/DerivedSources -Xcc -DSWIFT_PACKAGE -Xcc -DDEBUG\=1 -emit-objc-header -emit-objc-header-path /Users/cameronanderson/Library/Developer/Xcode/DerivedData/SnapChef-eofefrxwfkuubrechzzomuddoees/Build/Intermediates.noindex/TikTokOpenSDK.build/Debug-iphonesimulator/TikTokOpenSDKCore.build/Objects-normal-asan/arm64/TikTokOpenSDKCore-Swift.h -working-directory /Users/cameronanderson/SnapChef/snapchef/ios/SnapChef.xcodeproj -experimental-emit-module-separately -disable-cmo

SwiftDriver\ Compilation TikTokOpenSDKCore normal arm64 com.apple.xcode.tools.swift.compiler (in target 'TikTokOpenSDKCore' from project 'TikTokOpenSDK')
    cd /Users/cameronanderson/SnapChef/snapchef/ios/SnapChef.xcodeproj
    builtin-Swift-Compilation -- /Applications/Xcode.app/Contents/Developer/Toolchains/XcodeDefault.xctoolchain/usr/bin/swiftc -module-name TikTokOpenSDKCore -Onone -enforce-exclusivity\=checked @/Users/cameronanderson/Library/Developer/Xcode/DerivedData/SnapChef-eofefrxwfkuubrechzzomuddoees/Build/Intermediates.noindex/TikTokOpenSDK.build/Debug-iphonesimulator/TikTokOpenSDKCore.build/Objects-normal/arm64/TikTokOpenSDKCore.SwiftFileList -DSWIFT_PACKAGE -DDEBUG -DXcode -plugin-path /Applications/Xcode.app/Contents/Developer/Toolchains/XcodeDefault.xctoolchain/usr/lib/swift/host/plugins/testing -enable-experimental-feature DebugDescriptionMacro -sdk /Applications/Xcode.app/Contents/Developer/Platforms/iPhoneSimulator.platform/Developer/SDKs/iPhoneSimulator18.5.sdk -target arm64-apple-ios12.0-simulator -g -module-cache-path /Users/cameronanderson/Library/Developer/Xcode/DerivedData/ModuleCache.noindex -Xfrontend -serialize-debugging-options -sanitize\=address -enable-testing -suppress-warnings -index-store-path /Users/cameronanderson/Library/Developer/Xcode/DerivedData/SnapChef-eofefrxwfkuubrechzzomuddoees/Index.noindex/DataStore -swift-version 5 -I /Users/cameronanderson/Library/Developer/Xcode/DerivedData/SnapChef-eofefrxwfkuubrechzzomuddoees/Build/Products/Debug-iphonesimulator -I /Applications/Xcode.app/Contents/Developer/Platforms/iPhoneSimulator.platform/Developer/usr/lib -F /Users/cameronanderson/Library/Developer/Xcode/DerivedData/SnapChef-eofefrxwfkuubrechzzomuddoees/Build/Products/Debug-iphonesimulator -F /Applications/Xcode.app/Contents/Developer/Platforms/iPhoneSimulator.platform/Developer/Library/Frameworks -F /Applications/Xcode.app/Contents/Developer/Platforms/iPhoneSimulator.platform/Developer/SDKs/iPhoneSimulator18.5.sdk/Developer/Library/Frameworks -emit-localized-strings -emit-localized-strings-path /Users/cameronanderson/Library/Developer/Xcode/DerivedData/SnapChef-eofefrxwfkuubrechzzomuddoees/Build/Intermediates.noindex/TikTokOpenSDK.build/Debug-iphonesimulator/TikTokOpenSDKCore.build/Objects-normal-asan/arm64 -c -j8 -enable-batch-mode -incremental -Xcc -ivfsstatcache -Xcc /Users/cameronanderson/Library/Developer/Xcode/DerivedData/SDKStatCaches.noindex/iphonesimulator18.5-22F76-d5fc8ad4295d2ef488fb7d0f804ce0c4.sdkstatcache -output-file-map /Users/cameronanderson/Library/Developer/Xcode/DerivedData/SnapChef-eofefrxwfkuubrechzzomuddoees/Build/Intermediates.noindex/TikTokOpenSDK.build/Debug-iphonesimulator/TikTokOpenSDKCore.build/Objects-normal-asan/arm64/TikTokOpenSDKCore-OutputFileMap.json -use-frontend-parseable-output -save-temps -no-color-diagnostics -serialize-diagnostics -emit-dependencies -emit-module -emit-module-path /Users/cameronanderson/Library/Developer/Xcode/DerivedData/SnapChef-eofefrxwfkuubrechzzomuddoees/Build/Intermediates.noindex/TikTokOpenSDK.build/Debug-iphonesimulator/TikTokOpenSDKCore.build/Objects-normal-asan/arm64/TikTokOpenSDKCore.swiftmodule -validate-clang-modules-once -clang-build-session-file /Users/cameronanderson/Library/Developer/Xcode/DerivedData/ModuleCache.noindex/Session.modulevalidation -Xcc -I/Users/cameronanderson/Library/Developer/Xcode/DerivedData/SnapChef-eofefrxwfkuubrechzzomuddoees/Build/Intermediates.noindex/TikTokOpenSDK.build/Debug-iphonesimulator/TikTokOpenSDKCore.build/swift-overrides.hmap -emit-const-values -Xfrontend -const-gather-protocols-file -Xfrontend /Users/cameronanderson/Library/Developer/Xcode/DerivedData/SnapChef-eofefrxwfkuubrechzzomuddoees/Build/Intermediates.noindex/TikTokOpenSDK.build/Debug-iphonesimulator/TikTokOpenSDKCore.build/Objects-normal-asan/arm64/TikTokOpenSDKCore_const_extract_protocols.json -Xcc -I/Users/cameronanderson/Library/Developer/Xcode/DerivedData/SnapChef-eofefrxwfkuubrechzzomuddoees/Build/Products/Debug-iphonesimulator/include -Xcc -I/Users/cameronanderson/Library/Developer/Xcode/DerivedData/SnapChef-eofefrxwfkuubrechzzomuddoees/Build/Intermediates.noindex/TikTokOpenSDK.build/Debug-iphonesimulator/TikTokOpenSDKCore.build/DerivedSources-normal/arm64 -Xcc -I/Users/cameronanderson/Library/Developer/Xcode/DerivedData/SnapChef-eofefrxwfkuubrechzzomuddoees/Build/Intermediates.noindex/TikTokOpenSDK.build/Debug-iphonesimulator/TikTokOpenSDKCore.build/DerivedSources/arm64 -Xcc -I/Users/cameronanderson/Library/Developer/Xcode/DerivedData/SnapChef-eofefrxwfkuubrechzzomuddoees/Build/Intermediates.noindex/TikTokOpenSDK.build/Debug-iphonesimulator/TikTokOpenSDKCore.build/DerivedSources -Xcc -DSWIFT_PACKAGE -Xcc -DDEBUG\=1 -emit-objc-header -emit-objc-header-path /Users/cameronanderson/Library/Developer/Xcode/DerivedData/SnapChef-eofefrxwfkuubrechzzomuddoees/Build/Intermediates.noindex/TikTokOpenSDK.build/Debug-iphonesimulator/TikTokOpenSDKCore.build/Objects-normal-asan/arm64/TikTokOpenSDKCore-Swift.h -working-directory /Users/cameronanderson/SnapChef/snapchef/ios/SnapChef.xcodeproj -experimental-emit-module-separately -disable-cmo

SwiftMergeGeneratedHeaders /Users/cameronanderson/Library/Developer/Xcode/DerivedData/SnapChef-eofefrxwfkuubrechzzomuddoees/Build/Intermediates.noindex/GeneratedModuleMaps-iphonesimulator/TikTokOpenSDKCore-Swift.h /Users/cameronanderson/Library/Developer/Xcode/DerivedData/SnapChef-eofefrxwfkuubrechzzomuddoees/Build/Intermediates.noindex/TikTokOpenSDK.build/Debug-iphonesimulator/TikTokOpenSDKCore.build/Objects-normal-asan/arm64/TikTokOpenSDKCore-Swift.h (in target 'TikTokOpenSDKCore' from project 'TikTokOpenSDK')
    cd /Users/cameronanderson/Library/Developer/Xcode/DerivedData/SnapChef-eofefrxwfkuubrechzzomuddoees/SourcePackages/checkouts/tiktok-opensdk-ios
    builtin-swiftHeaderTool -arch arm64 /Users/cameronanderson/Library/Developer/Xcode/DerivedData/SnapChef-eofefrxwfkuubrechzzomuddoees/Build/Intermediates.noindex/TikTokOpenSDK.build/Debug-iphonesimulator/TikTokOpenSDKCore.build/Objects-normal-asan/arm64/TikTokOpenSDKCore-Swift.h -o /Users/cameronanderson/Library/Developer/Xcode/DerivedData/SnapChef-eofefrxwfkuubrechzzomuddoees/Build/Intermediates.noindex/GeneratedModuleMaps-iphonesimulator/TikTokOpenSDKCore-Swift.h

SwiftDriver TikTokOpenShareSDK normal arm64 com.apple.xcode.tools.swift.compiler (in target 'TikTokOpenShareSDK' from project 'TikTokOpenSDK')
    cd /Users/cameronanderson/SnapChef/snapchef/ios/SnapChef.xcodeproj
    builtin-SwiftDriver -- /Applications/Xcode.app/Contents/Developer/Toolchains/XcodeDefault.xctoolchain/usr/bin/swiftc -module-name TikTokOpenShareSDK -Onone -enforce-exclusivity\=checked @/Users/cameronanderson/Library/Developer/Xcode/DerivedData/SnapChef-eofefrxwfkuubrechzzomuddoees/Build/Intermediates.noindex/TikTokOpenSDK.build/Debug-iphonesimulator/TikTokOpenShareSDK.build/Objects-normal/arm64/TikTokOpenShareSDK.SwiftFileList -DSWIFT_PACKAGE -DDEBUG -DXcode -plugin-path /Applications/Xcode.app/Contents/Developer/Toolchains/XcodeDefault.xctoolchain/usr/lib/swift/host/plugins/testing -enable-experimental-feature DebugDescriptionMacro -sdk /Applications/Xcode.app/Contents/Developer/Platforms/iPhoneSimulator.platform/Developer/SDKs/iPhoneSimulator18.5.sdk -target arm64-apple-ios12.0-simulator -g -module-cache-path /Users/cameronanderson/Library/Developer/Xcode/DerivedData/ModuleCache.noindex -Xfrontend -serialize-debugging-options -sanitize\=address -enable-testing -suppress-warnings -index-store-path /Users/cameronanderson/Library/Developer/Xcode/DerivedData/SnapChef-eofefrxwfkuubrechzzomuddoees/Index.noindex/DataStore -swift-version 5 -I /Users/cameronanderson/Library/Developer/Xcode/DerivedData/SnapChef-eofefrxwfkuubrechzzomuddoees/Build/Products/Debug-iphonesimulator -I /Applications/Xcode.app/Contents/Developer/Platforms/iPhoneSimulator.platform/Developer/usr/lib -F /Users/cameronanderson/Library/Developer/Xcode/DerivedData/SnapChef-eofefrxwfkuubrechzzomuddoees/Build/Products/Debug-iphonesimulator/PackageFrameworks -F /Users/cameronanderson/Library/Developer/Xcode/DerivedData/SnapChef-eofefrxwfkuubrechzzomuddoees/Build/Products/Debug-iphonesimulator -F /Applications/Xcode.app/Contents/Developer/Platforms/iPhoneSimulator.platform/Developer/Library/Frameworks -F /Applications/Xcode.app/Contents/Developer/Platforms/iPhoneSimulator.platform/Developer/SDKs/iPhoneSimulator18.5.sdk/Developer/Library/Frameworks -emit-localized-strings -emit-localized-strings-path /Users/cameronanderson/Library/Developer/Xcode/DerivedData/SnapChef-eofefrxwfkuubrechzzomuddoees/Build/Intermediates.noindex/TikTokOpenSDK.build/Debug-iphonesimulator/TikTokOpenShareSDK.build/Objects-normal-asan/arm64 -c -j8 -enable-batch-mode -incremental -Xcc -ivfsstatcache -Xcc /Users/cameronanderson/Library/Developer/Xcode/DerivedData/SDKStatCaches.noindex/iphonesimulator18.5-22F76-d5fc8ad4295d2ef488fb7d0f804ce0c4.sdkstatcache -output-file-map /Users/cameronanderson/Library/Developer/Xcode/DerivedData/SnapChef-eofefrxwfkuubrechzzomuddoees/Build/Intermediates.noindex/TikTokOpenSDK.build/Debug-iphonesimulator/TikTokOpenShareSDK.build/Objects-normal-asan/arm64/TikTokOpenShareSDK-OutputFileMap.json -use-frontend-parseable-output -save-temps -no-color-diagnostics -serialize-diagnostics -emit-dependencies -emit-module -emit-module-path /Users/cameronanderson/Library/Developer/Xcode/DerivedData/SnapChef-eofefrxwfkuubrechzzomuddoees/Build/Intermediates.noindex/TikTokOpenSDK.build/Debug-iphonesimulator/TikTokOpenShareSDK.build/Objects-normal-asan/arm64/TikTokOpenShareSDK.swiftmodule -validate-clang-modules-once -clang-build-session-file /Users/cameronanderson/Library/Developer/Xcode/DerivedData/ModuleCache.noindex/Session.modulevalidation -Xcc -I/Users/cameronanderson/Library/Developer/Xcode/DerivedData/SnapChef-eofefrxwfkuubrechzzomuddoees/Build/Intermediates.noindex/TikTokOpenSDK.build/Debug-iphonesimulator/TikTokOpenShareSDK.build/swift-overrides.hmap -emit-const-values -Xfrontend -const-gather-protocols-file -Xfrontend /Users/cameronanderson/Library/Developer/Xcode/DerivedData/SnapChef-eofefrxwfkuubrechzzomuddoees/Build/Intermediates.noindex/TikTokOpenSDK.build/Debug-iphonesimulator/TikTokOpenShareSDK.build/Objects-normal-asan/arm64/TikTokOpenShareSDK_const_extract_protocols.json -Xcc -I/Users/cameronanderson/Library/Developer/Xcode/DerivedData/SnapChef-eofefrxwfkuubrechzzomuddoees/Build/Products/Debug-iphonesimulator/include -Xcc -I/Users/cameronanderson/Library/Developer/Xcode/DerivedData/SnapChef-eofefrxwfkuubrechzzomuddoees/Build/Intermediates.noindex/TikTokOpenSDK.build/Debug-iphonesimulator/TikTokOpenShareSDK.build/DerivedSources-normal/arm64 -Xcc -I/Users/cameronanderson/Library/Developer/Xcode/DerivedData/SnapChef-eofefrxwfkuubrechzzomuddoees/Build/Intermediates.noindex/TikTokOpenSDK.build/Debug-iphonesimulator/TikTokOpenShareSDK.build/DerivedSources/arm64 -Xcc -I/Users/cameronanderson/Library/Developer/Xcode/DerivedData/SnapChef-eofefrxwfkuubrechzzomuddoees/Build/Intermediates.noindex/TikTokOpenSDK.build/Debug-iphonesimulator/TikTokOpenShareSDK.build/DerivedSources -Xcc -DSWIFT_PACKAGE -Xcc -DDEBUG\=1 -emit-objc-header -emit-objc-header-path /Users/cameronanderson/Library/Developer/Xcode/DerivedData/SnapChef-eofefrxwfkuubrechzzomuddoees/Build/Intermediates.noindex/TikTokOpenSDK.build/Debug-iphonesimulator/TikTokOpenShareSDK.build/Objects-normal-asan/arm64/TikTokOpenShareSDK-Swift.h -working-directory /Users/cameronanderson/SnapChef/snapchef/ios/SnapChef.xcodeproj -experimental-emit-module-separately -disable-cmo

SwiftDriver TikTokOpenAuthSDK normal arm64 com.apple.xcode.tools.swift.compiler (in target 'TikTokOpenAuthSDK' from project 'TikTokOpenSDK')
    cd /Users/cameronanderson/SnapChef/snapchef/ios/SnapChef.xcodeproj
    builtin-SwiftDriver -- /Applications/Xcode.app/Contents/Developer/Toolchains/XcodeDefault.xctoolchain/usr/bin/swiftc -module-name TikTokOpenAuthSDK -Onone -enforce-exclusivity\=checked @/Users/cameronanderson/Library/Developer/Xcode/DerivedData/SnapChef-eofefrxwfkuubrechzzomuddoees/Build/Intermediates.noindex/TikTokOpenSDK.build/Debug-iphonesimulator/TikTokOpenAuthSDK.build/Objects-normal/arm64/TikTokOpenAuthSDK.SwiftFileList -DSWIFT_PACKAGE -DDEBUG -DXcode -plugin-path /Applications/Xcode.app/Contents/Developer/Toolchains/XcodeDefault.xctoolchain/usr/lib/swift/host/plugins/testing -enable-experimental-feature DebugDescriptionMacro -sdk /Applications/Xcode.app/Contents/Developer/Platforms/iPhoneSimulator.platform/Developer/SDKs/iPhoneSimulator18.5.sdk -target arm64-apple-ios12.0-simulator -g -module-cache-path /Users/cameronanderson/Library/Developer/Xcode/DerivedData/ModuleCache.noindex -Xfrontend -serialize-debugging-options -sanitize\=address -enable-testing -suppress-warnings -index-store-path /Users/cameronanderson/Library/Developer/Xcode/DerivedData/SnapChef-eofefrxwfkuubrechzzomuddoees/Index.noindex/DataStore -swift-version 5 -I /Users/cameronanderson/Library/Developer/Xcode/DerivedData/SnapChef-eofefrxwfkuubrechzzomuddoees/Build/Products/Debug-iphonesimulator -I /Applications/Xcode.app/Contents/Developer/Platforms/iPhoneSimulator.platform/Developer/usr/lib -F /Users/cameronanderson/Library/Developer/Xcode/DerivedData/SnapChef-eofefrxwfkuubrechzzomuddoees/Build/Products/Debug-iphonesimulator/PackageFrameworks -F /Users/cameronanderson/Library/Developer/Xcode/DerivedData/SnapChef-eofefrxwfkuubrechzzomuddoees/Build/Products/Debug-iphonesimulator -F /Applications/Xcode.app/Contents/Developer/Platforms/iPhoneSimulator.platform/Developer/Library/Frameworks -F /Applications/Xcode.app/Contents/Developer/Platforms/iPhoneSimulator.platform/Developer/SDKs/iPhoneSimulator18.5.sdk/Developer/Library/Frameworks -emit-localized-strings -emit-localized-strings-path /Users/cameronanderson/Library/Developer/Xcode/DerivedData/SnapChef-eofefrxwfkuubrechzzomuddoees/Build/Intermediates.noindex/TikTokOpenSDK.build/Debug-iphonesimulator/TikTokOpenAuthSDK.build/Objects-normal-asan/arm64 -c -j8 -enable-batch-mode -incremental -Xcc -ivfsstatcache -Xcc /Users/cameronanderson/Library/Developer/Xcode/DerivedData/SDKStatCaches.noindex/iphonesimulator18.5-22F76-d5fc8ad4295d2ef488fb7d0f804ce0c4.sdkstatcache -output-file-map /Users/cameronanderson/Library/Developer/Xcode/DerivedData/SnapChef-eofefrxwfkuubrechzzomuddoees/Build/Intermediates.noindex/TikTokOpenSDK.build/Debug-iphonesimulator/TikTokOpenAuthSDK.build/Objects-normal-asan/arm64/TikTokOpenAuthSDK-OutputFileMap.json -use-frontend-parseable-output -save-temps -no-color-diagnostics -serialize-diagnostics -emit-dependencies -emit-module -emit-module-path /Users/cameronanderson/Library/Developer/Xcode/DerivedData/SnapChef-eofefrxwfkuubrechzzomuddoees/Build/Intermediates.noindex/TikTokOpenSDK.build/Debug-iphonesimulator/TikTokOpenAuthSDK.build/Objects-normal-asan/arm64/TikTokOpenAuthSDK.swiftmodule -validate-clang-modules-once -clang-build-session-file /Users/cameronanderson/Library/Developer/Xcode/DerivedData/ModuleCache.noindex/Session.modulevalidation -Xcc -I/Users/cameronanderson/Library/Developer/Xcode/DerivedData/SnapChef-eofefrxwfkuubrechzzomuddoees/Build/Intermediates.noindex/TikTokOpenSDK.build/Debug-iphonesimulator/TikTokOpenAuthSDK.build/swift-overrides.hmap -emit-const-values -Xfrontend -const-gather-protocols-file -Xfrontend /Users/cameronanderson/Library/Developer/Xcode/DerivedData/SnapChef-eofefrxwfkuubrechzzomuddoees/Build/Intermediates.noindex/TikTokOpenSDK.build/Debug-iphonesimulator/TikTokOpenAuthSDK.build/Objects-normal-asan/arm64/TikTokOpenAuthSDK_const_extract_protocols.json -Xcc -I/Users/cameronanderson/Library/Developer/Xcode/DerivedData/SnapChef-eofefrxwfkuubrechzzomuddoees/Build/Products/Debug-iphonesimulator/include -Xcc -I/Users/cameronanderson/Library/Developer/Xcode/DerivedData/SnapChef-eofefrxwfkuubrechzzomuddoees/Build/Intermediates.noindex/TikTokOpenSDK.build/Debug-iphonesimulator/TikTokOpenAuthSDK.build/DerivedSources-normal/arm64 -Xcc -I/Users/cameronanderson/Library/Developer/Xcode/DerivedData/SnapChef-eofefrxwfkuubrechzzomuddoees/Build/Intermediates.noindex/TikTokOpenSDK.build/Debug-iphonesimulator/TikTokOpenAuthSDK.build/DerivedSources/arm64 -Xcc -I/Users/cameronanderson/Library/Developer/Xcode/DerivedData/SnapChef-eofefrxwfkuubrechzzomuddoees/Build/Intermediates.noindex/TikTokOpenSDK.build/Debug-iphonesimulator/TikTokOpenAuthSDK.build/DerivedSources -Xcc -DSWIFT_PACKAGE -Xcc -DDEBUG\=1 -emit-objc-header -emit-objc-header-path /Users/cameronanderson/Library/Developer/Xcode/DerivedData/SnapChef-eofefrxwfkuubrechzzomuddoees/Build/Intermediates.noindex/TikTokOpenSDK.build/Debug-iphonesimulator/TikTokOpenAuthSDK.build/Objects-normal-asan/arm64/TikTokOpenAuthSDK-Swift.h -working-directory /Users/cameronanderson/SnapChef/snapchef/ios/SnapChef.xcodeproj -experimental-emit-module-separately -disable-cmo

Ld /Users/cameronanderson/Library/Developer/Xcode/DerivedData/SnapChef-eofefrxwfkuubrechzzomuddoees/Build/Products/Debug-iphonesimulator/TikTokOpenSDKCore.o normal (in target 'TikTokOpenSDKCore' from project 'TikTokOpenSDK')
    cd /Users/cameronanderson/Library/Developer/Xcode/DerivedData/SnapChef-eofefrxwfkuubrechzzomuddoees/SourcePackages/checkouts/tiktok-opensdk-ios
    /Applications/Xcode.app/Contents/Developer/Toolchains/XcodeDefault.xctoolchain/usr/bin/clang -Xlinker -reproducible -target arm64-apple-ios12.0-simulator -r -isysroot /Applications/Xcode.app/Contents/Developer/Platforms/iPhoneSimulator.platform/Developer/SDKs/iPhoneSimulator18.5.sdk -O0 -w -L/Users/cameronanderson/Library/Developer/Xcode/DerivedData/SnapChef-eofefrxwfkuubrechzzomuddoees/Build/Intermediates.noindex/EagerLinkingTBDs/Debug-iphonesimulator -L/Users/cameronanderson/Library/Developer/Xcode/DerivedData/SnapChef-eofefrxwfkuubrechzzomuddoees/Build/Products/Debug-iphonesimulator -L/Applications/Xcode.app/Contents/Developer/Platforms/iPhoneSimulator.platform/Developer/usr/lib -F/Users/cameronanderson/Library/Developer/Xcode/DerivedData/SnapChef-eofefrxwfkuubrechzzomuddoees/Build/Intermediates.noindex/EagerLinkingTBDs/Debug-iphonesimulator -F/Users/cameronanderson/Library/Developer/Xcode/DerivedData/SnapChef-eofefrxwfkuubrechzzomuddoees/Build/Products/Debug-iphonesimulator -iframework /Applications/Xcode.app/Contents/Developer/Platforms/iPhoneSimulator.platform/Developer/Library/Frameworks -iframework /Applications/Xcode.app/Contents/Developer/Platforms/iPhoneSimulator.platform/Developer/SDKs/iPhoneSimulator18.5.sdk/Developer/Library/Frameworks -filelist /Users/cameronanderson/Library/Developer/Xcode/DerivedData/SnapChef-eofefrxwfkuubrechzzomuddoees/Build/Intermediates.noindex/TikTokOpenSDK.build/Debug-iphonesimulator/TikTokOpenSDKCore.build/Objects-normal/arm64/TikTokOpenSDKCore.LinkFileList -nostdlib -Xlinker -object_path_lto -Xlinker /Users/cameronanderson/Library/Developer/Xcode/DerivedData/SnapChef-eofefrxwfkuubrechzzomuddoees/Build/Intermediates.noindex/TikTokOpenSDK.build/Debug-iphonesimulator/TikTokOpenSDKCore.build/Objects-normal-asan/arm64/TikTokOpenSDKCore_lto.o -rdynamic -Xlinker -no_deduplicate -Xlinker -objc_abi_version -Xlinker 2 -Xlinker -debug_variant -Xlinker -dependency_info -Xlinker /Users/cameronanderson/Library/Developer/Xcode/DerivedData/SnapChef-eofefrxwfkuubrechzzomuddoees/Build/Intermediates.noindex/TikTokOpenSDK.build/Debug-iphonesimulator/TikTokOpenSDKCore.build/Objects-normal-asan/arm64/TikTokOpenSDKCore_dependency_info.dat -fobjc-link-runtime -fsanitize\=address -L/Applications/Xcode.app/Contents/Developer/Toolchains/XcodeDefault.xctoolchain/usr/lib/swift/iphonesimulator -L/usr/lib/swift -Xlinker -add_ast_path -Xlinker /Users/cameronanderson/Library/Developer/Xcode/DerivedData/SnapChef-eofefrxwfkuubrechzzomuddoees/Build/Intermediates.noindex/TikTokOpenSDK.build/Debug-iphonesimulator/TikTokOpenSDKCore.build/Objects-normal-asan/arm64/TikTokOpenSDKCore.swiftmodule -o /Users/cameronanderson/Library/Developer/Xcode/DerivedData/SnapChef-eofefrxwfkuubrechzzomuddoees/Build/Products/Debug-iphonesimulator/TikTokOpenSDKCore.o

SwiftDriver\ Compilation\ Requirements TikTokOpenAuthSDK normal arm64 com.apple.xcode.tools.swift.compiler (in target 'TikTokOpenAuthSDK' from project 'TikTokOpenSDK')
    cd /Users/cameronanderson/SnapChef/snapchef/ios/SnapChef.xcodeproj
    builtin-Swift-Compilation-Requirements -- /Applications/Xcode.app/Contents/Developer/Toolchains/XcodeDefault.xctoolchain/usr/bin/swiftc -module-name TikTokOpenAuthSDK -Onone -enforce-exclusivity\=checked @/Users/cameronanderson/Library/Developer/Xcode/DerivedData/SnapChef-eofefrxwfkuubrechzzomuddoees/Build/Intermediates.noindex/TikTokOpenSDK.build/Debug-iphonesimulator/TikTokOpenAuthSDK.build/Objects-normal/arm64/TikTokOpenAuthSDK.SwiftFileList -DSWIFT_PACKAGE -DDEBUG -DXcode -plugin-path /Applications/Xcode.app/Contents/Developer/Toolchains/XcodeDefault.xctoolchain/usr/lib/swift/host/plugins/testing -enable-experimental-feature DebugDescriptionMacro -sdk /Applications/Xcode.app/Contents/Developer/Platforms/iPhoneSimulator.platform/Developer/SDKs/iPhoneSimulator18.5.sdk -target arm64-apple-ios12.0-simulator -g -module-cache-path /Users/cameronanderson/Library/Developer/Xcode/DerivedData/ModuleCache.noindex -Xfrontend -serialize-debugging-options -sanitize\=address -enable-testing -suppress-warnings -index-store-path /Users/cameronanderson/Library/Developer/Xcode/DerivedData/SnapChef-eofefrxwfkuubrechzzomuddoees/Index.noindex/DataStore -swift-version 5 -I /Users/cameronanderson/Library/Developer/Xcode/DerivedData/SnapChef-eofefrxwfkuubrechzzomuddoees/Build/Products/Debug-iphonesimulator -I /Applications/Xcode.app/Contents/Developer/Platforms/iPhoneSimulator.platform/Developer/usr/lib -F /Users/cameronanderson/Library/Developer/Xcode/DerivedData/SnapChef-eofefrxwfkuubrechzzomuddoees/Build/Products/Debug-iphonesimulator/PackageFrameworks -F /Users/cameronanderson/Library/Developer/Xcode/DerivedData/SnapChef-eofefrxwfkuubrechzzomuddoees/Build/Products/Debug-iphonesimulator -F /Applications/Xcode.app/Contents/Developer/Platforms/iPhoneSimulator.platform/Developer/Library/Frameworks -F /Applications/Xcode.app/Contents/Developer/Platforms/iPhoneSimulator.platform/Developer/SDKs/iPhoneSimulator18.5.sdk/Developer/Library/Frameworks -emit-localized-strings -emit-localized-strings-path /Users/cameronanderson/Library/Developer/Xcode/DerivedData/SnapChef-eofefrxwfkuubrechzzomuddoees/Build/Intermediates.noindex/TikTokOpenSDK.build/Debug-iphonesimulator/TikTokOpenAuthSDK.build/Objects-normal-asan/arm64 -c -j8 -enable-batch-mode -incremental -Xcc -ivfsstatcache -Xcc /Users/cameronanderson/Library/Developer/Xcode/DerivedData/SDKStatCaches.noindex/iphonesimulator18.5-22F76-d5fc8ad4295d2ef488fb7d0f804ce0c4.sdkstatcache -output-file-map /Users/cameronanderson/Library/Developer/Xcode/DerivedData/SnapChef-eofefrxwfkuubrechzzomuddoees/Build/Intermediates.noindex/TikTokOpenSDK.build/Debug-iphonesimulator/TikTokOpenAuthSDK.build/Objects-normal-asan/arm64/TikTokOpenAuthSDK-OutputFileMap.json -use-frontend-parseable-output -save-temps -no-color-diagnostics -serialize-diagnostics -emit-dependencies -emit-module -emit-module-path /Users/cameronanderson/Library/Developer/Xcode/DerivedData/SnapChef-eofefrxwfkuubrechzzomuddoees/Build/Intermediates.noindex/TikTokOpenSDK.build/Debug-iphonesimulator/TikTokOpenAuthSDK.build/Objects-normal-asan/arm64/TikTokOpenAuthSDK.swiftmodule -validate-clang-modules-once -clang-build-session-file /Users/cameronanderson/Library/Developer/Xcode/DerivedData/ModuleCache.noindex/Session.modulevalidation -Xcc -I/Users/cameronanderson/Library/Developer/Xcode/DerivedData/SnapChef-eofefrxwfkuubrechzzomuddoees/Build/Intermediates.noindex/TikTokOpenSDK.build/Debug-iphonesimulator/TikTokOpenAuthSDK.build/swift-overrides.hmap -emit-const-values -Xfrontend -const-gather-protocols-file -Xfrontend /Users/cameronanderson/Library/Developer/Xcode/DerivedData/SnapChef-eofefrxwfkuubrechzzomuddoees/Build/Intermediates.noindex/TikTokOpenSDK.build/Debug-iphonesimulator/TikTokOpenAuthSDK.build/Objects-normal-asan/arm64/TikTokOpenAuthSDK_const_extract_protocols.json -Xcc -I/Users/cameronanderson/Library/Developer/Xcode/DerivedData/SnapChef-eofefrxwfkuubrechzzomuddoees/Build/Products/Debug-iphonesimulator/include -Xcc -I/Users/cameronanderson/Library/Developer/Xcode/DerivedData/SnapChef-eofefrxwfkuubrechzzomuddoees/Build/Intermediates.noindex/TikTokOpenSDK.build/Debug-iphonesimulator/TikTokOpenAuthSDK.build/DerivedSources-normal/arm64 -Xcc -I/Users/cameronanderson/Library/Developer/Xcode/DerivedData/SnapChef-eofefrxwfkuubrechzzomuddoees/Build/Intermediates.noindex/TikTokOpenSDK.build/Debug-iphonesimulator/TikTokOpenAuthSDK.build/DerivedSources/arm64 -Xcc -I/Users/cameronanderson/Library/Developer/Xcode/DerivedData/SnapChef-eofefrxwfkuubrechzzomuddoees/Build/Intermediates.noindex/TikTokOpenSDK.build/Debug-iphonesimulator/TikTokOpenAuthSDK.build/DerivedSources -Xcc -DSWIFT_PACKAGE -Xcc -DDEBUG\=1 -emit-objc-header -emit-objc-header-path /Users/cameronanderson/Library/Developer/Xcode/DerivedData/SnapChef-eofefrxwfkuubrechzzomuddoees/Build/Intermediates.noindex/TikTokOpenSDK.build/Debug-iphonesimulator/TikTokOpenAuthSDK.build/Objects-normal-asan/arm64/TikTokOpenAuthSDK-Swift.h -working-directory /Users/cameronanderson/SnapChef/snapchef/ios/SnapChef.xcodeproj -experimental-emit-module-separately -disable-cmo

SwiftDriver\ Compilation\ Requirements TikTokOpenShareSDK normal arm64 com.apple.xcode.tools.swift.compiler (in target 'TikTokOpenShareSDK' from project 'TikTokOpenSDK')
    cd /Users/cameronanderson/SnapChef/snapchef/ios/SnapChef.xcodeproj
    builtin-Swift-Compilation-Requirements -- /Applications/Xcode.app/Contents/Developer/Toolchains/XcodeDefault.xctoolchain/usr/bin/swiftc -module-name TikTokOpenShareSDK -Onone -enforce-exclusivity\=checked @/Users/cameronanderson/Library/Developer/Xcode/DerivedData/SnapChef-eofefrxwfkuubrechzzomuddoees/Build/Intermediates.noindex/TikTokOpenSDK.build/Debug-iphonesimulator/TikTokOpenShareSDK.build/Objects-normal/arm64/TikTokOpenShareSDK.SwiftFileList -DSWIFT_PACKAGE -DDEBUG -DXcode -plugin-path /Applications/Xcode.app/Contents/Developer/Toolchains/XcodeDefault.xctoolchain/usr/lib/swift/host/plugins/testing -enable-experimental-feature DebugDescriptionMacro -sdk /Applications/Xcode.app/Contents/Developer/Platforms/iPhoneSimulator.platform/Developer/SDKs/iPhoneSimulator18.5.sdk -target arm64-apple-ios12.0-simulator -g -module-cache-path /Users/cameronanderson/Library/Developer/Xcode/DerivedData/ModuleCache.noindex -Xfrontend -serialize-debugging-options -sanitize\=address -enable-testing -suppress-warnings -index-store-path /Users/cameronanderson/Library/Developer/Xcode/DerivedData/SnapChef-eofefrxwfkuubrechzzomuddoees/Index.noindex/DataStore -swift-version 5 -I /Users/cameronanderson/Library/Developer/Xcode/DerivedData/SnapChef-eofefrxwfkuubrechzzomuddoees/Build/Products/Debug-iphonesimulator -I /Applications/Xcode.app/Contents/Developer/Platforms/iPhoneSimulator.platform/Developer/usr/lib -F /Users/cameronanderson/Library/Developer/Xcode/DerivedData/SnapChef-eofefrxwfkuubrechzzomuddoees/Build/Products/Debug-iphonesimulator/PackageFrameworks -F /Users/cameronanderson/Library/Developer/Xcode/DerivedData/SnapChef-eofefrxwfkuubrechzzomuddoees/Build/Products/Debug-iphonesimulator -F /Applications/Xcode.app/Contents/Developer/Platforms/iPhoneSimulator.platform/Developer/Library/Frameworks -F /Applications/Xcode.app/Contents/Developer/Platforms/iPhoneSimulator.platform/Developer/SDKs/iPhoneSimulator18.5.sdk/Developer/Library/Frameworks -emit-localized-strings -emit-localized-strings-path /Users/cameronanderson/Library/Developer/Xcode/DerivedData/SnapChef-eofefrxwfkuubrechzzomuddoees/Build/Intermediates.noindex/TikTokOpenSDK.build/Debug-iphonesimulator/TikTokOpenShareSDK.build/Objects-normal-asan/arm64 -c -j8 -enable-batch-mode -incremental -Xcc -ivfsstatcache -Xcc /Users/cameronanderson/Library/Developer/Xcode/DerivedData/SDKStatCaches.noindex/iphonesimulator18.5-22F76-d5fc8ad4295d2ef488fb7d0f804ce0c4.sdkstatcache -output-file-map /Users/cameronanderson/Library/Developer/Xcode/DerivedData/SnapChef-eofefrxwfkuubrechzzomuddoees/Build/Intermediates.noindex/TikTokOpenSDK.build/Debug-iphonesimulator/TikTokOpenShareSDK.build/Objects-normal-asan/arm64/TikTokOpenShareSDK-OutputFileMap.json -use-frontend-parseable-output -save-temps -no-color-diagnostics -serialize-diagnostics -emit-dependencies -emit-module -emit-module-path /Users/cameronanderson/Library/Developer/Xcode/DerivedData/SnapChef-eofefrxwfkuubrechzzomuddoees/Build/Intermediates.noindex/TikTokOpenSDK.build/Debug-iphonesimulator/TikTokOpenShareSDK.build/Objects-normal-asan/arm64/TikTokOpenShareSDK.swiftmodule -validate-clang-modules-once -clang-build-session-file /Users/cameronanderson/Library/Developer/Xcode/DerivedData/ModuleCache.noindex/Session.modulevalidation -Xcc -I/Users/cameronanderson/Library/Developer/Xcode/DerivedData/SnapChef-eofefrxwfkuubrechzzomuddoees/Build/Intermediates.noindex/TikTokOpenSDK.build/Debug-iphonesimulator/TikTokOpenShareSDK.build/swift-overrides.hmap -emit-const-values -Xfrontend -const-gather-protocols-file -Xfrontend /Users/cameronanderson/Library/Developer/Xcode/DerivedData/SnapChef-eofefrxwfkuubrechzzomuddoees/Build/Intermediates.noindex/TikTokOpenSDK.build/Debug-iphonesimulator/TikTokOpenShareSDK.build/Objects-normal-asan/arm64/TikTokOpenShareSDK_const_extract_protocols.json -Xcc -I/Users/cameronanderson/Library/Developer/Xcode/DerivedData/SnapChef-eofefrxwfkuubrechzzomuddoees/Build/Products/Debug-iphonesimulator/include -Xcc -I/Users/cameronanderson/Library/Developer/Xcode/DerivedData/SnapChef-eofefrxwfkuubrechzzomuddoees/Build/Intermediates.noindex/TikTokOpenSDK.build/Debug-iphonesimulator/TikTokOpenShareSDK.build/DerivedSources-normal/arm64 -Xcc -I/Users/cameronanderson/Library/Developer/Xcode/DerivedData/SnapChef-eofefrxwfkuubrechzzomuddoees/Build/Intermediates.noindex/TikTokOpenSDK.build/Debug-iphonesimulator/TikTokOpenShareSDK.build/DerivedSources/arm64 -Xcc -I/Users/cameronanderson/Library/Developer/Xcode/DerivedData/SnapChef-eofefrxwfkuubrechzzomuddoees/Build/Intermediates.noindex/TikTokOpenSDK.build/Debug-iphonesimulator/TikTokOpenShareSDK.build/DerivedSources -Xcc -DSWIFT_PACKAGE -Xcc -DDEBUG\=1 -emit-objc-header -emit-objc-header-path /Users/cameronanderson/Library/Developer/Xcode/DerivedData/SnapChef-eofefrxwfkuubrechzzomuddoees/Build/Intermediates.noindex/TikTokOpenSDK.build/Debug-iphonesimulator/TikTokOpenShareSDK.build/Objects-normal-asan/arm64/TikTokOpenShareSDK-Swift.h -working-directory /Users/cameronanderson/SnapChef/snapchef/ios/SnapChef.xcodeproj -experimental-emit-module-separately -disable-cmo

SwiftDriver\ Compilation TikTokOpenShareSDK normal arm64 com.apple.xcode.tools.swift.compiler (in target 'TikTokOpenShareSDK' from project 'TikTokOpenSDK')
    cd /Users/cameronanderson/SnapChef/snapchef/ios/SnapChef.xcodeproj
    builtin-Swift-Compilation -- /Applications/Xcode.app/Contents/Developer/Toolchains/XcodeDefault.xctoolchain/usr/bin/swiftc -module-name TikTokOpenShareSDK -Onone -enforce-exclusivity\=checked @/Users/cameronanderson/Library/Developer/Xcode/DerivedData/SnapChef-eofefrxwfkuubrechzzomuddoees/Build/Intermediates.noindex/TikTokOpenSDK.build/Debug-iphonesimulator/TikTokOpenShareSDK.build/Objects-normal/arm64/TikTokOpenShareSDK.SwiftFileList -DSWIFT_PACKAGE -DDEBUG -DXcode -plugin-path /Applications/Xcode.app/Contents/Developer/Toolchains/XcodeDefault.xctoolchain/usr/lib/swift/host/plugins/testing -enable-experimental-feature DebugDescriptionMacro -sdk /Applications/Xcode.app/Contents/Developer/Platforms/iPhoneSimulator.platform/Developer/SDKs/iPhoneSimulator18.5.sdk -target arm64-apple-ios12.0-simulator -g -module-cache-path /Users/cameronanderson/Library/Developer/Xcode/DerivedData/ModuleCache.noindex -Xfrontend -serialize-debugging-options -sanitize\=address -enable-testing -suppress-warnings -index-store-path /Users/cameronanderson/Library/Developer/Xcode/DerivedData/SnapChef-eofefrxwfkuubrechzzomuddoees/Index.noindex/DataStore -swift-version 5 -I /Users/cameronanderson/Library/Developer/Xcode/DerivedData/SnapChef-eofefrxwfkuubrechzzomuddoees/Build/Products/Debug-iphonesimulator -I /Applications/Xcode.app/Contents/Developer/Platforms/iPhoneSimulator.platform/Developer/usr/lib -F /Users/cameronanderson/Library/Developer/Xcode/DerivedData/SnapChef-eofefrxwfkuubrechzzomuddoees/Build/Products/Debug-iphonesimulator/PackageFrameworks -F /Users/cameronanderson/Library/Developer/Xcode/DerivedData/SnapChef-eofefrxwfkuubrechzzomuddoees/Build/Products/Debug-iphonesimulator -F /Applications/Xcode.app/Contents/Developer/Platforms/iPhoneSimulator.platform/Developer/Library/Frameworks -F /Applications/Xcode.app/Contents/Developer/Platforms/iPhoneSimulator.platform/Developer/SDKs/iPhoneSimulator18.5.sdk/Developer/Library/Frameworks -emit-localized-strings -emit-localized-strings-path /Users/cameronanderson/Library/Developer/Xcode/DerivedData/SnapChef-eofefrxwfkuubrechzzomuddoees/Build/Intermediates.noindex/TikTokOpenSDK.build/Debug-iphonesimulator/TikTokOpenShareSDK.build/Objects-normal-asan/arm64 -c -j8 -enable-batch-mode -incremental -Xcc -ivfsstatcache -Xcc /Users/cameronanderson/Library/Developer/Xcode/DerivedData/SDKStatCaches.noindex/iphonesimulator18.5-22F76-d5fc8ad4295d2ef488fb7d0f804ce0c4.sdkstatcache -output-file-map /Users/cameronanderson/Library/Developer/Xcode/DerivedData/SnapChef-eofefrxwfkuubrechzzomuddoees/Build/Intermediates.noindex/TikTokOpenSDK.build/Debug-iphonesimulator/TikTokOpenShareSDK.build/Objects-normal-asan/arm64/TikTokOpenShareSDK-OutputFileMap.json -use-frontend-parseable-output -save-temps -no-color-diagnostics -serialize-diagnostics -emit-dependencies -emit-module -emit-module-path /Users/cameronanderson/Library/Developer/Xcode/DerivedData/SnapChef-eofefrxwfkuubrechzzomuddoees/Build/Intermediates.noindex/TikTokOpenSDK.build/Debug-iphonesimulator/TikTokOpenShareSDK.build/Objects-normal-asan/arm64/TikTokOpenShareSDK.swiftmodule -validate-clang-modules-once -clang-build-session-file /Users/cameronanderson/Library/Developer/Xcode/DerivedData/ModuleCache.noindex/Session.modulevalidation -Xcc -I/Users/cameronanderson/Library/Developer/Xcode/DerivedData/SnapChef-eofefrxwfkuubrechzzomuddoees/Build/Intermediates.noindex/TikTokOpenSDK.build/Debug-iphonesimulator/TikTokOpenShareSDK.build/swift-overrides.hmap -emit-const-values -Xfrontend -const-gather-protocols-file -Xfrontend /Users/cameronanderson/Library/Developer/Xcode/DerivedData/SnapChef-eofefrxwfkuubrechzzomuddoees/Build/Intermediates.noindex/TikTokOpenSDK.build/Debug-iphonesimulator/TikTokOpenShareSDK.build/Objects-normal-asan/arm64/TikTokOpenShareSDK_const_extract_protocols.json -Xcc -I/Users/cameronanderson/Library/Developer/Xcode/DerivedData/SnapChef-eofefrxwfkuubrechzzomuddoees/Build/Products/Debug-iphonesimulator/include -Xcc -I/Users/cameronanderson/Library/Developer/Xcode/DerivedData/SnapChef-eofefrxwfkuubrechzzomuddoees/Build/Intermediates.noindex/TikTokOpenSDK.build/Debug-iphonesimulator/TikTokOpenShareSDK.build/DerivedSources-normal/arm64 -Xcc -I/Users/cameronanderson/Library/Developer/Xcode/DerivedData/SnapChef-eofefrxwfkuubrechzzomuddoees/Build/Intermediates.noindex/TikTokOpenSDK.build/Debug-iphonesimulator/TikTokOpenShareSDK.build/DerivedSources/arm64 -Xcc -I/Users/cameronanderson/Library/Developer/Xcode/DerivedData/SnapChef-eofefrxwfkuubrechzzomuddoees/Build/Intermediates.noindex/TikTokOpenSDK.build/Debug-iphonesimulator/TikTokOpenShareSDK.build/DerivedSources -Xcc -DSWIFT_PACKAGE -Xcc -DDEBUG\=1 -emit-objc-header -emit-objc-header-path /Users/cameronanderson/Library/Developer/Xcode/DerivedData/SnapChef-eofefrxwfkuubrechzzomuddoees/Build/Intermediates.noindex/TikTokOpenSDK.build/Debug-iphonesimulator/TikTokOpenShareSDK.build/Objects-normal-asan/arm64/TikTokOpenShareSDK-Swift.h -working-directory /Users/cameronanderson/SnapChef/snapchef/ios/SnapChef.xcodeproj -experimental-emit-module-separately -disable-cmo

SwiftDriver\ Compilation TikTokOpenAuthSDK normal arm64 com.apple.xcode.tools.swift.compiler (in target 'TikTokOpenAuthSDK' from project 'TikTokOpenSDK')
    cd /Users/cameronanderson/SnapChef/snapchef/ios/SnapChef.xcodeproj
    builtin-Swift-Compilation -- /Applications/Xcode.app/Contents/Developer/Toolchains/XcodeDefault.xctoolchain/usr/bin/swiftc -module-name TikTokOpenAuthSDK -Onone -enforce-exclusivity\=checked @/Users/cameronanderson/Library/Developer/Xcode/DerivedData/SnapChef-eofefrxwfkuubrechzzomuddoees/Build/Intermediates.noindex/TikTokOpenSDK.build/Debug-iphonesimulator/TikTokOpenAuthSDK.build/Objects-normal/arm64/TikTokOpenAuthSDK.SwiftFileList -DSWIFT_PACKAGE -DDEBUG -DXcode -plugin-path /Applications/Xcode.app/Contents/Developer/Toolchains/XcodeDefault.xctoolchain/usr/lib/swift/host/plugins/testing -enable-experimental-feature DebugDescriptionMacro -sdk /Applications/Xcode.app/Contents/Developer/Platforms/iPhoneSimulator.platform/Developer/SDKs/iPhoneSimulator18.5.sdk -target arm64-apple-ios12.0-simulator -g -module-cache-path /Users/cameronanderson/Library/Developer/Xcode/DerivedData/ModuleCache.noindex -Xfrontend -serialize-debugging-options -sanitize\=address -enable-testing -suppress-warnings -index-store-path /Users/cameronanderson/Library/Developer/Xcode/DerivedData/SnapChef-eofefrxwfkuubrechzzomuddoees/Index.noindex/DataStore -swift-version 5 -I /Users/cameronanderson/Library/Developer/Xcode/DerivedData/SnapChef-eofefrxwfkuubrechzzomuddoees/Build/Products/Debug-iphonesimulator -I /Applications/Xcode.app/Contents/Developer/Platforms/iPhoneSimulator.platform/Developer/usr/lib -F /Users/cameronanderson/Library/Developer/Xcode/DerivedData/SnapChef-eofefrxwfkuubrechzzomuddoees/Build/Products/Debug-iphonesimulator/PackageFrameworks -F /Users/cameronanderson/Library/Developer/Xcode/DerivedData/SnapChef-eofefrxwfkuubrechzzomuddoees/Build/Products/Debug-iphonesimulator -F /Applications/Xcode.app/Contents/Developer/Platforms/iPhoneSimulator.platform/Developer/Library/Frameworks -F /Applications/Xcode.app/Contents/Developer/Platforms/iPhoneSimulator.platform/Developer/SDKs/iPhoneSimulator18.5.sdk/Developer/Library/Frameworks -emit-localized-strings -emit-localized-strings-path /Users/cameronanderson/Library/Developer/Xcode/DerivedData/SnapChef-eofefrxwfkuubrechzzomuddoees/Build/Intermediates.noindex/TikTokOpenSDK.build/Debug-iphonesimulator/TikTokOpenAuthSDK.build/Objects-normal-asan/arm64 -c -j8 -enable-batch-mode -incremental -Xcc -ivfsstatcache -Xcc /Users/cameronanderson/Library/Developer/Xcode/DerivedData/SDKStatCaches.noindex/iphonesimulator18.5-22F76-d5fc8ad4295d2ef488fb7d0f804ce0c4.sdkstatcache -output-file-map /Users/cameronanderson/Library/Developer/Xcode/DerivedData/SnapChef-eofefrxwfkuubrechzzomuddoees/Build/Intermediates.noindex/TikTokOpenSDK.build/Debug-iphonesimulator/TikTokOpenAuthSDK.build/Objects-normal-asan/arm64/TikTokOpenAuthSDK-OutputFileMap.json -use-frontend-parseable-output -save-temps -no-color-diagnostics -serialize-diagnostics -emit-dependencies -emit-module -emit-module-path /Users/cameronanderson/Library/Developer/Xcode/DerivedData/SnapChef-eofefrxwfkuubrechzzomuddoees/Build/Intermediates.noindex/TikTokOpenSDK.build/Debug-iphonesimulator/TikTokOpenAuthSDK.build/Objects-normal-asan/arm64/TikTokOpenAuthSDK.swiftmodule -validate-clang-modules-once -clang-build-session-file /Users/cameronanderson/Library/Developer/Xcode/DerivedData/ModuleCache.noindex/Session.modulevalidation -Xcc -I/Users/cameronanderson/Library/Developer/Xcode/DerivedData/SnapChef-eofefrxwfkuubrechzzomuddoees/Build/Intermediates.noindex/TikTokOpenSDK.build/Debug-iphonesimulator/TikTokOpenAuthSDK.build/swift-overrides.hmap -emit-const-values -Xfrontend -const-gather-protocols-file -Xfrontend /Users/cameronanderson/Library/Developer/Xcode/DerivedData/SnapChef-eofefrxwfkuubrechzzomuddoees/Build/Intermediates.noindex/TikTokOpenSDK.build/Debug-iphonesimulator/TikTokOpenAuthSDK.build/Objects-normal-asan/arm64/TikTokOpenAuthSDK_const_extract_protocols.json -Xcc -I/Users/cameronanderson/Library/Developer/Xcode/DerivedData/SnapChef-eofefrxwfkuubrechzzomuddoees/Build/Products/Debug-iphonesimulator/include -Xcc -I/Users/cameronanderson/Library/Developer/Xcode/DerivedData/SnapChef-eofefrxwfkuubrechzzomuddoees/Build/Intermediates.noindex/TikTokOpenSDK.build/Debug-iphonesimulator/TikTokOpenAuthSDK.build/DerivedSources-normal/arm64 -Xcc -I/Users/cameronanderson/Library/Developer/Xcode/DerivedData/SnapChef-eofefrxwfkuubrechzzomuddoees/Build/Intermediates.noindex/TikTokOpenSDK.build/Debug-iphonesimulator/TikTokOpenAuthSDK.build/DerivedSources/arm64 -Xcc -I/Users/cameronanderson/Library/Developer/Xcode/DerivedData/SnapChef-eofefrxwfkuubrechzzomuddoees/Build/Intermediates.noindex/TikTokOpenSDK.build/Debug-iphonesimulator/TikTokOpenAuthSDK.build/DerivedSources -Xcc -DSWIFT_PACKAGE -Xcc -DDEBUG\=1 -emit-objc-header -emit-objc-header-path /Users/cameronanderson/Library/Developer/Xcode/DerivedData/SnapChef-eofefrxwfkuubrechzzomuddoees/Build/Intermediates.noindex/TikTokOpenSDK.build/Debug-iphonesimulator/TikTokOpenAuthSDK.build/Objects-normal-asan/arm64/TikTokOpenAuthSDK-Swift.h -working-directory /Users/cameronanderson/SnapChef/snapchef/ios/SnapChef.xcodeproj -experimental-emit-module-separately -disable-cmo

SwiftMergeGeneratedHeaders /Users/cameronanderson/Library/Developer/Xcode/DerivedData/SnapChef-eofefrxwfkuubrechzzomuddoees/Build/Intermediates.noindex/GeneratedModuleMaps-iphonesimulator/TikTokOpenShareSDK-Swift.h /Users/cameronanderson/Library/Developer/Xcode/DerivedData/SnapChef-eofefrxwfkuubrechzzomuddoees/Build/Intermediates.noindex/TikTokOpenSDK.build/Debug-iphonesimulator/TikTokOpenShareSDK.build/Objects-normal-asan/arm64/TikTokOpenShareSDK-Swift.h (in target 'TikTokOpenShareSDK' from project 'TikTokOpenSDK')
    cd /Users/cameronanderson/Library/Developer/Xcode/DerivedData/SnapChef-eofefrxwfkuubrechzzomuddoees/SourcePackages/checkouts/tiktok-opensdk-ios
    builtin-swiftHeaderTool -arch arm64 /Users/cameronanderson/Library/Developer/Xcode/DerivedData/SnapChef-eofefrxwfkuubrechzzomuddoees/Build/Intermediates.noindex/TikTokOpenSDK.build/Debug-iphonesimulator/TikTokOpenShareSDK.build/Objects-normal-asan/arm64/TikTokOpenShareSDK-Swift.h -o /Users/cameronanderson/Library/Developer/Xcode/DerivedData/SnapChef-eofefrxwfkuubrechzzomuddoees/Build/Intermediates.noindex/GeneratedModuleMaps-iphonesimulator/TikTokOpenShareSDK-Swift.h

SwiftMergeGeneratedHeaders /Users/cameronanderson/Library/Developer/Xcode/DerivedData/SnapChef-eofefrxwfkuubrechzzomuddoees/Build/Intermediates.noindex/GeneratedModuleMaps-iphonesimulator/TikTokOpenAuthSDK-Swift.h /Users/cameronanderson/Library/Developer/Xcode/DerivedData/SnapChef-eofefrxwfkuubrechzzomuddoees/Build/Intermediates.noindex/TikTokOpenSDK.build/Debug-iphonesimulator/TikTokOpenAuthSDK.build/Objects-normal-asan/arm64/TikTokOpenAuthSDK-Swift.h (in target 'TikTokOpenAuthSDK' from project 'TikTokOpenSDK')
    cd /Users/cameronanderson/Library/Developer/Xcode/DerivedData/SnapChef-eofefrxwfkuubrechzzomuddoees/SourcePackages/checkouts/tiktok-opensdk-ios
    builtin-swiftHeaderTool -arch arm64 /Users/cameronanderson/Library/Developer/Xcode/DerivedData/SnapChef-eofefrxwfkuubrechzzomuddoees/Build/Intermediates.noindex/TikTokOpenSDK.build/Debug-iphonesimulator/TikTokOpenAuthSDK.build/Objects-normal-asan/arm64/TikTokOpenAuthSDK-Swift.h -o /Users/cameronanderson/Library/Developer/Xcode/DerivedData/SnapChef-eofefrxwfkuubrechzzomuddoees/Build/Intermediates.noindex/GeneratedModuleMaps-iphonesimulator/TikTokOpenAuthSDK-Swift.h

ProcessProductPackaging /Users/cameronanderson/SnapChef/snapchef/ios/SnapChef/SnapChef.entitlements /Users/cameronanderson/Library/Developer/Xcode/DerivedData/SnapChef-eofefrxwfkuubrechzzomuddoees/Build/Intermediates.noindex/SnapChef.build/Debug-iphonesimulator/SnapChef.build/SnapChef.app-Simulated.xcent (in target 'SnapChef' from project 'SnapChef')
    cd /Users/cameronanderson/SnapChef/snapchef/ios
    
    Entitlements:
    
    {
    "application-identifier" = "SDLKTVS646.com.snapchefapp.app";
    "aps-environment" = development;
    "com.apple.developer.applesignin" =     (
        Default
    );
    "com.apple.developer.icloud-container-identifiers" =     (
        "iCloud.com.snapchefapp.app"
    );
    "com.apple.developer.icloud-services" =     (
        CloudKit
    );
}
    
    builtin-productPackagingUtility /Users/cameronanderson/SnapChef/snapchef/ios/SnapChef/SnapChef.entitlements -entitlements -format xml -o /Users/cameronanderson/Library/Developer/Xcode/DerivedData/SnapChef-eofefrxwfkuubrechzzomuddoees/Build/Intermediates.noindex/SnapChef.build/Debug-iphonesimulator/SnapChef.build/SnapChef.app-Simulated.xcent

ProcessProductPackaging /Users/cameronanderson/SnapChef/snapchef/ios/SnapChef/SnapChef.entitlements /Users/cameronanderson/Library/Developer/Xcode/DerivedData/SnapChef-eofefrxwfkuubrechzzomuddoees/Build/Intermediates.noindex/SnapChef.build/Debug-iphonesimulator/SnapChef.build/SnapChef.app.xcent (in target 'SnapChef' from project 'SnapChef')
    cd /Users/cameronanderson/SnapChef/snapchef/ios
    
    Entitlements:
    
    {
}
    
    builtin-productPackagingUtility /Users/cameronanderson/SnapChef/snapchef/ios/SnapChef/SnapChef.entitlements -entitlements -format xml -o /Users/cameronanderson/Library/Developer/Xcode/DerivedData/SnapChef-eofefrxwfkuubrechzzomuddoees/Build/Intermediates.noindex/SnapChef.build/Debug-iphonesimulator/SnapChef.build/SnapChef.app.xcent

Copy /Users/cameronanderson/Library/Developer/Xcode/DerivedData/SnapChef-eofefrxwfkuubrechzzomuddoees/Build/Products/Debug-iphonesimulator/SnapChef.app/Frameworks/libclang_rt.asan_iossim_dynamic.dylib /Applications/Xcode.app/Contents/Developer/Toolchains/XcodeDefault.xctoolchain/usr/lib/clang/17/lib/darwin/libclang_rt.asan_iossim_dynamic.dylib (in target 'SnapChef' from project 'SnapChef')
    cd /Users/cameronanderson/SnapChef/snapchef/ios
    builtin-copy -exclude .DS_Store -exclude CVS -exclude .svn -exclude .git -exclude .hg -resolve-src-symlinks /Applications/Xcode.app/Contents/Developer/Toolchains/XcodeDefault.xctoolchain/usr/lib/clang/17/lib/darwin/libclang_rt.asan_iossim_dynamic.dylib /Users/cameronanderson/Library/Developer/Xcode/DerivedData/SnapChef-eofefrxwfkuubrechzzomuddoees/Build/Products/Debug-iphonesimulator/SnapChef.app/Frameworks

SwiftDriver SnapChef normal arm64 com.apple.xcode.tools.swift.compiler (in target 'SnapChef' from project 'SnapChef')
    cd /Users/cameronanderson/SnapChef/snapchef/ios
    builtin-SwiftDriver -- /Applications/Xcode.app/Contents/Developer/Toolchains/XcodeDefault.xctoolchain/usr/bin/swiftc -module-name SnapChef -Onone -enforce-exclusivity\=checked @/Users/cameronanderson/Library/Developer/Xcode/DerivedData/SnapChef-eofefrxwfkuubrechzzomuddoees/Build/Intermediates.noindex/SnapChef.build/Debug-iphonesimulator/SnapChef.build/Objects-normal/arm64/SnapChef.SwiftFileList -DDEBUG -enable-experimental-feature DebugDescriptionMacro -sdk /Applications/Xcode.app/Contents/Developer/Platforms/iPhoneSimulator.platform/Developer/SDKs/iPhoneSimulator18.5.sdk -target arm64-apple-ios16.0-simulator -g -module-cache-path /Users/cameronanderson/Library/Developer/Xcode/DerivedData/ModuleCache.noindex -Xfrontend -serialize-debugging-options -sanitize\=address -enable-testing -index-store-path /Users/cameronanderson/Library/Developer/Xcode/DerivedData/SnapChef-eofefrxwfkuubrechzzomuddoees/Index.noindex/DataStore -swift-version 6 -I /Users/cameronanderson/Library/Developer/Xcode/DerivedData/SnapChef-eofefrxwfkuubrechzzomuddoees/Build/Products/Debug-iphonesimulator -F /Users/cameronanderson/Library/Developer/Xcode/DerivedData/SnapChef-eofefrxwfkuubrechzzomuddoees/Build/Products/Debug-iphonesimulator/PackageFrameworks -F /Users/cameronanderson/Library/Developer/Xcode/DerivedData/SnapChef-eofefrxwfkuubrechzzomuddoees/Build/Products/Debug-iphonesimulator/PackageFrameworks -F /Users/cameronanderson/Library/Developer/Xcode/DerivedData/SnapChef-eofefrxwfkuubrechzzomuddoees/Build/Products/Debug-iphonesimulator/PackageFrameworks -F /Users/cameronanderson/Library/Developer/Xcode/DerivedData/SnapChef-eofefrxwfkuubrechzzomuddoees/Build/Products/Debug-iphonesimulator -emit-localized-strings -emit-localized-strings-path /Users/cameronanderson/Library/Developer/Xcode/DerivedData/SnapChef-eofefrxwfkuubrechzzomuddoees/Build/Intermediates.noindex/SnapChef.build/Debug-iphonesimulator/SnapChef.build/Objects-normal-asan/arm64 -c -j8 -enable-batch-mode -incremental -Xcc -ivfsstatcache -Xcc /Users/cameronanderson/Library/Developer/Xcode/DerivedData/SDKStatCaches.noindex/iphonesimulator18.5-22F76-d5fc8ad4295d2ef488fb7d0f804ce0c4.sdkstatcache -output-file-map /Users/cameronanderson/Library/Developer/Xcode/DerivedData/SnapChef-eofefrxwfkuubrechzzomuddoees/Build/Intermediates.noindex/SnapChef.build/Debug-iphonesimulator/SnapChef.build/Objects-normal-asan/arm64/SnapChef-OutputFileMap.json -use-frontend-parseable-output -save-temps -no-color-diagnostics -serialize-diagnostics -emit-dependencies -emit-module -emit-module-path /Users/cameronanderson/Library/Developer/Xcode/DerivedData/SnapChef-eofefrxwfkuubrechzzomuddoees/Build/Intermediates.noindex/SnapChef.build/Debug-iphonesimulator/SnapChef.build/Objects-normal-asan/arm64/SnapChef.swiftmodule -validate-clang-modules-once -clang-build-session-file /Users/cameronanderson/Library/Developer/Xcode/DerivedData/ModuleCache.noindex/Session.modulevalidation -Xcc -I/Users/cameronanderson/Library/Developer/Xcode/DerivedData/SnapChef-eofefrxwfkuubrechzzomuddoees/Build/Intermediates.noindex/SnapChef.build/Debug-iphonesimulator/SnapChef.build/swift-overrides.hmap -emit-const-values -Xfrontend -const-gather-protocols-file -Xfrontend /Users/cameronanderson/Library/Developer/Xcode/DerivedData/SnapChef-eofefrxwfkuubrechzzomuddoees/Build/Intermediates.noindex/SnapChef.build/Debug-iphonesimulator/SnapChef.build/Objects-normal-asan/arm64/SnapChef_const_extract_protocols.json -Xcc -iquote -Xcc /Users/cameronanderson/Library/Developer/Xcode/DerivedData/SnapChef-eofefrxwfkuubrechzzomuddoees/Build/Intermediates.noindex/SnapChef.build/Debug-iphonesimulator/SnapChef.build/SnapChef-generated-files.hmap -Xcc -I/Users/cameronanderson/Library/Developer/Xcode/DerivedData/SnapChef-eofefrxwfkuubrechzzomuddoees/Build/Intermediates.noindex/SnapChef.build/Debug-iphonesimulator/SnapChef.build/SnapChef-own-target-headers.hmap -Xcc -I/Users/cameronanderson/Library/Developer/Xcode/DerivedData/SnapChef-eofefrxwfkuubrechzzomuddoees/Build/Intermediates.noindex/SnapChef.build/Debug-iphonesimulator/SnapChef.build/SnapChef-all-non-framework-target-headers.hmap -Xcc -ivfsoverlay -Xcc /Users/cameronanderson/Library/Developer/Xcode/DerivedData/SnapChef-eofefrxwfkuubrechzzomuddoees/Build/Intermediates.noindex/SnapChef.build/Debug-iphonesimulator/SnapChef-aeaa8cc72641741b8a66b1f1f8e92bed-VFS-iphonesimulator/all-product-headers.yaml -Xcc -iquote -Xcc /Users/cameronanderson/Library/Developer/Xcode/DerivedData/SnapChef-eofefrxwfkuubrechzzomuddoees/Build/Intermediates.noindex/SnapChef.build/Debug-iphonesimulator/SnapChef.build/SnapChef-project-headers.hmap -Xcc -I/Users/cameronanderson/Library/Developer/Xcode/DerivedData/SnapChef-eofefrxwfkuubrechzzomuddoees/Build/Products/Debug-iphonesimulator/include -Xcc -I/Users/cameronanderson/Library/Developer/Xcode/DerivedData/SnapChef-eofefrxwfkuubrechzzomuddoees/Build/Intermediates.noindex/SnapChef.build/Debug-iphonesimulator/SnapChef.build/DerivedSources-normal/arm64 -Xcc -I/Users/cameronanderson/Library/Developer/Xcode/DerivedData/SnapChef-eofefrxwfkuubrechzzomuddoees/Build/Intermediates.noindex/SnapChef.build/Debug-iphonesimulator/SnapChef.build/DerivedSources/arm64 -Xcc -I/Users/cameronanderson/Library/Developer/Xcode/DerivedData/SnapChef-eofefrxwfkuubrechzzomuddoees/Build/Intermediates.noindex/SnapChef.build/Debug-iphonesimulator/SnapChef.build/DerivedSources -Xcc -DDEBUG\=1 -emit-objc-header -emit-objc-header-path /Users/cameronanderson/Library/Developer/Xcode/DerivedData/SnapChef-eofefrxwfkuubrechzzomuddoees/Build/Intermediates.noindex/SnapChef.build/Debug-iphonesimulator/SnapChef.build/Objects-normal-asan/arm64/SnapChef-Swift.h -working-directory /Users/cameronanderson/SnapChef/snapchef/ios -experimental-emit-module-separately -disable-cmo

CompileAssetCatalogVariant thinned /Users/cameronanderson/Library/Developer/Xcode/DerivedData/SnapChef-eofefrxwfkuubrechzzomuddoees/Build/Products/Debug-iphonesimulator/SnapChef.app /Users/cameronanderson/SnapChef/snapchef/ios/SnapChef/Design/Assets.xcassets /Users/cameronanderson/SnapChef/snapchef/ios/SnapChef/Preview\ Content/Preview\ Assets.xcassets (in target 'SnapChef' from project 'SnapChef')
    cd /Users/cameronanderson/SnapChef/snapchef/ios
    /Applications/Xcode.app/Contents/Developer/usr/bin/actool /Users/cameronanderson/SnapChef/snapchef/ios/SnapChef/Design/Assets.xcassets /Users/cameronanderson/SnapChef/snapchef/ios/SnapChef/Preview\ Content/Preview\ Assets.xcassets --compile /Users/cameronanderson/Library/Developer/Xcode/DerivedData/SnapChef-eofefrxwfkuubrechzzomuddoees/Build/Intermediates.noindex/SnapChef.build/Debug-iphonesimulator/SnapChef.build/assetcatalog_output/thinned --output-format human-readable-text --notices --warnings --export-dependency-info /Users/cameronanderson/Library/Developer/Xcode/DerivedData/SnapChef-eofefrxwfkuubrechzzomuddoees/Build/Intermediates.noindex/SnapChef.build/Debug-iphonesimulator/SnapChef.build/assetcatalog_dependencies_thinned --output-partial-info-plist /Users/cameronanderson/Library/Developer/Xcode/DerivedData/SnapChef-eofefrxwfkuubrechzzomuddoees/Build/Intermediates.noindex/SnapChef.build/Debug-iphonesimulator/SnapChef.build/assetcatalog_generated_info.plist_thinned --app-icon AppIcon --accent-color AccentColor --compress-pngs --enable-on-demand-resources YES --filter-for-thinning-device-configuration iPhone17,1 --filter-for-device-os-version 18.5 --development-region en --target-device iphone --target-device ipad --minimum-deployment-target 16.0 --platform iphonesimulator

ExtractAppIntentsMetadata (in target 'TikTokOpenSDKCore' from project 'TikTokOpenSDK')
    cd /Users/cameronanderson/Library/Developer/Xcode/DerivedData/SnapChef-eofefrxwfkuubrechzzomuddoees/SourcePackages/checkouts/tiktok-opensdk-ios
    /Applications/Xcode.app/Contents/Developer/Toolchains/XcodeDefault.xctoolchain/usr/bin/appintentsmetadataprocessor --toolchain-dir /Applications/Xcode.app/Contents/Developer/Toolchains/XcodeDefault.xctoolchain --module-name TikTokOpenSDKCore --sdk-root /Applications/Xcode.app/Contents/Developer/Platforms/iPhoneSimulator.platform/Developer/SDKs/iPhoneSimulator18.5.sdk --xcode-version 16F6 --platform-family iOS --deployment-target 12.0 --bundle-identifier tiktok-opensdk-ios.TikTokOpenSDKCore --output /Users/cameronanderson/Library/Developer/Xcode/DerivedData/SnapChef-eofefrxwfkuubrechzzomuddoees/Build/Products/Debug-iphonesimulator/TikTokOpenSDKCore.appintents --target-triple arm64-apple-ios12.0-simulator --binary-file /Users/cameronanderson/Library/Developer/Xcode/DerivedData/SnapChef-eofefrxwfkuubrechzzomuddoees/Build/Products/Debug-iphonesimulator/TikTokOpenSDKCore.o --dependency-file /Users/cameronanderson/Library/Developer/Xcode/DerivedData/SnapChef-eofefrxwfkuubrechzzomuddoees/Build/Intermediates.noindex/TikTokOpenSDK.build/Debug-iphonesimulator/TikTokOpenSDKCore.build/Objects-normal-asan/arm64/TikTokOpenSDKCore_dependency_info.dat --stringsdata-file /Users/cameronanderson/Library/Developer/Xcode/DerivedData/SnapChef-eofefrxwfkuubrechzzomuddoees/Build/Intermediates.noindex/TikTokOpenSDK.build/Debug-iphonesimulator/TikTokOpenSDKCore.build/Objects-normal-asan/arm64/ExtractedAppShortcutsMetadata.stringsdata --source-file-list /Users/cameronanderson/Library/Developer/Xcode/DerivedData/SnapChef-eofefrxwfkuubrechzzomuddoees/Build/Intermediates.noindex/TikTokOpenSDK.build/Debug-iphonesimulator/TikTokOpenSDKCore.build/Objects-normal/arm64/TikTokOpenSDKCore.SwiftFileList --metadata-file-list /Users/cameronanderson/Library/Developer/Xcode/DerivedData/SnapChef-eofefrxwfkuubrechzzomuddoees/Build/Intermediates.noindex/TikTokOpenSDK.build/Debug-iphonesimulator/TikTokOpenSDKCore.build/TikTokOpenSDKCore.DependencyMetadataFileList --static-metadata-file-list /Users/cameronanderson/Library/Developer/Xcode/DerivedData/SnapChef-eofefrxwfkuubrechzzomuddoees/Build/Intermediates.noindex/TikTokOpenSDK.build/Debug-iphonesimulator/TikTokOpenSDKCore.build/TikTokOpenSDKCore.DependencyStaticMetadataFileList --swift-const-vals-list /Users/cameronanderson/Library/Developer/Xcode/DerivedData/SnapChef-eofefrxwfkuubrechzzomuddoees/Build/Intermediates.noindex/TikTokOpenSDK.build/Debug-iphonesimulator/TikTokOpenSDKCore.build/Objects-normal/arm64/TikTokOpenSDKCore.SwiftConstValuesFileList --force --compile-time-extraction --deployment-aware-processing --validate-assistant-intents --no-app-shortcuts-localization
2025-08-12 17:45:32.291 appintentsmetadataprocessor[84964:2478944] Starting appintentsmetadataprocessor export
2025-08-12 17:45:32.331 appintentsmetadataprocessor[84964:2478944] Extracted no relevant App Intents symbols, skipping writing output

Ld /Users/cameronanderson/Library/Developer/Xcode/DerivedData/SnapChef-eofefrxwfkuubrechzzomuddoees/Build/Products/Debug-iphonesimulator/TikTokOpenAuthSDK.o normal (in target 'TikTokOpenAuthSDK' from project 'TikTokOpenSDK')
    cd /Users/cameronanderson/Library/Developer/Xcode/DerivedData/SnapChef-eofefrxwfkuubrechzzomuddoees/SourcePackages/checkouts/tiktok-opensdk-ios
    /Applications/Xcode.app/Contents/Developer/Toolchains/XcodeDefault.xctoolchain/usr/bin/clang -Xlinker -reproducible -target arm64-apple-ios12.0-simulator -r -isysroot /Applications/Xcode.app/Contents/Developer/Platforms/iPhoneSimulator.platform/Developer/SDKs/iPhoneSimulator18.5.sdk -O0 -w -L/Users/cameronanderson/Library/Developer/Xcode/DerivedData/SnapChef-eofefrxwfkuubrechzzomuddoees/Build/Intermediates.noindex/EagerLinkingTBDs/Debug-iphonesimulator -L/Users/cameronanderson/Library/Developer/Xcode/DerivedData/SnapChef-eofefrxwfkuubrechzzomuddoees/Build/Products/Debug-iphonesimulator -L/Applications/Xcode.app/Contents/Developer/Platforms/iPhoneSimulator.platform/Developer/usr/lib -F/Users/cameronanderson/Library/Developer/Xcode/DerivedData/SnapChef-eofefrxwfkuubrechzzomuddoees/Build/Intermediates.noindex/EagerLinkingTBDs/Debug-iphonesimulator -F/Users/cameronanderson/Library/Developer/Xcode/DerivedData/SnapChef-eofefrxwfkuubrechzzomuddoees/Build/Products/Debug-iphonesimulator/PackageFrameworks -F/Users/cameronanderson/Library/Developer/Xcode/DerivedData/SnapChef-eofefrxwfkuubrechzzomuddoees/Build/Products/Debug-iphonesimulator -iframework /Applications/Xcode.app/Contents/Developer/Platforms/iPhoneSimulator.platform/Developer/Library/Frameworks -iframework /Applications/Xcode.app/Contents/Developer/Platforms/iPhoneSimulator.platform/Developer/SDKs/iPhoneSimulator18.5.sdk/Developer/Library/Frameworks -filelist /Users/cameronanderson/Library/Developer/Xcode/DerivedData/SnapChef-eofefrxwfkuubrechzzomuddoees/Build/Intermediates.noindex/TikTokOpenSDK.build/Debug-iphonesimulator/TikTokOpenAuthSDK.build/Objects-normal/arm64/TikTokOpenAuthSDK.LinkFileList -nostdlib -Xlinker -object_path_lto -Xlinker /Users/cameronanderson/Library/Developer/Xcode/DerivedData/SnapChef-eofefrxwfkuubrechzzomuddoees/Build/Intermediates.noindex/TikTokOpenSDK.build/Debug-iphonesimulator/TikTokOpenAuthSDK.build/Objects-normal-asan/arm64/TikTokOpenAuthSDK_lto.o -rdynamic -Xlinker -no_deduplicate -Xlinker -objc_abi_version -Xlinker 2 -Xlinker -debug_variant -Xlinker -dependency_info -Xlinker /Users/cameronanderson/Library/Developer/Xcode/DerivedData/SnapChef-eofefrxwfkuubrechzzomuddoees/Build/Intermediates.noindex/TikTokOpenSDK.build/Debug-iphonesimulator/TikTokOpenAuthSDK.build/Objects-normal-asan/arm64/TikTokOpenAuthSDK_dependency_info.dat -fobjc-link-runtime -fsanitize\=address -L/Applications/Xcode.app/Contents/Developer/Toolchains/XcodeDefault.xctoolchain/usr/lib/swift/iphonesimulator -L/usr/lib/swift -Xlinker -add_ast_path -Xlinker /Users/cameronanderson/Library/Developer/Xcode/DerivedData/SnapChef-eofefrxwfkuubrechzzomuddoees/Build/Intermediates.noindex/TikTokOpenSDK.build/Debug-iphonesimulator/TikTokOpenAuthSDK.build/Objects-normal-asan/arm64/TikTokOpenAuthSDK.swiftmodule -o /Users/cameronanderson/Library/Developer/Xcode/DerivedData/SnapChef-eofefrxwfkuubrechzzomuddoees/Build/Products/Debug-iphonesimulator/TikTokOpenAuthSDK.o

Ld /Users/cameronanderson/Library/Developer/Xcode/DerivedData/SnapChef-eofefrxwfkuubrechzzomuddoees/Build/Products/Debug-iphonesimulator/TikTokOpenShareSDK.o normal (in target 'TikTokOpenShareSDK' from project 'TikTokOpenSDK')
    cd /Users/cameronanderson/Library/Developer/Xcode/DerivedData/SnapChef-eofefrxwfkuubrechzzomuddoees/SourcePackages/checkouts/tiktok-opensdk-ios
    /Applications/Xcode.app/Contents/Developer/Toolchains/XcodeDefault.xctoolchain/usr/bin/clang -Xlinker -reproducible -target arm64-apple-ios12.0-simulator -r -isysroot /Applications/Xcode.app/Contents/Developer/Platforms/iPhoneSimulator.platform/Developer/SDKs/iPhoneSimulator18.5.sdk -O0 -w -L/Users/cameronanderson/Library/Developer/Xcode/DerivedData/SnapChef-eofefrxwfkuubrechzzomuddoees/Build/Intermediates.noindex/EagerLinkingTBDs/Debug-iphonesimulator -L/Users/cameronanderson/Library/Developer/Xcode/DerivedData/SnapChef-eofefrxwfkuubrechzzomuddoees/Build/Products/Debug-iphonesimulator -L/Applications/Xcode.app/Contents/Developer/Platforms/iPhoneSimulator.platform/Developer/usr/lib -F/Users/cameronanderson/Library/Developer/Xcode/DerivedData/SnapChef-eofefrxwfkuubrechzzomuddoees/Build/Intermediates.noindex/EagerLinkingTBDs/Debug-iphonesimulator -F/Users/cameronanderson/Library/Developer/Xcode/DerivedData/SnapChef-eofefrxwfkuubrechzzomuddoees/Build/Products/Debug-iphonesimulator/PackageFrameworks -F/Users/cameronanderson/Library/Developer/Xcode/DerivedData/SnapChef-eofefrxwfkuubrechzzomuddoees/Build/Products/Debug-iphonesimulator -iframework /Applications/Xcode.app/Contents/Developer/Platforms/iPhoneSimulator.platform/Developer/Library/Frameworks -iframework /Applications/Xcode.app/Contents/Developer/Platforms/iPhoneSimulator.platform/Developer/SDKs/iPhoneSimulator18.5.sdk/Developer/Library/Frameworks -filelist /Users/cameronanderson/Library/Developer/Xcode/DerivedData/SnapChef-eofefrxwfkuubrechzzomuddoees/Build/Intermediates.noindex/TikTokOpenSDK.build/Debug-iphonesimulator/TikTokOpenShareSDK.build/Objects-normal/arm64/TikTokOpenShareSDK.LinkFileList -nostdlib -Xlinker -object_path_lto -Xlinker /Users/cameronanderson/Library/Developer/Xcode/DerivedData/SnapChef-eofefrxwfkuubrechzzomuddoees/Build/Intermediates.noindex/TikTokOpenSDK.build/Debug-iphonesimulator/TikTokOpenShareSDK.build/Objects-normal-asan/arm64/TikTokOpenShareSDK_lto.o -rdynamic -Xlinker -no_deduplicate -Xlinker -objc_abi_version -Xlinker 2 -Xlinker -debug_variant -Xlinker -dependency_info -Xlinker /Users/cameronanderson/Library/Developer/Xcode/DerivedData/SnapChef-eofefrxwfkuubrechzzomuddoees/Build/Intermediates.noindex/TikTokOpenSDK.build/Debug-iphonesimulator/TikTokOpenShareSDK.build/Objects-normal-asan/arm64/TikTokOpenShareSDK_dependency_info.dat -fobjc-link-runtime -fsanitize\=address -L/Applications/Xcode.app/Contents/Developer/Toolchains/XcodeDefault.xctoolchain/usr/lib/swift/iphonesimulator -L/usr/lib/swift -Xlinker -add_ast_path -Xlinker /Users/cameronanderson/Library/Developer/Xcode/DerivedData/SnapChef-eofefrxwfkuubrechzzomuddoees/Build/Intermediates.noindex/TikTokOpenSDK.build/Debug-iphonesimulator/TikTokOpenShareSDK.build/Objects-normal-asan/arm64/TikTokOpenShareSDK.swiftmodule -o /Users/cameronanderson/Library/Developer/Xcode/DerivedData/SnapChef-eofefrxwfkuubrechzzomuddoees/Build/Products/Debug-iphonesimulator/TikTokOpenShareSDK.o

ExtractAppIntentsMetadata (in target 'TikTokOpenShareSDK' from project 'TikTokOpenSDK')
    cd /Users/cameronanderson/Library/Developer/Xcode/DerivedData/SnapChef-eofefrxwfkuubrechzzomuddoees/SourcePackages/checkouts/tiktok-opensdk-ios
    /Applications/Xcode.app/Contents/Developer/Toolchains/XcodeDefault.xctoolchain/usr/bin/appintentsmetadataprocessor --toolchain-dir /Applications/Xcode.app/Contents/Developer/Toolchains/XcodeDefault.xctoolchain --module-name TikTokOpenShareSDK --sdk-root /Applications/Xcode.app/Contents/Developer/Platforms/iPhoneSimulator.platform/Developer/SDKs/iPhoneSimulator18.5.sdk --xcode-version 16F6 --platform-family iOS --deployment-target 12.0 --bundle-identifier tiktok-opensdk-ios.TikTokOpenShareSDK --output /Users/cameronanderson/Library/Developer/Xcode/DerivedData/SnapChef-eofefrxwfkuubrechzzomuddoees/Build/Products/Debug-iphonesimulator/TikTokOpenShareSDK.appintents --target-triple arm64-apple-ios12.0-simulator --binary-file /Users/cameronanderson/Library/Developer/Xcode/DerivedData/SnapChef-eofefrxwfkuubrechzzomuddoees/Build/Products/Debug-iphonesimulator/TikTokOpenShareSDK.o --dependency-file /Users/cameronanderson/Library/Developer/Xcode/DerivedData/SnapChef-eofefrxwfkuubrechzzomuddoees/Build/Intermediates.noindex/TikTokOpenSDK.build/Debug-iphonesimulator/TikTokOpenShareSDK.build/Objects-normal-asan/arm64/TikTokOpenShareSDK_dependency_info.dat --stringsdata-file /Users/cameronanderson/Library/Developer/Xcode/DerivedData/SnapChef-eofefrxwfkuubrechzzomuddoees/Build/Intermediates.noindex/TikTokOpenSDK.build/Debug-iphonesimulator/TikTokOpenShareSDK.build/Objects-normal-asan/arm64/ExtractedAppShortcutsMetadata.stringsdata --source-file-list /Users/cameronanderson/Library/Developer/Xcode/DerivedData/SnapChef-eofefrxwfkuubrechzzomuddoees/Build/Intermediates.noindex/TikTokOpenSDK.build/Debug-iphonesimulator/TikTokOpenShareSDK.build/Objects-normal/arm64/TikTokOpenShareSDK.SwiftFileList --metadata-file-list /Users/cameronanderson/Library/Developer/Xcode/DerivedData/SnapChef-eofefrxwfkuubrechzzomuddoees/Build/Intermediates.noindex/TikTokOpenSDK.build/Debug-iphonesimulator/TikTokOpenShareSDK.build/TikTokOpenShareSDK.DependencyMetadataFileList --static-metadata-file-list /Users/cameronanderson/Library/Developer/Xcode/DerivedData/SnapChef-eofefrxwfkuubrechzzomuddoees/Build/Intermediates.noindex/TikTokOpenSDK.build/Debug-iphonesimulator/TikTokOpenShareSDK.build/TikTokOpenShareSDK.DependencyStaticMetadataFileList --swift-const-vals-list /Users/cameronanderson/Library/Developer/Xcode/DerivedData/SnapChef-eofefrxwfkuubrechzzomuddoees/Build/Intermediates.noindex/TikTokOpenSDK.build/Debug-iphonesimulator/TikTokOpenShareSDK.build/Objects-normal/arm64/TikTokOpenShareSDK.SwiftConstValuesFileList --force --compile-time-extraction --deployment-aware-processing --validate-assistant-intents --no-app-shortcuts-localization
2025-08-12 17:45:32.371 appintentsmetadataprocessor[84970:2478971] Starting appintentsmetadataprocessor export
2025-08-12 17:45:32.407 appintentsmetadataprocessor[84970:2478971] Extracted no relevant App Intents symbols, skipping writing output

ExtractAppIntentsMetadata (in target 'TikTokOpenAuthSDK' from project 'TikTokOpenSDK')
    cd /Users/cameronanderson/Library/Developer/Xcode/DerivedData/SnapChef-eofefrxwfkuubrechzzomuddoees/SourcePackages/checkouts/tiktok-opensdk-ios
    /Applications/Xcode.app/Contents/Developer/Toolchains/XcodeDefault.xctoolchain/usr/bin/appintentsmetadataprocessor --toolchain-dir /Applications/Xcode.app/Contents/Developer/Toolchains/XcodeDefault.xctoolchain --module-name TikTokOpenAuthSDK --sdk-root /Applications/Xcode.app/Contents/Developer/Platforms/iPhoneSimulator.platform/Developer/SDKs/iPhoneSimulator18.5.sdk --xcode-version 16F6 --platform-family iOS --deployment-target 12.0 --bundle-identifier tiktok-opensdk-ios.TikTokOpenAuthSDK --output /Users/cameronanderson/Library/Developer/Xcode/DerivedData/SnapChef-eofefrxwfkuubrechzzomuddoees/Build/Products/Debug-iphonesimulator/TikTokOpenAuthSDK.appintents --target-triple arm64-apple-ios12.0-simulator --binary-file /Users/cameronanderson/Library/Developer/Xcode/DerivedData/SnapChef-eofefrxwfkuubrechzzomuddoees/Build/Products/Debug-iphonesimulator/TikTokOpenAuthSDK.o --dependency-file /Users/cameronanderson/Library/Developer/Xcode/DerivedData/SnapChef-eofefrxwfkuubrechzzomuddoees/Build/Intermediates.noindex/TikTokOpenSDK.build/Debug-iphonesimulator/TikTokOpenAuthSDK.build/Objects-normal-asan/arm64/TikTokOpenAuthSDK_dependency_info.dat --stringsdata-file /Users/cameronanderson/Library/Developer/Xcode/DerivedData/SnapChef-eofefrxwfkuubrechzzomuddoees/Build/Intermediates.noindex/TikTokOpenSDK.build/Debug-iphonesimulator/TikTokOpenAuthSDK.build/Objects-normal-asan/arm64/ExtractedAppShortcutsMetadata.stringsdata --source-file-list /Users/cameronanderson/Library/Developer/Xcode/DerivedData/SnapChef-eofefrxwfkuubrechzzomuddoees/Build/Intermediates.noindex/TikTokOpenSDK.build/Debug-iphonesimulator/TikTokOpenAuthSDK.build/Objects-normal/arm64/TikTokOpenAuthSDK.SwiftFileList --metadata-file-list /Users/cameronanderson/Library/Developer/Xcode/DerivedData/SnapChef-eofefrxwfkuubrechzzomuddoees/Build/Intermediates.noindex/TikTokOpenSDK.build/Debug-iphonesimulator/TikTokOpenAuthSDK.build/TikTokOpenAuthSDK.DependencyMetadataFileList --static-metadata-file-list /Users/cameronanderson/Library/Developer/Xcode/DerivedData/SnapChef-eofefrxwfkuubrechzzomuddoees/Build/Intermediates.noindex/TikTokOpenSDK.build/Debug-iphonesimulator/TikTokOpenAuthSDK.build/TikTokOpenAuthSDK.DependencyStaticMetadataFileList --swift-const-vals-list /Users/cameronanderson/Library/Developer/Xcode/DerivedData/SnapChef-eofefrxwfkuubrechzzomuddoees/Build/Intermediates.noindex/TikTokOpenSDK.build/Debug-iphonesimulator/TikTokOpenAuthSDK.build/Objects-normal/arm64/TikTokOpenAuthSDK.SwiftConstValuesFileList --force --compile-time-extraction --deployment-aware-processing --validate-assistant-intents --no-app-shortcuts-localization
2025-08-12 17:45:32.371 appintentsmetadataprocessor[84971:2478972] Starting appintentsmetadataprocessor export
2025-08-12 17:45:32.407 appintentsmetadataprocessor[84971:2478972] Extracted no relevant App Intents symbols, skipping writing output

SwiftCompile normal arm64 Compiling\ ProfileView.swift,\ EnhancedShareSheet.swift,\ OnboardingView.swift,\ SubscriptionView.swift,\ PrintView.swift,\ ShareSheet.swift,\ MagicalBackground.swift,\ GlassmorphicComponents.swift,\ MorphingTabBar.swift,\ MagicalTransitions.swift,\ RecipeDetailView.swift,\ ChallengeDetailView.swift,\ ColorExtensions.swift,\ ShareGeneratorView.swift,\ GamificationManager.swift /Users/cameronanderson/SnapChef/snapchef/ios/SnapChef/Features/Profile/ProfileView.swift /Users/cameronanderson/SnapChef/snapchef/ios/SnapChef/Features/Share/EnhancedShareSheet.swift /Users/cameronanderson/SnapChef/snapchef/ios/SnapChef/Features/Authentication/OnboardingView.swift /Users/cameronanderson/SnapChef/snapchef/ios/SnapChef/Features/Authentication/SubscriptionView.swift /Users/cameronanderson/SnapChef/snapchef/ios/SnapChef/Features/Sharing/PrintView.swift /Users/cameronanderson/SnapChef/snapchef/ios/SnapChef/Features/Sharing/ShareSheet.swift /Users/cameronanderson/SnapChef/snapchef/ios/SnapChef/Design/MagicalBackground.swift /Users/cameronanderson/SnapChef/snapchef/ios/SnapChef/Design/GlassmorphicComponents.swift /Users/cameronanderson/SnapChef/snapchef/ios/SnapChef/Design/MorphingTabBar.swift /Users/cameronanderson/SnapChef/snapchef/ios/SnapChef/Design/MagicalTransitions.swift /Users/cameronanderson/SnapChef/snapchef/ios/SnapChef/Features/Recipes/RecipeDetailView.swift /Users/cameronanderson/SnapChef/snapchef/ios/SnapChef/Features/Gamification/ChallengeDetailView.swift /Users/cameronanderson/SnapChef/snapchef/ios/SnapChef/Design/ColorExtensions.swift /Users/cameronanderson/SnapChef/snapchef/ios/SnapChef/Features/Sharing/ShareGeneratorView.swift /Users/cameronanderson/SnapChef/snapchef/ios/SnapChef/Features/Gamification/GamificationManager.swift (in target 'SnapChef' from project 'SnapChef')
SwiftCompile normal arm64 /Users/cameronanderson/SnapChef/snapchef/ios/SnapChef/Features/Profile/ProfileView.swift (in target 'SnapChef' from project 'SnapChef')
    cd /Users/cameronanderson/SnapChef/snapchef/ios
    

SwiftCompile normal arm64 /Users/cameronanderson/SnapChef/snapchef/ios/SnapChef/Features/Share/EnhancedShareSheet.swift (in target 'SnapChef' from project 'SnapChef')
    cd /Users/cameronanderson/SnapChef/snapchef/ios
    

SwiftCompile normal arm64 /Users/cameronanderson/SnapChef/snapchef/ios/SnapChef/Features/Authentication/OnboardingView.swift (in target 'SnapChef' from project 'SnapChef')
    cd /Users/cameronanderson/SnapChef/snapchef/ios
    

SwiftCompile normal arm64 /Users/cameronanderson/SnapChef/snapchef/ios/SnapChef/Features/Authentication/SubscriptionView.swift (in target 'SnapChef' from project 'SnapChef')
    cd /Users/cameronanderson/SnapChef/snapchef/ios
    

SwiftCompile normal arm64 /Users/cameronanderson/SnapChef/snapchef/ios/SnapChef/Features/Sharing/PrintView.swift (in target 'SnapChef' from project 'SnapChef')
    cd /Users/cameronanderson/SnapChef/snapchef/ios
    

SwiftCompile normal arm64 /Users/cameronanderson/SnapChef/snapchef/ios/SnapChef/Features/Sharing/ShareSheet.swift (in target 'SnapChef' from project 'SnapChef')
    cd /Users/cameronanderson/SnapChef/snapchef/ios
    

SwiftCompile normal arm64 /Users/cameronanderson/SnapChef/snapchef/ios/SnapChef/Design/MagicalBackground.swift (in target 'SnapChef' from project 'SnapChef')
    cd /Users/cameronanderson/SnapChef/snapchef/ios
    

SwiftCompile normal arm64 /Users/cameronanderson/SnapChef/snapchef/ios/SnapChef/Design/GlassmorphicComponents.swift (in target 'SnapChef' from project 'SnapChef')
    cd /Users/cameronanderson/SnapChef/snapchef/ios
    

SwiftCompile normal arm64 /Users/cameronanderson/SnapChef/snapchef/ios/SnapChef/Design/MorphingTabBar.swift (in target 'SnapChef' from project 'SnapChef')
    cd /Users/cameronanderson/SnapChef/snapchef/ios
    

SwiftCompile normal arm64 /Users/cameronanderson/SnapChef/snapchef/ios/SnapChef/Design/MagicalTransitions.swift (in target 'SnapChef' from project 'SnapChef')
    cd /Users/cameronanderson/SnapChef/snapchef/ios
    

SwiftCompile normal arm64 /Users/cameronanderson/SnapChef/snapchef/ios/SnapChef/Features/Recipes/RecipeDetailView.swift (in target 'SnapChef' from project 'SnapChef')
    cd /Users/cameronanderson/SnapChef/snapchef/ios
    

SwiftCompile normal arm64 /Users/cameronanderson/SnapChef/snapchef/ios/SnapChef/Features/Gamification/ChallengeDetailView.swift (in target 'SnapChef' from project 'SnapChef')
    cd /Users/cameronanderson/SnapChef/snapchef/ios
    

SwiftCompile normal arm64 /Users/cameronanderson/SnapChef/snapchef/ios/SnapChef/Design/ColorExtensions.swift (in target 'SnapChef' from project 'SnapChef')
    cd /Users/cameronanderson/SnapChef/snapchef/ios
    

SwiftCompile normal arm64 /Users/cameronanderson/SnapChef/snapchef/ios/SnapChef/Features/Sharing/ShareGeneratorView.swift (in target 'SnapChef' from project 'SnapChef')
    cd /Users/cameronanderson/SnapChef/snapchef/ios
    

SwiftCompile normal arm64 /Users/cameronanderson/SnapChef/snapchef/ios/SnapChef/Features/Gamification/GamificationManager.swift (in target 'SnapChef' from project 'SnapChef')
    cd /Users/cameronanderson/SnapChef/snapchef/ios
    

SwiftCompile normal arm64 Compiling\ UnlockablesStore.swift,\ CloudKitAuthManager.swift,\ CloudKitAuthView.swift,\ CloudKitUsernameView.swift,\ ChallengeNotificationManager.swift,\ TeamChallengeManager.swift,\ ChallengeSharingManager.swift,\ ChallengeHubView.swift,\ ChallengeCardView.swift,\ DailyCheckInView.swift,\ AchievementGalleryView.swift,\ LeaderboardView.swift,\ PersistenceController.swift,\ ChallengeAnalytics.swift /Users/cameronanderson/SnapChef/snapchef/ios/SnapChef/Features/Gamification/UnlockablesStore.swift /Users/cameronanderson/SnapChef/snapchef/ios/SnapChef/Core/Services/CloudKitAuthManager.swift /Users/cameronanderson/SnapChef/snapchef/ios/SnapChef/Features/Authentication/CloudKitAuthView.swift /Users/cameronanderson/SnapChef/snapchef/ios/SnapChef/Features/Authentication/CloudKitUsernameView.swift /Users/cameronanderson/SnapChef/snapchef/ios/SnapChef/Features/Gamification/ChallengeNotificationManager.swift /Users/cameronanderson/SnapChef/snapchef/ios/SnapChef/Features/Gamification/TeamChallengeManager.swift /Users/cameronanderson/SnapChef/snapchef/ios/SnapChef/Features/Gamification/ChallengeSharingManager.swift /Users/cameronanderson/SnapChef/snapchef/ios/SnapChef/Features/Gamification/Views/ChallengeHubView.swift /Users/cameronanderson/SnapChef/snapchef/ios/SnapChef/Features/Gamification/Views/ChallengeCardView.swift /Users/cameronanderson/SnapChef/snapchef/ios/SnapChef/Features/Gamification/Views/DailyCheckInView.swift /Users/cameronanderson/SnapChef/snapchef/ios/SnapChef/Features/Gamification/Views/AchievementGalleryView.swift /Users/cameronanderson/SnapChef/snapchef/ios/SnapChef/Features/Gamification/Views/LeaderboardView.swift /Users/cameronanderson/SnapChef/snapchef/ios/SnapChef/Core/Services/PersistenceController.swift /Users/cameronanderson/SnapChef/snapchef/ios/SnapChef/Core/Services/ChallengeAnalytics.swift (in target 'SnapChef' from project 'SnapChef')
SwiftCompile normal arm64 /Users/cameronanderson/SnapChef/snapchef/ios/SnapChef/Features/Gamification/UnlockablesStore.swift (in target 'SnapChef' from project 'SnapChef')
    cd /Users/cameronanderson/SnapChef/snapchef/ios
    

SwiftCompile normal arm64 /Users/cameronanderson/SnapChef/snapchef/ios/SnapChef/Core/Services/CloudKitAuthManager.swift (in target 'SnapChef' from project 'SnapChef')
    cd /Users/cameronanderson/SnapChef/snapchef/ios
    

SwiftCompile normal arm64 /Users/cameronanderson/SnapChef/snapchef/ios/SnapChef/Features/Authentication/CloudKitAuthView.swift (in target 'SnapChef' from project 'SnapChef')
    cd /Users/cameronanderson/SnapChef/snapchef/ios
    

SwiftCompile normal arm64 /Users/cameronanderson/SnapChef/snapchef/ios/SnapChef/Features/Authentication/CloudKitUsernameView.swift (in target 'SnapChef' from project 'SnapChef')
    cd /Users/cameronanderson/SnapChef/snapchef/ios
    

SwiftCompile normal arm64 /Users/cameronanderson/SnapChef/snapchef/ios/SnapChef/Features/Gamification/ChallengeNotificationManager.swift (in target 'SnapChef' from project 'SnapChef')
    cd /Users/cameronanderson/SnapChef/snapchef/ios
    

SwiftCompile normal arm64 /Users/cameronanderson/SnapChef/snapchef/ios/SnapChef/Features/Gamification/TeamChallengeManager.swift (in target 'SnapChef' from project 'SnapChef')
    cd /Users/cameronanderson/SnapChef/snapchef/ios
    

SwiftCompile normal arm64 /Users/cameronanderson/SnapChef/snapchef/ios/SnapChef/Features/Gamification/ChallengeSharingManager.swift (in target 'SnapChef' from project 'SnapChef')
    cd /Users/cameronanderson/SnapChef/snapchef/ios
    

SwiftCompile normal arm64 /Users/cameronanderson/SnapChef/snapchef/ios/SnapChef/Features/Gamification/Views/ChallengeHubView.swift (in target 'SnapChef' from project 'SnapChef')
    cd /Users/cameronanderson/SnapChef/snapchef/ios
    

SwiftCompile normal arm64 /Users/cameronanderson/SnapChef/snapchef/ios/SnapChef/Features/Gamification/Views/ChallengeCardView.swift (in target 'SnapChef' from project 'SnapChef')
    cd /Users/cameronanderson/SnapChef/snapchef/ios
    

SwiftCompile normal arm64 /Users/cameronanderson/SnapChef/snapchef/ios/SnapChef/Features/Gamification/Views/DailyCheckInView.swift (in target 'SnapChef' from project 'SnapChef')
    cd /Users/cameronanderson/SnapChef/snapchef/ios
    

SwiftCompile normal arm64 /Users/cameronanderson/SnapChef/snapchef/ios/SnapChef/Features/Gamification/Views/AchievementGalleryView.swift (in target 'SnapChef' from project 'SnapChef')
    cd /Users/cameronanderson/SnapChef/snapchef/ios
    

SwiftCompile normal arm64 /Users/cameronanderson/SnapChef/snapchef/ios/SnapChef/Features/Gamification/Views/LeaderboardView.swift (in target 'SnapChef' from project 'SnapChef')
    cd /Users/cameronanderson/SnapChef/snapchef/ios
    

SwiftCompile normal arm64 /Users/cameronanderson/SnapChef/snapchef/ios/SnapChef/Core/Services/PersistenceController.swift (in target 'SnapChef' from project 'SnapChef')
    cd /Users/cameronanderson/SnapChef/snapchef/ios
    

SwiftCompile normal arm64 /Users/cameronanderson/SnapChef/snapchef/ios/SnapChef/Core/Services/ChallengeAnalytics.swift (in target 'SnapChef' from project 'SnapChef')
    cd /Users/cameronanderson/SnapChef/snapchef/ios
    

SwiftCompile normal arm64 Compiling\ FavoritesView.swift,\ ShareService.swift,\ BrandedSharePopup.swift,\ TikTokShareView.swift,\ TikTokVideoGenerator.swift,\ TikTokTemplates.swift,\ InstagramShareView.swift,\ InstagramContentGenerator.swift,\ TikTokVideoGeneratorEnhanced.swift,\ AppDelegate.swift,\ TikTokMediaShareWrapper.swift,\ TikTokShareService.swift,\ TikTokShareUsageExample.swift,\ ViralVideoSDK.swift /Users/cameronanderson/SnapChef/snapchef/ios/SnapChef/Features/Recipes/FavoritesView.swift /Users/cameronanderson/SnapChef/snapchef/ios/SnapChef/Features/Sharing/Core/ShareService.swift /Users/cameronanderson/SnapChef/snapchef/ios/SnapChef/Features/Sharing/Core/BrandedSharePopup.swift /Users/cameronanderson/SnapChef/snapchef/ios/SnapChef/Features/Sharing/Platforms/TikTok/TikTokShareView.swift /Users/cameronanderson/SnapChef/snapchef/ios/SnapChef/Features/Sharing/Platforms/TikTok/TikTokVideoGenerator.swift /Users/cameronanderson/SnapChef/snapchef/ios/SnapChef/Features/Sharing/Platforms/TikTok/TikTokTemplates.swift /Users/cameronanderson/SnapChef/snapchef/ios/SnapChef/Features/Sharing/Platforms/Instagram/InstagramShareView.swift /Users/cameronanderson/SnapChef/snapchef/ios/SnapChef/Features/Sharing/Platforms/Instagram/InstagramContentGenerator.swift /Users/cameronanderson/SnapChef/snapchef/ios/SnapChef/Features/Sharing/Platforms/TikTok/TikTokVideoGeneratorEnhanced.swift /Users/cameronanderson/SnapChef/snapchef/ios/SnapChef/App/AppDelegate.swift /Users/cameronanderson/SnapChef/snapchef/ios/SnapChef/Features/Sharing/Platforms/TikTok/TikTokMediaShareWrapper.swift /Users/cameronanderson/SnapChef/snapchef/ios/SnapChef/Features/Sharing/Core/TikTokShareService.swift /Users/cameronanderson/SnapChef/snapchef/ios/SnapChef/Features/Sharing/Core/TikTokShareUsageExample.swift /Users/cameronanderson/SnapChef/snapchef/ios/SnapChef/Features/Sharing/Platforms/TikTok/ViralVideoSDK.swift (in target 'SnapChef' from project 'SnapChef')

SwiftCompile normal arm64 /Users/cameronanderson/SnapChef/snapchef/ios/SnapChef/Features/Recipes/FavoritesView.swift (in target 'SnapChef' from project 'SnapChef')
    cd /Users/cameronanderson/SnapChef/snapchef/ios
    

SwiftCompile normal arm64 /Users/cameronanderson/SnapChef/snapchef/ios/SnapChef/Features/Sharing/Core/ShareService.swift (in target 'SnapChef' from project 'SnapChef')
    cd /Users/cameronanderson/SnapChef/snapchef/ios
    

SwiftCompile normal arm64 /Users/cameronanderson/SnapChef/snapchef/ios/SnapChef/Features/Sharing/Core/BrandedSharePopup.swift (in target 'SnapChef' from project 'SnapChef')
    cd /Users/cameronanderson/SnapChef/snapchef/ios
    

SwiftCompile normal arm64 /Users/cameronanderson/SnapChef/snapchef/ios/SnapChef/Features/Sharing/Platforms/TikTok/TikTokShareView.swift (in target 'SnapChef' from project 'SnapChef')
    cd /Users/cameronanderson/SnapChef/snapchef/ios
    

SwiftCompile normal arm64 /Users/cameronanderson/SnapChef/snapchef/ios/SnapChef/Features/Sharing/Platforms/TikTok/TikTokVideoGenerator.swift (in target 'SnapChef' from project 'SnapChef')
    cd /Users/cameronanderson/SnapChef/snapchef/ios
    

SwiftCompile normal arm64 /Users/cameronanderson/SnapChef/snapchef/ios/SnapChef/Features/Sharing/Platforms/TikTok/TikTokTemplates.swift (in target 'SnapChef' from project 'SnapChef')
    cd /Users/cameronanderson/SnapChef/snapchef/ios
    

SwiftCompile normal arm64 /Users/cameronanderson/SnapChef/snapchef/ios/SnapChef/Features/Sharing/Platforms/Instagram/InstagramShareView.swift (in target 'SnapChef' from project 'SnapChef')
    cd /Users/cameronanderson/SnapChef/snapchef/ios
    

SwiftCompile normal arm64 /Users/cameronanderson/SnapChef/snapchef/ios/SnapChef/Features/Sharing/Platforms/Instagram/InstagramContentGenerator.swift (in target 'SnapChef' from project 'SnapChef')
    cd /Users/cameronanderson/SnapChef/snapchef/ios
    

SwiftCompile normal arm64 /Users/cameronanderson/SnapChef/snapchef/ios/SnapChef/Features/Sharing/Platforms/TikTok/TikTokVideoGeneratorEnhanced.swift (in target 'SnapChef' from project 'SnapChef')
    cd /Users/cameronanderson/SnapChef/snapchef/ios
    

SwiftCompile normal arm64 /Users/cameronanderson/SnapChef/snapchef/ios/SnapChef/App/AppDelegate.swift (in target 'SnapChef' from project 'SnapChef')
    cd /Users/cameronanderson/SnapChef/snapchef/ios
    

SwiftCompile normal arm64 /Users/cameronanderson/SnapChef/snapchef/ios/SnapChef/Features/Sharing/Platforms/TikTok/TikTokMediaShareWrapper.swift (in target 'SnapChef' from project 'SnapChef')
    cd /Users/cameronanderson/SnapChef/snapchef/ios
    

SwiftCompile normal arm64 /Users/cameronanderson/SnapChef/snapchef/ios/SnapChef/Features/Sharing/Core/TikTokShareService.swift (in target 'SnapChef' from project 'SnapChef')
    cd /Users/cameronanderson/SnapChef/snapchef/ios
    

SwiftCompile normal arm64 /Users/cameronanderson/SnapChef/snapchef/ios/SnapChef/Features/Sharing/Core/TikTokShareUsageExample.swift (in target 'SnapChef' from project 'SnapChef')
    cd /Users/cameronanderson/SnapChef/snapchef/ios
    

SwiftCompile normal arm64 /Users/cameronanderson/SnapChef/snapchef/ios/SnapChef/Features/Sharing/Platforms/TikTok/ViralVideoSDK.swift (in target 'SnapChef' from project 'SnapChef')
    cd /Users/cameronanderson/SnapChef/snapchef/ios
    

SwiftCompile normal arm64 Compiling\ SnapChefApp.swift,\ ContentView.swift,\ Recipe.swift,\ User.swift,\ AppState.swift,\ AuthenticationManager.swift,\ DeviceManager.swift,\ NetworkManager.swift,\ HapticManager.swift,\ MockDataProvider.swift,\ HomeView.swift,\ CameraModel.swift,\ CameraView.swift,\ RecipesView.swift,\ RecipeResultsView.swift /Users/cameronanderson/SnapChef/snapchef/ios/SnapChef/App/SnapChefApp.swift /Users/cameronanderson/SnapChef/snapchef/ios/SnapChef/App/ContentView.swift /Users/cameronanderson/SnapChef/snapchef/ios/SnapChef/Core/Models/Recipe.swift /Users/cameronanderson/SnapChef/snapchef/ios/SnapChef/Core/Models/User.swift /Users/cameronanderson/SnapChef/snapchef/ios/SnapChef/Core/ViewModels/AppState.swift /Users/cameronanderson/SnapChef/snapchef/ios/SnapChef/Core/Services/AuthenticationManager.swift /Users/cameronanderson/SnapChef/snapchef/ios/SnapChef/Core/Services/DeviceManager.swift /Users/cameronanderson/SnapChef/snapchef/ios/SnapChef/Core/Networking/NetworkManager.swift /Users/cameronanderson/SnapChef/snapchef/ios/SnapChef/Core/Utilities/HapticManager.swift /Users/cameronanderson/SnapChef/snapchef/ios/SnapChef/Core/Utilities/MockDataProvider.swift /Users/cameronanderson/SnapChef/snapchef/ios/SnapChef/HomeView.swift /Users/cameronanderson/SnapChef/snapchef/ios/SnapChef/Features/Camera/CameraModel.swift /Users/cameronanderson/SnapChef/snapchef/ios/SnapChef/Features/Camera/CameraView.swift /Users/cameronanderson/SnapChef/snapchef/ios/SnapChef/Features/Recipes/RecipesView.swift /Users/cameronanderson/SnapChef/snapchef/ios/SnapChef/Features/Recipes/RecipeResultsView.swift (in target 'SnapChef' from project 'SnapChef')

SwiftCompile normal arm64 /Users/cameronanderson/SnapChef/snapchef/ios/SnapChef/App/SnapChefApp.swift (in target 'SnapChef' from project 'SnapChef')
    cd /Users/cameronanderson/SnapChef/snapchef/ios
    

SwiftCompile normal arm64 /Users/cameronanderson/SnapChef/snapchef/ios/SnapChef/App/ContentView.swift (in target 'SnapChef' from project 'SnapChef')
    cd /Users/cameronanderson/SnapChef/snapchef/ios
    

SwiftCompile normal arm64 /Users/cameronanderson/SnapChef/snapchef/ios/SnapChef/Core/Models/Recipe.swift (in target 'SnapChef' from project 'SnapChef')
    cd /Users/cameronanderson/SnapChef/snapchef/ios
    

SwiftCompile normal arm64 /Users/cameronanderson/SnapChef/snapchef/ios/SnapChef/Core/Models/User.swift (in target 'SnapChef' from project 'SnapChef')
    cd /Users/cameronanderson/SnapChef/snapchef/ios
    

SwiftCompile normal arm64 /Users/cameronanderson/SnapChef/snapchef/ios/SnapChef/Core/ViewModels/AppState.swift (in target 'SnapChef' from project 'SnapChef')
    cd /Users/cameronanderson/SnapChef/snapchef/ios
    

SwiftCompile normal arm64 /Users/cameronanderson/SnapChef/snapchef/ios/SnapChef/Core/Services/AuthenticationManager.swift (in target 'SnapChef' from project 'SnapChef')
    cd /Users/cameronanderson/SnapChef/snapchef/ios
    

SwiftCompile normal arm64 /Users/cameronanderson/SnapChef/snapchef/ios/SnapChef/Core/Services/DeviceManager.swift (in target 'SnapChef' from project 'SnapChef')
    cd /Users/cameronanderson/SnapChef/snapchef/ios
    

SwiftCompile normal arm64 /Users/cameronanderson/SnapChef/snapchef/ios/SnapChef/Core/Networking/NetworkManager.swift (in target 'SnapChef' from project 'SnapChef')
    cd /Users/cameronanderson/SnapChef/snapchef/ios
    

SwiftCompile normal arm64 /Users/cameronanderson/SnapChef/snapchef/ios/SnapChef/Core/Utilities/HapticManager.swift (in target 'SnapChef' from project 'SnapChef')
    cd /Users/cameronanderson/SnapChef/snapchef/ios
    

SwiftCompile normal arm64 /Users/cameronanderson/SnapChef/snapchef/ios/SnapChef/Core/Utilities/MockDataProvider.swift (in target 'SnapChef' from project 'SnapChef')
    cd /Users/cameronanderson/SnapChef/snapchef/ios
    

SwiftCompile normal arm64 /Users/cameronanderson/SnapChef/snapchef/ios/SnapChef/HomeView.swift (in target 'SnapChef' from project 'SnapChef')
    cd /Users/cameronanderson/SnapChef/snapchef/ios
    

SwiftCompile normal arm64 /Users/cameronanderson/SnapChef/snapchef/ios/SnapChef/Features/Camera/CameraModel.swift (in target 'SnapChef' from project 'SnapChef')
    cd /Users/cameronanderson/SnapChef/snapchef/ios
    

SwiftCompile normal arm64 /Users/cameronanderson/SnapChef/snapchef/ios/SnapChef/Features/Camera/CameraView.swift (in target 'SnapChef' from project 'SnapChef')
    cd /Users/cameronanderson/SnapChef/snapchef/ios
    

SwiftCompile normal arm64 /Users/cameronanderson/SnapChef/snapchef/ios/SnapChef/Features/Recipes/RecipesView.swift (in target 'SnapChef' from project 'SnapChef')
    cd /Users/cameronanderson/SnapChef/snapchef/ios
    

SwiftCompile normal arm64 /Users/cameronanderson/SnapChef/snapchef/ios/SnapChef/Features/Recipes/RecipeResultsView.swift (in target 'SnapChef' from project 'SnapChef')
    cd /Users/cameronanderson/SnapChef/snapchef/ios
    

SwiftCompile normal arm64 Compiling\ AIPersonalityManager.swift,\ MysteryMealView.swift,\ SocialShareManager.swift,\ CameraTabView.swift,\ CapturedImageView.swift,\ LaunchAnimationView.swift,\ SavedRecipe.swift,\ KeychainManager.swift,\ CloudKitManager.swift,\ ChallengeGenerator.swift,\ ChallengeProgressTracker.swift,\ ChallengeService.swift,\ RewardSystem.swift,\ ChefCoinsManager.swift,\ ChallengeRewardAnimator.swift /Users/cameronanderson/SnapChef/snapchef/ios/SnapChef/Features/AIPersonality/AIPersonalityManager.swift /Users/cameronanderson/SnapChef/snapchef/ios/SnapChef/Features/AIPersonality/MysteryMealView.swift /Users/cameronanderson/SnapChef/snapchef/ios/SnapChef/Features/Sharing/SocialShareManager.swift /Users/cameronanderson/SnapChef/snapchef/ios/SnapChef/Features/Camera/CameraTabView.swift /Users/cameronanderson/SnapChef/snapchef/ios/SnapChef/Features/Camera/CapturedImageView.swift /Users/cameronanderson/SnapChef/snapchef/ios/SnapChef/App/LaunchAnimationView.swift /Users/cameronanderson/SnapChef/snapchef/ios/SnapChef/Core/Models/SavedRecipe.swift /Users/cameronanderson/SnapChef/snapchef/ios/SnapChef/Core/Utilities/KeychainManager.swift /Users/cameronanderson/SnapChef/snapchef/ios/SnapChef/Core/Services/CloudKitManager.swift /Users/cameronanderson/SnapChef/snapchef/ios/SnapChef/Features/Gamification/ChallengeGenerator.swift /Users/cameronanderson/SnapChef/snapchef/ios/SnapChef/Features/Gamification/ChallengeProgressTracker.swift /Users/cameronanderson/SnapChef/snapchef/ios/SnapChef/Features/Gamification/ChallengeService.swift /Users/cameronanderson/SnapChef/snapchef/ios/SnapChef/Features/Gamification/RewardSystem.swift /Users/cameronanderson/SnapChef/snapchef/ios/SnapChef/Features/Gamification/ChefCoinsManager.swift /Users/cameronanderson/SnapChef/snapchef/ios/SnapChef/Features/Gamification/ChallengeRewardAnimator.swift (in target 'SnapChef' from project 'SnapChef')

SwiftCompile normal arm64 /Users/cameronanderson/SnapChef/snapchef/ios/SnapChef/Features/AIPersonality/AIPersonalityManager.swift (in target 'SnapChef' from project 'SnapChef')
    cd /Users/cameronanderson/SnapChef/snapchef/ios
    

SwiftCompile normal arm64 /Users/cameronanderson/SnapChef/snapchef/ios/SnapChef/Features/AIPersonality/MysteryMealView.swift (in target 'SnapChef' from project 'SnapChef')
    cd /Users/cameronanderson/SnapChef/snapchef/ios
    

SwiftCompile normal arm64 /Users/cameronanderson/SnapChef/snapchef/ios/SnapChef/Features/Sharing/SocialShareManager.swift (in target 'SnapChef' from project 'SnapChef')
    cd /Users/cameronanderson/SnapChef/snapchef/ios
    

SwiftCompile normal arm64 /Users/cameronanderson/SnapChef/snapchef/ios/SnapChef/Features/Camera/CameraTabView.swift (in target 'SnapChef' from project 'SnapChef')
    cd /Users/cameronanderson/SnapChef/snapchef/ios
    

SwiftCompile normal arm64 /Users/cameronanderson/SnapChef/snapchef/ios/SnapChef/Features/Camera/CapturedImageView.swift (in target 'SnapChef' from project 'SnapChef')
    cd /Users/cameronanderson/SnapChef/snapchef/ios
    

SwiftCompile normal arm64 /Users/cameronanderson/SnapChef/snapchef/ios/SnapChef/App/LaunchAnimationView.swift (in target 'SnapChef' from project 'SnapChef')
    cd /Users/cameronanderson/SnapChef/snapchef/ios
    

SwiftCompile normal arm64 /Users/cameronanderson/SnapChef/snapchef/ios/SnapChef/Core/Models/SavedRecipe.swift (in target 'SnapChef' from project 'SnapChef')
    cd /Users/cameronanderson/SnapChef/snapchef/ios
    

SwiftCompile normal arm64 /Users/cameronanderson/SnapChef/snapchef/ios/SnapChef/Core/Utilities/KeychainManager.swift (in target 'SnapChef' from project 'SnapChef')
    cd /Users/cameronanderson/SnapChef/snapchef/ios
    

SwiftCompile normal arm64 /Users/cameronanderson/SnapChef/snapchef/ios/SnapChef/Core/Services/CloudKitManager.swift (in target 'SnapChef' from project 'SnapChef')
    cd /Users/cameronanderson/SnapChef/snapchef/ios
    

SwiftCompile normal arm64 /Users/cameronanderson/SnapChef/snapchef/ios/SnapChef/Features/Gamification/ChallengeGenerator.swift (in target 'SnapChef' from project 'SnapChef')
    cd /Users/cameronanderson/SnapChef/snapchef/ios
    

SwiftCompile normal arm64 /Users/cameronanderson/SnapChef/snapchef/ios/SnapChef/Features/Gamification/ChallengeProgressTracker.swift (in target 'SnapChef' from project 'SnapChef')
    cd /Users/cameronanderson/SnapChef/snapchef/ios
    

SwiftCompile normal arm64 /Users/cameronanderson/SnapChef/snapchef/ios/SnapChef/Features/Gamification/ChallengeService.swift (in target 'SnapChef' from project 'SnapChef')
    cd /Users/cameronanderson/SnapChef/snapchef/ios
    

SwiftCompile normal arm64 /Users/cameronanderson/SnapChef/snapchef/ios/SnapChef/Features/Gamification/RewardSystem.swift (in target 'SnapChef' from project 'SnapChef')
    cd /Users/cameronanderson/SnapChef/snapchef/ios
    

SwiftCompile normal arm64 /Users/cameronanderson/SnapChef/snapchef/ios/SnapChef/Features/Gamification/ChefCoinsManager.swift (in target 'SnapChef' from project 'SnapChef')
    cd /Users/cameronanderson/SnapChef/snapchef/ios
    

SwiftCompile normal arm64 /Users/cameronanderson/SnapChef/snapchef/ios/SnapChef/Features/Gamification/ChallengeRewardAnimator.swift (in target 'SnapChef' from project 'SnapChef')
    cd /Users/cameronanderson/SnapChef/snapchef/ios
    

SwiftEmitModule normal arm64 Emitting\ module\ for\ SnapChef (in target 'SnapChef' from project 'SnapChef')

EmitSwiftModule normal arm64 (in target 'SnapChef' from project 'SnapChef')
    cd /Users/cameronanderson/SnapChef/snapchef/ios
    

SwiftCompile normal arm64 Compiling\ ViralVideoEngine.swift,\ ViralVideoDataModels.swift,\ ViralVideoRenderer.swift,\ ViralVideoExporter.swift,\ ViralVideoPolishManager.swift,\ RenderPlanner.swift,\ PerformanceAnalyzer.swift,\ ErrorRecoveryManager.swift,\ MemoryOptimizer.swift,\ StillWriter.swift,\ PolishUIComponents.swift,\ OverlayFactory.swift,\ ViralVideoRendererPro.swift,\ GeneratedAssetSymbols.swift /Users/cameronanderson/SnapChef/snapchef/ios/SnapChef/Features/Sharing/Platforms/TikTok/ViralVideoEngine.swift /Users/cameronanderson/SnapChef/snapchef/ios/SnapChef/Features/Sharing/Platforms/TikTok/ViralVideoDataModels.swift /Users/cameronanderson/SnapChef/snapchef/ios/SnapChef/Features/Sharing/Platforms/TikTok/ViralVideoRenderer.swift /Users/cameronanderson/SnapChef/snapchef/ios/SnapChef/Features/Sharing/Platforms/TikTok/ViralVideoExporter.swift /Users/cameronanderson/SnapChef/snapchef/ios/SnapChef/Features/Sharing/Platforms/TikTok/ViralVideoPolishManager.swift /Users/cameronanderson/SnapChef/snapchef/ios/SnapChef/Features/Sharing/Platforms/TikTok/RenderPlanner.swift /Users/cameronanderson/SnapChef/snapchef/ios/SnapChef/Features/Sharing/Platforms/TikTok/PerformanceAnalyzer.swift /Users/cameronanderson/SnapChef/snapchef/ios/SnapChef/Features/Sharing/Platforms/TikTok/ErrorRecoveryManager.swift /Users/cameronanderson/SnapChef/snapchef/ios/SnapChef/Features/Sharing/Platforms/TikTok/MemoryOptimizer.swift /Users/cameronanderson/SnapChef/snapchef/ios/SnapChef/Features/Sharing/Platforms/TikTok/StillWriter.swift /Users/cameronanderson/SnapChef/snapchef/ios/SnapChef/Features/Sharing/Platforms/TikTok/PolishUIComponents.swift /Users/cameronanderson/SnapChef/snapchef/ios/SnapChef/Features/Sharing/Platforms/TikTok/OverlayFactory.swift /Users/cameronanderson/SnapChef/snapchef/ios/SnapChef/Features/Sharing/Platforms/TikTok/ViralVideoRendererPro.swift /Users/cameronanderson/Library/Developer/Xcode/DerivedData/SnapChef-eofefrxwfkuubrechzzomuddoees/Build/Intermediates.noindex/SnapChef.build/Debug-iphonesimulator/SnapChef.build/DerivedSources/GeneratedAssetSymbols.swift (in target 'SnapChef' from project 'SnapChef')
Failed frontend command:
/Applications/Xcode.app/Contents/Developer/Toolchains/XcodeDefault.xctoolchain/usr/bin/swift-frontend -frontend -c -filelist /Users/cameronanderson/Library/Developer/Xcode/DerivedData/SnapChef-eofefrxwfkuubrechzzomuddoees/Build/Intermediates.noindex/SnapChef.build/Debug-iphonesimulator/SnapChef.build/Objects-normal-asan/arm64/sources-1 -primary-file /Users/cameronanderson/SnapChef/snapchef/ios/SnapChef/Features/Sharing/Platforms/TikTok/ViralVideoEngine.swift -primary-file /Users/cameronanderson/SnapChef/snapchef/ios/SnapChef/Features/Sharing/Platforms/TikTok/ViralVideoDataModels.swift -primary-file /Users/cameronanderson/SnapChef/snapchef/ios/SnapChef/Features/Sharing/Platforms/TikTok/ViralVideoRenderer.swift -primary-file /Users/cameronanderson/SnapChef/snapchef/ios/SnapChef/Features/Sharing/Platforms/TikTok/ViralVideoExporter.swift -primary-file /Users/cameronanderson/SnapChef/snapchef/ios/SnapChef/Features/Sharing/Platforms/TikTok/ViralVideoPolishManager.swift -primary-file /Users/cameronanderson/SnapChef/snapchef/ios/SnapChef/Features/Sharing/Platforms/TikTok/RenderPlanner.swift -primary-file /Users/cameronanderson/SnapChef/snapchef/ios/SnapChef/Features/Sharing/Platforms/TikTok/PerformanceAnalyzer.swift -primary-file /Users/cameronanderson/SnapChef/snapchef/ios/SnapChef/Features/Sharing/Platforms/TikTok/ErrorRecoveryManager.swift -primary-file /Users/cameronanderson/SnapChef/snapchef/ios/SnapChef/Features/Sharing/Platforms/TikTok/MemoryOptimizer.swift -primary-file /Users/cameronanderson/SnapChef/snapchef/ios/SnapChef/Features/Sharing/Platforms/TikTok/StillWriter.swift -primary-file /Users/cameronanderson/SnapChef/snapchef/ios/SnapChef/Features/Sharing/Platforms/TikTok/PolishUIComponents.swift -primary-file /Users/cameronanderson/SnapChef/snapchef/ios/SnapChef/Features/Sharing/Platforms/TikTok/OverlayFactory.swift -primary-file /Users/cameronanderson/SnapChef/snapchef/ios/SnapChef/Features/Sharing/Platforms/TikTok/ViralVideoRendererPro.swift -primary-file /Users/cameronanderson/Library/Developer/Xcode/DerivedData/SnapChef-eofefrxwfkuubrechzzomuddoees/Build/Intermediates.noindex/SnapChef.build/Debug-iphonesimulator/SnapChef.build/DerivedSources/GeneratedAssetSymbols.swift -supplementary-output-file-map /Users/cameronanderson/Library/Developer/Xcode/DerivedData/SnapChef-eofefrxwfkuubrechzzomuddoees/Build/Intermediates.noindex/SnapChef.build/Debug-iphonesimulator/SnapChef.build/Objects-normal-asan/arm64/supplementaryOutputs-8 -emit-localized-strings -emit-localized-strings-path /Users/cameronanderson/Library/Developer/Xcode/DerivedData/SnapChef-eofefrxwfkuubrechzzomuddoees/Build/Intermediates.noindex/SnapChef.build/Debug-iphonesimulator/SnapChef.build/Objects-normal-asan/arm64 -target arm64-apple-ios16.0-simulator -Xllvm -aarch64-use-tbi -enable-objc-interop -sdk /Applications/Xcode.app/Contents/Developer/Platforms/iPhoneSimulator.platform/Developer/SDKs/iPhoneSimulator18.5.sdk -I /Users/cameronanderson/Library/Developer/Xcode/DerivedData/SnapChef-eofefrxwfkuubrechzzomuddoees/Build/Products/Debug-iphonesimulator -F /Users/cameronanderson/Library/Developer/Xcode/DerivedData/SnapChef-eofefrxwfkuubrechzzomuddoees/Build/Products/Debug-iphonesimulator/PackageFrameworks -F /Users/cameronanderson/Library/Developer/Xcode/DerivedData/SnapChef-eofefrxwfkuubrechzzomuddoees/Build/Products/Debug-iphonesimulator/PackageFrameworks -F /Users/cameronanderson/Library/Developer/Xcode/DerivedData/SnapChef-eofefrxwfkuubrechzzomuddoees/Build/Products/Debug-iphonesimulator/PackageFrameworks -F /Users/cameronanderson/Library/Developer/Xcode/DerivedData/SnapChef-eofefrxwfkuubrechzzomuddoees/Build/Products/Debug-iphonesimulator -no-color-diagnostics -enable-testing -g -debug-info-format\=dwarf -dwarf-version\=4 -module-cache-path /Users/cameronanderson/Library/Developer/Xcode/DerivedData/ModuleCache.noindex -sanitize\=address -swift-version 6 -enforce-exclusivity\=checked -Onone -D DEBUG -serialize-debugging-options -const-gather-protocols-file /Users/cameronanderson/Library/Developer/Xcode/DerivedData/SnapChef-eofefrxwfkuubrechzzomuddoees/Build/Intermediates.noindex/SnapChef.build/Debug-iphonesimulator/SnapChef.build/Objects-normal-asan/arm64/SnapChef_const_extract_protocols.json -enable-experimental-feature DebugDescriptionMacro -empty-abi-descriptor -validate-clang-modules-once -clang-build-session-file /Users/cameronanderson/Library/Developer/Xcode/DerivedData/ModuleCache.noindex/Session.modulevalidation -Xcc -working-directory -Xcc /Users/cameronanderson/SnapChef/snapchef/ios -resource-dir /Applications/Xcode.app/Contents/Developer/Toolchains/XcodeDefault.xctoolchain/usr/lib/swift -enable-anonymous-context-mangled-names -file-compilation-dir /Users/cameronanderson/SnapChef/snapchef/ios -Xcc -ivfsstatcache -Xcc /Users/cameronanderson/Library/Developer/Xcode/DerivedData/SDKStatCaches.noindex/iphonesimulator18.5-22F76-d5fc8ad4295d2ef488fb7d0f804ce0c4.sdkstatcache -Xcc -I/Users/cameronanderson/Library/Developer/Xcode/DerivedData/SnapChef-eofefrxwfkuubrechzzomuddoees/Build/Intermediates.noindex/SnapChef.build/Debug-iphonesimulator/SnapChef.build/swift-overrides.hmap -Xcc -iquote -Xcc /Users/cameronanderson/Library/Developer/Xcode/DerivedData/SnapChef-eofefrxwfkuubrechzzomuddoees/Build/Intermediates.noindex/SnapChef.build/Debug-iphonesimulator/SnapChef.build/SnapChef-generated-files.hmap -Xcc -I/Users/cameronanderson/Library/Developer/Xcode/DerivedData/SnapChef-eofefrxwfkuubrechzzomuddoees/Build/Intermediates.noindex/SnapChef.build/Debug-iphonesimulator/SnapChef.build/SnapChef-own-target-headers.hmap -Xcc -I/Users/cameronanderson/Library/Developer/Xcode/DerivedData/SnapChef-eofefrxwfkuubrechzzomuddoees/Build/Intermediates.noindex/SnapChef.build/Debug-iphonesimulator/SnapChef.build/SnapChef-all-non-framework-target-headers.hmap -Xcc -ivfsoverlay -Xcc /Users/cameronanderson/Library/Developer/Xcode/DerivedData/SnapChef-eofefrxwfkuubrechzzomuddoees/Build/Intermediates.noindex/SnapChef.build/Debug-iphonesimulator/SnapChef-aeaa8cc72641741b8a66b1f1f8e92bed-VFS-iphonesimulator/all-product-headers.yaml -Xcc -iquote -Xcc /Users/cameronanderson/Library/Developer/Xcode/DerivedData/SnapChef-eofefrxwfkuubrechzzomuddoees/Build/Intermediates.noindex/SnapChef.build/Debug-iphonesimulator/SnapChef.build/SnapChef-project-headers.hmap -Xcc -I/Users/cameronanderson/Library/Developer/Xcode/DerivedData/SnapChef-eofefrxwfkuubrechzzomuddoees/Build/Products/Debug-iphonesimulator/include -Xcc -I/Users/cameronanderson/Library/Developer/Xcode/DerivedData/SnapChef-eofefrxwfkuubrechzzomuddoees/Build/Intermediates.noindex/SnapChef.build/Debug-iphonesimulator/SnapChef.build/DerivedSources-normal/arm64 -Xcc -I/Users/cameronanderson/Library/Developer/Xcode/DerivedData/SnapChef-eofefrxwfkuubrechzzomuddoees/Build/Intermediates.noindex/SnapChef.build/Debug-iphonesimulator/SnapChef.build/DerivedSources/arm64 -Xcc -I/Users/cameronanderson/Library/Developer/Xcode/DerivedData/SnapChef-eofefrxwfkuubrechzzomuddoees/Build/Intermediates.noindex/SnapChef.build/Debug-iphonesimulator/SnapChef.build/DerivedSources -Xcc -DDEBUG\=1 -module-name SnapChef -frontend-parseable-output -disable-clang-spi -target-sdk-version 18.5 -target-sdk-name iphonesimulator18.5 -external-plugin-path /Applications/Xcode.app/Contents/Developer/Platforms/iPhoneOS.platform/Developer/usr/lib/swift/host/plugins\#/Applications/Xcode.app/Contents/Developer/Platforms/iPhoneOS.platform/Developer/usr/bin/swift-plugin-server -external-plugin-path /Applications/Xcode.app/Contents/Developer/Platforms/iPhoneOS.platform/Developer/usr/local/lib/swift/host/plugins\#/Applications/Xcode.app/Contents/Developer/Platforms/iPhoneOS.platform/Developer/usr/bin/swift-plugin-server -in-process-plugin-server-path /Applications/Xcode.app/Contents/Developer/Toolchains/XcodeDefault.xctoolchain/usr/lib/swift/host/libSwiftInProcPluginServer.dylib -plugin-path /Applications/Xcode.app/Contents/Developer/Toolchains/XcodeDefault.xctoolchain/usr/lib/swift/host/plugins -plugin-path /Applications/Xcode.app/Contents/Developer/Toolchains/XcodeDefault.xctoolchain/usr/local/lib/swift/host/plugins -o /Users/cameronanderson/Library/Developer/Xcode/DerivedData/SnapChef-eofefrxwfkuubrechzzomuddoees/Build/Intermediates.noindex/SnapChef.build/Debug-iphonesimulator/SnapChef.build/Objects-normal-asan/arm64/ViralVideoEngine.o -o /Users/cameronanderson/Library/Developer/Xcode/DerivedData/SnapChef-eofefrxwfkuubrechzzomuddoees/Build/Intermediates.noindex/SnapChef.build/Debug-iphonesimulator/SnapChef.build/Objects-normal-asan/arm64/ViralVideoDataModels.o -o /Users/cameronanderson/Library/Developer/Xcode/DerivedData/SnapChef-eofefrxwfkuubrechzzomuddoees/Build/Intermediates.noindex/SnapChef.build/Debug-iphonesimulator/SnapChef.build/Objects-normal-asan/arm64/ViralVideoRenderer.o -o /Users/cameronanderson/Library/Developer/Xcode/DerivedData/SnapChef-eofefrxwfkuubrechzzomuddoees/Build/Intermediates.noindex/SnapChef.build/Debug-iphonesimulator/SnapChef.build/Objects-normal-asan/arm64/ViralVideoExporter.o -o /Users/cameronanderson/Library/Developer/Xcode/DerivedData/SnapChef-eofefrxwfkuubrechzzomuddoees/Build/Intermediates.noindex/SnapChef.build/Debug-iphonesimulator/SnapChef.build/Objects-normal-asan/arm64/ViralVideoPolishManager.o -o /Users/cameronanderson/Library/Developer/Xcode/DerivedData/SnapChef-eofefrxwfkuubrechzzomuddoees/Build/Intermediates.noindex/SnapChef.build/Debug-iphonesimulator/SnapChef.build/Objects-normal-asan/arm64/RenderPlanner.o -o /Users/cameronanderson/Library/Developer/Xcode/DerivedData/SnapChef-eofefrxwfkuubrechzzomuddoees/Build/Intermediates.noindex/SnapChef.build/Debug-iphonesimulator/SnapChef.build/Objects-normal-asan/arm64/PerformanceAnalyzer.o -o /Users/cameronanderson/Library/Developer/Xcode/DerivedData/SnapChef-eofefrxwfkuubrechzzomuddoees/Build/Intermediates.noindex/SnapChef.build/Debug-iphonesimulator/SnapChef.build/Objects-normal-asan/arm64/ErrorRecoveryManager.o -o /Users/cameronanderson/Library/Developer/Xcode/DerivedData/SnapChef-eofefrxwfkuubrechzzomuddoees/Build/Intermediates.noindex/SnapChef.build/Debug-iphonesimulator/SnapChef.build/Objects-normal-asan/arm64/MemoryOptimizer.o -o /Users/cameronanderson/Library/Developer/Xcode/DerivedData/SnapChef-eofefrxwfkuubrechzzomuddoees/Build/Intermediates.noindex/SnapChef.build/Debug-iphonesimulator/SnapChef.build/Objects-normal-asan/arm64/StillWriter.o -o /Users/cameronanderson/Library/Developer/Xcode/DerivedData/SnapChef-eofefrxwfkuubrechzzomuddoees/Build/Intermediates.noindex/SnapChef.build/Debug-iphonesimulator/SnapChef.build/Objects-normal-asan/arm64/PolishUIComponents.o -o /Users/cameronanderson/Library/Developer/Xcode/DerivedData/SnapChef-eofefrxwfkuubrechzzomuddoees/Build/Intermediates.noindex/SnapChef.build/Debug-iphonesimulator/SnapChef.build/Objects-normal-asan/arm64/OverlayFactory.o -o /Users/cameronanderson/Library/Developer/Xcode/DerivedData/SnapChef-eofefrxwfkuubrechzzomuddoees/Build/Intermediates.noindex/SnapChef.build/Debug-iphonesimulator/SnapChef.build/Objects-normal-asan/arm64/ViralVideoRendererPro.o -o /Users/cameronanderson/Library/Developer/Xcode/DerivedData/SnapChef-eofefrxwfkuubrechzzomuddoees/Build/Intermediates.noindex/SnapChef.build/Debug-iphonesimulator/SnapChef.build/Objects-normal-asan/arm64/GeneratedAssetSymbols.o -index-unit-output-path /SnapChef.build/Debug-iphonesimulator/SnapChef.build/Objects-normal-asan/arm64/ViralVideoEngine.o -index-unit-output-path /SnapChef.build/Debug-iphonesimulator/SnapChef.build/Objects-normal-asan/arm64/ViralVideoDataModels.o -index-unit-output-path /SnapChef.build/Debug-iphonesimulator/SnapChef.build/Objects-normal-asan/arm64/ViralVideoRenderer.o -index-unit-output-path /SnapChef.build/Debug-iphonesimulator/SnapChef.build/Objects-normal-asan/arm64/ViralVideoExporter.o -index-unit-output-path /SnapChef.build/Debug-iphonesimulator/SnapChef.build/Objects-normal-asan/arm64/ViralVideoPolishManager.o -index-unit-output-path /SnapChef.build/Debug-iphonesimulator/SnapChef.build/Objects-normal-asan/arm64/RenderPlanner.o -index-unit-output-path /SnapChef.build/Debug-iphonesimulator/SnapChef.build/Objects-normal-asan/arm64/PerformanceAnalyzer.o -index-unit-output-path /SnapChef.build/Debug-iphonesimulator/SnapChef.build/Objects-normal-asan/arm64/ErrorRecoveryManager.o -index-unit-output-path /SnapChef.build/Debug-iphonesimulator/SnapChef.build/Objects-normal-asan/arm64/MemoryOptimizer.o -index-unit-output-path /SnapChef.build/Debug-iphonesimulator/SnapChef.build/Objects-normal-asan/arm64/StillWriter.o -index-unit-output-path /SnapChef.build/Debug-iphonesimulator/SnapChef.build/Objects-normal-asan/arm64/PolishUIComponents.o -index-unit-output-path /SnapChef.build/Debug-iphonesimulator/SnapChef.build/Objects-normal-asan/arm64/OverlayFactory.o -index-unit-output-path /SnapChef.build/Debug-iphonesimulator/SnapChef.build/Objects-normal-asan/arm64/ViralVideoRendererPro.o -index-unit-output-path /SnapChef.build/Debug-iphonesimulator/SnapChef.build/Objects-normal-asan/arm64/GeneratedAssetSymbols.o -index-store-path /Users/cameronanderson/Library/Developer/Xcode/DerivedData/SnapChef-eofefrxwfkuubrechzzomuddoees/Index.noindex/DataStore -index-system-modules

SwiftCompile normal arm64 /Users/cameronanderson/SnapChef/snapchef/ios/SnapChef/Features/Sharing/Platforms/TikTok/ViralVideoEngine.swift (in target 'SnapChef' from project 'SnapChef')
    cd /Users/cameronanderson/SnapChef/snapchef/ios
    
/Users/cameronanderson/SnapChef/snapchef/ios/SnapChef/Features/Sharing/Platforms/TikTok/ViralVideoEngine.swift:180:53: error: value of type 'ViralVideoRenderer' has no member 'render'
                        result = try await renderer.render(
                                           ~~~~~~~~ ^~~~~~
/Users/cameronanderson/SnapChef/snapchef/ios/SnapChef/Features/Sharing/Platforms/TikTok/ViralVideoEngine.swift:254:25: warning: initialization of immutable value 'adjustedProgress' was never used; consider replacing with assignment to '_' or removing it
                    let adjustedProgress = 0.2 + (frameProgress * 0.4) // 20% to 60%
                    ~~~~^~~~~~~~~~~~~~~~
                    _
/Users/cameronanderson/SnapChef/snapchef/ios/SnapChef/Features/Sharing/Platforms/TikTok/ViralVideoEngine.swift:273:25: warning: initialization of immutable value 'adjustedProgress' was never used; consider replacing with assignment to '_' or removing it
                    let adjustedProgress = 0.7 + (overlayProgress * 0.15) // 70% to 85%
                    ~~~~^~~~~~~~~~~~~~~~
                    _
/Users/cameronanderson/SnapChef/snapchef/ios/SnapChef/Features/Sharing/Platforms/TikTok/ViralVideoEngine.swift:283:25: warning: initialization of immutable value 'adjustedProgress' was never used; consider replacing with assignment to '_' or removing it
                    let adjustedProgress = 0.85 + (encodeProgress * 0.1) // 85% to 95%
                    ~~~~^~~~~~~~~~~~~~~~
                    _
/Users/cameronanderson/SnapChef/snapchef/ios/SnapChef/Features/Sharing/Platforms/TikTok/ViralVideoEngine.swift:335:13: warning: initialization of immutable value 'targetSize' was never used; consider replacing with assignment to '_' or removing it
        let targetSize = config.size
        ~~~~^~~~~~~~~~
        _
/Users/cameronanderson/SnapChef/snapchef/ios/SnapChef/Features/Sharing/Platforms/TikTok/ViralVideoEngine.swift:373:43: warning: capture of 'exportSession' with non-sendable type 'AVAssetExportSession?' in a '@Sendable' closure
                guard let exportSession = exportSession else { return }
                                          ^
Swift.Optional:1:21: note: generic enum 'Optional' does not conform to the 'Sendable' protocol
@frozen public enum Optional<Wrapped> : ~Copyable where Wrapped : ~Copyable {
                    ^
/Users/cameronanderson/SnapChef/snapchef/ios/SnapChef/Features/Sharing/Platforms/TikTok/ViralVideoEngine.swift:381:17: warning: capture of 'progressTimer' with non-sendable type 'Timer' in a '@Sendable' closure
                progressTimer.invalidate()
                ^
/Applications/Xcode.app/Contents/Developer/Platforms/iPhoneSimulator.platform/Developer/SDKs/iPhoneSimulator18.5.sdk/System/Library/Frameworks/Foundation.framework/Headers/NSTimer.h:10:12: note: class 'Timer' does not conform to the 'Sendable' protocol
@interface NSTimer : NSObject
           ^
/Users/cameronanderson/SnapChef/snapchef/ios/SnapChef/Features/Sharing/Platforms/TikTok/ViralVideoEngine.swift:383:43: warning: capture of 'exportSession' with non-sendable type 'AVAssetExportSession?' in a '@Sendable' closure
                guard let exportSession = exportSession else {
                                          ^
Swift.Optional:1:21: note: generic enum 'Optional' does not conform to the 'Sendable' protocol
@frozen public enum Optional<Wrapped> : ~Copyable where Wrapped : ~Copyable {
                    ^

SwiftCompile normal arm64 /Users/cameronanderson/SnapChef/snapchef/ios/SnapChef/Features/Sharing/Platforms/TikTok/ViralVideoDataModels.swift (in target 'SnapChef' from project 'SnapChef')
    cd /Users/cameronanderson/SnapChef/snapchef/ios
    
/Users/cameronanderson/SnapChef/snapchef/ios/SnapChef/Features/Sharing/Platforms/TikTok/ViralVideoEngine.swift:180:53: error: value of type 'ViralVideoRenderer' has no member 'render'
                        result = try await renderer.render(
                                           ~~~~~~~~ ^~~~~~
/Users/cameronanderson/SnapChef/snapchef/ios/SnapChef/Features/Sharing/Platforms/TikTok/ViralVideoEngine.swift:254:25: warning: initialization of immutable value 'adjustedProgress' was never used; consider replacing with assignment to '_' or removing it
                    let adjustedProgress = 0.2 + (frameProgress * 0.4) // 20% to 60%
                    ~~~~^~~~~~~~~~~~~~~~
                    _
/Users/cameronanderson/SnapChef/snapchef/ios/SnapChef/Features/Sharing/Platforms/TikTok/ViralVideoEngine.swift:273:25: warning: initialization of immutable value 'adjustedProgress' was never used; consider replacing with assignment to '_' or removing it
                    let adjustedProgress = 0.7 + (overlayProgress * 0.15) // 70% to 85%
                    ~~~~^~~~~~~~~~~~~~~~
                    _
/Users/cameronanderson/SnapChef/snapchef/ios/SnapChef/Features/Sharing/Platforms/TikTok/ViralVideoEngine.swift:283:25: warning: initialization of immutable value 'adjustedProgress' was never used; consider replacing with assignment to '_' or removing it
                    let adjustedProgress = 0.85 + (encodeProgress * 0.1) // 85% to 95%
                    ~~~~^~~~~~~~~~~~~~~~
                    _
/Users/cameronanderson/SnapChef/snapchef/ios/SnapChef/Features/Sharing/Platforms/TikTok/ViralVideoEngine.swift:335:13: warning: initialization of immutable value 'targetSize' was never used; consider replacing with assignment to '_' or removing it
        let targetSize = config.size
        ~~~~^~~~~~~~~~
        _
/Users/cameronanderson/SnapChef/snapchef/ios/SnapChef/Features/Sharing/Platforms/TikTok/ViralVideoEngine.swift:373:43: warning: capture of 'exportSession' with non-sendable type 'AVAssetExportSession?' in a '@Sendable' closure
                guard let exportSession = exportSession else { return }
                                          ^
Swift.Optional:1:21: note: generic enum 'Optional' does not conform to the 'Sendable' protocol
@frozen public enum Optional<Wrapped> : ~Copyable where Wrapped : ~Copyable {
                    ^
/Users/cameronanderson/SnapChef/snapchef/ios/SnapChef/Features/Sharing/Platforms/TikTok/ViralVideoEngine.swift:381:17: warning: capture of 'progressTimer' with non-sendable type 'Timer' in a '@Sendable' closure
                progressTimer.invalidate()
                ^
/Applications/Xcode.app/Contents/Developer/Platforms/iPhoneSimulator.platform/Developer/SDKs/iPhoneSimulator18.5.sdk/System/Library/Frameworks/Foundation.framework/Headers/NSTimer.h:10:12: note: class 'Timer' does not conform to the 'Sendable' protocol
@interface NSTimer : NSObject
           ^
/Users/cameronanderson/SnapChef/snapchef/ios/SnapChef/Features/Sharing/Platforms/TikTok/ViralVideoEngine.swift:383:43: warning: capture of 'exportSession' with non-sendable type 'AVAssetExportSession?' in a '@Sendable' closure
                guard let exportSession = exportSession else {
                                          ^
Swift.Optional:1:21: note: generic enum 'Optional' does not conform to the 'Sendable' protocol
@frozen public enum Optional<Wrapped> : ~Copyable where Wrapped : ~Copyable {
                    ^

SwiftCompile normal arm64 /Users/cameronanderson/SnapChef/snapchef/ios/SnapChef/Features/Sharing/Platforms/TikTok/ViralVideoRenderer.swift (in target 'SnapChef' from project 'SnapChef')
    cd /Users/cameronanderson/SnapChef/snapchef/ios
    
/Users/cameronanderson/SnapChef/snapchef/ios/SnapChef/Features/Sharing/Platforms/TikTok/ViralVideoEngine.swift:180:53: error: value of type 'ViralVideoRenderer' has no member 'render'
                        result = try await renderer.render(
                                           ~~~~~~~~ ^~~~~~
/Users/cameronanderson/SnapChef/snapchef/ios/SnapChef/Features/Sharing/Platforms/TikTok/ViralVideoEngine.swift:254:25: warning: initialization of immutable value 'adjustedProgress' was never used; consider replacing with assignment to '_' or removing it
                    let adjustedProgress = 0.2 + (frameProgress * 0.4) // 20% to 60%
                    ~~~~^~~~~~~~~~~~~~~~
                    _
/Users/cameronanderson/SnapChef/snapchef/ios/SnapChef/Features/Sharing/Platforms/TikTok/ViralVideoEngine.swift:273:25: warning: initialization of immutable value 'adjustedProgress' was never used; consider replacing with assignment to '_' or removing it
                    let adjustedProgress = 0.7 + (overlayProgress * 0.15) // 70% to 85%
                    ~~~~^~~~~~~~~~~~~~~~
                    _
/Users/cameronanderson/SnapChef/snapchef/ios/SnapChef/Features/Sharing/Platforms/TikTok/ViralVideoEngine.swift:283:25: warning: initialization of immutable value 'adjustedProgress' was never used; consider replacing with assignment to '_' or removing it
                    let adjustedProgress = 0.85 + (encodeProgress * 0.1) // 85% to 95%
                    ~~~~^~~~~~~~~~~~~~~~
                    _
/Users/cameronanderson/SnapChef/snapchef/ios/SnapChef/Features/Sharing/Platforms/TikTok/ViralVideoEngine.swift:335:13: warning: initialization of immutable value 'targetSize' was never used; consider replacing with assignment to '_' or removing it
        let targetSize = config.size
        ~~~~^~~~~~~~~~
        _
/Users/cameronanderson/SnapChef/snapchef/ios/SnapChef/Features/Sharing/Platforms/TikTok/ViralVideoEngine.swift:373:43: warning: capture of 'exportSession' with non-sendable type 'AVAssetExportSession?' in a '@Sendable' closure
                guard let exportSession = exportSession else { return }
                                          ^
Swift.Optional:1:21: note: generic enum 'Optional' does not conform to the 'Sendable' protocol
@frozen public enum Optional<Wrapped> : ~Copyable where Wrapped : ~Copyable {
                    ^
/Users/cameronanderson/SnapChef/snapchef/ios/SnapChef/Features/Sharing/Platforms/TikTok/ViralVideoEngine.swift:381:17: warning: capture of 'progressTimer' with non-sendable type 'Timer' in a '@Sendable' closure
                progressTimer.invalidate()
                ^
/Applications/Xcode.app/Contents/Developer/Platforms/iPhoneSimulator.platform/Developer/SDKs/iPhoneSimulator18.5.sdk/System/Library/Frameworks/Foundation.framework/Headers/NSTimer.h:10:12: note: class 'Timer' does not conform to the 'Sendable' protocol
@interface NSTimer : NSObject
           ^
/Users/cameronanderson/SnapChef/snapchef/ios/SnapChef/Features/Sharing/Platforms/TikTok/ViralVideoEngine.swift:383:43: warning: capture of 'exportSession' with non-sendable type 'AVAssetExportSession?' in a '@Sendable' closure
                guard let exportSession = exportSession else {
                                          ^
Swift.Optional:1:21: note: generic enum 'Optional' does not conform to the 'Sendable' protocol
@frozen public enum Optional<Wrapped> : ~Copyable where Wrapped : ~Copyable {
                    ^
/Users/cameronanderson/SnapChef/snapchef/ios/SnapChef/Features/Sharing/Platforms/TikTok/ViralVideoRenderer.swift:154:24: warning: capture of 'exportSession' with non-sendable type 'AVAssetExportSession' in a '@Sendable' closure
                switch exportSession.status {
                       ^
/Applications/Xcode.app/Contents/Developer/Platforms/iPhoneSimulator.platform/Developer/SDKs/iPhoneSimulator18.5.sdk/System/Library/Frameworks/AVFoundation.framework/Headers/AVAssetExportSession.h:156:12: note: class 'AVAssetExportSession' does not conform to the 'Sendable' protocol
@interface AVAssetExportSession : NSObject
           ^
/Users/cameronanderson/SnapChef/snapchef/ios/SnapChef/Features/Sharing/Platforms/TikTok/ViralVideoRenderer.swift:182:31: error: cannot convert value of type '[FilterSpec]' to expected argument type '[CIFilter]'
                filters: item.filters,
                              ^
/Users/cameronanderson/SnapChef/snapchef/ios/SnapChef/Features/Sharing/Platforms/TikTok/ViralVideoRenderer.swift:182:31: note: arguments to generic parameter 'Element' ('FilterSpec' and 'CIFilter') are expected to be equal
                filters: item.filters,
                              ^
/Users/cameronanderson/SnapChef/snapchef/ios/SnapChef/Features/Sharing/Platforms/TikTok/ViralVideoRenderer.swift:192:31: error: cannot convert value of type '[FilterSpec]' to expected argument type '[CIFilter]'
                filters: item.filters,
                              ^
/Users/cameronanderson/SnapChef/snapchef/ios/SnapChef/Features/Sharing/Platforms/TikTok/ViralVideoRenderer.swift:192:31: note: arguments to generic parameter 'Element' ('FilterSpec' and 'CIFilter') are expected to be equal
                filters: item.filters,
                              ^
/Users/cameronanderson/SnapChef/snapchef/ios/SnapChef/Features/Sharing/Platforms/TikTok/ViralVideoRenderer.swift:236:43: warning: capture of 'exportSession' with non-sendable type 'AVAssetExportSession?' in a '@Sendable' closure
                guard let exportSession = exportSession else { return }
                                          ^
Swift.Optional:1:21: note: generic enum 'Optional' does not conform to the 'Sendable' protocol
@frozen public enum Optional<Wrapped> : ~Copyable where Wrapped : ~Copyable {
                    ^
/Users/cameronanderson/SnapChef/snapchef/ios/SnapChef/Features/Sharing/Platforms/TikTok/ViralVideoRenderer.swift:244:17: warning: capture of 'progressTimer' with non-sendable type 'Timer' in a '@Sendable' closure
                progressTimer.invalidate()
                ^
/Applications/Xcode.app/Contents/Developer/Platforms/iPhoneSimulator.platform/Developer/SDKs/iPhoneSimulator18.5.sdk/System/Library/Frameworks/Foundation.framework/Headers/NSTimer.h:10:12: note: class 'Timer' does not conform to the 'Sendable' protocol
@interface NSTimer : NSObject
           ^
/Users/cameronanderson/SnapChef/snapchef/ios/SnapChef/Features/Sharing/Platforms/TikTok/ViralVideoRenderer.swift:246:43: warning: capture of 'exportSession' with non-sendable type 'AVAssetExportSession?' in a '@Sendable' closure
                guard let exportSession = exportSession else {
                                          ^
Swift.Optional:1:21: note: generic enum 'Optional' does not conform to the 'Sendable' protocol
@frozen public enum Optional<Wrapped> : ~Copyable where Wrapped : ~Copyable {
                    ^
/Users/cameronanderson/SnapChef/snapchef/ios/SnapChef/Features/Sharing/Platforms/TikTok/ViralVideoRenderer.swift:390:43: warning: capture of 'exportSession' with non-sendable type 'AVAssetExportSession?' in a '@Sendable' closure
                guard let exportSession = exportSession else { return }
                                          ^
Swift.Optional:1:21: note: generic enum 'Optional' does not conform to the 'Sendable' protocol
@frozen public enum Optional<Wrapped> : ~Copyable where Wrapped : ~Copyable {
                    ^
/Users/cameronanderson/SnapChef/snapchef/ios/SnapChef/Features/Sharing/Platforms/TikTok/ViralVideoRenderer.swift:398:17: warning: capture of 'progressTimer' with non-sendable type 'Timer' in a '@Sendable' closure
                progressTimer.invalidate()
                ^
/Applications/Xcode.app/Contents/Developer/Platforms/iPhoneSimulator.platform/Developer/SDKs/iPhoneSimulator18.5.sdk/System/Library/Frameworks/Foundation.framework/Headers/NSTimer.h:10:12: note: class 'Timer' does not conform to the 'Sendable' protocol
@interface NSTimer : NSObject
           ^
/Users/cameronanderson/SnapChef/snapchef/ios/SnapChef/Features/Sharing/Platforms/TikTok/ViralVideoRenderer.swift:400:43: warning: capture of 'exportSession' with non-sendable type 'AVAssetExportSession?' in a '@Sendable' closure
                guard let exportSession = exportSession else {
                                          ^
Swift.Optional:1:21: note: generic enum 'Optional' does not conform to the 'Sendable' protocol
@frozen public enum Optional<Wrapped> : ~Copyable where Wrapped : ~Copyable {
                    ^

SwiftCompile normal arm64 /Users/cameronanderson/SnapChef/snapchef/ios/SnapChef/Features/Sharing/Platforms/TikTok/ViralVideoExporter.swift (in target 'SnapChef' from project 'SnapChef')
    cd /Users/cameronanderson/SnapChef/snapchef/ios
    
/Users/cameronanderson/SnapChef/snapchef/ios/SnapChef/Features/Sharing/Platforms/TikTok/ViralVideoEngine.swift:180:53: error: value of type 'ViralVideoRenderer' has no member 'render'
                        result = try await renderer.render(
                                           ~~~~~~~~ ^~~~~~
/Users/cameronanderson/SnapChef/snapchef/ios/SnapChef/Features/Sharing/Platforms/TikTok/ViralVideoEngine.swift:254:25: warning: initialization of immutable value 'adjustedProgress' was never used; consider replacing with assignment to '_' or removing it
                    let adjustedProgress = 0.2 + (frameProgress * 0.4) // 20% to 60%
                    ~~~~^~~~~~~~~~~~~~~~
                    _
/Users/cameronanderson/SnapChef/snapchef/ios/SnapChef/Features/Sharing/Platforms/TikTok/ViralVideoEngine.swift:273:25: warning: initialization of immutable value 'adjustedProgress' was never used; consider replacing with assignment to '_' or removing it
                    let adjustedProgress = 0.7 + (overlayProgress * 0.15) // 70% to 85%
                    ~~~~^~~~~~~~~~~~~~~~
                    _
/Users/cameronanderson/SnapChef/snapchef/ios/SnapChef/Features/Sharing/Platforms/TikTok/ViralVideoEngine.swift:283:25: warning: initialization of immutable value 'adjustedProgress' was never used; consider replacing with assignment to '_' or removing it
                    let adjustedProgress = 0.85 + (encodeProgress * 0.1) // 85% to 95%
                    ~~~~^~~~~~~~~~~~~~~~
                    _
/Users/cameronanderson/SnapChef/snapchef/ios/SnapChef/Features/Sharing/Platforms/TikTok/ViralVideoEngine.swift:335:13: warning: initialization of immutable value 'targetSize' was never used; consider replacing with assignment to '_' or removing it
        let targetSize = config.size
        ~~~~^~~~~~~~~~
        _
/Users/cameronanderson/SnapChef/snapchef/ios/SnapChef/Features/Sharing/Platforms/TikTok/ViralVideoEngine.swift:373:43: warning: capture of 'exportSession' with non-sendable type 'AVAssetExportSession?' in a '@Sendable' closure
                guard let exportSession = exportSession else { return }
                                          ^
Swift.Optional:1:21: note: generic enum 'Optional' does not conform to the 'Sendable' protocol
@frozen public enum Optional<Wrapped> : ~Copyable where Wrapped : ~Copyable {
                    ^
/Users/cameronanderson/SnapChef/snapchef/ios/SnapChef/Features/Sharing/Platforms/TikTok/ViralVideoEngine.swift:381:17: warning: capture of 'progressTimer' with non-sendable type 'Timer' in a '@Sendable' closure
                progressTimer.invalidate()
                ^
/Applications/Xcode.app/Contents/Developer/Platforms/iPhoneSimulator.platform/Developer/SDKs/iPhoneSimulator18.5.sdk/System/Library/Frameworks/Foundation.framework/Headers/NSTimer.h:10:12: note: class 'Timer' does not conform to the 'Sendable' protocol
@interface NSTimer : NSObject
           ^
/Users/cameronanderson/SnapChef/snapchef/ios/SnapChef/Features/Sharing/Platforms/TikTok/ViralVideoEngine.swift:383:43: warning: capture of 'exportSession' with non-sendable type 'AVAssetExportSession?' in a '@Sendable' closure
                guard let exportSession = exportSession else {
                                          ^
Swift.Optional:1:21: note: generic enum 'Optional' does not conform to the 'Sendable' protocol
@frozen public enum Optional<Wrapped> : ~Copyable where Wrapped : ~Copyable {
                    ^
/Users/cameronanderson/SnapChef/snapchef/ios/SnapChef/Features/Sharing/Platforms/TikTok/ViralVideoExporter.swift:221:46: warning: capture of 'exportSession' with non-sendable type 'AVAssetExportSession' in a '@Sendable' closure
                let currentProgress = Double(exportSession.progress)
                                             ^
/Applications/Xcode.app/Contents/Developer/Platforms/iPhoneSimulator.platform/Developer/SDKs/iPhoneSimulator18.5.sdk/System/Library/Frameworks/AVFoundation.framework/Headers/AVAssetExportSession.h:156:12: note: class 'AVAssetExportSession' does not conform to the 'Sendable' protocol
@interface AVAssetExportSession : NSObject
           ^
/Users/cameronanderson/SnapChef/snapchef/ios/SnapChef/Features/Sharing/Platforms/TikTok/ViralVideoExporter.swift:222:17: warning: capture of 'progressCallback' with non-sendable type '(Double) -> Void' in a '@Sendable' closure
                progressCallback(currentProgress)
                ^
/Users/cameronanderson/SnapChef/snapchef/ios/SnapChef/Features/Sharing/Platforms/TikTok/ViralVideoExporter.swift:222:17: note: a function type must be marked '@Sendable' to conform to 'Sendable'
                progressCallback(currentProgress)
                ^
/Users/cameronanderson/SnapChef/snapchef/ios/SnapChef/Features/Sharing/Platforms/TikTok/ViralVideoExporter.swift:234:17: warning: capture of 'progressTimer' with non-sendable type 'Timer' in a '@Sendable' closure
                progressTimer.invalidate()
                ^
/Applications/Xcode.app/Contents/Developer/Platforms/iPhoneSimulator.platform/Developer/SDKs/iPhoneSimulator18.5.sdk/System/Library/Frameworks/Foundation.framework/Headers/NSTimer.h:10:12: note: class 'Timer' does not conform to the 'Sendable' protocol
@interface NSTimer : NSObject
           ^
/Users/cameronanderson/SnapChef/snapchef/ios/SnapChef/Features/Sharing/Platforms/TikTok/ViralVideoExporter.swift:236:24: warning: capture of 'exportSession' with non-sendable type 'AVAssetExportSession' in a '@Sendable' closure
                switch exportSession.status {
                       ^
/Applications/Xcode.app/Contents/Developer/Platforms/iPhoneSimulator.platform/Developer/SDKs/iPhoneSimulator18.5.sdk/System/Library/Frameworks/AVFoundation.framework/Headers/AVAssetExportSession.h:156:12: note: class 'AVAssetExportSession' does not conform to the 'Sendable' protocol
@interface AVAssetExportSession : NSObject
           ^
/Users/cameronanderson/SnapChef/snapchef/ios/SnapChef/Features/Sharing/Platforms/TikTok/ViralVideoExporter.swift:315:13: warning: initialization of immutable value 'videoTracks' was never used; consider replacing with assignment to '_' or removing it
        let videoTracks = try await asset.loadTracks(withMediaType: .video)
        ~~~~^~~~~~~~~~~
        _

SwiftCompile normal arm64 /Users/cameronanderson/SnapChef/snapchef/ios/SnapChef/Features/Sharing/Platforms/TikTok/ViralVideoPolishManager.swift (in target 'SnapChef' from project 'SnapChef')
    cd /Users/cameronanderson/SnapChef/snapchef/ios
    
/Users/cameronanderson/SnapChef/snapchef/ios/SnapChef/Features/Sharing/Platforms/TikTok/ViralVideoEngine.swift:180:53: error: value of type 'ViralVideoRenderer' has no member 'render'
                        result = try await renderer.render(
                                           ~~~~~~~~ ^~~~~~
/Users/cameronanderson/SnapChef/snapchef/ios/SnapChef/Features/Sharing/Platforms/TikTok/ViralVideoEngine.swift:254:25: warning: initialization of immutable value 'adjustedProgress' was never used; consider replacing with assignment to '_' or removing it
                    let adjustedProgress = 0.2 + (frameProgress * 0.4) // 20% to 60%
                    ~~~~^~~~~~~~~~~~~~~~
                    _
/Users/cameronanderson/SnapChef/snapchef/ios/SnapChef/Features/Sharing/Platforms/TikTok/ViralVideoEngine.swift:273:25: warning: initialization of immutable value 'adjustedProgress' was never used; consider replacing with assignment to '_' or removing it
                    let adjustedProgress = 0.7 + (overlayProgress * 0.15) // 70% to 85%
                    ~~~~^~~~~~~~~~~~~~~~
                    _
/Users/cameronanderson/SnapChef/snapchef/ios/SnapChef/Features/Sharing/Platforms/TikTok/ViralVideoEngine.swift:283:25: warning: initialization of immutable value 'adjustedProgress' was never used; consider replacing with assignment to '_' or removing it
                    let adjustedProgress = 0.85 + (encodeProgress * 0.1) // 85% to 95%
                    ~~~~^~~~~~~~~~~~~~~~
                    _
/Users/cameronanderson/SnapChef/snapchef/ios/SnapChef/Features/Sharing/Platforms/TikTok/ViralVideoEngine.swift:335:13: warning: initialization of immutable value 'targetSize' was never used; consider replacing with assignment to '_' or removing it
        let targetSize = config.size
        ~~~~^~~~~~~~~~
        _
/Users/cameronanderson/SnapChef/snapchef/ios/SnapChef/Features/Sharing/Platforms/TikTok/ViralVideoEngine.swift:373:43: warning: capture of 'exportSession' with non-sendable type 'AVAssetExportSession?' in a '@Sendable' closure
                guard let exportSession = exportSession else { return }
                                          ^
Swift.Optional:1:21: note: generic enum 'Optional' does not conform to the 'Sendable' protocol
@frozen public enum Optional<Wrapped> : ~Copyable where Wrapped : ~Copyable {
                    ^
/Users/cameronanderson/SnapChef/snapchef/ios/SnapChef/Features/Sharing/Platforms/TikTok/ViralVideoEngine.swift:381:17: warning: capture of 'progressTimer' with non-sendable type 'Timer' in a '@Sendable' closure
                progressTimer.invalidate()
                ^
/Applications/Xcode.app/Contents/Developer/Platforms/iPhoneSimulator.platform/Developer/SDKs/iPhoneSimulator18.5.sdk/System/Library/Frameworks/Foundation.framework/Headers/NSTimer.h:10:12: note: class 'Timer' does not conform to the 'Sendable' protocol
@interface NSTimer : NSObject
           ^
/Users/cameronanderson/SnapChef/snapchef/ios/SnapChef/Features/Sharing/Platforms/TikTok/ViralVideoEngine.swift:383:43: warning: capture of 'exportSession' with non-sendable type 'AVAssetExportSession?' in a '@Sendable' closure
                guard let exportSession = exportSession else {
                                          ^
Swift.Optional:1:21: note: generic enum 'Optional' does not conform to the 'Sendable' protocol
@frozen public enum Optional<Wrapped> : ~Copyable where Wrapped : ~Copyable {
                    ^

SwiftCompile normal arm64 /Users/cameronanderson/SnapChef/snapchef/ios/SnapChef/Features/Sharing/Platforms/TikTok/RenderPlanner.swift (in target 'SnapChef' from project 'SnapChef')
    cd /Users/cameronanderson/SnapChef/snapchef/ios
    
/Users/cameronanderson/SnapChef/snapchef/ios/SnapChef/Features/Sharing/Platforms/TikTok/ViralVideoEngine.swift:180:53: error: value of type 'ViralVideoRenderer' has no member 'render'
                        result = try await renderer.render(
                                           ~~~~~~~~ ^~~~~~
/Users/cameronanderson/SnapChef/snapchef/ios/SnapChef/Features/Sharing/Platforms/TikTok/ViralVideoEngine.swift:254:25: warning: initialization of immutable value 'adjustedProgress' was never used; consider replacing with assignment to '_' or removing it
                    let adjustedProgress = 0.2 + (frameProgress * 0.4) // 20% to 60%
                    ~~~~^~~~~~~~~~~~~~~~
                    _
/Users/cameronanderson/SnapChef/snapchef/ios/SnapChef/Features/Sharing/Platforms/TikTok/ViralVideoEngine.swift:273:25: warning: initialization of immutable value 'adjustedProgress' was never used; consider replacing with assignment to '_' or removing it
                    let adjustedProgress = 0.7 + (overlayProgress * 0.15) // 70% to 85%
                    ~~~~^~~~~~~~~~~~~~~~
                    _
/Users/cameronanderson/SnapChef/snapchef/ios/SnapChef/Features/Sharing/Platforms/TikTok/ViralVideoEngine.swift:283:25: warning: initialization of immutable value 'adjustedProgress' was never used; consider replacing with assignment to '_' or removing it
                    let adjustedProgress = 0.85 + (encodeProgress * 0.1) // 85% to 95%
                    ~~~~^~~~~~~~~~~~~~~~
                    _
/Users/cameronanderson/SnapChef/snapchef/ios/SnapChef/Features/Sharing/Platforms/TikTok/ViralVideoEngine.swift:335:13: warning: initialization of immutable value 'targetSize' was never used; consider replacing with assignment to '_' or removing it
        let targetSize = config.size
        ~~~~^~~~~~~~~~
        _
/Users/cameronanderson/SnapChef/snapchef/ios/SnapChef/Features/Sharing/Platforms/TikTok/ViralVideoEngine.swift:373:43: warning: capture of 'exportSession' with non-sendable type 'AVAssetExportSession?' in a '@Sendable' closure
                guard let exportSession = exportSession else { return }
                                          ^
Swift.Optional:1:21: note: generic enum 'Optional' does not conform to the 'Sendable' protocol
@frozen public enum Optional<Wrapped> : ~Copyable where Wrapped : ~Copyable {
                    ^
/Users/cameronanderson/SnapChef/snapchef/ios/SnapChef/Features/Sharing/Platforms/TikTok/ViralVideoEngine.swift:381:17: warning: capture of 'progressTimer' with non-sendable type 'Timer' in a '@Sendable' closure
                progressTimer.invalidate()
                ^
/Applications/Xcode.app/Contents/Developer/Platforms/iPhoneSimulator.platform/Developer/SDKs/iPhoneSimulator18.5.sdk/System/Library/Frameworks/Foundation.framework/Headers/NSTimer.h:10:12: note: class 'Timer' does not conform to the 'Sendable' protocol
@interface NSTimer : NSObject
           ^
/Users/cameronanderson/SnapChef/snapchef/ios/SnapChef/Features/Sharing/Platforms/TikTok/ViralVideoEngine.swift:383:43: warning: capture of 'exportSession' with non-sendable type 'AVAssetExportSession?' in a '@Sendable' closure
                guard let exportSession = exportSession else {
                                          ^
Swift.Optional:1:21: note: generic enum 'Optional' does not conform to the 'Sendable' protocol
@frozen public enum Optional<Wrapped> : ~Copyable where Wrapped : ~Copyable {
                    ^
/Users/cameronanderson/SnapChef/snapchef/ios/SnapChef/Features/Sharing/Platforms/TikTok/RenderPlanner.swift:247:23: error: cannot convert value of type 'CIFilter' to expected element type 'Array<FilterSpec>.ArrayLiteralElement' (aka 'FilterSpec')
            filters: [createCircularWipeFilter()]
                      ^

SwiftCompile normal arm64 /Users/cameronanderson/SnapChef/snapchef/ios/SnapChef/Features/Sharing/Platforms/TikTok/PerformanceAnalyzer.swift (in target 'SnapChef' from project 'SnapChef')
    cd /Users/cameronanderson/SnapChef/snapchef/ios
    
/Users/cameronanderson/SnapChef/snapchef/ios/SnapChef/Features/Sharing/Platforms/TikTok/ViralVideoEngine.swift:180:53: error: value of type 'ViralVideoRenderer' has no member 'render'
                        result = try await renderer.render(
                                           ~~~~~~~~ ^~~~~~
/Users/cameronanderson/SnapChef/snapchef/ios/SnapChef/Features/Sharing/Platforms/TikTok/ViralVideoEngine.swift:254:25: warning: initialization of immutable value 'adjustedProgress' was never used; consider replacing with assignment to '_' or removing it
                    let adjustedProgress = 0.2 + (frameProgress * 0.4) // 20% to 60%
                    ~~~~^~~~~~~~~~~~~~~~
                    _
/Users/cameronanderson/SnapChef/snapchef/ios/SnapChef/Features/Sharing/Platforms/TikTok/ViralVideoEngine.swift:273:25: warning: initialization of immutable value 'adjustedProgress' was never used; consider replacing with assignment to '_' or removing it
                    let adjustedProgress = 0.7 + (overlayProgress * 0.15) // 70% to 85%
                    ~~~~^~~~~~~~~~~~~~~~
                    _
/Users/cameronanderson/SnapChef/snapchef/ios/SnapChef/Features/Sharing/Platforms/TikTok/ViralVideoEngine.swift:283:25: warning: initialization of immutable value 'adjustedProgress' was never used; consider replacing with assignment to '_' or removing it
                    let adjustedProgress = 0.85 + (encodeProgress * 0.1) // 85% to 95%
                    ~~~~^~~~~~~~~~~~~~~~
                    _
/Users/cameronanderson/SnapChef/snapchef/ios/SnapChef/Features/Sharing/Platforms/TikTok/ViralVideoEngine.swift:335:13: warning: initialization of immutable value 'targetSize' was never used; consider replacing with assignment to '_' or removing it
        let targetSize = config.size
        ~~~~^~~~~~~~~~
        _
/Users/cameronanderson/SnapChef/snapchef/ios/SnapChef/Features/Sharing/Platforms/TikTok/ViralVideoEngine.swift:373:43: warning: capture of 'exportSession' with non-sendable type 'AVAssetExportSession?' in a '@Sendable' closure
                guard let exportSession = exportSession else { return }
                                          ^
Swift.Optional:1:21: note: generic enum 'Optional' does not conform to the 'Sendable' protocol
@frozen public enum Optional<Wrapped> : ~Copyable where Wrapped : ~Copyable {
                    ^
/Users/cameronanderson/SnapChef/snapchef/ios/SnapChef/Features/Sharing/Platforms/TikTok/ViralVideoEngine.swift:381:17: warning: capture of 'progressTimer' with non-sendable type 'Timer' in a '@Sendable' closure
                progressTimer.invalidate()
                ^
/Applications/Xcode.app/Contents/Developer/Platforms/iPhoneSimulator.platform/Developer/SDKs/iPhoneSimulator18.5.sdk/System/Library/Frameworks/Foundation.framework/Headers/NSTimer.h:10:12: note: class 'Timer' does not conform to the 'Sendable' protocol
@interface NSTimer : NSObject
           ^
/Users/cameronanderson/SnapChef/snapchef/ios/SnapChef/Features/Sharing/Platforms/TikTok/ViralVideoEngine.swift:383:43: warning: capture of 'exportSession' with non-sendable type 'AVAssetExportSession?' in a '@Sendable' closure
                guard let exportSession = exportSession else {
                                          ^
Swift.Optional:1:21: note: generic enum 'Optional' does not conform to the 'Sendable' protocol
@frozen public enum Optional<Wrapped> : ~Copyable where Wrapped : ~Copyable {
                    ^

SwiftCompile normal arm64 /Users/cameronanderson/SnapChef/snapchef/ios/SnapChef/Features/Sharing/Platforms/TikTok/ErrorRecoveryManager.swift (in target 'SnapChef' from project 'SnapChef')
    cd /Users/cameronanderson/SnapChef/snapchef/ios
    
/Users/cameronanderson/SnapChef/snapchef/ios/SnapChef/Features/Sharing/Platforms/TikTok/ViralVideoEngine.swift:180:53: error: value of type 'ViralVideoRenderer' has no member 'render'
                        result = try await renderer.render(
                                           ~~~~~~~~ ^~~~~~
/Users/cameronanderson/SnapChef/snapchef/ios/SnapChef/Features/Sharing/Platforms/TikTok/ViralVideoEngine.swift:254:25: warning: initialization of immutable value 'adjustedProgress' was never used; consider replacing with assignment to '_' or removing it
                    let adjustedProgress = 0.2 + (frameProgress * 0.4) // 20% to 60%
                    ~~~~^~~~~~~~~~~~~~~~
                    _
/Users/cameronanderson/SnapChef/snapchef/ios/SnapChef/Features/Sharing/Platforms/TikTok/ViralVideoEngine.swift:273:25: warning: initialization of immutable value 'adjustedProgress' was never used; consider replacing with assignment to '_' or removing it
                    let adjustedProgress = 0.7 + (overlayProgress * 0.15) // 70% to 85%
                    ~~~~^~~~~~~~~~~~~~~~
                    _
/Users/cameronanderson/SnapChef/snapchef/ios/SnapChef/Features/Sharing/Platforms/TikTok/ViralVideoEngine.swift:283:25: warning: initialization of immutable value 'adjustedProgress' was never used; consider replacing with assignment to '_' or removing it
                    let adjustedProgress = 0.85 + (encodeProgress * 0.1) // 85% to 95%
                    ~~~~^~~~~~~~~~~~~~~~
                    _
/Users/cameronanderson/SnapChef/snapchef/ios/SnapChef/Features/Sharing/Platforms/TikTok/ViralVideoEngine.swift:335:13: warning: initialization of immutable value 'targetSize' was never used; consider replacing with assignment to '_' or removing it
        let targetSize = config.size
        ~~~~^~~~~~~~~~
        _
/Users/cameronanderson/SnapChef/snapchef/ios/SnapChef/Features/Sharing/Platforms/TikTok/ViralVideoEngine.swift:373:43: warning: capture of 'exportSession' with non-sendable type 'AVAssetExportSession?' in a '@Sendable' closure
                guard let exportSession = exportSession else { return }
                                          ^
Swift.Optional:1:21: note: generic enum 'Optional' does not conform to the 'Sendable' protocol
@frozen public enum Optional<Wrapped> : ~Copyable where Wrapped : ~Copyable {
                    ^
/Users/cameronanderson/SnapChef/snapchef/ios/SnapChef/Features/Sharing/Platforms/TikTok/ViralVideoEngine.swift:381:17: warning: capture of 'progressTimer' with non-sendable type 'Timer' in a '@Sendable' closure
                progressTimer.invalidate()
                ^
/Applications/Xcode.app/Contents/Developer/Platforms/iPhoneSimulator.platform/Developer/SDKs/iPhoneSimulator18.5.sdk/System/Library/Frameworks/Foundation.framework/Headers/NSTimer.h:10:12: note: class 'Timer' does not conform to the 'Sendable' protocol
@interface NSTimer : NSObject
           ^
/Users/cameronanderson/SnapChef/snapchef/ios/SnapChef/Features/Sharing/Platforms/TikTok/ViralVideoEngine.swift:383:43: warning: capture of 'exportSession' with non-sendable type 'AVAssetExportSession?' in a '@Sendable' closure
                guard let exportSession = exportSession else {
                                          ^
Swift.Optional:1:21: note: generic enum 'Optional' does not conform to the 'Sendable' protocol
@frozen public enum Optional<Wrapped> : ~Copyable where Wrapped : ~Copyable {
                    ^

SwiftCompile normal arm64 /Users/cameronanderson/SnapChef/snapchef/ios/SnapChef/Features/Sharing/Platforms/TikTok/MemoryOptimizer.swift (in target 'SnapChef' from project 'SnapChef')
    cd /Users/cameronanderson/SnapChef/snapchef/ios
    
/Users/cameronanderson/SnapChef/snapchef/ios/SnapChef/Features/Sharing/Platforms/TikTok/ViralVideoEngine.swift:180:53: error: value of type 'ViralVideoRenderer' has no member 'render'
                        result = try await renderer.render(
                                           ~~~~~~~~ ^~~~~~
/Users/cameronanderson/SnapChef/snapchef/ios/SnapChef/Features/Sharing/Platforms/TikTok/ViralVideoEngine.swift:254:25: warning: initialization of immutable value 'adjustedProgress' was never used; consider replacing with assignment to '_' or removing it
                    let adjustedProgress = 0.2 + (frameProgress * 0.4) // 20% to 60%
                    ~~~~^~~~~~~~~~~~~~~~
                    _
/Users/cameronanderson/SnapChef/snapchef/ios/SnapChef/Features/Sharing/Platforms/TikTok/ViralVideoEngine.swift:273:25: warning: initialization of immutable value 'adjustedProgress' was never used; consider replacing with assignment to '_' or removing it
                    let adjustedProgress = 0.7 + (overlayProgress * 0.15) // 70% to 85%
                    ~~~~^~~~~~~~~~~~~~~~
                    _
/Users/cameronanderson/SnapChef/snapchef/ios/SnapChef/Features/Sharing/Platforms/TikTok/ViralVideoEngine.swift:283:25: warning: initialization of immutable value 'adjustedProgress' was never used; consider replacing with assignment to '_' or removing it
                    let adjustedProgress = 0.85 + (encodeProgress * 0.1) // 85% to 95%
                    ~~~~^~~~~~~~~~~~~~~~
                    _
/Users/cameronanderson/SnapChef/snapchef/ios/SnapChef/Features/Sharing/Platforms/TikTok/ViralVideoEngine.swift:335:13: warning: initialization of immutable value 'targetSize' was never used; consider replacing with assignment to '_' or removing it
        let targetSize = config.size
        ~~~~^~~~~~~~~~
        _
/Users/cameronanderson/SnapChef/snapchef/ios/SnapChef/Features/Sharing/Platforms/TikTok/ViralVideoEngine.swift:373:43: warning: capture of 'exportSession' with non-sendable type 'AVAssetExportSession?' in a '@Sendable' closure
                guard let exportSession = exportSession else { return }
                                          ^
Swift.Optional:1:21: note: generic enum 'Optional' does not conform to the 'Sendable' protocol
@frozen public enum Optional<Wrapped> : ~Copyable where Wrapped : ~Copyable {
                    ^
/Users/cameronanderson/SnapChef/snapchef/ios/SnapChef/Features/Sharing/Platforms/TikTok/ViralVideoEngine.swift:381:17: warning: capture of 'progressTimer' with non-sendable type 'Timer' in a '@Sendable' closure
                progressTimer.invalidate()
                ^
/Applications/Xcode.app/Contents/Developer/Platforms/iPhoneSimulator.platform/Developer/SDKs/iPhoneSimulator18.5.sdk/System/Library/Frameworks/Foundation.framework/Headers/NSTimer.h:10:12: note: class 'Timer' does not conform to the 'Sendable' protocol
@interface NSTimer : NSObject
           ^
/Users/cameronanderson/SnapChef/snapchef/ios/SnapChef/Features/Sharing/Platforms/TikTok/ViralVideoEngine.swift:383:43: warning: capture of 'exportSession' with non-sendable type 'AVAssetExportSession?' in a '@Sendable' closure
                guard let exportSession = exportSession else {
                                          ^
Swift.Optional:1:21: note: generic enum 'Optional' does not conform to the 'Sendable' protocol
@frozen public enum Optional<Wrapped> : ~Copyable where Wrapped : ~Copyable {
                    ^
/Users/cameronanderson/SnapChef/snapchef/ios/SnapChef/Features/Sharing/Platforms/TikTok/MemoryOptimizer.swift:32:27: warning: 'EAGLContext' was deprecated in iOS 12.0: OpenGLES API deprecated. (Define GLES_SILENCE_DEPRECATION to silence these warnings)
        let eaglContext = EAGLContext(api: .openGLES3) ?? EAGLContext(api: .openGLES2)
                          ^
/Users/cameronanderson/SnapChef/snapchef/ios/SnapChef/Features/Sharing/Platforms/TikTok/MemoryOptimizer.swift:32:59: warning: 'EAGLContext' was deprecated in iOS 12.0: OpenGLES API deprecated. (Define GLES_SILENCE_DEPRECATION to silence these warnings)
        let eaglContext = EAGLContext(api: .openGLES3) ?? EAGLContext(api: .openGLES2)
                                                          ^
/Users/cameronanderson/SnapChef/snapchef/ios/SnapChef/Features/Sharing/Platforms/TikTok/MemoryOptimizer.swift:34:20: warning: 'init(eaglContext:options:)' was deprecated in iOS 12.0: Core Image OpenGLES API deprecated. (Define CI_SILENCE_GL_DEPRECATION to silence these warnings)
            return CIContext(eaglContext: eaglContext, options: [
                   ^
/Users/cameronanderson/SnapChef/snapchef/ios/SnapChef/Features/Sharing/Platforms/TikTok/MemoryOptimizer.swift:242:13: warning: initialization of immutable value 'ciContext' was never used; consider replacing with assignment to '_' or removing it
        let ciContext = context ?? getCIContext()
        ~~~~^~~~~~~~~
        _

SwiftCompile normal arm64 /Users/cameronanderson/SnapChef/snapchef/ios/SnapChef/Features/Sharing/Platforms/TikTok/StillWriter.swift (in target 'SnapChef' from project 'SnapChef')
    cd /Users/cameronanderson/SnapChef/snapchef/ios
    
/Users/cameronanderson/SnapChef/snapchef/ios/SnapChef/Features/Sharing/Platforms/TikTok/ViralVideoEngine.swift:180:53: error: value of type 'ViralVideoRenderer' has no member 'render'
                        result = try await renderer.render(
                                           ~~~~~~~~ ^~~~~~
/Users/cameronanderson/SnapChef/snapchef/ios/SnapChef/Features/Sharing/Platforms/TikTok/ViralVideoEngine.swift:254:25: warning: initialization of immutable value 'adjustedProgress' was never used; consider replacing with assignment to '_' or removing it
                    let adjustedProgress = 0.2 + (frameProgress * 0.4) // 20% to 60%
                    ~~~~^~~~~~~~~~~~~~~~
                    _
/Users/cameronanderson/SnapChef/snapchef/ios/SnapChef/Features/Sharing/Platforms/TikTok/ViralVideoEngine.swift:273:25: warning: initialization of immutable value 'adjustedProgress' was never used; consider replacing with assignment to '_' or removing it
                    let adjustedProgress = 0.7 + (overlayProgress * 0.15) // 70% to 85%
                    ~~~~^~~~~~~~~~~~~~~~
                    _
/Users/cameronanderson/SnapChef/snapchef/ios/SnapChef/Features/Sharing/Platforms/TikTok/ViralVideoEngine.swift:283:25: warning: initialization of immutable value 'adjustedProgress' was never used; consider replacing with assignment to '_' or removing it
                    let adjustedProgress = 0.85 + (encodeProgress * 0.1) // 85% to 95%
                    ~~~~^~~~~~~~~~~~~~~~
                    _
/Users/cameronanderson/SnapChef/snapchef/ios/SnapChef/Features/Sharing/Platforms/TikTok/ViralVideoEngine.swift:335:13: warning: initialization of immutable value 'targetSize' was never used; consider replacing with assignment to '_' or removing it
        let targetSize = config.size
        ~~~~^~~~~~~~~~
        _
/Users/cameronanderson/SnapChef/snapchef/ios/SnapChef/Features/Sharing/Platforms/TikTok/ViralVideoEngine.swift:373:43: warning: capture of 'exportSession' with non-sendable type 'AVAssetExportSession?' in a '@Sendable' closure
                guard let exportSession = exportSession else { return }
                                          ^
Swift.Optional:1:21: note: generic enum 'Optional' does not conform to the 'Sendable' protocol
@frozen public enum Optional<Wrapped> : ~Copyable where Wrapped : ~Copyable {
                    ^
/Users/cameronanderson/SnapChef/snapchef/ios/SnapChef/Features/Sharing/Platforms/TikTok/ViralVideoEngine.swift:381:17: warning: capture of 'progressTimer' with non-sendable type 'Timer' in a '@Sendable' closure
                progressTimer.invalidate()
                ^
/Applications/Xcode.app/Contents/Developer/Platforms/iPhoneSimulator.platform/Developer/SDKs/iPhoneSimulator18.5.sdk/System/Library/Frameworks/Foundation.framework/Headers/NSTimer.h:10:12: note: class 'Timer' does not conform to the 'Sendable' protocol
@interface NSTimer : NSObject
           ^
/Users/cameronanderson/SnapChef/snapchef/ios/SnapChef/Features/Sharing/Platforms/TikTok/ViralVideoEngine.swift:383:43: warning: capture of 'exportSession' with non-sendable type 'AVAssetExportSession?' in a '@Sendable' closure
                guard let exportSession = exportSession else {
                                          ^
Swift.Optional:1:21: note: generic enum 'Optional' does not conform to the 'Sendable' protocol
@frozen public enum Optional<Wrapped> : ~Copyable where Wrapped : ~Copyable {
                    ^
/Users/cameronanderson/SnapChef/snapchef/ios/SnapChef/Features/Sharing/Platforms/TikTok/StillWriter.swift:96:13: warning: initialization of immutable value 'frameDuration' was never used; consider replacing with assignment to '_' or removing it
        let frameDuration = CMTime(value: 1, timescale: config.fps)
        ~~~~^~~~~~~~~~~~~
        _
/Users/cameronanderson/SnapChef/snapchef/ios/SnapChef/Features/Sharing/Platforms/TikTok/StillWriter.swift:145:27: warning: 'catch' block is unreachable because no errors are thrown in 'do' block
                        } catch {
                          ^
/Users/cameronanderson/SnapChef/snapchef/ios/SnapChef/Features/Sharing/Platforms/TikTok/StillWriter.swift:231:13: warning: initialization of immutable value 'frameDuration' was never used; consider replacing with assignment to '_' or removing it
        let frameDuration = CMTime(value: 1, timescale: config.fps)
        ~~~~^~~~~~~~~~~~~
        _

SwiftCompile normal arm64 /Users/cameronanderson/SnapChef/snapchef/ios/SnapChef/Features/Sharing/Platforms/TikTok/PolishUIComponents.swift (in target 'SnapChef' from project 'SnapChef')
    cd /Users/cameronanderson/SnapChef/snapchef/ios
    
/Users/cameronanderson/SnapChef/snapchef/ios/SnapChef/Features/Sharing/Platforms/TikTok/ViralVideoEngine.swift:180:53: error: value of type 'ViralVideoRenderer' has no member 'render'
                        result = try await renderer.render(
                                           ~~~~~~~~ ^~~~~~
/Users/cameronanderson/SnapChef/snapchef/ios/SnapChef/Features/Sharing/Platforms/TikTok/ViralVideoEngine.swift:254:25: warning: initialization of immutable value 'adjustedProgress' was never used; consider replacing with assignment to '_' or removing it
                    let adjustedProgress = 0.2 + (frameProgress * 0.4) // 20% to 60%
                    ~~~~^~~~~~~~~~~~~~~~
                    _
/Users/cameronanderson/SnapChef/snapchef/ios/SnapChef/Features/Sharing/Platforms/TikTok/ViralVideoEngine.swift:273:25: warning: initialization of immutable value 'adjustedProgress' was never used; consider replacing with assignment to '_' or removing it
                    let adjustedProgress = 0.7 + (overlayProgress * 0.15) // 70% to 85%
                    ~~~~^~~~~~~~~~~~~~~~
                    _
/Users/cameronanderson/SnapChef/snapchef/ios/SnapChef/Features/Sharing/Platforms/TikTok/ViralVideoEngine.swift:283:25: warning: initialization of immutable value 'adjustedProgress' was never used; consider replacing with assignment to '_' or removing it
                    let adjustedProgress = 0.85 + (encodeProgress * 0.1) // 85% to 95%
                    ~~~~^~~~~~~~~~~~~~~~
                    _
/Users/cameronanderson/SnapChef/snapchef/ios/SnapChef/Features/Sharing/Platforms/TikTok/ViralVideoEngine.swift:335:13: warning: initialization of immutable value 'targetSize' was never used; consider replacing with assignment to '_' or removing it
        let targetSize = config.size
        ~~~~^~~~~~~~~~
        _
/Users/cameronanderson/SnapChef/snapchef/ios/SnapChef/Features/Sharing/Platforms/TikTok/ViralVideoEngine.swift:373:43: warning: capture of 'exportSession' with non-sendable type 'AVAssetExportSession?' in a '@Sendable' closure
                guard let exportSession = exportSession else { return }
                                          ^
Swift.Optional:1:21: note: generic enum 'Optional' does not conform to the 'Sendable' protocol
@frozen public enum Optional<Wrapped> : ~Copyable where Wrapped : ~Copyable {
                    ^
/Users/cameronanderson/SnapChef/snapchef/ios/SnapChef/Features/Sharing/Platforms/TikTok/ViralVideoEngine.swift:381:17: warning: capture of 'progressTimer' with non-sendable type 'Timer' in a '@Sendable' closure
                progressTimer.invalidate()
                ^
/Applications/Xcode.app/Contents/Developer/Platforms/iPhoneSimulator.platform/Developer/SDKs/iPhoneSimulator18.5.sdk/System/Library/Frameworks/Foundation.framework/Headers/NSTimer.h:10:12: note: class 'Timer' does not conform to the 'Sendable' protocol
@interface NSTimer : NSObject
           ^
/Users/cameronanderson/SnapChef/snapchef/ios/SnapChef/Features/Sharing/Platforms/TikTok/ViralVideoEngine.swift:383:43: warning: capture of 'exportSession' with non-sendable type 'AVAssetExportSession?' in a '@Sendable' closure
                guard let exportSession = exportSession else {
                                          ^
Swift.Optional:1:21: note: generic enum 'Optional' does not conform to the 'Sendable' protocol
@frozen public enum Optional<Wrapped> : ~Copyable where Wrapped : ~Copyable {
                    ^
/Users/cameronanderson/SnapChef/snapchef/ios/SnapChef/Features/Sharing/Platforms/TikTok/PolishUIComponents.swift:501:9: warning: switch must be exhaustive
        switch intensity {
        ^
/Users/cameronanderson/SnapChef/snapchef/ios/SnapChef/Features/Sharing/Platforms/TikTok/PolishUIComponents.swift:501:9: note: add missing case: '.soft'
        switch intensity {
        ^
/Users/cameronanderson/SnapChef/snapchef/ios/SnapChef/Features/Sharing/Platforms/TikTok/PolishUIComponents.swift:501:9: note: add missing case: '.rigid'
        switch intensity {
        ^
/Users/cameronanderson/SnapChef/snapchef/ios/SnapChef/Features/Sharing/Platforms/TikTok/PolishUIComponents.swift:501:9: note: add missing cases
        switch intensity {
        ^

SwiftCompile normal arm64 /Users/cameronanderson/SnapChef/snapchef/ios/SnapChef/Features/Sharing/Platforms/TikTok/OverlayFactory.swift (in target 'SnapChef' from project 'SnapChef')
    cd /Users/cameronanderson/SnapChef/snapchef/ios
    
/Users/cameronanderson/SnapChef/snapchef/ios/SnapChef/Features/Sharing/Platforms/TikTok/ViralVideoEngine.swift:180:53: error: value of type 'ViralVideoRenderer' has no member 'render'
                        result = try await renderer.render(
                                           ~~~~~~~~ ^~~~~~
/Users/cameronanderson/SnapChef/snapchef/ios/SnapChef/Features/Sharing/Platforms/TikTok/ViralVideoEngine.swift:254:25: warning: initialization of immutable value 'adjustedProgress' was never used; consider replacing with assignment to '_' or removing it
                    let adjustedProgress = 0.2 + (frameProgress * 0.4) // 20% to 60%
                    ~~~~^~~~~~~~~~~~~~~~
                    _
/Users/cameronanderson/SnapChef/snapchef/ios/SnapChef/Features/Sharing/Platforms/TikTok/ViralVideoEngine.swift:273:25: warning: initialization of immutable value 'adjustedProgress' was never used; consider replacing with assignment to '_' or removing it
                    let adjustedProgress = 0.7 + (overlayProgress * 0.15) // 70% to 85%
                    ~~~~^~~~~~~~~~~~~~~~
                    _
/Users/cameronanderson/SnapChef/snapchef/ios/SnapChef/Features/Sharing/Platforms/TikTok/ViralVideoEngine.swift:283:25: warning: initialization of immutable value 'adjustedProgress' was never used; consider replacing with assignment to '_' or removing it
                    let adjustedProgress = 0.85 + (encodeProgress * 0.1) // 85% to 95%
                    ~~~~^~~~~~~~~~~~~~~~
                    _
/Users/cameronanderson/SnapChef/snapchef/ios/SnapChef/Features/Sharing/Platforms/TikTok/ViralVideoEngine.swift:335:13: warning: initialization of immutable value 'targetSize' was never used; consider replacing with assignment to '_' or removing it
        let targetSize = config.size
        ~~~~^~~~~~~~~~
        _
/Users/cameronanderson/SnapChef/snapchef/ios/SnapChef/Features/Sharing/Platforms/TikTok/ViralVideoEngine.swift:373:43: warning: capture of 'exportSession' with non-sendable type 'AVAssetExportSession?' in a '@Sendable' closure
                guard let exportSession = exportSession else { return }
                                          ^
Swift.Optional:1:21: note: generic enum 'Optional' does not conform to the 'Sendable' protocol
@frozen public enum Optional<Wrapped> : ~Copyable where Wrapped : ~Copyable {
                    ^
/Users/cameronanderson/SnapChef/snapchef/ios/SnapChef/Features/Sharing/Platforms/TikTok/ViralVideoEngine.swift:381:17: warning: capture of 'progressTimer' with non-sendable type 'Timer' in a '@Sendable' closure
                progressTimer.invalidate()
                ^
/Applications/Xcode.app/Contents/Developer/Platforms/iPhoneSimulator.platform/Developer/SDKs/iPhoneSimulator18.5.sdk/System/Library/Frameworks/Foundation.framework/Headers/NSTimer.h:10:12: note: class 'Timer' does not conform to the 'Sendable' protocol
@interface NSTimer : NSObject
           ^
/Users/cameronanderson/SnapChef/snapchef/ios/SnapChef/Features/Sharing/Platforms/TikTok/ViralVideoEngine.swift:383:43: warning: capture of 'exportSession' with non-sendable type 'AVAssetExportSession?' in a '@Sendable' closure
                guard let exportSession = exportSession else {
                                          ^
Swift.Optional:1:21: note: generic enum 'Optional' does not conform to the 'Sendable' protocol
@frozen public enum Optional<Wrapped> : ~Copyable where Wrapped : ~Copyable {
                    ^
/Users/cameronanderson/SnapChef/snapchef/ios/SnapChef/Features/Sharing/Platforms/TikTok/OverlayFactory.swift:73:43: warning: capture of 'exportSession' with non-sendable type 'AVAssetExportSession?' in a '@Sendable' closure
                guard let exportSession = exportSession else { return }
                                          ^
Swift.Optional:1:21: note: generic enum 'Optional' does not conform to the 'Sendable' protocol
@frozen public enum Optional<Wrapped> : ~Copyable where Wrapped : ~Copyable {
                    ^
/Users/cameronanderson/SnapChef/snapchef/ios/SnapChef/Features/Sharing/Platforms/TikTok/OverlayFactory.swift:81:17: warning: capture of 'progressTimer' with non-sendable type 'Timer' in a '@Sendable' closure
                progressTimer.invalidate()
                ^
/Applications/Xcode.app/Contents/Developer/Platforms/iPhoneSimulator.platform/Developer/SDKs/iPhoneSimulator18.5.sdk/System/Library/Frameworks/Foundation.framework/Headers/NSTimer.h:10:12: note: class 'Timer' does not conform to the 'Sendable' protocol
@interface NSTimer : NSObject
           ^
/Users/cameronanderson/SnapChef/snapchef/ios/SnapChef/Features/Sharing/Platforms/TikTok/OverlayFactory.swift:86:24: warning: capture of 'exportSession' with non-sendable type 'AVAssetExportSession' in a '@Sendable' closure
                switch exportSession.status {
                       ^
/Applications/Xcode.app/Contents/Developer/Platforms/iPhoneSimulator.platform/Developer/SDKs/iPhoneSimulator18.5.sdk/System/Library/Frameworks/AVFoundation.framework/Headers/AVAssetExportSession.h:156:12: note: class 'AVAssetExportSession' does not conform to the 'Sendable' protocol
@interface AVAssetExportSession : NSObject
           ^
/Users/cameronanderson/SnapChef/snapchef/ios/SnapChef/Features/Sharing/Platforms/TikTok/OverlayFactory.swift:956:36: warning: capture of 'layer' with non-sendable type 'CALayer' in a '@Sendable' closure
            self.layerCache[key] = layer.copy() as? CALayer
                                   ^
/Applications/Xcode.app/Contents/Developer/Platforms/iPhoneSimulator.platform/Developer/SDKs/iPhoneSimulator18.5.sdk/System/Library/Frameworks/QuartzCore.framework/Headers/CALayer.h:86:12: note: class 'CALayer' does not conform to the 'Sendable' protocol
@interface CALayer : NSObject <NSSecureCoding, CAMediaTiming>
           ^

SwiftCompile normal arm64 /Users/cameronanderson/SnapChef/snapchef/ios/SnapChef/Features/Sharing/Platforms/TikTok/ViralVideoRendererPro.swift (in target 'SnapChef' from project 'SnapChef')
    cd /Users/cameronanderson/SnapChef/snapchef/ios
    
/Users/cameronanderson/SnapChef/snapchef/ios/SnapChef/Features/Sharing/Platforms/TikTok/ViralVideoEngine.swift:180:53: error: value of type 'ViralVideoRenderer' has no member 'render'
                        result = try await renderer.render(
                                           ~~~~~~~~ ^~~~~~
/Users/cameronanderson/SnapChef/snapchef/ios/SnapChef/Features/Sharing/Platforms/TikTok/ViralVideoEngine.swift:254:25: warning: initialization of immutable value 'adjustedProgress' was never used; consider replacing with assignment to '_' or removing it
                    let adjustedProgress = 0.2 + (frameProgress * 0.4) // 20% to 60%
                    ~~~~^~~~~~~~~~~~~~~~
                    _
/Users/cameronanderson/SnapChef/snapchef/ios/SnapChef/Features/Sharing/Platforms/TikTok/ViralVideoEngine.swift:273:25: warning: initialization of immutable value 'adjustedProgress' was never used; consider replacing with assignment to '_' or removing it
                    let adjustedProgress = 0.7 + (overlayProgress * 0.15) // 70% to 85%
                    ~~~~^~~~~~~~~~~~~~~~
                    _
/Users/cameronanderson/SnapChef/snapchef/ios/SnapChef/Features/Sharing/Platforms/TikTok/ViralVideoEngine.swift:283:25: warning: initialization of immutable value 'adjustedProgress' was never used; consider replacing with assignment to '_' or removing it
                    let adjustedProgress = 0.85 + (encodeProgress * 0.1) // 85% to 95%
                    ~~~~^~~~~~~~~~~~~~~~
                    _
/Users/cameronanderson/SnapChef/snapchef/ios/SnapChef/Features/Sharing/Platforms/TikTok/ViralVideoEngine.swift:335:13: warning: initialization of immutable value 'targetSize' was never used; consider replacing with assignment to '_' or removing it
        let targetSize = config.size
        ~~~~^~~~~~~~~~
        _
/Users/cameronanderson/SnapChef/snapchef/ios/SnapChef/Features/Sharing/Platforms/TikTok/ViralVideoEngine.swift:373:43: warning: capture of 'exportSession' with non-sendable type 'AVAssetExportSession?' in a '@Sendable' closure
                guard let exportSession = exportSession else { return }
                                          ^
Swift.Optional:1:21: note: generic enum 'Optional' does not conform to the 'Sendable' protocol
@frozen public enum Optional<Wrapped> : ~Copyable where Wrapped : ~Copyable {
                    ^
/Users/cameronanderson/SnapChef/snapchef/ios/SnapChef/Features/Sharing/Platforms/TikTok/ViralVideoEngine.swift:381:17: warning: capture of 'progressTimer' with non-sendable type 'Timer' in a '@Sendable' closure
                progressTimer.invalidate()
                ^
/Applications/Xcode.app/Contents/Developer/Platforms/iPhoneSimulator.platform/Developer/SDKs/iPhoneSimulator18.5.sdk/System/Library/Frameworks/Foundation.framework/Headers/NSTimer.h:10:12: note: class 'Timer' does not conform to the 'Sendable' protocol
@interface NSTimer : NSObject
           ^
/Users/cameronanderson/SnapChef/snapchef/ios/SnapChef/Features/Sharing/Platforms/TikTok/ViralVideoEngine.swift:383:43: warning: capture of 'exportSession' with non-sendable type 'AVAssetExportSession?' in a '@Sendable' closure
                guard let exportSession = exportSession else {
                                          ^
Swift.Optional:1:21: note: generic enum 'Optional' does not conform to the 'Sendable' protocol
@frozen public enum Optional<Wrapped> : ~Copyable where Wrapped : ~Copyable {
                    ^
/Users/cameronanderson/SnapChef/snapchef/ios/SnapChef/Features/Sharing/Platforms/TikTok/ViralVideoRendererPro.swift:55:13: error: type 'CIFilterCompositor' does not conform to protocol 'AVVideoCompositing'
final class CIFilterCompositor: NSObject, AVVideoCompositing, @unchecked Sendable {
            ^
/Users/cameronanderson/SnapChef/snapchef/ios/SnapChef/Features/Sharing/Platforms/TikTok/ViralVideoRendererPro.swift:68:9: note: candidate has non-matching type '[String : Any]?'
    var sourcePixelBufferAttributes: [String : Any]? {
        ^
/Users/cameronanderson/SnapChef/snapchef/ios/SnapChef/Features/Sharing/Platforms/TikTok/ViralVideoRendererPro.swift:76:9: note: candidate has non-matching type '[String : Any]'
    var requiredPixelBufferAttributesForRenderContext: [String : Any] {
        ^
/Users/cameronanderson/SnapChef/snapchef/ios/SnapChef/Features/Sharing/Platforms/TikTok/ViralVideoRendererPro.swift:55:13: note: add stubs for conformance
final class CIFilterCompositor: NSObject, AVVideoCompositing, @unchecked Sendable {
            ^
/Applications/Xcode.app/Contents/Developer/Platforms/iPhoneSimulator.platform/Developer/SDKs/iPhoneSimulator18.5.sdk/System/Library/Frameworks/AVFoundation.framework/Headers/AVVideoCompositing.h:141:91: note: protocol requires property 'sourcePixelBufferAttributes' with type '[String : any Sendable]?'
@property (nonatomic, readonly, nullable) NSDictionary<NSString *, id> NS_SWIFT_SENDABLE *sourcePixelBufferAttributes;
                                                                                          ^
/Applications/Xcode.app/Contents/Developer/Platforms/iPhoneSimulator.platform/Developer/SDKs/iPhoneSimulator18.5.sdk/System/Library/Frameworks/AVFoundation.framework/Headers/AVVideoCompositing.h:151:81: note: protocol requires property 'requiredPixelBufferAttributesForRenderContext' with type '[String : any Sendable]'
@property (nonatomic, readonly) NSDictionary<NSString *, id> NS_SWIFT_SENDABLE *requiredPixelBufferAttributesForRenderContext;
                                                                                ^

SwiftCompile normal arm64 /Users/cameronanderson/Library/Developer/Xcode/DerivedData/SnapChef-eofefrxwfkuubrechzzomuddoees/Build/Intermediates.noindex/SnapChef.build/Debug-iphonesimulator/SnapChef.build/DerivedSources/GeneratedAssetSymbols.swift (in target 'SnapChef' from project 'SnapChef')
    cd /Users/cameronanderson/SnapChef/snapchef/ios
    
/Users/cameronanderson/SnapChef/snapchef/ios/SnapChef/Features/Sharing/Platforms/TikTok/ViralVideoEngine.swift:180:53: error: value of type 'ViralVideoRenderer' has no member 'render'
                        result = try await renderer.render(
                                           ~~~~~~~~ ^~~~~~
/Users/cameronanderson/SnapChef/snapchef/ios/SnapChef/Features/Sharing/Platforms/TikTok/ViralVideoEngine.swift:254:25: warning: initialization of immutable value 'adjustedProgress' was never used; consider replacing with assignment to '_' or removing it
                    let adjustedProgress = 0.2 + (frameProgress * 0.4) // 20% to 60%
                    ~~~~^~~~~~~~~~~~~~~~
                    _
/Users/cameronanderson/SnapChef/snapchef/ios/SnapChef/Features/Sharing/Platforms/TikTok/ViralVideoEngine.swift:273:25: warning: initialization of immutable value 'adjustedProgress' was never used; consider replacing with assignment to '_' or removing it
                    let adjustedProgress = 0.7 + (overlayProgress * 0.15) // 70% to 85%
                    ~~~~^~~~~~~~~~~~~~~~
                    _
/Users/cameronanderson/SnapChef/snapchef/ios/SnapChef/Features/Sharing/Platforms/TikTok/ViralVideoEngine.swift:283:25: warning: initialization of immutable value 'adjustedProgress' was never used; consider replacing with assignment to '_' or removing it
                    let adjustedProgress = 0.85 + (encodeProgress * 0.1) // 85% to 95%
                    ~~~~^~~~~~~~~~~~~~~~
                    _
/Users/cameronanderson/SnapChef/snapchef/ios/SnapChef/Features/Sharing/Platforms/TikTok/ViralVideoEngine.swift:335:13: warning: initialization of immutable value 'targetSize' was never used; consider replacing with assignment to '_' or removing it
        let targetSize = config.size
        ~~~~^~~~~~~~~~
        _
/Users/cameronanderson/SnapChef/snapchef/ios/SnapChef/Features/Sharing/Platforms/TikTok/ViralVideoEngine.swift:373:43: warning: capture of 'exportSession' with non-sendable type 'AVAssetExportSession?' in a '@Sendable' closure
                guard let exportSession = exportSession else { return }
                                          ^
Swift.Optional:1:21: note: generic enum 'Optional' does not conform to the 'Sendable' protocol
@frozen public enum Optional<Wrapped> : ~Copyable where Wrapped : ~Copyable {
                    ^
/Users/cameronanderson/SnapChef/snapchef/ios/SnapChef/Features/Sharing/Platforms/TikTok/ViralVideoEngine.swift:381:17: warning: capture of 'progressTimer' with non-sendable type 'Timer' in a '@Sendable' closure
                progressTimer.invalidate()
                ^
/Applications/Xcode.app/Contents/Developer/Platforms/iPhoneSimulator.platform/Developer/SDKs/iPhoneSimulator18.5.sdk/System/Library/Frameworks/Foundation.framework/Headers/NSTimer.h:10:12: note: class 'Timer' does not conform to the 'Sendable' protocol
@interface NSTimer : NSObject
           ^
/Users/cameronanderson/SnapChef/snapchef/ios/SnapChef/Features/Sharing/Platforms/TikTok/ViralVideoEngine.swift:383:43: warning: capture of 'exportSession' with non-sendable type 'AVAssetExportSession?' in a '@Sendable' closure
                guard let exportSession = exportSession else {
                                          ^
Swift.Optional:1:21: note: generic enum 'Optional' does not conform to the 'Sendable' protocol
@frozen public enum Optional<Wrapped> : ~Copyable where Wrapped : ~Copyable {
                    ^

SwiftCompile normal arm64 Compiling\ CloudKitSchema.swift,\ CloudKitSyncService.swift,\ CloudKitDataManager.swift,\ CloudKitRecipeManager.swift,\ FakeUserDataService.swift,\ CloudKitChallengeManager.swift,\ CloudKitModels.swift,\ TeamChallengeView.swift,\ CreateTeamView.swift,\ LeaderboardViewModel.swift,\ PremiumChallengeManager.swift,\ ActivityFeedView.swift,\ DiscoverUsersView.swift,\ RecipeCommentsView.swift /Users/cameronanderson/SnapChef/snapchef/ios/SnapChef/Core/Services/CloudKitSchema.swift /Users/cameronanderson/SnapChef/snapchef/ios/SnapChef/Core/Services/CloudKitSyncService.swift /Users/cameronanderson/SnapChef/snapchef/ios/SnapChef/Core/Services/CloudKitDataManager.swift /Users/cameronanderson/SnapChef/snapchef/ios/SnapChef/Core/Services/CloudKitRecipeManager.swift /Users/cameronanderson/SnapChef/snapchef/ios/SnapChef/Core/Services/FakeUserDataService.swift /Users/cameronanderson/SnapChef/snapchef/ios/SnapChef/Core/Services/CloudKitChallengeManager.swift /Users/cameronanderson/SnapChef/snapchef/ios/SnapChef/Core/Services/CloudKitModels.swift /Users/cameronanderson/SnapChef/snapchef/ios/SnapChef/Features/Gamification/Views/TeamChallengeView.swift /Users/cameronanderson/SnapChef/snapchef/ios/SnapChef/Features/Gamification/Views/CreateTeamView.swift /Users/cameronanderson/SnapChef/snapchef/ios/SnapChef/Features/Gamification/ViewModels/LeaderboardViewModel.swift /Users/cameronanderson/SnapChef/snapchef/ios/SnapChef/Features/Gamification/PremiumChallengeManager.swift /Users/cameronanderson/SnapChef/snapchef/ios/SnapChef/Features/Sharing/ActivityFeedView.swift /Users/cameronanderson/SnapChef/snapchef/ios/SnapChef/Features/Sharing/DiscoverUsersView.swift /Users/cameronanderson/SnapChef/snapchef/ios/SnapChef/Features/Sharing/RecipeCommentsView.swift (in target 'SnapChef' from project 'SnapChef')
Command SwiftCompile failed with a nonzero exit code

warning: The Swift file "/Users/cameronanderson/Library/Developer/Xcode/DerivedData/SnapChef-eofefrxwfkuubrechzzomuddoees/Build/Intermediates.noindex/SnapChef.build/Debug-iphonesimulator/SnapChef.build/DerivedSources/CoreDataGenerated/ChallengeModels/ChallengeEntity+CoreDataClass.swift" cannot be processed by a Copy Bundle Resources build phase (in target 'SnapChef' from project 'SnapChef')
warning: The Swift file "/Users/cameronanderson/Library/Developer/Xcode/DerivedData/SnapChef-eofefrxwfkuubrechzzomuddoees/Build/Intermediates.noindex/SnapChef.build/Debug-iphonesimulator/SnapChef.build/DerivedSources/CoreDataGenerated/ChallengeModels/ChallengeEntity+CoreDataProperties.swift" cannot be processed by a Copy Bundle Resources build phase (in target 'SnapChef' from project 'SnapChef')
warning: The Swift file "/Users/cameronanderson/Library/Developer/Xcode/DerivedData/SnapChef-eofefrxwfkuubrechzzomuddoees/Build/Intermediates.noindex/SnapChef.build/Debug-iphonesimulator/SnapChef.build/DerivedSources/CoreDataGenerated/ChallengeModels/ChallengeParticipantEntity+CoreDataClass.swift" cannot be processed by a Copy Bundle Resources build phase (in target 'SnapChef' from project 'SnapChef')
warning: The Swift file "/Users/cameronanderson/Library/Developer/Xcode/DerivedData/SnapChef-eofefrxwfkuubrechzzomuddoees/Build/Intermediates.noindex/SnapChef.build/Debug-iphonesimulator/SnapChef.build/DerivedSources/CoreDataGenerated/ChallengeModels/ChallengeParticipantEntity+CoreDataProperties.swift" cannot be processed by a Copy Bundle Resources build phase (in target 'SnapChef' from project 'SnapChef')
warning: The Swift file "/Users/cameronanderson/Library/Developer/Xcode/DerivedData/SnapChef-eofefrxwfkuubrechzzomuddoees/Build/Intermediates.noindex/SnapChef.build/Debug-iphonesimulator/SnapChef.build/DerivedSources/CoreDataGenerated/ChallengeModels/ChallengeProgressEntity+CoreDataClass.swift" cannot be processed by a Copy Bundle Resources build phase (in target 'SnapChef' from project 'SnapChef')
warning: The Swift file "/Users/cameronanderson/Library/Developer/Xcode/DerivedData/SnapChef-eofefrxwfkuubrechzzomuddoees/Build/Intermediates.noindex/SnapChef.build/Debug-iphonesimulator/SnapChef.build/DerivedSources/CoreDataGenerated/ChallengeModels/ChallengeProgressEntity+CoreDataProperties.swift" cannot be processed by a Copy Bundle Resources build phase (in target 'SnapChef' from project 'SnapChef')
warning: The Swift file "/Users/cameronanderson/Library/Developer/Xcode/DerivedData/SnapChef-eofefrxwfkuubrechzzomuddoees/Build/Intermediates.noindex/SnapChef.build/Debug-iphonesimulator/SnapChef.build/DerivedSources/CoreDataGenerated/ChallengeModels/ChallengeRewardEntity+CoreDataClass.swift" cannot be processed by a Copy Bundle Resources build phase (in target 'SnapChef' from project 'SnapChef')
warning: The Swift file "/Users/cameronanderson/Library/Developer/Xcode/DerivedData/SnapChef-eofefrxwfkuubrechzzomuddoees/Build/Intermediates.noindex/SnapChef.build/Debug-iphonesimulator/SnapChef.build/DerivedSources/CoreDataGenerated/ChallengeModels/ChallengeRewardEntity+CoreDataProperties.swift" cannot be processed by a Copy Bundle Resources build phase (in target 'SnapChef' from project 'SnapChef')
warning: The Swift file "/Users/cameronanderson/Library/Developer/Xcode/DerivedData/SnapChef-eofefrxwfkuubrechzzomuddoees/Build/Intermediates.noindex/SnapChef.build/Debug-iphonesimulator/SnapChef.build/DerivedSources/CoreDataGenerated/ChallengeModels/UserChallengeHistoryEntity+CoreDataClass.swift" cannot be processed by a Copy Bundle Resources build phase (in target 'SnapChef' from project 'SnapChef')
warning: The Swift file "/Users/cameronanderson/Library/Developer/Xcode/DerivedData/SnapChef-eofefrxwfkuubrechzzomuddoees/Build/Intermediates.noindex/SnapChef.build/Debug-iphonesimulator/SnapChef.build/DerivedSources/CoreDataGenerated/ChallengeModels/UserChallengeHistoryEntity+CoreDataProperties.swift" cannot be processed by a Copy Bundle Resources build phase (in target 'SnapChef' from project 'SnapChef')
warning: The Swift file "/Users/cameronanderson/Library/Developer/Xcode/DerivedData/SnapChef-eofefrxwfkuubrechzzomuddoees/Build/Intermediates.noindex/SnapChef.build/Debug-iphonesimulator/SnapChef.build/DerivedSources/CoreDataGenerated/ChallengeModels/ChallengeModels+CoreDataModel.swift" cannot be processed by a Copy Bundle Resources build phase (in target 'SnapChef' from project 'SnapChef')
** BUILD FAILED **


The following build commands failed:
	SwiftCompile normal arm64 Compiling\ ViralVideoEngine.swift,\ ViralVideoDataModels.swift,\ ViralVideoRenderer.swift,\ ViralVideoExporter.swift,\ ViralVideoPolishManager.swift,\ RenderPlanner.swift,\ PerformanceAnalyzer.swift,\ ErrorRecoveryManager.swift,\ MemoryOptimizer.swift,\ StillWriter.swift,\ PolishUIComponents.swift,\ OverlayFactory.swift,\ ViralVideoRendererPro.swift,\ GeneratedAssetSymbols.swift /Users/cameronanderson/SnapChef/snapchef/ios/SnapChef/Features/Sharing/Platforms/TikTok/ViralVideoEngine.swift /Users/cameronanderson/SnapChef/snapchef/ios/SnapChef/Features/Sharing/Platforms/TikTok/ViralVideoDataModels.swift /Users/cameronanderson/SnapChef/snapchef/ios/SnapChef/Features/Sharing/Platforms/TikTok/ViralVideoRenderer.swift /Users/cameronanderson/SnapChef/snapchef/ios/SnapChef/Features/Sharing/Platforms/TikTok/ViralVideoExporter.swift /Users/cameronanderson/SnapChef/snapchef/ios/SnapChef/Features/Sharing/Platforms/TikTok/ViralVideoPolishManager.swift /Users/cameronanderson/SnapChef/snapchef/ios/SnapChef/Features/Sharing/Platforms/TikTok/RenderPlanner.swift /Users/cameronanderson/SnapChef/snapchef/ios/SnapChef/Features/Sharing/Platforms/TikTok/PerformanceAnalyzer.swift /Users/cameronanderson/SnapChef/snapchef/ios/SnapChef/Features/Sharing/Platforms/TikTok/ErrorRecoveryManager.swift /Users/cameronanderson/SnapChef/snapchef/ios/SnapChef/Features/Sharing/Platforms/TikTok/MemoryOptimizer.swift /Users/cameronanderson/SnapChef/snapchef/ios/SnapChef/Features/Sharing/Platforms/TikTok/StillWriter.swift /Users/cameronanderson/SnapChef/snapchef/ios/SnapChef/Features/Sharing/Platforms/TikTok/PolishUIComponents.swift /Users/cameronanderson/SnapChef/snapchef/ios/SnapChef/Features/Sharing/Platforms/TikTok/OverlayFactory.swift /Users/cameronanderson/SnapChef/snapchef/ios/SnapChef/Features/Sharing/Platforms/TikTok/ViralVideoRendererPro.swift /Users/cameronanderson/Library/Developer/Xcode/DerivedData/SnapChef-eofefrxwfkuubrechzzomuddoees/Build/Intermediates.noindex/SnapChef.build/Debug-iphonesimulator/SnapChef.build/DerivedSources/GeneratedAssetSymbols.swift (in target 'SnapChef' from project 'SnapChef')
	SwiftCompile normal arm64 /Users/cameronanderson/SnapChef/snapchef/ios/SnapChef/Features/Sharing/Platforms/TikTok/ViralVideoEngine.swift (in target 'SnapChef' from project 'SnapChef')
	SwiftCompile normal arm64 /Users/cameronanderson/SnapChef/snapchef/ios/SnapChef/Features/Sharing/Platforms/TikTok/ViralVideoDataModels.swift (in target 'SnapChef' from project 'SnapChef')
	SwiftCompile normal arm64 /Users/cameronanderson/SnapChef/snapchef/ios/SnapChef/Features/Sharing/Platforms/TikTok/ViralVideoRenderer.swift (in target 'SnapChef' from project 'SnapChef')
	SwiftCompile normal arm64 /Users/cameronanderson/SnapChef/snapchef/ios/SnapChef/Features/Sharing/Platforms/TikTok/ViralVideoExporter.swift (in target 'SnapChef' from project 'SnapChef')
	SwiftCompile normal arm64 /Users/cameronanderson/SnapChef/snapchef/ios/SnapChef/Features/Sharing/Platforms/TikTok/ViralVideoPolishManager.swift (in target 'SnapChef' from project 'SnapChef')
	SwiftCompile normal arm64 /Users/cameronanderson/SnapChef/snapchef/ios/SnapChef/Features/Sharing/Platforms/TikTok/RenderPlanner.swift (in target 'SnapChef' from project 'SnapChef')
	SwiftCompile normal arm64 /Users/cameronanderson/SnapChef/snapchef/ios/SnapChef/Features/Sharing/Platforms/TikTok/PerformanceAnalyzer.swift (in target 'SnapChef' from project 'SnapChef')
	SwiftCompile normal arm64 /Users/cameronanderson/SnapChef/snapchef/ios/SnapChef/Features/Sharing/Platforms/TikTok/ErrorRecoveryManager.swift (in target 'SnapChef' from project 'SnapChef')
	SwiftCompile normal arm64 /Users/cameronanderson/SnapChef/snapchef/ios/SnapChef/Features/Sharing/Platforms/TikTok/MemoryOptimizer.swift (in target 'SnapChef' from project 'SnapChef')
	SwiftCompile normal arm64 /Users/cameronanderson/SnapChef/snapchef/ios/SnapChef/Features/Sharing/Platforms/TikTok/StillWriter.swift (in target 'SnapChef' from project 'SnapChef')
	SwiftCompile normal arm64 /Users/cameronanderson/SnapChef/snapchef/ios/SnapChef/Features/Sharing/Platforms/TikTok/PolishUIComponents.swift (in target 'SnapChef' from project 'SnapChef')
	SwiftCompile normal arm64 /Users/cameronanderson/SnapChef/snapchef/ios/SnapChef/Features/Sharing/Platforms/TikTok/OverlayFactory.swift (in target 'SnapChef' from project 'SnapChef')
	SwiftCompile normal arm64 /Users/cameronanderson/SnapChef/snapchef/ios/SnapChef/Features/Sharing/Platforms/TikTok/ViralVideoRendererPro.swift (in target 'SnapChef' from project 'SnapChef')
	SwiftCompile normal arm64 /Users/cameronanderson/Library/Developer/Xcode/DerivedData/SnapChef-eofefrxwfkuubrechzzomuddoees/Build/Intermediates.noindex/SnapChef.build/Debug-iphonesimulator/SnapChef.build/DerivedSources/GeneratedAssetSymbols.swift (in target 'SnapChef' from project 'SnapChef')
	SwiftCompile normal arm64 Compiling\ CloudKitSchema.swift,\ CloudKitSyncService.swift,\ CloudKitDataManager.swift,\ CloudKitRecipeManager.swift,\ FakeUserDataService.swift,\ CloudKitChallengeManager.swift,\ CloudKitModels.swift,\ TeamChallengeView.swift,\ CreateTeamView.swift,\ LeaderboardViewModel.swift,\ PremiumChallengeManager.swift,\ ActivityFeedView.swift,\ DiscoverUsersView.swift,\ RecipeCommentsView.swift /Users/cameronanderson/SnapChef/snapchef/ios/SnapChef/Core/Services/CloudKitSchema.swift /Users/cameronanderson/SnapChef/snapchef/ios/SnapChef/Core/Services/CloudKitSyncService.swift /Users/cameronanderson/SnapChef/snapchef/ios/SnapChef/Core/Services/CloudKitDataManager.swift /Users/cameronanderson/SnapChef/snapchef/ios/SnapChef/Core/Services/CloudKitRecipeManager.swift /Users/cameronanderson/SnapChef/snapchef/ios/SnapChef/Core/Services/FakeUserDataService.swift /Users/cameronanderson/SnapChef/snapchef/ios/SnapChef/Core/Services/CloudKitChallengeManager.swift /Users/cameronanderson/SnapChef/snapchef/ios/SnapChef/Core/Services/CloudKitModels.swift /Users/cameronanderson/SnapChef/snapchef/ios/SnapChef/Features/Gamification/Views/TeamChallengeView.swift /Users/cameronanderson/SnapChef/snapchef/ios/SnapChef/Features/Gamification/Views/CreateTeamView.swift /Users/cameronanderson/SnapChef/snapchef/ios/SnapChef/Features/Gamification/ViewModels/LeaderboardViewModel.swift /Users/cameronanderson/SnapChef/snapchef/ios/SnapChef/Features/Gamification/PremiumChallengeManager.swift /Users/cameronanderson/SnapChef/snapchef/ios/SnapChef/Features/Sharing/ActivityFeedView.swift /Users/cameronanderson/SnapChef/snapchef/ios/SnapChef/Features/Sharing/DiscoverUsersView.swift /Users/cameronanderson/SnapChef/snapchef/ios/SnapChef/Features/Sharing/RecipeCommentsView.swift (in target 'SnapChef' from project 'SnapChef')
	Building project SnapChef with scheme SnapChef and configuration Debug
(17 failures)
